also installing the dependencies ‘systemfonts’, ‘textshaping’, ‘Cairo’, ‘ragg’, ‘ggrastr’

trying URL 'https://cloud.r-project.org/src/contrib/systemfonts_1.3.2.tar.gz'
trying URL 'https://cloud.r-project.org/src/contrib/textshaping_1.0.5.tar.gz'
trying URL 'https://cloud.r-project.org/src/contrib/Cairo_1.7-0.tar.gz'
trying URL 'https://cloud.r-project.org/src/contrib/ragg_1.5.2.tar.gz'
trying URL 'https://cloud.r-project.org/src/contrib/ggrastr_1.0.2.tar.gz'
trying URL 'https://cloud.r-project.org/src/contrib/scCustomize_3.3.0.tar.gz'
* installing *source* package ‘systemfonts’ ...
** this is package ‘systemfonts’ version ‘1.3.2’
** package ‘systemfonts’ successfully unpacked and MD5 sums checked
** using staged installation
** libs
using C++ compiler: ‘g++ (GCC) 11.5.0 20240719 (Red Hat 11.5.0-11)’
/usr/bin/ld: cannot find -lfontconfig
collect2: error: ld returned 1 exit status
make: *** [/ref/rmlab/software/spack-1.1.0/opt/spack/linux-x86_64/r-4.5.2-jga4yt5sdbzfddqszotqf64bn5a6iu2m/rlib/R/share/make/shlib.mk:10: systemfonts.so] Error 1
ERROR: compilation failed for package ‘systemfonts’
* removing ‘/ref/rmlab/software/tyron/R-libs/systemfonts’
* installing *source* package ‘Cairo’ ...
** this is package ‘Cairo’ version ‘1.7-0’
** package ‘Cairo’ successfully unpacked and MD5 sums checked
** using staged installation
configure: error: Cannot compile a simple Cairo program. See config.log for details.
ERROR: configuration failed for package ‘Cairo’
* removing ‘/ref/rmlab/software/tyron/R-libs/Cairo’
ERROR: dependency ‘systemfonts’ is not available for package ‘textshaping’
Perhaps try a variation of:
install.packages('systemfonts')
* removing ‘/ref/rmlab/software/tyron/R-libs/textshaping’
ERROR: dependencies ‘systemfonts’, ‘textshaping’ are not available for package ‘ragg’
Perhaps try a variation of:
install.packages(c('systemfonts', 'textshaping'))
* removing ‘/ref/rmlab/software/tyron/R-libs/ragg’
ERROR: dependencies ‘Cairo’, ‘ragg’ are not available for package ‘ggrastr’
Perhaps try a variation of:
install.packages(c('Cairo', 'ragg'))
* removing ‘/ref/rmlab/software/tyron/R-libs/ggrastr’
ERROR: dependency ‘ggrastr’ is not available for package ‘scCustomize’
Perhaps try a variation of:
install.packages('ggrastr')
* removing ‘/ref/rmlab/software/tyron/R-libs/scCustomize’

The downloaded source packages are in
	‘/tmp/RtmpPce0EG/downloaded_packages’
also installing the dependencies ‘systemfonts’, ‘textshaping’, ‘Cairo’, ‘ragg’, ‘ggrastr’

trying URL 'https://cloud.r-project.org/src/contrib/systemfonts_1.3.2.tar.gz'
trying URL 'https://cloud.r-project.org/src/contrib/textshaping_1.0.5.tar.gz'
trying URL 'https://cloud.r-project.org/src/contrib/Cairo_1.7-0.tar.gz'
trying URL 'https://cloud.r-project.org/src/contrib/ragg_1.5.2.tar.gz'
trying URL 'https://cloud.r-project.org/src/contrib/ggrastr_1.0.2.tar.gz'
trying URL 'https://cloud.r-project.org/src/contrib/scCustomize_3.3.0.tar.gz'
* installing *source* package ‘systemfonts’ ...
** this is package ‘systemfonts’ version ‘1.3.2’
** package ‘systemfonts’ successfully unpacked and MD5 sums checked
** using staged installation
** libs
using C++ compiler: ‘g++ (GCC) 11.5.0 20240719 (Red Hat 11.5.0-11)’
/usr/bin/ld: cannot find -lfontconfig
collect2: error: ld returned 1 exit status
make: *** [/ref/rmlab/software/spack-1.1.0/opt/spack/linux-x86_64/r-4.5.2-jga4yt5sdbzfddqszotqf64bn5a6iu2m/rlib/R/share/make/shlib.mk:10: systemfonts.so] Error 1
ERROR: compilation failed for package ‘systemfonts’
* removing ‘/ref/rmlab/software/tyron/R-libs/systemfonts’
* installing *source* package ‘Cairo’ ...
** this is package ‘Cairo’ version ‘1.7-0’
** package ‘Cairo’ successfully unpacked and MD5 sums checked
** using staged installation
configure: error: Cannot compile a simple Cairo program. See config.log for details.
ERROR: configuration failed for package ‘Cairo’
* removing ‘/ref/rmlab/software/tyron/R-libs/Cairo’
ERROR: dependency ‘systemfonts’ is not available for package ‘textshaping’
Perhaps try a variation of:
install.packages('systemfonts')
* removing ‘/ref/rmlab/software/tyron/R-libs/textshaping’
ERROR: dependencies ‘systemfonts’, ‘textshaping’ are not available for package ‘ragg’
Perhaps try a variation of:
install.packages(c('systemfonts', 'textshaping'))
* removing ‘/ref/rmlab/software/tyron/R-libs/ragg’
ERROR: dependencies ‘Cairo’, ‘ragg’ are not available for package ‘ggrastr’
Perhaps try a variation of:
install.packages(c('Cairo', 'ragg'))
* removing ‘/ref/rmlab/software/tyron/R-libs/ggrastr’
ERROR: dependency ‘ggrastr’ is not available for package ‘scCustomize’
Perhaps try a variation of:
install.packages('ggrastr')
* removing ‘/ref/rmlab/software/tyron/R-libs/scCustomize’

The downloaded source packages are in
	‘/tmp/RtmpPce0EG/downloaded_packages’
also installing the dependencies ‘systemfonts’, ‘textshaping’, ‘Cairo’, ‘ragg’, ‘ggrastr’

trying URL 'https://cloud.r-project.org/src/contrib/systemfonts_1.3.2.tar.gz'
trying URL 'https://cloud.r-project.org/src/contrib/textshaping_1.0.5.tar.gz'
trying URL 'https://cloud.r-project.org/src/contrib/Cairo_1.7-0.tar.gz'
trying URL 'https://cloud.r-project.org/src/contrib/ragg_1.5.2.tar.gz'
trying URL 'https://cloud.r-project.org/src/contrib/ggrastr_1.0.2.tar.gz'
trying URL 'https://cloud.r-project.org/src/contrib/scCustomize_3.3.0.tar.gz'
* installing *source* package ‘systemfonts’ ...
** this is package ‘systemfonts’ version ‘1.3.2’
** package ‘systemfonts’ successfully unpacked and MD5 sums checked
** using staged installation
** libs
using C++ compiler: ‘g++ (GCC) 11.5.0 20240719 (Red Hat 11.5.0-11)’
/usr/bin/ld: cannot find -lfontconfig
collect2: error: ld returned 1 exit status
make: *** [/ref/rmlab/software/spack-1.1.0/opt/spack/linux-x86_64/r-4.5.2-jga4yt5sdbzfddqszotqf64bn5a6iu2m/rlib/R/share/make/shlib.mk:10: systemfonts.so] Error 1
ERROR: compilation failed for package ‘systemfonts’
* removing ‘/ref/rmlab/software/tyron/R-libs/systemfonts’
* installing *source* package ‘Cairo’ ...
** this is package ‘Cairo’ version ‘1.7-0’
** package ‘Cairo’ successfully unpacked and MD5 sums checked
** using staged installation
configure: error: Cannot compile a simple Cairo program. See config.log for details.
ERROR: configuration failed for package ‘Cairo’
* removing ‘/ref/rmlab/software/tyron/R-libs/Cairo’
ERROR: dependency ‘systemfonts’ is not available for package ‘textshaping’
Perhaps try a variation of:
install.packages('systemfonts')
* removing ‘/ref/rmlab/software/tyron/R-libs/textshaping’
ERROR: dependencies ‘systemfonts’, ‘textshaping’ are not available for package ‘ragg’
Perhaps try a variation of:
install.packages(c('systemfonts', 'textshaping'))
* removing ‘/ref/rmlab/software/tyron/R-libs/ragg’
ERROR: dependencies ‘Cairo’, ‘ragg’ are not available for package ‘ggrastr’
Perhaps try a variation of:
install.packages(c('Cairo', 'ragg'))
* removing ‘/ref/rmlab/software/tyron/R-libs/ggrastr’
ERROR: dependency ‘ggrastr’ is not available for package ‘scCustomize’
Perhaps try a variation of:
install.packages('ggrastr')
* removing ‘/ref/rmlab/software/tyron/R-libs/scCustomize’

The downloaded source packages are in
	‘/tmp/RtmpPce0EG/downloaded_packages’
also installing the dependencies ‘systemfonts’, ‘ggforce’, ‘ggraph’

trying URL 'https://cloud.r-project.org/src/contrib/systemfonts_1.3.2.tar.gz'
trying URL 'https://cloud.r-project.org/src/contrib/ggforce_0.5.0.tar.gz'
trying URL 'https://cloud.r-project.org/src/contrib/ggraph_2.2.2.tar.gz'
trying URL 'https://cloud.r-project.org/src/contrib/clustree_0.5.1.tar.gz'
* installing *source* package ‘systemfonts’ ...
** this is package ‘systemfonts’ version ‘1.3.2’
** package ‘systemfonts’ successfully unpacked and MD5 sums checked
** using staged installation
[2026-05-19T22:15:59.455] error: *** JOB 41040225 ON n193 CANCELLED AT 2026-05-19T22:15:59 DUE to SIGNAL Terminated ***
