also installing the dependencies ‘credentials’, ‘sass’, ‘systemfonts’, ‘textshaping’, ‘gert’, ‘shiny’, ‘bslib’, ‘ragg’, ‘htmlwidgets’, ‘httr’, ‘rvest’, ‘usethis’, ‘fs’, ‘miniUI’, ‘pak’, ‘pkgdown’, ‘pkgload’, ‘profvis’, ‘rcmdcheck’, ‘roxygen2’, ‘rversions’, ‘testthat’, ‘urlchecker’, ‘covr’, ‘curl’, ‘DT’, ‘foghorn’, ‘gh’, ‘httr2’, ‘lintr’, ‘quarto’, ‘rmarkdown’, ‘spelling’, ‘xml2’

trying URL 'https://cloud.r-project.org/src/contrib/credentials_2.0.3.tar.gz'
trying URL 'https://cloud.r-project.org/src/contrib/sass_0.4.10.tar.gz'
trying URL 'https://cloud.r-project.org/src/contrib/systemfonts_1.3.2.tar.gz'
trying URL 'https://cloud.r-project.org/src/contrib/textshaping_1.0.5.tar.gz'
trying URL 'https://cloud.r-project.org/src/contrib/gert_2.3.1.tar.gz'
trying URL 'https://cloud.r-project.org/src/contrib/shiny_1.13.0.tar.gz'
trying URL 'https://cloud.r-project.org/src/contrib/bslib_0.11.0.tar.gz'
trying URL 'https://cloud.r-project.org/src/contrib/ragg_1.5.2.tar.gz'
trying URL 'https://cloud.r-project.org/src/contrib/htmlwidgets_1.6.4.tar.gz'
trying URL 'https://cloud.r-project.org/src/contrib/httr_1.4.8.tar.gz'
trying URL 'https://cloud.r-project.org/src/contrib/rvest_1.0.5.tar.gz'
trying URL 'https://cloud.r-project.org/src/contrib/usethis_3.2.1.tar.gz'
trying URL 'https://cloud.r-project.org/src/contrib/fs_2.1.0.tar.gz'
trying URL 'https://cloud.r-project.org/src/contrib/miniUI_0.1.2.tar.gz'
trying URL 'https://cloud.r-project.org/src/contrib/pak_0.9.5.tar.gz'
trying URL 'https://cloud.r-project.org/src/contrib/pkgdown_2.2.0.tar.gz'
trying URL 'https://cloud.r-project.org/src/contrib/pkgload_1.5.2.tar.gz'
trying URL 'https://cloud.r-project.org/src/contrib/profvis_0.4.0.tar.gz'
trying URL 'https://cloud.r-project.org/src/contrib/rcmdcheck_1.4.0.tar.gz'
trying URL 'https://cloud.r-project.org/src/contrib/roxygen2_8.0.0.tar.gz'
trying URL 'https://cloud.r-project.org/src/contrib/rversions_3.0.0.tar.gz'
trying URL 'https://cloud.r-project.org/src/contrib/testthat_3.3.2.tar.gz'
trying URL 'https://cloud.r-project.org/src/contrib/urlchecker_1.0.1.tar.gz'
trying URL 'https://cloud.r-project.org/src/contrib/covr_3.6.5.tar.gz'
trying URL 'https://cloud.r-project.org/src/contrib/curl_7.1.0.tar.gz'
trying URL 'https://cloud.r-project.org/src/contrib/DT_0.34.0.tar.gz'
trying URL 'https://cloud.r-project.org/src/contrib/foghorn_1.6.1.tar.gz'
trying URL 'https://cloud.r-project.org/src/contrib/gh_1.5.0.tar.gz'
trying URL 'https://cloud.r-project.org/src/contrib/httr2_1.2.2.tar.gz'
trying URL 'https://cloud.r-project.org/src/contrib/lintr_3.3.0-1.tar.gz'
trying URL 'https://cloud.r-project.org/src/contrib/quarto_1.5.1.tar.gz'
trying URL 'https://cloud.r-project.org/src/contrib/rmarkdown_2.31.tar.gz'
trying URL 'https://cloud.r-project.org/src/contrib/spelling_2.3.2.tar.gz'
trying URL 'https://cloud.r-project.org/src/contrib/xml2_1.5.2.tar.gz'
trying URL 'https://cloud.r-project.org/src/contrib/devtools_2.5.2.tar.gz'
* installing *source* package ‘systemfonts’ ...
** this is package ‘systemfonts’ version ‘1.3.2’
** package ‘systemfonts’ successfully unpacked and MD5 sums checked
** using staged installation
Package fontconfig was not found in the pkg-config search path.
Perhaps you should add the directory containing `fontconfig.pc'
to the PKG_CONFIG_PATH environment variable
Package 'fontconfig', required by 'virtual:world', not found
Package 'freetype2', required by 'virtual:world', not found
ERROR: configuration failed for package ‘systemfonts’
* removing ‘/ref/rmlab/software/tyron/R-libs/systemfonts’
* installing *source* package ‘fs’ ...
** this is package ‘fs’ version ‘2.1.0’
** package ‘fs’ successfully unpacked and MD5 sums checked
** using staged installation
Package libuv was not found in the pkg-config search path.
Perhaps you should add the directory containing `libuv.pc'
to the PKG_CONFIG_PATH environment variable
Package 'libuv', required by 'virtual:world', not found
Building static libuv
** libs
using C++ compiler: ‘g++ (GCC) 11.5.0 20240719 (Red Hat 11.5.0-11)’
gmake[1]: warning: jobserver unavailable: using -j1.  Add '+' to parent make rule.
installing to /ref/rmlab/software/tyron/R-libs/00LOCK-fs/00new/fs/libs
** R
** inst
** byte-compile and prepare package for lazy loading
** help
*** installing help indices
*** copying figures
** building package indices
** installing vignettes
** testing if installed package can be loaded from temporary location
** checking absolute paths in shared objects and dynamic libraries
readelf: /lib64/libcrypto.so.3: version `OPENSSL_3.6.0' not found (required by /ref/rmlab/software/spack-1.1.0/opt/spack/linux-x86_64/openssl-3.6.0-hdu4phhqvbzn54grs4bbnfjpbma7zlux/lib64/libssl.so.3)
** testing if installed package can be loaded from final location
** testing if installed package keeps a record of temporary installation path
* DONE (fs)
* installing *source* package ‘pak’ ...
** this is package ‘pak’ version ‘0.9.5’
** package ‘pak’ successfully unpacked and MD5 sums checked
** using staged installation
** libs
installing via 'install.libs.R' to /ref/rmlab/software/tyron/R-libs/00LOCK-pak/00new/pak
Error in eval(ei, envir) : Compilation failed.
* removing ‘/ref/rmlab/software/tyron/R-libs/pak’
* installing *source* package ‘curl’ ...
** this is package ‘curl’ version ‘7.1.0’
** package ‘curl’ successfully unpacked and MD5 sums checked
** using staged installation
Package libnghttp2 was not found in the pkg-config search path.
Perhaps you should add the directory containing `libnghttp2.pc'
to the PKG_CONFIG_PATH environment variable
Package 'libnghttp2', required by 'libcurl', not found
ERROR: configuration failed for package ‘curl’
* removing ‘/ref/rmlab/software/tyron/R-libs/curl’
* installing *source* package ‘xml2’ ...
** this is package ‘xml2’ version ‘1.5.2’
** package ‘xml2’ successfully unpacked and MD5 sums checked
** using staged installation
Package libxml-2.0 was not found in the pkg-config search path.
Perhaps you should add the directory containing `libxml-2.0.pc'
to the PKG_CONFIG_PATH environment variable
Package 'libxml-2.0', required by 'virtual:world', not found
Package libxml-2.0 was not found in the pkg-config search path.
Perhaps you should add the directory containing `libxml-2.0.pc'
to the PKG_CONFIG_PATH environment variable
Package 'libxml-2.0', required by 'virtual:world', not found
ERROR: configuration failed for package ‘xml2’
* removing ‘/ref/rmlab/software/tyron/R-libs/xml2’
ERROR: dependency ‘curl’ is not available for package ‘credentials’
Perhaps try a variation of:
install.packages('curl')
* removing ‘/ref/rmlab/software/tyron/R-libs/credentials’
* installing *source* package ‘sass’ ...
** this is package ‘sass’ version ‘0.4.10’
** package ‘sass’ successfully unpacked and MD5 sums checked
** using staged installation
** libs
using C compiler: ‘gcc (GCC) 11.5.0 20240719 (Red Hat 11.5.0-11)’
using C++ compiler: ‘g++ (GCC) 11.5.0 20240719 (Red Hat 11.5.0-11)’
installing to /ref/rmlab/software/tyron/R-libs/00LOCK-sass/00new/sass/libs
** R
** inst
** byte-compile and prepare package for lazy loading
** help
*** installing help indices
*** copying figures
** building package indices
** installing vignettes
** testing if installed package can be loaded from temporary location
** checking absolute paths in shared objects and dynamic libraries
readelf: /lib64/libcrypto.so.3: version `OPENSSL_3.6.0' not found (required by /ref/rmlab/software/spack-1.1.0/opt/spack/linux-x86_64/openssl-3.6.0-hdu4phhqvbzn54grs4bbnfjpbma7zlux/lib64/libssl.so.3)
** testing if installed package can be loaded from final location
** testing if installed package keeps a record of temporary installation path
* DONE (sass)
ERROR: dependency ‘systemfonts’ is not available for package ‘textshaping’
Perhaps try a variation of:
install.packages('systemfonts')
* removing ‘/ref/rmlab/software/tyron/R-libs/textshaping’
ERROR: dependency ‘curl’ is not available for package ‘httr’
Perhaps try a variation of:
install.packages('curl')
* removing ‘/ref/rmlab/software/tyron/R-libs/httr’
* installing *source* package ‘pkgload’ ...
** this is package ‘pkgload’ version ‘1.5.2’
** package ‘pkgload’ successfully unpacked and MD5 sums checked
** using staged installation
** R
** inst
** byte-compile and prepare package for lazy loading
** help
*** installing help indices
** building package indices
** testing if installed package can be loaded from temporary location
** testing if installed package can be loaded from final location
** testing if installed package keeps a record of temporary installation path
* DONE (pkgload)
ERROR: dependency ‘curl’ is not available for package ‘rcmdcheck’
Perhaps try a variation of:
install.packages('curl')
* removing ‘/ref/rmlab/software/tyron/R-libs/rcmdcheck’
ERROR: dependency ‘curl’ is not available for package ‘rversions’
Perhaps try a variation of:
install.packages('curl')
* removing ‘/ref/rmlab/software/tyron/R-libs/rversions’
ERROR: dependencies ‘curl’, ‘xml2’ are not available for package ‘urlchecker’
Perhaps try a variation of:
install.packages(c('curl', 'xml2'))
* removing ‘/ref/rmlab/software/tyron/R-libs/urlchecker’
ERROR: dependency ‘curl’ is not available for package ‘httr2’
Perhaps try a variation of:
install.packages('curl')
* removing ‘/ref/rmlab/software/tyron/R-libs/httr2’
ERROR: dependency ‘xml2’ is not available for package ‘lintr’
Perhaps try a variation of:
install.packages('xml2')
* removing ‘/ref/rmlab/software/tyron/R-libs/lintr’
ERROR: dependency ‘xml2’ is not available for package ‘spelling’
Perhaps try a variation of:
install.packages('xml2')
* removing ‘/ref/rmlab/software/tyron/R-libs/spelling’
ERROR: dependency ‘credentials’ is not available for package ‘gert’
Perhaps try a variation of:
install.packages('credentials')
* removing ‘/ref/rmlab/software/tyron/R-libs/gert’
* installing *source* package ‘bslib’ ...
** this is package ‘bslib’ version ‘0.11.0’
** package ‘bslib’ successfully unpacked and MD5 sums checked
** using staged installation
** R
** inst
** byte-compile and prepare package for lazy loading
** help
*** installing help indices
*** copying figures
** building package indices
** testing if installed package can be loaded from temporary location
** testing if installed package can be loaded from final location
** testing if installed package keeps a record of temporary installation path
* DONE (bslib)
ERROR: dependencies ‘systemfonts’, ‘textshaping’ are not available for package ‘ragg’
Perhaps try a variation of:
install.packages(c('systemfonts', 'textshaping'))
* removing ‘/ref/rmlab/software/tyron/R-libs/ragg’
ERROR: dependencies ‘httr’, ‘xml2’ are not available for package ‘rvest’
Perhaps try a variation of:
install.packages(c('httr', 'xml2'))
* removing ‘/ref/rmlab/software/tyron/R-libs/rvest’
ERROR: dependency ‘xml2’ is not available for package ‘roxygen2’
Perhaps try a variation of:
install.packages('xml2')
* removing ‘/ref/rmlab/software/tyron/R-libs/roxygen2’
* installing *source* package ‘testthat’ ...
** this is package ‘testthat’ version ‘3.3.2’
** package ‘testthat’ successfully unpacked and MD5 sums checked
** using staged installation
** libs
using C compiler: ‘gcc (GCC) 11.5.0 20240719 (Red Hat 11.5.0-11)’
using C++ compiler: ‘g++ (GCC) 11.5.0 20240719 (Red Hat 11.5.0-11)’
installing to /ref/rmlab/software/tyron/R-libs/00LOCK-testthat/00new/testthat/libs
** R
** inst
** byte-compile and prepare package for lazy loading
** help
*** installing help indices
*** copying figures
** building package indices
** installing vignettes
** testing if installed package can be loaded from temporary location
** checking absolute paths in shared objects and dynamic libraries
readelf: /lib64/libcrypto.so.3: version `OPENSSL_3.6.0' not found (required by /ref/rmlab/software/spack-1.1.0/opt/spack/linux-x86_64/openssl-3.6.0-hdu4phhqvbzn54grs4bbnfjpbma7zlux/lib64/libssl.so.3)
** testing if installed package can be loaded from final location
** testing if installed package keeps a record of temporary installation path
* DONE (testthat)
ERROR: dependency ‘httr’ is not available for package ‘covr’
Perhaps try a variation of:
install.packages('httr')
* removing ‘/ref/rmlab/software/tyron/R-libs/covr’
ERROR: dependency ‘httr2’ is not available for package ‘gh’
Perhaps try a variation of:
install.packages('httr2')
* removing ‘/ref/rmlab/software/tyron/R-libs/gh’
* installing *source* package ‘shiny’ ...
** this is package ‘shiny’ version ‘1.13.0’
** package ‘shiny’ successfully unpacked and MD5 sums checked
** using staged installation
** R
** inst
** byte-compile and prepare package for lazy loading
** help
*** installing help indices
*** copying figures
** building package indices
** testing if installed package can be loaded from temporary location
** testing if installed package can be loaded from final location
** testing if installed package keeps a record of temporary installation path
* DONE (shiny)
ERROR: dependencies ‘curl’, ‘gert’, ‘gh’ are not available for package ‘usethis’
Perhaps try a variation of:
install.packages(c('curl', 'gert', 'gh'))
* removing ‘/ref/rmlab/software/tyron/R-libs/usethis’
ERROR: dependencies ‘curl’, ‘httr2’, ‘rvest’, ‘xml2’ are not available for package ‘foghorn’
Perhaps try a variation of:
install.packages(c('curl', 'httr2', 'rvest', 'xml2'))
* removing ‘/ref/rmlab/software/tyron/R-libs/foghorn’
* installing *source* package ‘rmarkdown’ ...
** this is package ‘rmarkdown’ version ‘2.31’
** package ‘rmarkdown’ successfully unpacked and MD5 sums checked
** using staged installation
** R
** inst
** byte-compile and prepare package for lazy loading
** help
*** installing help indices
*** copying figures
** building package indices
** installing vignettes
** testing if installed package can be loaded from temporary location
** testing if installed package can be loaded from final location
** testing if installed package keeps a record of temporary installation path
* DONE (rmarkdown)
* installing *source* package ‘htmlwidgets’ ...
** this is package ‘htmlwidgets’ version ‘1.6.4’
** package ‘htmlwidgets’ successfully unpacked and MD5 sums checked
** using staged installation
** R
** inst
** byte-compile and prepare package for lazy loading
** help
*** installing help indices
** building package indices
** installing vignettes
** testing if installed package can be loaded from temporary location
** testing if installed package can be loaded from final location
** testing if installed package keeps a record of temporary installation path
* DONE (htmlwidgets)
* installing *source* package ‘miniUI’ ...
** this is package ‘miniUI’ version ‘0.1.2’
** package ‘miniUI’ successfully unpacked and MD5 sums checked
** using staged installation
** R
** inst
** byte-compile and prepare package for lazy loading
** help
*** installing help indices
** building package indices
** testing if installed package can be loaded from temporary location
** testing if installed package can be loaded from final location
** testing if installed package keeps a record of temporary installation path
* DONE (miniUI)
[2026-05-19T20:39:26.512] error: *** JOB 41038175 ON n193 CANCELLED AT 2026-05-19T20:39:26 DUE to SIGNAL Terminated ***
