=== R CRAN Install ===
R: R version 4.5.2 (2025-10-31) -- "[Not] Part in a Rumble"
Library: /ref/rmlab/software/tyron/R-libs
Start: Tue May 19 09:01:22 PM CDT 2026
SKIP (already installed): BiocManager
SKIP (already installed): remotes
SKIP (already installed): pak
SKIP (already installed): ggplot2
SKIP (already installed): dplyr
SKIP (already installed): tidyr
SKIP (already installed): readr
SKIP (already installed): purrr
SKIP (already installed): tibble
SKIP (already installed): stringr
SKIP (already installed): forcats
SKIP (already installed): lubridate
SKIP (already installed): scales
SKIP (already installed): broom

=== Installing: ggforce ===
/usr/bin/g++ -std=gnu++17 -I"/ref/rmlab/software/spack-1.1.0/opt/spack/linux-x86_64/r-4.5.2-jga4yt5sdbzfddqszotqf64bn5a6iu2m/rlib/R/include" -DNDEBUG  -I'/ref/rmlab/software/tyron/R-libs/cpp11/include' -I/usr/local/include    -fpic  -g -O2   -c along.cpp -o along.o
/usr/bin/g++ -std=gnu++17 -I"/ref/rmlab/software/spack-1.1.0/opt/spack/linux-x86_64/r-4.5.2-jga4yt5sdbzfddqszotqf64bn5a6iu2m/rlib/R/include" -DNDEBUG  -I'/ref/rmlab/software/tyron/R-libs/cpp11/include' -I/usr/local/include    -fpic  -g -O2   -c at.cpp -o at.o
/usr/bin/g++ -std=gnu++17 -I"/ref/rmlab/software/spack-1.1.0/opt/spack/linux-x86_64/r-4.5.2-jga4yt5sdbzfddqszotqf64bn5a6iu2m/rlib/R/include" -DNDEBUG  -I'/ref/rmlab/software/tyron/R-libs/cpp11/include' -I/usr/local/include    -fpic  -g -O2   -c cpp11.cpp -o cpp11.o
/usr/bin/gcc -I"/ref/rmlab/software/spack-1.1.0/opt/spack/linux-x86_64/r-4.5.2-jga4yt5sdbzfddqszotqf64bn5a6iu2m/rlib/R/include" -DNDEBUG  -I'/ref/rmlab/software/tyron/R-libs/cpp11/include' -I/usr/local/include    -fpic  -g -O2  -c easing.c -o easing.o
/usr/bin/g++ -std=gnu++17 -I"/ref/rmlab/software/spack-1.1.0/opt/spack/linux-x86_64/r-4.5.2-jga4yt5sdbzfddqszotqf64bn5a6iu2m/rlib/R/include" -DNDEBUG  -I'/ref/rmlab/software/tyron/R-libs/cpp11/include' -I/usr/local/include    -fpic  -g -O2   -c element.cpp -o element.o
/usr/bin/g++ -std=gnu++17 -I"/ref/rmlab/software/spack-1.1.0/opt/spack/linux-x86_64/r-4.5.2-jga4yt5sdbzfddqszotqf64bn5a6iu2m/rlib/R/include" -DNDEBUG  -I'/ref/rmlab/software/tyron/R-libs/cpp11/include' -I/usr/local/include    -fpic  -g -O2   -c element_at.cpp -o element_at.o
/usr/bin/g++ -std=gnu++17 -I"/ref/rmlab/software/spack-1.1.0/opt/spack/linux-x86_64/r-4.5.2-jga4yt5sdbzfddqszotqf64bn5a6iu2m/rlib/R/include" -DNDEBUG  -I'/ref/rmlab/software/tyron/R-libs/cpp11/include' -I/usr/local/include    -fpic  -g -O2   -c fill.cpp -o fill.o
/usr/bin/g++ -std=gnu++17 -I"/ref/rmlab/software/spack-1.1.0/opt/spack/linux-x86_64/r-4.5.2-jga4yt5sdbzfddqszotqf64bn5a6iu2m/rlib/R/include" -DNDEBUG  -I'/ref/rmlab/software/tyron/R-libs/cpp11/include' -I/usr/local/include    -fpic  -g -O2   -c state.cpp -o state.o
/usr/bin/g++ -std=gnu++17 -shared -L/ref/rmlab/software/spack-1.1.0/opt/spack/linux-x86_64/r-4.5.2-jga4yt5sdbzfddqszotqf64bn5a6iu2m/rlib/R/lib -Wl,-rpath,/ref/rmlab/software/spack-1.1.0/opt/spack/linux-x86_64/r-4.5.2-jga4yt5sdbzfddqszotqf64bn5a6iu2m/rlib/R/lib -o tweenr.so along.o at.o cpp11.o easing.o element.o element_at.o fill.o state.o -L/ref/rmlab/software/spack-1.1.0/opt/spack/linux-x86_64/r-4.5.2-jga4yt5sdbzfddqszotqf64bn5a6iu2m/rlib/R/lib -lR
Using PKG_CFLAGS=
Using PKG_LIBS=-lfontconfig -lfreetype
--------------------------- [ANTICONF] --------------------------------
Configuration failed to find the fontconfig freetype2 library. Try installing:
 * deb: libfontconfig1-dev (Debian, Ubuntu, etc)
 * rpm: fontconfig-devel (Fedora, EPEL)
 * csw: fontconfig_dev (Solaris)
 * apk: harfbuzz-dev fribidi-dev (Alpine)
 * brew: freetype (OSX)
If fontconfig freetype2 is already installed, check that 'pkg-config' is in your
PATH and PKG_CONFIG_PATH contains a fontconfig freetype2.pc file. If pkg-config
is unavailable you can set INCLUDE_DIR and LIB_DIR manually via:
R CMD INSTALL --configure-vars='INCLUDE_DIR=... LIB_DIR=...'
-------------------------- [ERROR MESSAGE] ---------------------------
<stdin>:1:10: fatal error: fontconfig/fontconfig.h: No such file or directory
compilation terminated.
--------------------------------------------------------------------
configure: units: 1.0-1
checking for default C++ standard... 201703
checking whether the C++ compiler works... yes
checking for C++ compiler default output file name... a.out
checking for suffix of executables... 
checking whether we are cross compiling... no
checking for suffix of object files... o
checking whether the compiler supports GNU C++... yes
checking whether /usr/bin/g++ -std=gnu++17 accepts -g... yes
checking for /usr/bin/g++ -std=gnu++17 option to enable C++11 features... none needed
checking for stdio.h... yes
checking for stdlib.h... yes
checking for string.h... yes
checking for inttypes.h... yes
checking for stdint.h... yes
checking for strings.h... yes
checking for sys/stat.h... yes
checking for sys/types.h... yes
checking for unistd.h... yes
checking for _Bool... no
checking for stdbool.h that conforms to C99 or later... yes
checking for error_at_line... yes
checking for gcc... /usr/bin/gcc
checking whether the compiler supports GNU C... yes
checking whether /usr/bin/gcc accepts -g... yes
checking for /usr/bin/gcc option to enable C11 features... none needed
checking for brew... no
checking for XML_ParserCreate in -lexpat... no
checking for udunits2.h... no
checking for udunits2/udunits2.h... no
checking for ut_read_xml in -ludunits2... no
Using PKG_CFLAGS=
Using PKG_LIBS=-lfontconfig -lfreetype
--------------------------- [ANTICONF] --------------------------------
Configuration failed to find the fontconfig freetype2 library. Try installing:
 * deb: libfontconfig1-dev (Debian, Ubuntu, etc)
 * rpm: fontconfig-devel (Fedora, EPEL)
 * csw: fontconfig_dev (Solaris)
 * apk: harfbuzz-dev fribidi-dev (Alpine)
 * brew: freetype (OSX)
If fontconfig freetype2 is already installed, check that 'pkg-config' is in your
PATH and PKG_CONFIG_PATH contains a fontconfig freetype2.pc file. If pkg-config
is unavailable you can set INCLUDE_DIR and LIB_DIR manually via:
R CMD INSTALL --configure-vars='INCLUDE_DIR=... LIB_DIR=...'
-------------------------- [ERROR MESSAGE] ---------------------------
<stdin>:1:10: fatal error: fontconfig/fontconfig.h: No such file or directory
compilation terminated.
--------------------------------------------------------------------
configure: units: 1.0-1
checking for default C++ standard... 201703
checking whether the C++ compiler works... yes
checking for C++ compiler default output file name... a.out
checking for suffix of executables... 
checking whether we are cross compiling... no
checking for suffix of object files... o
checking whether the compiler supports GNU C++... yes
checking whether /usr/bin/g++ -std=gnu++17 accepts -g... yes
checking for /usr/bin/g++ -std=gnu++17 option to enable C++11 features... none needed
checking for stdio.h... yes
checking for stdlib.h... yes
checking for string.h... yes
checking for inttypes.h... yes
checking for stdint.h... yes
checking for strings.h... yes
checking for sys/stat.h... yes
checking for sys/types.h... yes
checking for unistd.h... yes
checking for _Bool... no
checking for stdbool.h that conforms to C99 or later... yes
checking for error_at_line... yes
checking for gcc... /usr/bin/gcc
checking whether the compiler supports GNU C... yes
checking whether /usr/bin/gcc accepts -g... yes
checking for /usr/bin/gcc option to enable C11 features... none needed
checking for brew... no
checking for XML_ParserCreate in -lexpat... no
checking for udunits2.h... no
checking for udunits2/udunits2.h... no
checking for ut_read_xml in -ludunits2... no
