also installing the dependencies ‘textshaping’, ‘Cairo’, ‘ragg’, ‘ggrastr’

trying URL 'https://cloud.r-project.org/src/contrib/textshaping_1.0.5.tar.gz'
trying URL 'https://cloud.r-project.org/src/contrib/Cairo_1.7-0.tar.gz'
trying URL 'https://cloud.r-project.org/src/contrib/ragg_1.5.2.tar.gz'
trying URL 'https://cloud.r-project.org/src/contrib/ggrastr_1.0.2.tar.gz'
trying URL 'https://cloud.r-project.org/src/contrib/scCustomize_3.3.0.tar.gz'
* installing *source* package ‘textshaping’ ...
** this is package ‘textshaping’ version ‘1.0.5’
** package ‘textshaping’ successfully unpacked and MD5 sums checked
** using staged installation
** libs
using C++ compiler: ‘g++ (GCC) 11.5.0 20240719 (Red Hat 11.5.0-11)’
installing to /ref/rmlab/software/tyron/R-libs/00LOCK-textshaping/00new/textshaping/libs
** R
** inst
** byte-compile and prepare package for lazy loading
** help
*** installing help indices
*** copying figures
** building package indices
** installing vignettes
** testing if installed package can be loaded from temporary location
** checking absolute paths in shared objects and dynamic libraries
readelf: /lib64/libcrypto.so.3: version `OPENSSL_3.6.0' not found (required by /ref/rmlab/software/spack-1.1.0/opt/spack/linux-x86_64/openssl-3.6.0-hdu4phhqvbzn54grs4bbnfjpbma7zlux/lib64/libssl.so.3)
** testing if installed package can be loaded from final location
** testing if installed package keeps a record of temporary installation path
* DONE (textshaping)
* installing *source* package ‘Cairo’ ...
** this is package ‘Cairo’ version ‘1.7-0’
** package ‘Cairo’ successfully unpacked and MD5 sums checked
** using staged installation
Please specify at least one package name on the command line.
Please specify at least one package name on the command line.
Package harfbuzz-icu was not found in the pkg-config search path.
Perhaps you should add the directory containing `harfbuzz-icu.pc'
to the PKG_CONFIG_PATH environment variable
Package 'harfbuzz-icu', required by 'virtual:world', not found
Package 'icu-uc', required by 'virtual:world', not found
Package harfbuzz-icu was not found in the pkg-config search path.
Perhaps you should add the directory containing `harfbuzz-icu.pc'
to the PKG_CONFIG_PATH environment variable
Package 'harfbuzz-icu', required by 'virtual:world', not found
Package 'icu-uc', required by 'virtual:world', not found
Package libtiff-4 was not found in the pkg-config search path.
Perhaps you should add the directory containing `libtiff-4.pc'
to the PKG_CONFIG_PATH environment variable
Package 'libtiff-4', required by 'virtual:world', not found
** libs
using C compiler: ‘gcc (GCC) 11.5.0 20240719 (Red Hat 11.5.0-11)’
In file included from /ref/rmlab/software/tyron/cairo-devel/usr/include/cairo/cairo-xlib.h:44,
                 from xlib-backend.h:7,
                 from cairotalk.c:10:
/ref/rmlab/software/tyron/libX11-devel/usr/include/X11/Xlib.h:44:10: fatal error: X11/X.h: No such file or directory
   44 | #include <X11/X.h>
      |          ^~~~~~~~~
compilation terminated.
make: *** [/ref/rmlab/software/spack-1.1.0/opt/spack/linux-x86_64/r-4.5.2-jga4yt5sdbzfddqszotqf64bn5a6iu2m/rlib/R/etc/Makeconf:202: cairotalk.o] Error 1
make: *** Waiting for unfinished jobs....
ERROR: compilation failed for package ‘Cairo’
* removing ‘/ref/rmlab/software/tyron/R-libs/Cairo’
* installing *source* package ‘ragg’ ...
** this is package ‘ragg’ version ‘1.5.2’
** package ‘ragg’ successfully unpacked and MD5 sums checked
** using staged installation
Package libtiff-4 was not found in the pkg-config search path.
Perhaps you should add the directory containing `libtiff-4.pc'
to the PKG_CONFIG_PATH environment variable
Package 'libtiff-4', required by 'virtual:world', not found
Package 'libjpeg', required by 'virtual:world', not found
Package 'libwebp', required by 'virtual:world', not found
Package 'libwebpmux', required by 'virtual:world', not found
Package libtiff-4 was not found in the pkg-config search path.
Perhaps you should add the directory containing `libtiff-4.pc'
to the PKG_CONFIG_PATH environment variable
Package 'libtiff-4', required by 'virtual:world', not found
Package 'libjpeg', required by 'virtual:world', not found
Package 'libwebp', required by 'virtual:world', not found
Package 'libwebpmux', required by 'virtual:world', not found
ERROR: configuration failed for package ‘ragg’
* removing ‘/ref/rmlab/software/tyron/R-libs/ragg’
ERROR: dependencies ‘Cairo’, ‘ragg’ are not available for package ‘ggrastr’
Perhaps try a variation of:
install.packages(c('Cairo', 'ragg'))
* removing ‘/ref/rmlab/software/tyron/R-libs/ggrastr’
ERROR: dependency ‘ggrastr’ is not available for package ‘scCustomize’
Perhaps try a variation of:
install.packages('ggrastr')
* removing ‘/ref/rmlab/software/tyron/R-libs/scCustomize’

The downloaded source packages are in
	‘/tmp/RtmpMZRdvq/downloaded_packages’
also installing the dependencies ‘Cairo’, ‘ragg’, ‘ggrastr’

trying URL 'https://cloud.r-project.org/src/contrib/Cairo_1.7-0.tar.gz'
trying URL 'https://cloud.r-project.org/src/contrib/ragg_1.5.2.tar.gz'
trying URL 'https://cloud.r-project.org/src/contrib/ggrastr_1.0.2.tar.gz'
trying URL 'https://cloud.r-project.org/src/contrib/scCustomize_3.3.0.tar.gz'
* installing *source* package ‘Cairo’ ...
** this is package ‘Cairo’ version ‘1.7-0’
** package ‘Cairo’ successfully unpacked and MD5 sums checked
** using staged installation
Please specify at least one package name on the command line.
Please specify at least one package name on the command line.
Package harfbuzz-icu was not found in the pkg-config search path.
Perhaps you should add the directory containing `harfbuzz-icu.pc'
to the PKG_CONFIG_PATH environment variable
Package 'harfbuzz-icu', required by 'virtual:world', not found
Package 'icu-uc', required by 'virtual:world', not found
Package harfbuzz-icu was not found in the pkg-config search path.
Perhaps you should add the directory containing `harfbuzz-icu.pc'
to the PKG_CONFIG_PATH environment variable
Package 'harfbuzz-icu', required by 'virtual:world', not found
Package 'icu-uc', required by 'virtual:world', not found
Package libtiff-4 was not found in the pkg-config search path.
Perhaps you should add the directory containing `libtiff-4.pc'
to the PKG_CONFIG_PATH environment variable
Package 'libtiff-4', required by 'virtual:world', not found
** libs
using C compiler: ‘gcc (GCC) 11.5.0 20240719 (Red Hat 11.5.0-11)’
In file included from /ref/rmlab/software/tyron/cairo-devel/usr/include/cairo/cairo-xlib.h:44,
                 from xlib-backend.h:7,
                 from cairotalk.c:10:
/ref/rmlab/software/tyron/libX11-devel/usr/include/X11/Xlib.h:44:10: fatal error: X11/X.h: No such file or directory
   44 | #include <X11/X.h>
      |          ^~~~~~~~~
compilation terminated.
make: *** [/ref/rmlab/software/spack-1.1.0/opt/spack/linux-x86_64/r-4.5.2-jga4yt5sdbzfddqszotqf64bn5a6iu2m/rlib/R/etc/Makeconf:202: cairotalk.o] Error 1
make: *** Waiting for unfinished jobs....
ERROR: compilation failed for package ‘Cairo’
* removing ‘/ref/rmlab/software/tyron/R-libs/Cairo’
* installing *source* package ‘ragg’ ...
** this is package ‘ragg’ version ‘1.5.2’
** package ‘ragg’ successfully unpacked and MD5 sums checked
** using staged installation
Package libtiff-4 was not found in the pkg-config search path.
Perhaps you should add the directory containing `libtiff-4.pc'
to the PKG_CONFIG_PATH environment variable
Package 'libtiff-4', required by 'virtual:world', not found
Package 'libjpeg', required by 'virtual:world', not found
Package 'libwebp', required by 'virtual:world', not found
Package 'libwebpmux', required by 'virtual:world', not found
Package libtiff-4 was not found in the pkg-config search path.
Perhaps you should add the directory containing `libtiff-4.pc'
to the PKG_CONFIG_PATH environment variable
Package 'libtiff-4', required by 'virtual:world', not found
Package 'libjpeg', required by 'virtual:world', not found
Package 'libwebp', required by 'virtual:world', not found
Package 'libwebpmux', required by 'virtual:world', not found
ERROR: configuration failed for package ‘ragg’
* removing ‘/ref/rmlab/software/tyron/R-libs/ragg’
ERROR: dependencies ‘Cairo’, ‘ragg’ are not available for package ‘ggrastr’
Perhaps try a variation of:
install.packages(c('Cairo', 'ragg'))
* removing ‘/ref/rmlab/software/tyron/R-libs/ggrastr’
ERROR: dependency ‘ggrastr’ is not available for package ‘scCustomize’
Perhaps try a variation of:
install.packages('ggrastr')
* removing ‘/ref/rmlab/software/tyron/R-libs/scCustomize’

The downloaded source packages are in
	‘/tmp/RtmpMZRdvq/downloaded_packages’
also installing the dependencies ‘Cairo’, ‘ragg’, ‘ggrastr’

trying URL 'https://cloud.r-project.org/src/contrib/Cairo_1.7-0.tar.gz'
trying URL 'https://cloud.r-project.org/src/contrib/ragg_1.5.2.tar.gz'
trying URL 'https://cloud.r-project.org/src/contrib/ggrastr_1.0.2.tar.gz'
trying URL 'https://cloud.r-project.org/src/contrib/scCustomize_3.3.0.tar.gz'
* installing *source* package ‘Cairo’ ...
** this is package ‘Cairo’ version ‘1.7-0’
** package ‘Cairo’ successfully unpacked and MD5 sums checked
** using staged installation
Please specify at least one package name on the command line.
Please specify at least one package name on the command line.
Package harfbuzz-icu was not found in the pkg-config search path.
Perhaps you should add the directory containing `harfbuzz-icu.pc'
to the PKG_CONFIG_PATH environment variable
Package 'harfbuzz-icu', required by 'virtual:world', not found
Package 'icu-uc', required by 'virtual:world', not found
Package harfbuzz-icu was not found in the pkg-config search path.
Perhaps you should add the directory containing `harfbuzz-icu.pc'
to the PKG_CONFIG_PATH environment variable
Package 'harfbuzz-icu', required by 'virtual:world', not found
Package 'icu-uc', required by 'virtual:world', not found
Package libtiff-4 was not found in the pkg-config search path.
Perhaps you should add the directory containing `libtiff-4.pc'
to the PKG_CONFIG_PATH environment variable
Package 'libtiff-4', required by 'virtual:world', not found
** libs
using C compiler: ‘gcc (GCC) 11.5.0 20240719 (Red Hat 11.5.0-11)’
In file included from /ref/rmlab/software/tyron/cairo-devel/usr/include/cairo/cairo-xlib.h:44,
                 from xlib-backend.h:7,
                 from cairotalk.c:10:
/ref/rmlab/software/tyron/libX11-devel/usr/include/X11/Xlib.h:44:10: fatal error: X11/X.h: No such file or directory
   44 | #include <X11/X.h>
      |          ^~~~~~~~~
compilation terminated.
make: *** [/ref/rmlab/software/spack-1.1.0/opt/spack/linux-x86_64/r-4.5.2-jga4yt5sdbzfddqszotqf64bn5a6iu2m/rlib/R/etc/Makeconf:202: cairotalk.o] Error 1
make: *** Waiting for unfinished jobs....
ERROR: compilation failed for package ‘Cairo’
* removing ‘/ref/rmlab/software/tyron/R-libs/Cairo’
* installing *source* package ‘ragg’ ...
** this is package ‘ragg’ version ‘1.5.2’
** package ‘ragg’ successfully unpacked and MD5 sums checked
** using staged installation
Package libtiff-4 was not found in the pkg-config search path.
Perhaps you should add the directory containing `libtiff-4.pc'
to the PKG_CONFIG_PATH environment variable
Package 'libtiff-4', required by 'virtual:world', not found
Package 'libjpeg', required by 'virtual:world', not found
Package 'libwebp', required by 'virtual:world', not found
Package 'libwebpmux', required by 'virtual:world', not found
Package libtiff-4 was not found in the pkg-config search path.
Perhaps you should add the directory containing `libtiff-4.pc'
to the PKG_CONFIG_PATH environment variable
Package 'libtiff-4', required by 'virtual:world', not found
Package 'libjpeg', required by 'virtual:world', not found
Package 'libwebp', required by 'virtual:world', not found
Package 'libwebpmux', required by 'virtual:world', not found
ERROR: configuration failed for package ‘ragg’
* removing ‘/ref/rmlab/software/tyron/R-libs/ragg’
ERROR: dependencies ‘Cairo’, ‘ragg’ are not available for package ‘ggrastr’
Perhaps try a variation of:
install.packages(c('Cairo', 'ragg'))
* removing ‘/ref/rmlab/software/tyron/R-libs/ggrastr’
ERROR: dependency ‘ggrastr’ is not available for package ‘scCustomize’
Perhaps try a variation of:
install.packages('ggrastr')
* removing ‘/ref/rmlab/software/tyron/R-libs/scCustomize’

The downloaded source packages are in
	‘/tmp/RtmpMZRdvq/downloaded_packages’
There were 12 warnings (use warnings() to see them)
