also installing the dependencies ‘systemfonts’, ‘textshaping’, ‘Cairo’, ‘ragg’, ‘ggrastr’

trying URL 'https://cloud.r-project.org/src/contrib/systemfonts_1.3.2.tar.gz'
trying URL 'https://cloud.r-project.org/src/contrib/textshaping_1.0.5.tar.gz'
trying URL 'https://cloud.r-project.org/src/contrib/Cairo_1.7-0.tar.gz'
trying URL 'https://cloud.r-project.org/src/contrib/ragg_1.5.2.tar.gz'
trying URL 'https://cloud.r-project.org/src/contrib/ggrastr_1.0.2.tar.gz'
trying URL 'https://cloud.r-project.org/src/contrib/scCustomize_3.3.0.tar.gz'
* installing *source* package ‘systemfonts’ ...
** this is package ‘systemfonts’ version ‘1.3.2’
** package ‘systemfonts’ successfully unpacked and MD5 sums checked
** using staged installation
** libs
using C++ compiler: ‘g++ (GCC) 11.5.0 20240719 (Red Hat 11.5.0-11)’
/usr/bin/ld: cannot find -lfontconfig
collect2: error: ld returned 1 exit status
make: *** [/ref/rmlab/software/spack-1.1.0/opt/spack/linux-x86_64/r-4.5.2-jga4yt5sdbzfddqszotqf64bn5a6iu2m/rlib/R/share/make/shlib.mk:10: systemfonts.so] Error 1
ERROR: compilation failed for package ‘systemfonts’
* removing ‘/ref/rmlab/software/tyron/R-libs/systemfonts’
* installing *source* package ‘Cairo’ ...
** this is package ‘Cairo’ version ‘1.7-0’
** package ‘Cairo’ successfully unpacked and MD5 sums checked
** using staged installation
configure: error: Cannot compile a simple Cairo program. See config.log for details.
ERROR: configuration failed for package ‘Cairo’
* removing ‘/ref/rmlab/software/tyron/R-libs/Cairo’
ERROR: dependency ‘systemfonts’ is not available for package ‘textshaping’
Perhaps try a variation of:
install.packages('systemfonts')
* removing ‘/ref/rmlab/software/tyron/R-libs/textshaping’
ERROR: dependencies ‘systemfonts’, ‘textshaping’ are not available for package ‘ragg’
Perhaps try a variation of:
install.packages(c('systemfonts', 'textshaping'))
* removing ‘/ref/rmlab/software/tyron/R-libs/ragg’
ERROR: dependencies ‘Cairo’, ‘ragg’ are not available for package ‘ggrastr’
Perhaps try a variation of:
install.packages(c('Cairo', 'ragg'))
* removing ‘/ref/rmlab/software/tyron/R-libs/ggrastr’
ERROR: dependency ‘ggrastr’ is not available for package ‘scCustomize’
Perhaps try a variation of:
install.packages('ggrastr')
* removing ‘/ref/rmlab/software/tyron/R-libs/scCustomize’

The downloaded source packages are in
	‘/tmp/Rtmpom4c80/downloaded_packages’
also installing the dependencies ‘systemfonts’, ‘textshaping’, ‘Cairo’, ‘ragg’, ‘ggrastr’

trying URL 'https://cloud.r-project.org/src/contrib/systemfonts_1.3.2.tar.gz'
trying URL 'https://cloud.r-project.org/src/contrib/textshaping_1.0.5.tar.gz'
trying URL 'https://cloud.r-project.org/src/contrib/Cairo_1.7-0.tar.gz'
trying URL 'https://cloud.r-project.org/src/contrib/ragg_1.5.2.tar.gz'
trying URL 'https://cloud.r-project.org/src/contrib/ggrastr_1.0.2.tar.gz'
trying URL 'https://cloud.r-project.org/src/contrib/scCustomize_3.3.0.tar.gz'
* installing *source* package ‘systemfonts’ ...
** this is package ‘systemfonts’ version ‘1.3.2’
** package ‘systemfonts’ successfully unpacked and MD5 sums checked
** using staged installation
** libs
using C++ compiler: ‘g++ (GCC) 11.5.0 20240719 (Red Hat 11.5.0-11)’
/usr/bin/ld: cannot find -lfontconfig
collect2: error: ld returned 1 exit status
make: *** [/ref/rmlab/software/spack-1.1.0/opt/spack/linux-x86_64/r-4.5.2-jga4yt5sdbzfddqszotqf64bn5a6iu2m/rlib/R/share/make/shlib.mk:10: systemfonts.so] Error 1
ERROR: compilation failed for package ‘systemfonts’
* removing ‘/ref/rmlab/software/tyron/R-libs/systemfonts’
* installing *source* package ‘Cairo’ ...
** this is package ‘Cairo’ version ‘1.7-0’
** package ‘Cairo’ successfully unpacked and MD5 sums checked
** using staged installation
Please specify at least one package name on the command line.
Please specify at least one package name on the command line.
Package harfbuzz-icu was not found in the pkg-config search path.
Perhaps you should add the directory containing `harfbuzz-icu.pc'
to the PKG_CONFIG_PATH environment variable
Package 'harfbuzz-icu', required by 'virtual:world', not found
Package 'icu-uc', required by 'virtual:world', not found
Package harfbuzz-icu was not found in the pkg-config search path.
Perhaps you should add the directory containing `harfbuzz-icu.pc'
to the PKG_CONFIG_PATH environment variable
Package 'harfbuzz-icu', required by 'virtual:world', not found
Package 'icu-uc', required by 'virtual:world', not found
Package libtiff-4 was not found in the pkg-config search path.
Perhaps you should add the directory containing `libtiff-4.pc'
to the PKG_CONFIG_PATH environment variable
Package 'libtiff-4', required by 'virtual:world', not found
[2026-05-19T22:18:43.613] error: *** JOB 41040349 ON n193 CANCELLED AT 2026-05-19T22:18:43 DUE to SIGNAL Terminated ***
