=== R CRAN Install ===
R: R version 4.5.2 (2025-10-31) -- "[Not] Part in a Rumble"
Library: /ref/rmlab/software/tyron/R-libs
Start: Tue May 19 10:16:52 PM CDT 2026
SKIP (already installed): BiocManager
SKIP (already installed): remotes
SKIP (already installed): pak
SKIP (already installed): ggplot2
SKIP (already installed): dplyr
SKIP (already installed): tidyr
SKIP (already installed): readr
SKIP (already installed): purrr
SKIP (already installed): tibble
SKIP (already installed): stringr
SKIP (already installed): forcats
SKIP (already installed): lubridate
SKIP (already installed): scales
SKIP (already installed): broom
SKIP (already installed): knitr
SKIP (already installed): lintr
SKIP (already installed): styler
SKIP (already installed): here
SKIP (already installed): markdown
SKIP (already installed): rmarkdown
SKIP (already installed): Seurat
SKIP (already installed): SoupX
SKIP (already installed): cowplot

=== Installing: scCustomize ===
Found pkg-config cflags and libs!
Using PKG_CFLAGS=-I/ref/rmlab/software/spack-1.1.0/opt/spack/linux-x86_64/freetype-2.14.1-6pybd3weqnptd6at6uik2b2l44nrg6m7/include/freetype2 -I/ref/rmlab/software/spack-1.1.0/opt/spack/linux-x86_64/bzip2-1.0.8-nfdr23txh3g62vraf3xriq4rhyp52onw/include -I/ref/rmlab/software/spack-1.1.0/opt/spack/linux-x86_64/libpng-1.6.47-ycrxqoudmaryqgkmx6hwjkfkvre752hh/include/libpng16 -I/ref/rmlab/software/spack-1.1.0/opt/spack/linux-x86_64/zlib-ng-2.2.4-xsdqw5trkbqasqg3a7icfcgbvmkplqph/include -DWITH_GZFILEOP 
Using PKG_LIBS=-lfontconfig -lfreetype 
rm -f systemfonts.so caches.o cpp11.o dev_metrics.o font_matching.o font_local.o font_variation.o font_registry.o ft_cache.o string_shape.o font_metrics.o font_outlines.o font_fallback.o string_metrics.o emoji.o cache_store.o init.o unix/FontManagerLinux.o
/usr/bin/g++ -std=gnu++17 -I"/ref/rmlab/software/spack-1.1.0/opt/spack/linux-x86_64/r-4.5.2-jga4yt5sdbzfddqszotqf64bn5a6iu2m/rlib/R/include" -DNDEBUG -I/ref/rmlab/software/spack-1.1.0/opt/spack/linux-x86_64/freetype-2.14.1-6pybd3weqnptd6at6uik2b2l44nrg6m7/include/freetype2 -I/ref/rmlab/software/spack-1.1.0/opt/spack/linux-x86_64/bzip2-1.0.8-nfdr23txh3g62vraf3xriq4rhyp52onw/include -I/ref/rmlab/software/spack-1.1.0/opt/spack/linux-x86_64/libpng-1.6.47-ycrxqoudmaryqgkmx6hwjkfkvre752hh/include/libpng16 -I/ref/rmlab/software/spack-1.1.0/opt/spack/linux-x86_64/zlib-ng-2.2.4-xsdqw5trkbqasqg3a7icfcgbvmkplqph/include -DWITH_GZFILEOP  -I'/ref/rmlab/software/tyron/R-libs/cpp11/include' -I/usr/local/include    -fpic  -g -O2   -c caches.cpp -o caches.o
/usr/bin/g++ -std=gnu++17 -I"/ref/rmlab/software/spack-1.1.0/opt/spack/linux-x86_64/r-4.5.2-jga4yt5sdbzfddqszotqf64bn5a6iu2m/rlib/R/include" -DNDEBUG -I/ref/rmlab/software/spack-1.1.0/opt/spack/linux-x86_64/freetype-2.14.1-6pybd3weqnptd6at6uik2b2l44nrg6m7/include/freetype2 -I/ref/rmlab/software/spack-1.1.0/opt/spack/linux-x86_64/bzip2-1.0.8-nfdr23txh3g62vraf3xriq4rhyp52onw/include -I/ref/rmlab/software/spack-1.1.0/opt/spack/linux-x86_64/libpng-1.6.47-ycrxqoudmaryqgkmx6hwjkfkvre752hh/include/libpng16 -I/ref/rmlab/software/spack-1.1.0/opt/spack/linux-x86_64/zlib-ng-2.2.4-xsdqw5trkbqasqg3a7icfcgbvmkplqph/include -DWITH_GZFILEOP  -I'/ref/rmlab/software/tyron/R-libs/cpp11/include' -I/usr/local/include    -fpic  -g -O2   -c cpp11.cpp -o cpp11.o
/usr/bin/g++ -std=gnu++17 -I"/ref/rmlab/software/spack-1.1.0/opt/spack/linux-x86_64/r-4.5.2-jga4yt5sdbzfddqszotqf64bn5a6iu2m/rlib/R/include" -DNDEBUG -I/ref/rmlab/software/spack-1.1.0/opt/spack/linux-x86_64/freetype-2.14.1-6pybd3weqnptd6at6uik2b2l44nrg6m7/include/freetype2 -I/ref/rmlab/software/spack-1.1.0/opt/spack/linux-x86_64/bzip2-1.0.8-nfdr23txh3g62vraf3xriq4rhyp52onw/include -I/ref/rmlab/software/spack-1.1.0/opt/spack/linux-x86_64/libpng-1.6.47-ycrxqoudmaryqgkmx6hwjkfkvre752hh/include/libpng16 -I/ref/rmlab/software/spack-1.1.0/opt/spack/linux-x86_64/zlib-ng-2.2.4-xsdqw5trkbqasqg3a7icfcgbvmkplqph/include -DWITH_GZFILEOP  -I'/ref/rmlab/software/tyron/R-libs/cpp11/include' -I/usr/local/include    -fpic  -g -O2   -c dev_metrics.cpp -o dev_metrics.o
/usr/bin/g++ -std=gnu++17 -I"/ref/rmlab/software/spack-1.1.0/opt/spack/linux-x86_64/r-4.5.2-jga4yt5sdbzfddqszotqf64bn5a6iu2m/rlib/R/include" -DNDEBUG -I/ref/rmlab/software/spack-1.1.0/opt/spack/linux-x86_64/freetype-2.14.1-6pybd3weqnptd6at6uik2b2l44nrg6m7/include/freetype2 -I/ref/rmlab/software/spack-1.1.0/opt/spack/linux-x86_64/bzip2-1.0.8-nfdr23txh3g62vraf3xriq4rhyp52onw/include -I/ref/rmlab/software/spack-1.1.0/opt/spack/linux-x86_64/libpng-1.6.47-ycrxqoudmaryqgkmx6hwjkfkvre752hh/include/libpng16 -I/ref/rmlab/software/spack-1.1.0/opt/spack/linux-x86_64/zlib-ng-2.2.4-xsdqw5trkbqasqg3a7icfcgbvmkplqph/include -DWITH_GZFILEOP  -I'/ref/rmlab/software/tyron/R-libs/cpp11/include' -I/usr/local/include    -fpic  -g -O2   -c font_matching.cpp -o font_matching.o
/usr/bin/g++ -std=gnu++17 -I"/ref/rmlab/software/spack-1.1.0/opt/spack/linux-x86_64/r-4.5.2-jga4yt5sdbzfddqszotqf64bn5a6iu2m/rlib/R/include" -DNDEBUG -I/ref/rmlab/software/spack-1.1.0/opt/spack/linux-x86_64/freetype-2.14.1-6pybd3weqnptd6at6uik2b2l44nrg6m7/include/freetype2 -I/ref/rmlab/software/spack-1.1.0/opt/spack/linux-x86_64/bzip2-1.0.8-nfdr23txh3g62vraf3xriq4rhyp52onw/include -I/ref/rmlab/software/spack-1.1.0/opt/spack/linux-x86_64/libpng-1.6.47-ycrxqoudmaryqgkmx6hwjkfkvre752hh/include/libpng16 -I/ref/rmlab/software/spack-1.1.0/opt/spack/linux-x86_64/zlib-ng-2.2.4-xsdqw5trkbqasqg3a7icfcgbvmkplqph/include -DWITH_GZFILEOP  -I'/ref/rmlab/software/tyron/R-libs/cpp11/include' -I/usr/local/include    -fpic  -g -O2   -c font_local.cpp -o font_local.o
/usr/bin/g++ -std=gnu++17 -I"/ref/rmlab/software/spack-1.1.0/opt/spack/linux-x86_64/r-4.5.2-jga4yt5sdbzfddqszotqf64bn5a6iu2m/rlib/R/include" -DNDEBUG -I/ref/rmlab/software/spack-1.1.0/opt/spack/linux-x86_64/freetype-2.14.1-6pybd3weqnptd6at6uik2b2l44nrg6m7/include/freetype2 -I/ref/rmlab/software/spack-1.1.0/opt/spack/linux-x86_64/bzip2-1.0.8-nfdr23txh3g62vraf3xriq4rhyp52onw/include -I/ref/rmlab/software/spack-1.1.0/opt/spack/linux-x86_64/libpng-1.6.47-ycrxqoudmaryqgkmx6hwjkfkvre752hh/include/libpng16 -I/ref/rmlab/software/spack-1.1.0/opt/spack/linux-x86_64/zlib-ng-2.2.4-xsdqw5trkbqasqg3a7icfcgbvmkplqph/include -DWITH_GZFILEOP  -I'/ref/rmlab/software/tyron/R-libs/cpp11/include' -I/usr/local/include    -fpic  -g -O2   -c font_variation.cpp -o font_variation.o
/usr/bin/g++ -std=gnu++17 -I"/ref/rmlab/software/spack-1.1.0/opt/spack/linux-x86_64/r-4.5.2-jga4yt5sdbzfddqszotqf64bn5a6iu2m/rlib/R/include" -DNDEBUG -I/ref/rmlab/software/spack-1.1.0/opt/spack/linux-x86_64/freetype-2.14.1-6pybd3weqnptd6at6uik2b2l44nrg6m7/include/freetype2 -I/ref/rmlab/software/spack-1.1.0/opt/spack/linux-x86_64/bzip2-1.0.8-nfdr23txh3g62vraf3xriq4rhyp52onw/include -I/ref/rmlab/software/spack-1.1.0/opt/spack/linux-x86_64/libpng-1.6.47-ycrxqoudmaryqgkmx6hwjkfkvre752hh/include/libpng16 -I/ref/rmlab/software/spack-1.1.0/opt/spack/linux-x86_64/zlib-ng-2.2.4-xsdqw5trkbqasqg3a7icfcgbvmkplqph/include -DWITH_GZFILEOP  -I'/ref/rmlab/software/tyron/R-libs/cpp11/include' -I/usr/local/include    -fpic  -g -O2   -c font_registry.cpp -o font_registry.o
/usr/bin/g++ -std=gnu++17 -I"/ref/rmlab/software/spack-1.1.0/opt/spack/linux-x86_64/r-4.5.2-jga4yt5sdbzfddqszotqf64bn5a6iu2m/rlib/R/include" -DNDEBUG -I/ref/rmlab/software/spack-1.1.0/opt/spack/linux-x86_64/freetype-2.14.1-6pybd3weqnptd6at6uik2b2l44nrg6m7/include/freetype2 -I/ref/rmlab/software/spack-1.1.0/opt/spack/linux-x86_64/bzip2-1.0.8-nfdr23txh3g62vraf3xriq4rhyp52onw/include -I/ref/rmlab/software/spack-1.1.0/opt/spack/linux-x86_64/libpng-1.6.47-ycrxqoudmaryqgkmx6hwjkfkvre752hh/include/libpng16 -I/ref/rmlab/software/spack-1.1.0/opt/spack/linux-x86_64/zlib-ng-2.2.4-xsdqw5trkbqasqg3a7icfcgbvmkplqph/include -DWITH_GZFILEOP  -I'/ref/rmlab/software/tyron/R-libs/cpp11/include' -I/usr/local/include    -fpic  -g -O2   -c ft_cache.cpp -o ft_cache.o
/usr/bin/g++ -std=gnu++17 -I"/ref/rmlab/software/spack-1.1.0/opt/spack/linux-x86_64/r-4.5.2-jga4yt5sdbzfddqszotqf64bn5a6iu2m/rlib/R/include" -DNDEBUG -I/ref/rmlab/software/spack-1.1.0/opt/spack/linux-x86_64/freetype-2.14.1-6pybd3weqnptd6at6uik2b2l44nrg6m7/include/freetype2 -I/ref/rmlab/software/spack-1.1.0/opt/spack/linux-x86_64/bzip2-1.0.8-nfdr23txh3g62vraf3xriq4rhyp52onw/include -I/ref/rmlab/software/spack-1.1.0/opt/spack/linux-x86_64/libpng-1.6.47-ycrxqoudmaryqgkmx6hwjkfkvre752hh/include/libpng16 -I/ref/rmlab/software/spack-1.1.0/opt/spack/linux-x86_64/zlib-ng-2.2.4-xsdqw5trkbqasqg3a7icfcgbvmkplqph/include -DWITH_GZFILEOP  -I'/ref/rmlab/software/tyron/R-libs/cpp11/include' -I/usr/local/include    -fpic  -g -O2   -c string_shape.cpp -o string_shape.o
/usr/bin/g++ -std=gnu++17 -I"/ref/rmlab/software/spack-1.1.0/opt/spack/linux-x86_64/r-4.5.2-jga4yt5sdbzfddqszotqf64bn5a6iu2m/rlib/R/include" -DNDEBUG -I/ref/rmlab/software/spack-1.1.0/opt/spack/linux-x86_64/freetype-2.14.1-6pybd3weqnptd6at6uik2b2l44nrg6m7/include/freetype2 -I/ref/rmlab/software/spack-1.1.0/opt/spack/linux-x86_64/bzip2-1.0.8-nfdr23txh3g62vraf3xriq4rhyp52onw/include -I/ref/rmlab/software/spack-1.1.0/opt/spack/linux-x86_64/libpng-1.6.47-ycrxqoudmaryqgkmx6hwjkfkvre752hh/include/libpng16 -I/ref/rmlab/software/spack-1.1.0/opt/spack/linux-x86_64/zlib-ng-2.2.4-xsdqw5trkbqasqg3a7icfcgbvmkplqph/include -DWITH_GZFILEOP  -I'/ref/rmlab/software/tyron/R-libs/cpp11/include' -I/usr/local/include    -fpic  -g -O2   -c font_metrics.cpp -o font_metrics.o
/usr/bin/g++ -std=gnu++17 -I"/ref/rmlab/software/spack-1.1.0/opt/spack/linux-x86_64/r-4.5.2-jga4yt5sdbzfddqszotqf64bn5a6iu2m/rlib/R/include" -DNDEBUG -I/ref/rmlab/software/spack-1.1.0/opt/spack/linux-x86_64/freetype-2.14.1-6pybd3weqnptd6at6uik2b2l44nrg6m7/include/freetype2 -I/ref/rmlab/software/spack-1.1.0/opt/spack/linux-x86_64/bzip2-1.0.8-nfdr23txh3g62vraf3xriq4rhyp52onw/include -I/ref/rmlab/software/spack-1.1.0/opt/spack/linux-x86_64/libpng-1.6.47-ycrxqoudmaryqgkmx6hwjkfkvre752hh/include/libpng16 -I/ref/rmlab/software/spack-1.1.0/opt/spack/linux-x86_64/zlib-ng-2.2.4-xsdqw5trkbqasqg3a7icfcgbvmkplqph/include -DWITH_GZFILEOP  -I'/ref/rmlab/software/tyron/R-libs/cpp11/include' -I/usr/local/include    -fpic  -g -O2   -c font_outlines.cpp -o font_outlines.o
/usr/bin/g++ -std=gnu++17 -I"/ref/rmlab/software/spack-1.1.0/opt/spack/linux-x86_64/r-4.5.2-jga4yt5sdbzfddqszotqf64bn5a6iu2m/rlib/R/include" -DNDEBUG -I/ref/rmlab/software/spack-1.1.0/opt/spack/linux-x86_64/freetype-2.14.1-6pybd3weqnptd6at6uik2b2l44nrg6m7/include/freetype2 -I/ref/rmlab/software/spack-1.1.0/opt/spack/linux-x86_64/bzip2-1.0.8-nfdr23txh3g62vraf3xriq4rhyp52onw/include -I/ref/rmlab/software/spack-1.1.0/opt/spack/linux-x86_64/libpng-1.6.47-ycrxqoudmaryqgkmx6hwjkfkvre752hh/include/libpng16 -I/ref/rmlab/software/spack-1.1.0/opt/spack/linux-x86_64/zlib-ng-2.2.4-xsdqw5trkbqasqg3a7icfcgbvmkplqph/include -DWITH_GZFILEOP  -I'/ref/rmlab/software/tyron/R-libs/cpp11/include' -I/usr/local/include    -fpic  -g -O2   -c font_fallback.cpp -o font_fallback.o
/usr/bin/g++ -std=gnu++17 -I"/ref/rmlab/software/spack-1.1.0/opt/spack/linux-x86_64/r-4.5.2-jga4yt5sdbzfddqszotqf64bn5a6iu2m/rlib/R/include" -DNDEBUG -I/ref/rmlab/software/spack-1.1.0/opt/spack/linux-x86_64/freetype-2.14.1-6pybd3weqnptd6at6uik2b2l44nrg6m7/include/freetype2 -I/ref/rmlab/software/spack-1.1.0/opt/spack/linux-x86_64/bzip2-1.0.8-nfdr23txh3g62vraf3xriq4rhyp52onw/include -I/ref/rmlab/software/spack-1.1.0/opt/spack/linux-x86_64/libpng-1.6.47-ycrxqoudmaryqgkmx6hwjkfkvre752hh/include/libpng16 -I/ref/rmlab/software/spack-1.1.0/opt/spack/linux-x86_64/zlib-ng-2.2.4-xsdqw5trkbqasqg3a7icfcgbvmkplqph/include -DWITH_GZFILEOP  -I'/ref/rmlab/software/tyron/R-libs/cpp11/include' -I/usr/local/include    -fpic  -g -O2   -c string_metrics.cpp -o string_metrics.o
/usr/bin/g++ -std=gnu++17 -I"/ref/rmlab/software/spack-1.1.0/opt/spack/linux-x86_64/r-4.5.2-jga4yt5sdbzfddqszotqf64bn5a6iu2m/rlib/R/include" -DNDEBUG -I/ref/rmlab/software/spack-1.1.0/opt/spack/linux-x86_64/freetype-2.14.1-6pybd3weqnptd6at6uik2b2l44nrg6m7/include/freetype2 -I/ref/rmlab/software/spack-1.1.0/opt/spack/linux-x86_64/bzip2-1.0.8-nfdr23txh3g62vraf3xriq4rhyp52onw/include -I/ref/rmlab/software/spack-1.1.0/opt/spack/linux-x86_64/libpng-1.6.47-ycrxqoudmaryqgkmx6hwjkfkvre752hh/include/libpng16 -I/ref/rmlab/software/spack-1.1.0/opt/spack/linux-x86_64/zlib-ng-2.2.4-xsdqw5trkbqasqg3a7icfcgbvmkplqph/include -DWITH_GZFILEOP  -I'/ref/rmlab/software/tyron/R-libs/cpp11/include' -I/usr/local/include    -fpic  -g -O2   -c emoji.cpp -o emoji.o
/usr/bin/g++ -std=gnu++17 -I"/ref/rmlab/software/spack-1.1.0/opt/spack/linux-x86_64/r-4.5.2-jga4yt5sdbzfddqszotqf64bn5a6iu2m/rlib/R/include" -DNDEBUG -I/ref/rmlab/software/spack-1.1.0/opt/spack/linux-x86_64/freetype-2.14.1-6pybd3weqnptd6at6uik2b2l44nrg6m7/include/freetype2 -I/ref/rmlab/software/spack-1.1.0/opt/spack/linux-x86_64/bzip2-1.0.8-nfdr23txh3g62vraf3xriq4rhyp52onw/include -I/ref/rmlab/software/spack-1.1.0/opt/spack/linux-x86_64/libpng-1.6.47-ycrxqoudmaryqgkmx6hwjkfkvre752hh/include/libpng16 -I/ref/rmlab/software/spack-1.1.0/opt/spack/linux-x86_64/zlib-ng-2.2.4-xsdqw5trkbqasqg3a7icfcgbvmkplqph/include -DWITH_GZFILEOP  -I'/ref/rmlab/software/tyron/R-libs/cpp11/include' -I/usr/local/include    -fpic  -g -O2   -c cache_store.cpp -o cache_store.o
/usr/bin/g++ -std=gnu++17 -I"/ref/rmlab/software/spack-1.1.0/opt/spack/linux-x86_64/r-4.5.2-jga4yt5sdbzfddqszotqf64bn5a6iu2m/rlib/R/include" -DNDEBUG -I/ref/rmlab/software/spack-1.1.0/opt/spack/linux-x86_64/freetype-2.14.1-6pybd3weqnptd6at6uik2b2l44nrg6m7/include/freetype2 -I/ref/rmlab/software/spack-1.1.0/opt/spack/linux-x86_64/bzip2-1.0.8-nfdr23txh3g62vraf3xriq4rhyp52onw/include -I/ref/rmlab/software/spack-1.1.0/opt/spack/linux-x86_64/libpng-1.6.47-ycrxqoudmaryqgkmx6hwjkfkvre752hh/include/libpng16 -I/ref/rmlab/software/spack-1.1.0/opt/spack/linux-x86_64/zlib-ng-2.2.4-xsdqw5trkbqasqg3a7icfcgbvmkplqph/include -DWITH_GZFILEOP  -I'/ref/rmlab/software/tyron/R-libs/cpp11/include' -I/usr/local/include    -fpic  -g -O2   -c init.cpp -o init.o
/usr/bin/g++ -std=gnu++17 -I"/ref/rmlab/software/spack-1.1.0/opt/spack/linux-x86_64/r-4.5.2-jga4yt5sdbzfddqszotqf64bn5a6iu2m/rlib/R/include" -DNDEBUG -I/ref/rmlab/software/spack-1.1.0/opt/spack/linux-x86_64/freetype-2.14.1-6pybd3weqnptd6at6uik2b2l44nrg6m7/include/freetype2 -I/ref/rmlab/software/spack-1.1.0/opt/spack/linux-x86_64/bzip2-1.0.8-nfdr23txh3g62vraf3xriq4rhyp52onw/include -I/ref/rmlab/software/spack-1.1.0/opt/spack/linux-x86_64/libpng-1.6.47-ycrxqoudmaryqgkmx6hwjkfkvre752hh/include/libpng16 -I/ref/rmlab/software/spack-1.1.0/opt/spack/linux-x86_64/zlib-ng-2.2.4-xsdqw5trkbqasqg3a7icfcgbvmkplqph/include -DWITH_GZFILEOP  -I'/ref/rmlab/software/tyron/R-libs/cpp11/include' -I/usr/local/include    -fpic  -g -O2   -c unix/FontManagerLinux.cpp -o unix/FontManagerLinux.o
/usr/bin/g++ -std=gnu++17 -shared -L/ref/rmlab/software/spack-1.1.0/opt/spack/linux-x86_64/r-4.5.2-jga4yt5sdbzfddqszotqf64bn5a6iu2m/rlib/R/lib -Wl,-rpath,/ref/rmlab/software/spack-1.1.0/opt/spack/linux-x86_64/r-4.5.2-jga4yt5sdbzfddqszotqf64bn5a6iu2m/rlib/R/lib -o systemfonts.so caches.o cpp11.o dev_metrics.o font_matching.o font_local.o font_variation.o font_registry.o ft_cache.o string_shape.o font_metrics.o font_outlines.o font_fallback.o string_metrics.o emoji.o cache_store.o init.o unix/FontManagerLinux.o -lfontconfig -lfreetype -L/ref/rmlab/software/spack-1.1.0/opt/spack/linux-x86_64/r-4.5.2-jga4yt5sdbzfddqszotqf64bn5a6iu2m/rlib/R/lib -lR
checking for gcc... /usr/bin/gcc
checking whether the C compiler works... yes
checking for C compiler default output file name... a.out
checking for suffix of executables... 
checking whether we are cross compiling... no
checking for suffix of object files... o
checking whether the compiler supports GNU C... yes
checking whether /usr/bin/gcc accepts -g... yes
checking for /usr/bin/gcc option to enable C11 features... none needed
checking for sys/wait.h that is POSIX.1 compatible... yes
checking for stdio.h... yes
checking for stdlib.h... yes
checking for string.h... yes
checking for inttypes.h... yes
checking for stdint.h... yes
checking for strings.h... yes
checking for sys/stat.h... yes
checking for sys/types.h... yes
checking for unistd.h... yes
checking for string.h... (cached) yes
checking for sys/time.h... yes
checking for unistd.h... (cached) yes
checking for an ANSI C-conforming const... yes
checking for pkg-config... /usr/bin/pkg-config
checking whether pkg-config knows about cairo... yes
checking for configurable backends... cairo
checking whether --static is needed... neither works, abandoning pkg-config
configure: CAIRO_LIBS is unset, attempting to guess it.
configure: CAIRO_CFLAGS=-I/ref/rmlab/software/tyron/cairo-devel/usr/include/cairo 
checking if R was compiled with the RConn patch... no
checking for cairo.h... yes
checking for PNG support in Cairo... yes
checking for ATS font support in Cairo... no
configure: CAIRO_LIBS=
checking for library containing deflate... -lz
checking whether Cairo programs can be compiled... Found pkg-config cflags and libs!
Using PKG_CFLAGS=-I/ref/rmlab/software/spack-1.1.0/opt/spack/linux-x86_64/freetype-2.14.1-6pybd3weqnptd6at6uik2b2l44nrg6m7/include/freetype2 -I/ref/rmlab/software/spack-1.1.0/opt/spack/linux-x86_64/bzip2-1.0.8-nfdr23txh3g62vraf3xriq4rhyp52onw/include -I/ref/rmlab/software/spack-1.1.0/opt/spack/linux-x86_64/libpng-1.6.47-ycrxqoudmaryqgkmx6hwjkfkvre752hh/include/libpng16 -I/ref/rmlab/software/spack-1.1.0/opt/spack/linux-x86_64/zlib-ng-2.2.4-xsdqw5trkbqasqg3a7icfcgbvmkplqph/include -DWITH_GZFILEOP 
Using PKG_LIBS=-lfontconfig -lfreetype 
rm -f systemfonts.so caches.o cpp11.o dev_metrics.o font_matching.o font_local.o font_variation.o font_registry.o ft_cache.o string_shape.o font_metrics.o font_outlines.o font_fallback.o string_metrics.o emoji.o cache_store.o init.o unix/FontManagerLinux.o
/usr/bin/g++ -std=gnu++17 -I"/ref/rmlab/software/spack-1.1.0/opt/spack/linux-x86_64/r-4.5.2-jga4yt5sdbzfddqszotqf64bn5a6iu2m/rlib/R/include" -DNDEBUG -I/ref/rmlab/software/spack-1.1.0/opt/spack/linux-x86_64/freetype-2.14.1-6pybd3weqnptd6at6uik2b2l44nrg6m7/include/freetype2 -I/ref/rmlab/software/spack-1.1.0/opt/spack/linux-x86_64/bzip2-1.0.8-nfdr23txh3g62vraf3xriq4rhyp52onw/include -I/ref/rmlab/software/spack-1.1.0/opt/spack/linux-x86_64/libpng-1.6.47-ycrxqoudmaryqgkmx6hwjkfkvre752hh/include/libpng16 -I/ref/rmlab/software/spack-1.1.0/opt/spack/linux-x86_64/zlib-ng-2.2.4-xsdqw5trkbqasqg3a7icfcgbvmkplqph/include -DWITH_GZFILEOP  -I'/ref/rmlab/software/tyron/R-libs/cpp11/include' -I/usr/local/include    -fpic  -g -O2   -c caches.cpp -o caches.o
/usr/bin/g++ -std=gnu++17 -I"/ref/rmlab/software/spack-1.1.0/opt/spack/linux-x86_64/r-4.5.2-jga4yt5sdbzfddqszotqf64bn5a6iu2m/rlib/R/include" -DNDEBUG -I/ref/rmlab/software/spack-1.1.0/opt/spack/linux-x86_64/freetype-2.14.1-6pybd3weqnptd6at6uik2b2l44nrg6m7/include/freetype2 -I/ref/rmlab/software/spack-1.1.0/opt/spack/linux-x86_64/bzip2-1.0.8-nfdr23txh3g62vraf3xriq4rhyp52onw/include -I/ref/rmlab/software/spack-1.1.0/opt/spack/linux-x86_64/libpng-1.6.47-ycrxqoudmaryqgkmx6hwjkfkvre752hh/include/libpng16 -I/ref/rmlab/software/spack-1.1.0/opt/spack/linux-x86_64/zlib-ng-2.2.4-xsdqw5trkbqasqg3a7icfcgbvmkplqph/include -DWITH_GZFILEOP  -I'/ref/rmlab/software/tyron/R-libs/cpp11/include' -I/usr/local/include    -fpic  -g -O2   -c cpp11.cpp -o cpp11.o
/usr/bin/g++ -std=gnu++17 -I"/ref/rmlab/software/spack-1.1.0/opt/spack/linux-x86_64/r-4.5.2-jga4yt5sdbzfddqszotqf64bn5a6iu2m/rlib/R/include" -DNDEBUG -I/ref/rmlab/software/spack-1.1.0/opt/spack/linux-x86_64/freetype-2.14.1-6pybd3weqnptd6at6uik2b2l44nrg6m7/include/freetype2 -I/ref/rmlab/software/spack-1.1.0/opt/spack/linux-x86_64/bzip2-1.0.8-nfdr23txh3g62vraf3xriq4rhyp52onw/include -I/ref/rmlab/software/spack-1.1.0/opt/spack/linux-x86_64/libpng-1.6.47-ycrxqoudmaryqgkmx6hwjkfkvre752hh/include/libpng16 -I/ref/rmlab/software/spack-1.1.0/opt/spack/linux-x86_64/zlib-ng-2.2.4-xsdqw5trkbqasqg3a7icfcgbvmkplqph/include -DWITH_GZFILEOP  -I'/ref/rmlab/software/tyron/R-libs/cpp11/include' -I/usr/local/include    -fpic  -g -O2   -c dev_metrics.cpp -o dev_metrics.o
/usr/bin/g++ -std=gnu++17 -I"/ref/rmlab/software/spack-1.1.0/opt/spack/linux-x86_64/r-4.5.2-jga4yt5sdbzfddqszotqf64bn5a6iu2m/rlib/R/include" -DNDEBUG -I/ref/rmlab/software/spack-1.1.0/opt/spack/linux-x86_64/freetype-2.14.1-6pybd3weqnptd6at6uik2b2l44nrg6m7/include/freetype2 -I/ref/rmlab/software/spack-1.1.0/opt/spack/linux-x86_64/bzip2-1.0.8-nfdr23txh3g62vraf3xriq4rhyp52onw/include -I/ref/rmlab/software/spack-1.1.0/opt/spack/linux-x86_64/libpng-1.6.47-ycrxqoudmaryqgkmx6hwjkfkvre752hh/include/libpng16 -I/ref/rmlab/software/spack-1.1.0/opt/spack/linux-x86_64/zlib-ng-2.2.4-xsdqw5trkbqasqg3a7icfcgbvmkplqph/include -DWITH_GZFILEOP  -I'/ref/rmlab/software/tyron/R-libs/cpp11/include' -I/usr/local/include    -fpic  -g -O2   -c font_matching.cpp -o font_matching.o
/usr/bin/g++ -std=gnu++17 -I"/ref/rmlab/software/spack-1.1.0/opt/spack/linux-x86_64/r-4.5.2-jga4yt5sdbzfddqszotqf64bn5a6iu2m/rlib/R/include" -DNDEBUG -I/ref/rmlab/software/spack-1.1.0/opt/spack/linux-x86_64/freetype-2.14.1-6pybd3weqnptd6at6uik2b2l44nrg6m7/include/freetype2 -I/ref/rmlab/software/spack-1.1.0/opt/spack/linux-x86_64/bzip2-1.0.8-nfdr23txh3g62vraf3xriq4rhyp52onw/include -I/ref/rmlab/software/spack-1.1.0/opt/spack/linux-x86_64/libpng-1.6.47-ycrxqoudmaryqgkmx6hwjkfkvre752hh/include/libpng16 -I/ref/rmlab/software/spack-1.1.0/opt/spack/linux-x86_64/zlib-ng-2.2.4-xsdqw5trkbqasqg3a7icfcgbvmkplqph/include -DWITH_GZFILEOP  -I'/ref/rmlab/software/tyron/R-libs/cpp11/include' -I/usr/local/include    -fpic  -g -O2   -c font_local.cpp -o font_local.o
/usr/bin/g++ -std=gnu++17 -I"/ref/rmlab/software/spack-1.1.0/opt/spack/linux-x86_64/r-4.5.2-jga4yt5sdbzfddqszotqf64bn5a6iu2m/rlib/R/include" -DNDEBUG -I/ref/rmlab/software/spack-1.1.0/opt/spack/linux-x86_64/freetype-2.14.1-6pybd3weqnptd6at6uik2b2l44nrg6m7/include/freetype2 -I/ref/rmlab/software/spack-1.1.0/opt/spack/linux-x86_64/bzip2-1.0.8-nfdr23txh3g62vraf3xriq4rhyp52onw/include -I/ref/rmlab/software/spack-1.1.0/opt/spack/linux-x86_64/libpng-1.6.47-ycrxqoudmaryqgkmx6hwjkfkvre752hh/include/libpng16 -I/ref/rmlab/software/spack-1.1.0/opt/spack/linux-x86_64/zlib-ng-2.2.4-xsdqw5trkbqasqg3a7icfcgbvmkplqph/include -DWITH_GZFILEOP  -I'/ref/rmlab/software/tyron/R-libs/cpp11/include' -I/usr/local/include    -fpic  -g -O2   -c font_variation.cpp -o font_variation.o
/usr/bin/g++ -std=gnu++17 -I"/ref/rmlab/software/spack-1.1.0/opt/spack/linux-x86_64/r-4.5.2-jga4yt5sdbzfddqszotqf64bn5a6iu2m/rlib/R/include" -DNDEBUG -I/ref/rmlab/software/spack-1.1.0/opt/spack/linux-x86_64/freetype-2.14.1-6pybd3weqnptd6at6uik2b2l44nrg6m7/include/freetype2 -I/ref/rmlab/software/spack-1.1.0/opt/spack/linux-x86_64/bzip2-1.0.8-nfdr23txh3g62vraf3xriq4rhyp52onw/include -I/ref/rmlab/software/spack-1.1.0/opt/spack/linux-x86_64/libpng-1.6.47-ycrxqoudmaryqgkmx6hwjkfkvre752hh/include/libpng16 -I/ref/rmlab/software/spack-1.1.0/opt/spack/linux-x86_64/zlib-ng-2.2.4-xsdqw5trkbqasqg3a7icfcgbvmkplqph/include -DWITH_GZFILEOP  -I'/ref/rmlab/software/tyron/R-libs/cpp11/include' -I/usr/local/include    -fpic  -g -O2   -c font_registry.cpp -o font_registry.o
/usr/bin/g++ -std=gnu++17 -I"/ref/rmlab/software/spack-1.1.0/opt/spack/linux-x86_64/r-4.5.2-jga4yt5sdbzfddqszotqf64bn5a6iu2m/rlib/R/include" -DNDEBUG -I/ref/rmlab/software/spack-1.1.0/opt/spack/linux-x86_64/freetype-2.14.1-6pybd3weqnptd6at6uik2b2l44nrg6m7/include/freetype2 -I/ref/rmlab/software/spack-1.1.0/opt/spack/linux-x86_64/bzip2-1.0.8-nfdr23txh3g62vraf3xriq4rhyp52onw/include -I/ref/rmlab/software/spack-1.1.0/opt/spack/linux-x86_64/libpng-1.6.47-ycrxqoudmaryqgkmx6hwjkfkvre752hh/include/libpng16 -I/ref/rmlab/software/spack-1.1.0/opt/spack/linux-x86_64/zlib-ng-2.2.4-xsdqw5trkbqasqg3a7icfcgbvmkplqph/include -DWITH_GZFILEOP  -I'/ref/rmlab/software/tyron/R-libs/cpp11/include' -I/usr/local/include    -fpic  -g -O2   -c ft_cache.cpp -o ft_cache.o
/usr/bin/g++ -std=gnu++17 -I"/ref/rmlab/software/spack-1.1.0/opt/spack/linux-x86_64/r-4.5.2-jga4yt5sdbzfddqszotqf64bn5a6iu2m/rlib/R/include" -DNDEBUG -I/ref/rmlab/software/spack-1.1.0/opt/spack/linux-x86_64/freetype-2.14.1-6pybd3weqnptd6at6uik2b2l44nrg6m7/include/freetype2 -I/ref/rmlab/software/spack-1.1.0/opt/spack/linux-x86_64/bzip2-1.0.8-nfdr23txh3g62vraf3xriq4rhyp52onw/include -I/ref/rmlab/software/spack-1.1.0/opt/spack/linux-x86_64/libpng-1.6.47-ycrxqoudmaryqgkmx6hwjkfkvre752hh/include/libpng16 -I/ref/rmlab/software/spack-1.1.0/opt/spack/linux-x86_64/zlib-ng-2.2.4-xsdqw5trkbqasqg3a7icfcgbvmkplqph/include -DWITH_GZFILEOP  -I'/ref/rmlab/software/tyron/R-libs/cpp11/include' -I/usr/local/include    -fpic  -g -O2   -c string_shape.cpp -o string_shape.o
/usr/bin/g++ -std=gnu++17 -I"/ref/rmlab/software/spack-1.1.0/opt/spack/linux-x86_64/r-4.5.2-jga4yt5sdbzfddqszotqf64bn5a6iu2m/rlib/R/include" -DNDEBUG -I/ref/rmlab/software/spack-1.1.0/opt/spack/linux-x86_64/freetype-2.14.1-6pybd3weqnptd6at6uik2b2l44nrg6m7/include/freetype2 -I/ref/rmlab/software/spack-1.1.0/opt/spack/linux-x86_64/bzip2-1.0.8-nfdr23txh3g62vraf3xriq4rhyp52onw/include -I/ref/rmlab/software/spack-1.1.0/opt/spack/linux-x86_64/libpng-1.6.47-ycrxqoudmaryqgkmx6hwjkfkvre752hh/include/libpng16 -I/ref/rmlab/software/spack-1.1.0/opt/spack/linux-x86_64/zlib-ng-2.2.4-xsdqw5trkbqasqg3a7icfcgbvmkplqph/include -DWITH_GZFILEOP  -I'/ref/rmlab/software/tyron/R-libs/cpp11/include' -I/usr/local/include    -fpic  -g -O2   -c font_metrics.cpp -o font_metrics.o
/usr/bin/g++ -std=gnu++17 -I"/ref/rmlab/software/spack-1.1.0/opt/spack/linux-x86_64/r-4.5.2-jga4yt5sdbzfddqszotqf64bn5a6iu2m/rlib/R/include" -DNDEBUG -I/ref/rmlab/software/spack-1.1.0/opt/spack/linux-x86_64/freetype-2.14.1-6pybd3weqnptd6at6uik2b2l44nrg6m7/include/freetype2 -I/ref/rmlab/software/spack-1.1.0/opt/spack/linux-x86_64/bzip2-1.0.8-nfdr23txh3g62vraf3xriq4rhyp52onw/include -I/ref/rmlab/software/spack-1.1.0/opt/spack/linux-x86_64/libpng-1.6.47-ycrxqoudmaryqgkmx6hwjkfkvre752hh/include/libpng16 -I/ref/rmlab/software/spack-1.1.0/opt/spack/linux-x86_64/zlib-ng-2.2.4-xsdqw5trkbqasqg3a7icfcgbvmkplqph/include -DWITH_GZFILEOP  -I'/ref/rmlab/software/tyron/R-libs/cpp11/include' -I/usr/local/include    -fpic  -g -O2   -c font_outlines.cpp -o font_outlines.o
/usr/bin/g++ -std=gnu++17 -I"/ref/rmlab/software/spack-1.1.0/opt/spack/linux-x86_64/r-4.5.2-jga4yt5sdbzfddqszotqf64bn5a6iu2m/rlib/R/include" -DNDEBUG -I/ref/rmlab/software/spack-1.1.0/opt/spack/linux-x86_64/freetype-2.14.1-6pybd3weqnptd6at6uik2b2l44nrg6m7/include/freetype2 -I/ref/rmlab/software/spack-1.1.0/opt/spack/linux-x86_64/bzip2-1.0.8-nfdr23txh3g62vraf3xriq4rhyp52onw/include -I/ref/rmlab/software/spack-1.1.0/opt/spack/linux-x86_64/libpng-1.6.47-ycrxqoudmaryqgkmx6hwjkfkvre752hh/include/libpng16 -I/ref/rmlab/software/spack-1.1.0/opt/spack/linux-x86_64/zlib-ng-2.2.4-xsdqw5trkbqasqg3a7icfcgbvmkplqph/include -DWITH_GZFILEOP  -I'/ref/rmlab/software/tyron/R-libs/cpp11/include' -I/usr/local/include    -fpic  -g -O2   -c font_fallback.cpp -o font_fallback.o
/usr/bin/g++ -std=gnu++17 -I"/ref/rmlab/software/spack-1.1.0/opt/spack/linux-x86_64/r-4.5.2-jga4yt5sdbzfddqszotqf64bn5a6iu2m/rlib/R/include" -DNDEBUG -I/ref/rmlab/software/spack-1.1.0/opt/spack/linux-x86_64/freetype-2.14.1-6pybd3weqnptd6at6uik2b2l44nrg6m7/include/freetype2 -I/ref/rmlab/software/spack-1.1.0/opt/spack/linux-x86_64/bzip2-1.0.8-nfdr23txh3g62vraf3xriq4rhyp52onw/include -I/ref/rmlab/software/spack-1.1.0/opt/spack/linux-x86_64/libpng-1.6.47-ycrxqoudmaryqgkmx6hwjkfkvre752hh/include/libpng16 -I/ref/rmlab/software/spack-1.1.0/opt/spack/linux-x86_64/zlib-ng-2.2.4-xsdqw5trkbqasqg3a7icfcgbvmkplqph/include -DWITH_GZFILEOP  -I'/ref/rmlab/software/tyron/R-libs/cpp11/include' -I/usr/local/include    -fpic  -g -O2   -c string_metrics.cpp -o string_metrics.o
/usr/bin/g++ -std=gnu++17 -I"/ref/rmlab/software/spack-1.1.0/opt/spack/linux-x86_64/r-4.5.2-jga4yt5sdbzfddqszotqf64bn5a6iu2m/rlib/R/include" -DNDEBUG -I/ref/rmlab/software/spack-1.1.0/opt/spack/linux-x86_64/freetype-2.14.1-6pybd3weqnptd6at6uik2b2l44nrg6m7/include/freetype2 -I/ref/rmlab/software/spack-1.1.0/opt/spack/linux-x86_64/bzip2-1.0.8-nfdr23txh3g62vraf3xriq4rhyp52onw/include -I/ref/rmlab/software/spack-1.1.0/opt/spack/linux-x86_64/libpng-1.6.47-ycrxqoudmaryqgkmx6hwjkfkvre752hh/include/libpng16 -I/ref/rmlab/software/spack-1.1.0/opt/spack/linux-x86_64/zlib-ng-2.2.4-xsdqw5trkbqasqg3a7icfcgbvmkplqph/include -DWITH_GZFILEOP  -I'/ref/rmlab/software/tyron/R-libs/cpp11/include' -I/usr/local/include    -fpic  -g -O2   -c emoji.cpp -o emoji.o
/usr/bin/g++ -std=gnu++17 -I"/ref/rmlab/software/spack-1.1.0/opt/spack/linux-x86_64/r-4.5.2-jga4yt5sdbzfddqszotqf64bn5a6iu2m/rlib/R/include" -DNDEBUG -I/ref/rmlab/software/spack-1.1.0/opt/spack/linux-x86_64/freetype-2.14.1-6pybd3weqnptd6at6uik2b2l44nrg6m7/include/freetype2 -I/ref/rmlab/software/spack-1.1.0/opt/spack/linux-x86_64/bzip2-1.0.8-nfdr23txh3g62vraf3xriq4rhyp52onw/include -I/ref/rmlab/software/spack-1.1.0/opt/spack/linux-x86_64/libpng-1.6.47-ycrxqoudmaryqgkmx6hwjkfkvre752hh/include/libpng16 -I/ref/rmlab/software/spack-1.1.0/opt/spack/linux-x86_64/zlib-ng-2.2.4-xsdqw5trkbqasqg3a7icfcgbvmkplqph/include -DWITH_GZFILEOP  -I'/ref/rmlab/software/tyron/R-libs/cpp11/include' -I/usr/local/include    -fpic  -g -O2   -c cache_store.cpp -o cache_store.o
/usr/bin/g++ -std=gnu++17 -I"/ref/rmlab/software/spack-1.1.0/opt/spack/linux-x86_64/r-4.5.2-jga4yt5sdbzfddqszotqf64bn5a6iu2m/rlib/R/include" -DNDEBUG -I/ref/rmlab/software/spack-1.1.0/opt/spack/linux-x86_64/freetype-2.14.1-6pybd3weqnptd6at6uik2b2l44nrg6m7/include/freetype2 -I/ref/rmlab/software/spack-1.1.0/opt/spack/linux-x86_64/bzip2-1.0.8-nfdr23txh3g62vraf3xriq4rhyp52onw/include -I/ref/rmlab/software/spack-1.1.0/opt/spack/linux-x86_64/libpng-1.6.47-ycrxqoudmaryqgkmx6hwjkfkvre752hh/include/libpng16 -I/ref/rmlab/software/spack-1.1.0/opt/spack/linux-x86_64/zlib-ng-2.2.4-xsdqw5trkbqasqg3a7icfcgbvmkplqph/include -DWITH_GZFILEOP  -I'/ref/rmlab/software/tyron/R-libs/cpp11/include' -I/usr/local/include    -fpic  -g -O2   -c init.cpp -o init.o
/usr/bin/g++ -std=gnu++17 -I"/ref/rmlab/software/spack-1.1.0/opt/spack/linux-x86_64/r-4.5.2-jga4yt5sdbzfddqszotqf64bn5a6iu2m/rlib/R/include" -DNDEBUG -I/ref/rmlab/software/spack-1.1.0/opt/spack/linux-x86_64/freetype-2.14.1-6pybd3weqnptd6at6uik2b2l44nrg6m7/include/freetype2 -I/ref/rmlab/software/spack-1.1.0/opt/spack/linux-x86_64/bzip2-1.0.8-nfdr23txh3g62vraf3xriq4rhyp52onw/include -I/ref/rmlab/software/spack-1.1.0/opt/spack/linux-x86_64/libpng-1.6.47-ycrxqoudmaryqgkmx6hwjkfkvre752hh/include/libpng16 -I/ref/rmlab/software/spack-1.1.0/opt/spack/linux-x86_64/zlib-ng-2.2.4-xsdqw5trkbqasqg3a7icfcgbvmkplqph/include -DWITH_GZFILEOP  -I'/ref/rmlab/software/tyron/R-libs/cpp11/include' -I/usr/local/include    -fpic  -g -O2   -c unix/FontManagerLinux.cpp -o unix/FontManagerLinux.o
/usr/bin/g++ -std=gnu++17 -shared -L/ref/rmlab/software/spack-1.1.0/opt/spack/linux-x86_64/r-4.5.2-jga4yt5sdbzfddqszotqf64bn5a6iu2m/rlib/R/lib -Wl,-rpath,/ref/rmlab/software/spack-1.1.0/opt/spack/linux-x86_64/r-4.5.2-jga4yt5sdbzfddqszotqf64bn5a6iu2m/rlib/R/lib -o systemfonts.so caches.o cpp11.o dev_metrics.o font_matching.o font_local.o font_variation.o font_registry.o ft_cache.o string_shape.o font_metrics.o font_outlines.o font_fallback.o string_metrics.o emoji.o cache_store.o init.o unix/FontManagerLinux.o -lfontconfig -lfreetype -L/ref/rmlab/software/spack-1.1.0/opt/spack/linux-x86_64/r-4.5.2-jga4yt5sdbzfddqszotqf64bn5a6iu2m/rlib/R/lib -lR
checking for gcc... /usr/bin/gcc
checking whether the C compiler works... yes
checking for C compiler default output file name... a.out
checking for suffix of executables... 
checking whether we are cross compiling... no
checking for suffix of object files... o
checking whether the compiler supports GNU C... yes
checking whether /usr/bin/gcc accepts -g... yes
checking for /usr/bin/gcc option to enable C11 features... none needed
checking for sys/wait.h that is POSIX.1 compatible... yes
checking for stdio.h... yes
checking for stdlib.h... yes
checking for string.h... yes
checking for inttypes.h... yes
checking for stdint.h... yes
checking for strings.h... yes
checking for sys/stat.h... yes
checking for sys/types.h... yes
checking for unistd.h... yes
checking for string.h... (cached) yes
checking for sys/time.h... yes
checking for unistd.h... (cached) yes
checking for an ANSI C-conforming const... yes
checking for pkg-config... /usr/bin/pkg-config
checking whether pkg-config knows about cairo... yes
checking for configurable backends... cairo
checking whether --static is needed... no
configure: CAIRO_CFLAGS=-I/ref/rmlab/software/tyron/cairo-devel/usr/include/cairo 
checking if R was compiled with the RConn patch... no
checking for cairo.h... yes
checking for PNG support in Cairo... yes
checking for ATS font support in Cairo... no
configure: CAIRO_LIBS=-lcairo 
checking for library containing deflate... -lz
checking whether Cairo programs can be compiled... yes
checking for /usr/bin/gcc options needed to detect all undeclared functions... none needed
checking whether cairo_image_surface_get_format is declared... no
checking whether FreeType support is desired... auto
checking for FreeType support in cairo... yes
checking whether FreeType needs additional flags... yes
checking whether pkg-config knows about fontconfig or freetype2... yes
checking whether additional flags work... yes
checking whether pkg-config knows about Xt... yes
checking whether libjpeg works... no
checking whether Harfbuzz layout is desired... auto
checking whether Harfbuzz + ICU works... no
checking whether libtiff works... no
configure: creating ./config.status
