Warning: dependency ‘multtest’ is not available
also installing the dependencies ‘qqconf’, ‘mutoss’

trying URL 'https://cloud.r-project.org/src/contrib/qqconf_1.3.2.tar.gz'
trying URL 'https://cloud.r-project.org/src/contrib/mutoss_0.1-14.tar.gz'
trying URL 'https://cloud.r-project.org/src/contrib/metap_1.14.tar.gz'
* installing *source* package ‘qqconf’ ...
** this is package ‘qqconf’ version ‘1.3.2’
** package ‘qqconf’ successfully unpacked and MD5 sums checked
** using staged installation
Package fftw3 was not found in the pkg-config search path.
Perhaps you should add the directory containing `fftw3.pc'
to the PKG_CONFIG_PATH environment variable
Package 'fftw3', required by 'virtual:world', not found
Package fftw3 was not found in the pkg-config search path.
Perhaps you should add the directory containing `fftw3.pc'
to the PKG_CONFIG_PATH environment variable
Package 'fftw3', required by 'virtual:world', not found
** libs
using C++ compiler: ‘g++ (GCC) 11.5.0 20240719 (Red Hat 11.5.0-11)’
jointlevel_fft_twosided.cpp:10:10: fatal error: fftw3.h: No such file or directory
   10 | #include <fftw3.h>
      |          ^~~~~~~~~
compilation terminated.
make: *** [/ref/rmlab/software/spack-1.1.0/opt/spack/linux-x86_64/r-4.5.2-jga4yt5sdbzfddqszotqf64bn5a6iu2m/rlib/R/etc/Makeconf:211: jointlevel_fft_twosided.o] Error 1
make: *** Waiting for unfinished jobs....
ERROR: compilation failed for package ‘qqconf’
* removing ‘/ref/rmlab/software/tyron/R-libs/qqconf’
ERROR: dependency ‘multtest’ is not available for package ‘mutoss’
Perhaps try a variation of:
install.packages('multtest')
* removing ‘/ref/rmlab/software/tyron/R-libs/mutoss’
ERROR: dependencies ‘qqconf’, ‘mutoss’ are not available for package ‘metap’
Perhaps try a variation of:
install.packages(c('qqconf', 'mutoss'))
* removing ‘/ref/rmlab/software/tyron/R-libs/metap’

The downloaded source packages are in
	‘/tmp/RtmpttBoWv/downloaded_packages’
Warning: dependency ‘multtest’ is not available
also installing the dependencies ‘qqconf’, ‘mutoss’

trying URL 'https://cloud.r-project.org/src/contrib/qqconf_1.3.2.tar.gz'
trying URL 'https://cloud.r-project.org/src/contrib/mutoss_0.1-14.tar.gz'
trying URL 'https://cloud.r-project.org/src/contrib/metap_1.14.tar.gz'
* installing *source* package ‘qqconf’ ...
** this is package ‘qqconf’ version ‘1.3.2’
** package ‘qqconf’ successfully unpacked and MD5 sums checked
** using staged installation
Package fftw3 was not found in the pkg-config search path.
Perhaps you should add the directory containing `fftw3.pc'
to the PKG_CONFIG_PATH environment variable
Package 'fftw3', required by 'virtual:world', not found
Package fftw3 was not found in the pkg-config search path.
Perhaps you should add the directory containing `fftw3.pc'
to the PKG_CONFIG_PATH environment variable
Package 'fftw3', required by 'virtual:world', not found
** libs
using C++ compiler: ‘g++ (GCC) 11.5.0 20240719 (Red Hat 11.5.0-11)’
jointlevel_fft_twosided.cpp:10:10: fatal error: fftw3.h: No such file or directory
   10 | #include <fftw3.h>
      |          ^~~~~~~~~
compilation terminated.
make: *** [/ref/rmlab/software/spack-1.1.0/opt/spack/linux-x86_64/r-4.5.2-jga4yt5sdbzfddqszotqf64bn5a6iu2m/rlib/R/etc/Makeconf:211: jointlevel_fft_twosided.o] Error 1
make: *** Waiting for unfinished jobs....
ERROR: compilation failed for package ‘qqconf’
* removing ‘/ref/rmlab/software/tyron/R-libs/qqconf’
ERROR: dependency ‘multtest’ is not available for package ‘mutoss’
Perhaps try a variation of:
install.packages('multtest')
* removing ‘/ref/rmlab/software/tyron/R-libs/mutoss’
ERROR: dependencies ‘qqconf’, ‘mutoss’ are not available for package ‘metap’
Perhaps try a variation of:
install.packages(c('qqconf', 'mutoss'))
* removing ‘/ref/rmlab/software/tyron/R-libs/metap’

The downloaded source packages are in
	‘/tmp/RtmpttBoWv/downloaded_packages’
Warning: dependency ‘multtest’ is not available
also installing the dependencies ‘qqconf’, ‘mutoss’

trying URL 'https://cloud.r-project.org/src/contrib/qqconf_1.3.2.tar.gz'
trying URL 'https://cloud.r-project.org/src/contrib/mutoss_0.1-14.tar.gz'
trying URL 'https://cloud.r-project.org/src/contrib/metap_1.14.tar.gz'
* installing *source* package ‘qqconf’ ...
** this is package ‘qqconf’ version ‘1.3.2’
** package ‘qqconf’ successfully unpacked and MD5 sums checked
** using staged installation
Package fftw3 was not found in the pkg-config search path.
Perhaps you should add the directory containing `fftw3.pc'
to the PKG_CONFIG_PATH environment variable
Package 'fftw3', required by 'virtual:world', not found
Package fftw3 was not found in the pkg-config search path.
Perhaps you should add the directory containing `fftw3.pc'
to the PKG_CONFIG_PATH environment variable
Package 'fftw3', required by 'virtual:world', not found
** libs
using C++ compiler: ‘g++ (GCC) 11.5.0 20240719 (Red Hat 11.5.0-11)’
jointlevel_fft_twosided.cpp:10:10: fatal error: fftw3.h: No such file or directory
   10 | #include <fftw3.h>
      |          ^~~~~~~~~
compilation terminated.
make: *** [/ref/rmlab/software/spack-1.1.0/opt/spack/linux-x86_64/r-4.5.2-jga4yt5sdbzfddqszotqf64bn5a6iu2m/rlib/R/etc/Makeconf:211: jointlevel_fft_twosided.o] Error 1
make: *** Waiting for unfinished jobs....
ERROR: compilation failed for package ‘qqconf’
* removing ‘/ref/rmlab/software/tyron/R-libs/qqconf’
ERROR: dependency ‘multtest’ is not available for package ‘mutoss’
Perhaps try a variation of:
install.packages('multtest')
* removing ‘/ref/rmlab/software/tyron/R-libs/mutoss’
ERROR: dependencies ‘qqconf’, ‘mutoss’ are not available for package ‘metap’
Perhaps try a variation of:
install.packages(c('qqconf', 'mutoss'))
* removing ‘/ref/rmlab/software/tyron/R-libs/metap’

The downloaded source packages are in
	‘/tmp/RtmpttBoWv/downloaded_packages’
also installing the dependencies ‘igraph’, ‘plotly’, ‘png’, ‘reticulate’

trying URL 'https://cloud.r-project.org/src/contrib/igraph_2.3.1.tar.gz'
trying URL 'https://cloud.r-project.org/src/contrib/plotly_4.12.0.tar.gz'
trying URL 'https://cloud.r-project.org/src/contrib/png_0.1-9.tar.gz'
trying URL 'https://cloud.r-project.org/src/contrib/reticulate_1.46.0.tar.gz'
trying URL 'https://cloud.r-project.org/src/contrib/Seurat_5.5.0.tar.gz'
[2026-05-19T21:08:03.890] error: *** JOB 41038508 ON n193 CANCELLED AT 2026-05-19T21:08:03 DUE to SIGNAL Terminated ***
