=== R CRAN Install ===
R: R version 4.5.2 (2025-10-31) -- "[Not] Part in a Rumble"
Library: /ref/rmlab/software/tyron/R-libs
Start: Tue May 19 08:29:27 PM CDT 2026
SKIP (already installed): BiocManager
SKIP (already installed): remotes

=== Installing: devtools ===
Using PKG_CFLAGS=
Using PKG_LIBS=-lfontconfig -lfreetype
--------------------------- [ANTICONF] --------------------------------
Configuration failed to find the fontconfig freetype2 library. Try installing:
 * deb: libfontconfig1-dev (Debian, Ubuntu, etc)
 * rpm: fontconfig-devel (Fedora, EPEL)
 * csw: fontconfig_dev (Solaris)
 * apk: harfbuzz-dev fribidi-dev (Alpine)
 * brew: freetype (OSX)
If fontconfig freetype2 is already installed, check that 'pkg-config' is in your
PATH and PKG_CONFIG_PATH contains a fontconfig freetype2.pc file. If pkg-config
is unavailable you can set INCLUDE_DIR and LIB_DIR manually via:
R CMD INSTALL --configure-vars='INCLUDE_DIR=... LIB_DIR=...'
-------------------------- [ERROR MESSAGE] ---------------------------
<stdin>:1:10: fatal error: fontconfig/fontconfig.h: No such file or directory
compilation terminated.
--------------------------------------------------------------------
tar xf ../tools/libuv-v1.52.0.tar.gz && \
CC="/usr/bin/gcc" CFLAGS="-g -O2  -fpic" CPPFLAGS="-I/usr/local/include" AR="ar" RANLIB="ranlib" LDFLAGS="-Wl,-rpath,/ref/rmlab/software/spack-1.1.0/opt/spack/linux-x86_64/r-4.5.2-jga4yt5sdbzfddqszotqf64bn5a6iu2m/rlib/R/lib" cmake -S libuv-v1.52.0 -B libuv-v1.52.0 -DLIBUV_BUILD_SHARED=OFF && cmake --build libuv-v1.52.0 && \
cp -f libuv-v1.52.0/libuv.a libuv && \
cp -Rf libuv-v1.52.0/include/* . &&\
rm -Rf libuv-v1.52.0
-- The C compiler identification is GNU 11.5.0
-- Detecting C compiler ABI info
-- Detecting C compiler ABI info - done
-- Check for working C compiler: /usr/bin/gcc - skipped
-- Detecting C compile features
-- Detecting C compile features - done
-- Performing Test UV_LINT_W4
-- Performing Test UV_LINT_W4 - Failed
-- Performing Test UV_LINT_NO_UNUSED_PARAMETER_MSVC
-- Performing Test UV_LINT_NO_UNUSED_PARAMETER_MSVC - Failed
-- Performing Test UV_LINT_NO_CONDITIONAL_CONSTANT_MSVC
-- Performing Test UV_LINT_NO_CONDITIONAL_CONSTANT_MSVC - Failed
-- Performing Test UV_LINT_NO_NONSTANDARD_MSVC
-- Performing Test UV_LINT_NO_NONSTANDARD_MSVC - Failed
-- Performing Test UV_LINT_NO_NONSTANDARD_EMPTY_TU_MSVC
-- Performing Test UV_LINT_NO_NONSTANDARD_EMPTY_TU_MSVC - Failed
-- Performing Test UV_LINT_NO_NONSTANDARD_FILE_SCOPE_MSVC
-- Performing Test UV_LINT_NO_NONSTANDARD_FILE_SCOPE_MSVC - Failed
-- Performing Test UV_LINT_NO_NONSTANDARD_NONSTATIC_DLIMPORT_MSVC
-- Performing Test UV_LINT_NO_NONSTANDARD_NONSTATIC_DLIMPORT_MSVC - Failed
-- Performing Test UV_LINT_NO_HIDES_LOCAL
-- Performing Test UV_LINT_NO_HIDES_LOCAL - Failed
-- Performing Test UV_LINT_NO_HIDES_PARAM
-- Performing Test UV_LINT_NO_HIDES_PARAM - Failed
-- Performing Test UV_LINT_NO_HIDES_GLOBAL
-- Performing Test UV_LINT_NO_HIDES_GLOBAL - Failed
-- Performing Test UV_LINT_NO_CONDITIONAL_ASSIGNMENT_MSVC
-- Performing Test UV_LINT_NO_CONDITIONAL_ASSIGNMENT_MSVC - Failed
-- Performing Test UV_LINT_NO_UNSAFE_MSVC
-- Performing Test UV_LINT_NO_UNSAFE_MSVC - Failed
-- Performing Test UV_LINT_WALL
-- Performing Test UV_LINT_WALL - Success
-- Performing Test UV_LINT_NO_UNUSED_PARAMETER
-- Performing Test UV_LINT_NO_UNUSED_PARAMETER - Success
-- Performing Test UV_LINT_STRICT_PROTOTYPES
-- Performing Test UV_LINT_STRICT_PROTOTYPES - Success
-- Performing Test UV_LINT_EXTRA
-- Performing Test UV_LINT_EXTRA - Success
-- Performing Test UV_LINT_UTF8_MSVC
-- Performing Test UV_LINT_UTF8_MSVC - Failed
-- Performing Test UV_F_STRICT_ALIASING
-- Performing Test UV_F_STRICT_ALIASING - Success
-- summary of build options:
    Install prefix:  /usr/local
    Target system:   Linux
    Compiler:
      C compiler:    /usr/bin/gcc (GNU)
      CFLAGS:         -g -O2  -fpic

-- Configuring done (16.2s)
-- Generating done (0.0s)
-- Build files have been written to: /tmp/RtmpjqHfvM/R.INSTALLfd9081649e796/fs/src/libuv-v1.52.0
gmake[1]: Entering directory '/tmp/RtmpjqHfvM/R.INSTALLfd9081649e796/fs/src/libuv-v1.52.0'
make[2]: Entering directory '/tmp/RtmpjqHfvM/R.INSTALLfd9081649e796/fs/src/libuv-v1.52.0'
make[3]: Entering directory '/tmp/RtmpjqHfvM/R.INSTALLfd9081649e796/fs/src/libuv-v1.52.0'
make[3]: Leaving directory '/tmp/RtmpjqHfvM/R.INSTALLfd9081649e796/fs/src/libuv-v1.52.0'
make[3]: Entering directory '/tmp/RtmpjqHfvM/R.INSTALLfd9081649e796/fs/src/libuv-v1.52.0'
[  2%] Building C object CMakeFiles/uv_a.dir/src/fs-poll.c.o
[  5%] Building C object CMakeFiles/uv_a.dir/src/idna.c.o
[  8%] Building C object CMakeFiles/uv_a.dir/src/inet.c.o
[ 11%] Building C object CMakeFiles/uv_a.dir/src/random.c.o
[ 13%] Building C object CMakeFiles/uv_a.dir/src/strscpy.c.o
[ 16%] Building C object CMakeFiles/uv_a.dir/src/strtok.c.o
[ 19%] Building C object CMakeFiles/uv_a.dir/src/thread-common.c.o
[ 22%] Building C object CMakeFiles/uv_a.dir/src/threadpool.c.o
[ 25%] Building C object CMakeFiles/uv_a.dir/src/timer.c.o
[ 27%] Building C object CMakeFiles/uv_a.dir/src/uv-common.c.o
[ 30%] Building C object CMakeFiles/uv_a.dir/src/uv-data-getter-setters.c.o
[ 33%] Building C object CMakeFiles/uv_a.dir/src/version.c.o
[ 36%] Building C object CMakeFiles/uv_a.dir/src/unix/async.c.o
[ 38%] Building C object CMakeFiles/uv_a.dir/src/unix/core.c.o
[ 41%] Building C object CMakeFiles/uv_a.dir/src/unix/dl.c.o
[ 44%] Building C object CMakeFiles/uv_a.dir/src/unix/fs.c.o
[ 47%] Building C object CMakeFiles/uv_a.dir/src/unix/getaddrinfo.c.o
[ 50%] Building C object CMakeFiles/uv_a.dir/src/unix/getnameinfo.c.o
[ 52%] Building C object CMakeFiles/uv_a.dir/src/unix/loop-watcher.c.o
[ 55%] Building C object CMakeFiles/uv_a.dir/src/unix/loop.c.o
[ 58%] Building C object CMakeFiles/uv_a.dir/src/unix/pipe.c.o
[ 61%] Building C object CMakeFiles/uv_a.dir/src/unix/poll.c.o
[ 63%] Building C object CMakeFiles/uv_a.dir/src/unix/process.c.o
[ 66%] Building C object CMakeFiles/uv_a.dir/src/unix/random-devurandom.c.o
[ 69%] Building C object CMakeFiles/uv_a.dir/src/unix/signal.c.o
[ 72%] Building C object CMakeFiles/uv_a.dir/src/unix/stream.c.o
[ 75%] Building C object CMakeFiles/uv_a.dir/src/unix/tcp.c.o
[ 77%] Building C object CMakeFiles/uv_a.dir/src/unix/thread.c.o
[ 80%] Building C object CMakeFiles/uv_a.dir/src/unix/tty.c.o
[ 83%] Building C object CMakeFiles/uv_a.dir/src/unix/udp.c.o
[ 86%] Building C object CMakeFiles/uv_a.dir/src/unix/proctitle.c.o
[ 88%] Building C object CMakeFiles/uv_a.dir/src/unix/linux.c.o
[ 91%] Building C object CMakeFiles/uv_a.dir/src/unix/procfs-exepath.c.o
[ 94%] Building C object CMakeFiles/uv_a.dir/src/unix/random-getrandom.c.o
[ 97%] Building C object CMakeFiles/uv_a.dir/src/unix/random-sysctl-linux.c.o
[100%] Linking C static library libuv.a
make[3]: Leaving directory '/tmp/RtmpjqHfvM/R.INSTALLfd9081649e796/fs/src/libuv-v1.52.0'
[100%] Built target uv_a
make[2]: Leaving directory '/tmp/RtmpjqHfvM/R.INSTALLfd9081649e796/fs/src/libuv-v1.52.0'
gmake[1]: Leaving directory '/tmp/RtmpjqHfvM/R.INSTALLfd9081649e796/fs/src/libuv-v1.52.0'
/usr/bin/g++ -std=gnu++17 -I"/ref/rmlab/software/spack-1.1.0/opt/spack/linux-x86_64/r-4.5.2-jga4yt5sdbzfddqszotqf64bn5a6iu2m/rlib/R/include" -DNDEBUG -I.//include -I. -pthread  -I/usr/local/include    -fpic  -g -O2   -c dir.cc -o dir.o
/usr/bin/g++ -std=gnu++17 -I"/ref/rmlab/software/spack-1.1.0/opt/spack/linux-x86_64/r-4.5.2-jga4yt5sdbzfddqszotqf64bn5a6iu2m/rlib/R/include" -DNDEBUG -I.//include -I. -pthread  -I/usr/local/include    -fpic  -g -O2   -c error.cc -o error.o
/usr/bin/g++ -std=gnu++17 -I"/ref/rmlab/software/spack-1.1.0/opt/spack/linux-x86_64/r-4.5.2-jga4yt5sdbzfddqszotqf64bn5a6iu2m/rlib/R/include" -DNDEBUG -I.//include -I. -pthread  -I/usr/local/include    -fpic  -g -O2   -c file.cc -o file.o
/usr/bin/g++ -std=gnu++17 -I"/ref/rmlab/software/spack-1.1.0/opt/spack/linux-x86_64/r-4.5.2-jga4yt5sdbzfddqszotqf64bn5a6iu2m/rlib/R/include" -DNDEBUG -I.//include -I. -pthread  -I/usr/local/include    -fpic  -g -O2   -c fs.cc -o fs.o
/usr/bin/g++ -std=gnu++17 -I"/ref/rmlab/software/spack-1.1.0/opt/spack/linux-x86_64/r-4.5.2-jga4yt5sdbzfddqszotqf64bn5a6iu2m/rlib/R/include" -DNDEBUG -I.//include -I. -pthread  -I/usr/local/include    -fpic  -g -O2   -c getmode.cc -o getmode.o
/usr/bin/g++ -std=gnu++17 -I"/ref/rmlab/software/spack-1.1.0/opt/spack/linux-x86_64/r-4.5.2-jga4yt5sdbzfddqszotqf64bn5a6iu2m/rlib/R/include" -DNDEBUG -I.//include -I. -pthread  -I/usr/local/include    -fpic  -g -O2   -c id.cc -o id.o
/usr/bin/g++ -std=gnu++17 -I"/ref/rmlab/software/spack-1.1.0/opt/spack/linux-x86_64/r-4.5.2-jga4yt5sdbzfddqszotqf64bn5a6iu2m/rlib/R/include" -DNDEBUG -I.//include -I. -pthread  -I/usr/local/include    -fpic  -g -O2   -c init.cc -o init.o
/usr/bin/g++ -std=gnu++17 -I"/ref/rmlab/software/spack-1.1.0/opt/spack/linux-x86_64/r-4.5.2-jga4yt5sdbzfddqszotqf64bn5a6iu2m/rlib/R/include" -DNDEBUG -I.//include -I. -pthread  -I/usr/local/include    -fpic  -g -O2   -c link.cc -o link.o
/usr/bin/g++ -std=gnu++17 -I"/ref/rmlab/software/spack-1.1.0/opt/spack/linux-x86_64/r-4.5.2-jga4yt5sdbzfddqszotqf64bn5a6iu2m/rlib/R/include" -DNDEBUG -I.//include -I. -pthread  -I/usr/local/include    -fpic  -g -O2   -c path.cc -o path.o
/usr/bin/g++ -std=gnu++17 -I"/ref/rmlab/software/spack-1.1.0/opt/spack/linux-x86_64/r-4.5.2-jga4yt5sdbzfddqszotqf64bn5a6iu2m/rlib/R/include" -DNDEBUG -I.//include -I. -pthread  -I/usr/local/include    -fpic  -g -O2   -c utils.cc -o utils.o
/usr/bin/g++ -std=gnu++17 -I"/ref/rmlab/software/spack-1.1.0/opt/spack/linux-x86_64/r-4.5.2-jga4yt5sdbzfddqszotqf64bn5a6iu2m/rlib/R/include" -DNDEBUG -I.//include -I. -pthread  -I/usr/local/include    -fpic  -g -O2   -c unix/getmode.cc -o unix/getmode.o
/usr/bin/gcc -I"/ref/rmlab/software/spack-1.1.0/opt/spack/linux-x86_64/r-4.5.2-jga4yt5sdbzfddqszotqf64bn5a6iu2m/rlib/R/include" -DNDEBUG -I.//include -I. -pthread  -I/usr/local/include   -fvisibility=hidden -fpic  -g -O2  -c bsd/setmode.c -o bsd/setmode.o
/usr/bin/gcc -I"/ref/rmlab/software/spack-1.1.0/opt/spack/linux-x86_64/r-4.5.2-jga4yt5sdbzfddqszotqf64bn5a6iu2m/rlib/R/include" -DNDEBUG -I.//include -I. -pthread  -I/usr/local/include   -fvisibility=hidden -fpic  -g -O2  -c bsd/strmode.c -o bsd/strmode.o
/usr/bin/gcc -I"/ref/rmlab/software/spack-1.1.0/opt/spack/linux-x86_64/r-4.5.2-jga4yt5sdbzfddqszotqf64bn5a6iu2m/rlib/R/include" -DNDEBUG -I.//include -I. -pthread  -I/usr/local/include   -fvisibility=hidden -fpic  -g -O2  -c bsd/reallocarray.c -o bsd/reallocarray.o
/usr/bin/g++ -std=gnu++17 -shared -L/ref/rmlab/software/spack-1.1.0/opt/spack/linux-x86_64/r-4.5.2-jga4yt5sdbzfddqszotqf64bn5a6iu2m/rlib/R/lib -Wl,-rpath,/ref/rmlab/software/spack-1.1.0/opt/spack/linux-x86_64/r-4.5.2-jga4yt5sdbzfddqszotqf64bn5a6iu2m/rlib/R/lib -o fs.so dir.o error.o file.o fs.o getmode.o id.o init.o link.o path.o utils.o unix/getmode.o bsd/setmode.o bsd/strmode.o bsd/reallocarray.o libuv -pthread -L/ref/rmlab/software/spack-1.1.0/opt/spack/linux-x86_64/r-4.5.2-jga4yt5sdbzfddqszotqf64bn5a6iu2m/rlib/R/lib -lR
** Running ./configure
Current platform: x86_64-pc-linux-gnu 
Build platform:   
Target platform:   

Compiling R6 

Compiling cli 
using C compiler: ‘gcc (GCC) 11.5.0 20240719 (Red Hat 11.5.0-11)’
make[1]: Entering directory '/tmp/RtmpxifZ5C/R.INSTALLfdb8a7e32bfec/pak/src/library/cli/src'
/usr/bin/gcc -I"/ref/rmlab/software/spack-1.1.0/opt/spack/linux-x86_64/r-4.5.2-jga4yt5sdbzfddqszotqf64bn5a6iu2m/rlib/R/include" -DNDEBUG -I../inst/include  -I/usr/local/include   -fvisibility=hidden -fpic  -g -O2  -c ansi.c -o ansi.o
/usr/bin/gcc -I"/ref/rmlab/software/spack-1.1.0/opt/spack/linux-x86_64/r-4.5.2-jga4yt5sdbzfddqszotqf64bn5a6iu2m/rlib/R/include" -DNDEBUG -I../inst/include  -I/usr/local/include   -fvisibility=hidden -fpic  -g -O2  -c cleancall.c -o cleancall.o
/usr/bin/gcc -I"/ref/rmlab/software/spack-1.1.0/opt/spack/linux-x86_64/r-4.5.2-jga4yt5sdbzfddqszotqf64bn5a6iu2m/rlib/R/include" -DNDEBUG -I../inst/include  -I/usr/local/include   -fvisibility=hidden -fpic  -g -O2  -c diff.c -o diff.o
/usr/bin/gcc -I"/ref/rmlab/software/spack-1.1.0/opt/spack/linux-x86_64/r-4.5.2-jga4yt5sdbzfddqszotqf64bn5a6iu2m/rlib/R/include" -DNDEBUG -I../inst/include  -I/usr/local/include   -fvisibility=hidden -fpic  -g -O2  -c errors.c -o errors.o
/usr/bin/gcc -I"/ref/rmlab/software/spack-1.1.0/opt/spack/linux-x86_64/r-4.5.2-jga4yt5sdbzfddqszotqf64bn5a6iu2m/rlib/R/include" -DNDEBUG -I../inst/include  -I/usr/local/include   -fvisibility=hidden -fpic  -g -O2  -c glue.c -o glue.o
/usr/bin/gcc -I"/ref/rmlab/software/spack-1.1.0/opt/spack/linux-x86_64/r-4.5.2-jga4yt5sdbzfddqszotqf64bn5a6iu2m/rlib/R/include" -DNDEBUG -I../inst/include  -I/usr/local/include   -fvisibility=hidden -fpic  -g -O2  -c init.c -o init.o
/usr/bin/gcc -I"/ref/rmlab/software/spack-1.1.0/opt/spack/linux-x86_64/r-4.5.2-jga4yt5sdbzfddqszotqf64bn5a6iu2m/rlib/R/include" -DNDEBUG -I../inst/include  -I/usr/local/include   -fvisibility=hidden -fpic  -g -O2  -c inst.c -o inst.o
/usr/bin/gcc -I"/ref/rmlab/software/spack-1.1.0/opt/spack/linux-x86_64/r-4.5.2-jga4yt5sdbzfddqszotqf64bn5a6iu2m/rlib/R/include" -DNDEBUG -I../inst/include  -I/usr/local/include   -fvisibility=hidden -fpic  -g -O2  -c keypress-unix.c -o keypress-unix.o
/usr/bin/gcc -I"/ref/rmlab/software/spack-1.1.0/opt/spack/linux-x86_64/r-4.5.2-jga4yt5sdbzfddqszotqf64bn5a6iu2m/rlib/R/include" -DNDEBUG -I../inst/include  -I/usr/local/include   -fvisibility=hidden -fpic  -g -O2  -c keypress-win.c -o keypress-win.o
/usr/bin/gcc -I"/ref/rmlab/software/spack-1.1.0/opt/spack/linux-x86_64/r-4.5.2-jga4yt5sdbzfddqszotqf64bn5a6iu2m/rlib/R/include" -DNDEBUG -I../inst/include  -I/usr/local/include   -fvisibility=hidden -fpic  -g -O2  -c keypress.c -o keypress.o
/usr/bin/gcc -I"/ref/rmlab/software/spack-1.1.0/opt/spack/linux-x86_64/r-4.5.2-jga4yt5sdbzfddqszotqf64bn5a6iu2m/rlib/R/include" -DNDEBUG -I../inst/include  -I/usr/local/include   -fvisibility=hidden -fpic  -g -O2  -c md5.c -o md5.o
/usr/bin/gcc -I"/ref/rmlab/software/spack-1.1.0/opt/spack/linux-x86_64/r-4.5.2-jga4yt5sdbzfddqszotqf64bn5a6iu2m/rlib/R/include" -DNDEBUG -I../inst/include  -I/usr/local/include   -fvisibility=hidden -fpic  -g -O2  -c progress-altrep.c -o progress-altrep.o
/usr/bin/gcc -I"/ref/rmlab/software/spack-1.1.0/opt/spack/linux-x86_64/r-4.5.2-jga4yt5sdbzfddqszotqf64bn5a6iu2m/rlib/R/include" -DNDEBUG -I../inst/include  -I/usr/local/include   -fvisibility=hidden -fpic  -g -O2  -c progress.c -o progress.o
/usr/bin/gcc -I"/ref/rmlab/software/spack-1.1.0/opt/spack/linux-x86_64/r-4.5.2-jga4yt5sdbzfddqszotqf64bn5a6iu2m/rlib/R/include" -DNDEBUG -I../inst/include  -I/usr/local/include   -fvisibility=hidden -fpic  -g -O2  -c sha1.c -o sha1.o
/usr/bin/gcc -I"/ref/rmlab/software/spack-1.1.0/opt/spack/linux-x86_64/r-4.5.2-jga4yt5sdbzfddqszotqf64bn5a6iu2m/rlib/R/include" -DNDEBUG -I../inst/include  -I/usr/local/include   -fvisibility=hidden -fpic  -g -O2  -c sha256.c -o sha256.o
/usr/bin/gcc -I"/ref/rmlab/software/spack-1.1.0/opt/spack/linux-x86_64/r-4.5.2-jga4yt5sdbzfddqszotqf64bn5a6iu2m/rlib/R/include" -DNDEBUG -I../inst/include  -I/usr/local/include   -fvisibility=hidden -fpic  -g -O2  -c thread.c -o thread.o
/usr/bin/gcc -I"/ref/rmlab/software/spack-1.1.0/opt/spack/linux-x86_64/r-4.5.2-jga4yt5sdbzfddqszotqf64bn5a6iu2m/rlib/R/include" -DNDEBUG -I../inst/include  -I/usr/local/include   -fvisibility=hidden -fpic  -g -O2  -c tty.c -o tty.o
/usr/bin/gcc -I"/ref/rmlab/software/spack-1.1.0/opt/spack/linux-x86_64/r-4.5.2-jga4yt5sdbzfddqszotqf64bn5a6iu2m/rlib/R/include" -DNDEBUG -I../inst/include  -I/usr/local/include   -fvisibility=hidden -fpic  -g -O2  -c utf8.c -o utf8.o
/usr/bin/gcc -I"/ref/rmlab/software/spack-1.1.0/opt/spack/linux-x86_64/r-4.5.2-jga4yt5sdbzfddqszotqf64bn5a6iu2m/rlib/R/include" -DNDEBUG -I../inst/include  -I/usr/local/include   -fvisibility=hidden -fpic  -g -O2  -c utils.c -o utils.o
/usr/bin/gcc -I"/ref/rmlab/software/spack-1.1.0/opt/spack/linux-x86_64/r-4.5.2-jga4yt5sdbzfddqszotqf64bn5a6iu2m/rlib/R/include" -DNDEBUG -I../inst/include  -I/usr/local/include   -fvisibility=hidden -fpic  -g -O2  -c vt.c -o vt.o
/usr/bin/gcc -I"/ref/rmlab/software/spack-1.1.0/opt/spack/linux-x86_64/r-4.5.2-jga4yt5sdbzfddqszotqf64bn5a6iu2m/rlib/R/include" -DNDEBUG -I../inst/include  -I/usr/local/include   -fvisibility=hidden -fpic  -g -O2  -c vtparse.c -o vtparse.o
/usr/bin/gcc -I"/ref/rmlab/software/spack-1.1.0/opt/spack/linux-x86_64/r-4.5.2-jga4yt5sdbzfddqszotqf64bn5a6iu2m/rlib/R/include" -DNDEBUG -I../inst/include  -I/usr/local/include   -fvisibility=hidden -fpic  -g -O2  -c vtparse_table.c -o vtparse_table.o
/usr/bin/gcc -I"/ref/rmlab/software/spack-1.1.0/opt/spack/linux-x86_64/r-4.5.2-jga4yt5sdbzfddqszotqf64bn5a6iu2m/rlib/R/include" -DNDEBUG -I../inst/include  -I/usr/local/include   -fvisibility=hidden -fpic  -g -O2  -c win-utf8.c -o win-utf8.o
/usr/bin/gcc -I"/ref/rmlab/software/spack-1.1.0/opt/spack/linux-x86_64/r-4.5.2-jga4yt5sdbzfddqszotqf64bn5a6iu2m/rlib/R/include" -DNDEBUG -I../inst/include  -I/usr/local/include   -fvisibility=hidden -fpic  -g -O2  -c winfiles.c -o winfiles.o
/usr/bin/gcc -I"/ref/rmlab/software/spack-1.1.0/opt/spack/linux-x86_64/r-4.5.2-jga4yt5sdbzfddqszotqf64bn5a6iu2m/rlib/R/include" -DNDEBUG -I../inst/include  -I/usr/local/include   -fvisibility=hidden -fpic  -g -O2  -c xxhash.c -o xxhash.o
/usr/bin/gcc -I"/ref/rmlab/software/spack-1.1.0/opt/spack/linux-x86_64/r-4.5.2-jga4yt5sdbzfddqszotqf64bn5a6iu2m/rlib/R/include" -DNDEBUG -I../inst/include  -I/usr/local/include   -fvisibility=hidden -fpic  -g -O2  -c xxhash2.c -o xxhash2.o
/usr/bin/gcc -shared -L/ref/rmlab/software/spack-1.1.0/opt/spack/linux-x86_64/r-4.5.2-jga4yt5sdbzfddqszotqf64bn5a6iu2m/rlib/R/lib -Wl,-rpath,/ref/rmlab/software/spack-1.1.0/opt/spack/linux-x86_64/r-4.5.2-jga4yt5sdbzfddqszotqf64bn5a6iu2m/rlib/R/lib -o cli.so ansi.o cleancall.o diff.o errors.o glue.o init.o inst.o keypress-unix.o keypress-win.o keypress.o md5.o progress-altrep.o progress.o sha1.o sha256.o thread.o tty.o utf8.o utils.o vt.o vtparse.o vtparse_table.o win-utf8.o winfiles.o xxhash.o xxhash2.o -lpthread -L/ref/rmlab/software/spack-1.1.0/opt/spack/linux-x86_64/r-4.5.2-jga4yt5sdbzfddqszotqf64bn5a6iu2m/rlib/R/lib -lR
make[1]: Leaving directory '/tmp/RtmpxifZ5C/R.INSTALLfdb8a7e32bfec/pak/src/library/cli/src'
installing to /ref/rmlab/software/tyron/R-libs/00LOCK-pak/00new/pak/library/cli/libs

Compiling curl 
Package libnghttp2 was not found in the pkg-config search path.
Perhaps you should add the directory containing `libnghttp2.pc'
to the PKG_CONFIG_PATH environment variable
Package 'libnghttp2', required by 'libcurl', not found
Found pkg-config cflags and libs!
Using PKG_CFLAGS=
Using PKG_LIBS=-lcurl 
--------------------------- [ANTICONF] --------------------------------
Configuration failed because libcurl was not found. Try installing:
 * deb: libcurl4-openssl-dev (Debian, Ubuntu, etc)
 * rpm: libcurl-devel (Fedora, CentOS, RHEL)
If libcurl is already installed, check that 'pkg-config' is in your
PATH and PKG_CONFIG_PATH contains a libcurl.pc file. If pkg-config
is unavailable you can set INCLUDE_DIR and LIB_DIR manually via:
R CMD INSTALL --configure-vars='INCLUDE_DIR=... LIB_DIR=...'
-------------------------- [ERROR MESSAGE] ---------------------------
<stdin>:1:10: fatal error: curl/curl.h: No such file or directory
compilation terminated.
--------------------------------------------------------------------
ERROR: configuration failed for package ‘curl’
Error in install_one(pkg, lib = lib) : FAILED
Calls: install_embedded_main -> install_all -> install_one
Execution halted
Found pkg-config cflags and libs!
Using PKG_CFLAGS=
Using PKG_LIBS=-lcurl 
--------------------------- [ANTICONF] --------------------------------
Configuration failed because libcurl was not found. Try installing:
 * deb: libcurl4-openssl-dev (Debian, Ubuntu, etc)
 * rpm: libcurl-devel (Fedora, CentOS, RHEL)
 * apk: curl-dev (Alpine)
If libcurl is already installed, check that 'pkg-config' is in your
PATH and PKG_CONFIG_PATH contains a libcurl.pc file. If pkg-config
is unavailable you can set INCLUDE_DIR and LIB_DIR manually via:
R CMD INSTALL --configure-vars='INCLUDE_DIR=... LIB_DIR=...'
-------------------------- [ERROR MESSAGE] ---------------------------
<stdin>:1:10: fatal error: curl/curl.h: No such file or directory
compilation terminated.
--------------------------------------------------------------------
Using PKG_CFLAGS=
Using PKG_LIBS=-lxml2
------------------------- ANTICONF ERROR ---------------------------
Configuration failed because libxml-2.0 was not found. Try installing:
 * deb: libxml2-dev (Debian, Ubuntu, Alpine, etc)
 * rpm: libxml2-devel (Fedora, CentOS, RHEL)
 * csw: libxml2_dev (Solaris)
If libxml-2.0 is already installed, check that 'pkg-config' is in your
PATH and PKG_CONFIG_PATH contains a libxml-2.0.pc file. If pkg-config
is unavailable you can set INCLUDE_DIR and LIB_DIR manually via:
R CMD INSTALL --configure-vars='INCLUDE_DIR=... LIB_DIR=...'
-------------------------- [ERROR MESSAGE] ---------------------------
<stdin>:1:10: fatal error: libxml/tree.h: No such file or directory
compilation terminated.
--------------------------------------------------------------------
/usr/bin/gcc -I"/ref/rmlab/software/spack-1.1.0/opt/spack/linux-x86_64/r-4.5.2-jga4yt5sdbzfddqszotqf64bn5a6iu2m/rlib/R/include" -DNDEBUG -I./libsass/include  -I/usr/local/include    -fpic  -g -O2  -c compile.c -o compile.o
/usr/bin/g++ -std=gnu++17 -I"/ref/rmlab/software/spack-1.1.0/opt/spack/linux-x86_64/r-4.5.2-jga4yt5sdbzfddqszotqf64bn5a6iu2m/rlib/R/include" -DNDEBUG -I./libsass/include  -I/usr/local/include    -fpic  -g -O2   -c init.cpp -o init.o
MAKEFLAGS= CC="/usr/bin/gcc" CFLAGS="-g -O2 " CXX="/usr/bin/g++ -std=gnu++17" AR="ar" LDFLAGS="-Wl,-rpath,/ref/rmlab/software/spack-1.1.0/opt/spack/linux-x86_64/r-4.5.2-jga4yt5sdbzfddqszotqf64bn5a6iu2m/rlib/R/lib" make -C libsass
make[1]: Entering directory '/tmp/RtmpqCA8YZ/R.INSTALLfdfda604912d7/sass/src/libsass'
/usr/bin/gcc -g -O2  -O2 -I ./include  -fPIC -c -o src/cencode.o src/cencode.c
/usr/bin/g++ -std=gnu++17 -Wall -O2 -std=c++11 -I ./include  -fPIC -c -o src/ast.o src/ast.cpp
/usr/bin/g++ -std=gnu++17 -Wall -O2 -std=c++11 -I ./include  -fPIC -c -o src/ast_values.o src/ast_values.cpp
/usr/bin/g++ -std=gnu++17 -Wall -O2 -std=c++11 -I ./include  -fPIC -c -o src/ast_supports.o src/ast_supports.cpp
/usr/bin/g++ -std=gnu++17 -Wall -O2 -std=c++11 -I ./include  -fPIC -c -o src/ast_sel_cmp.o src/ast_sel_cmp.cpp
/usr/bin/g++ -std=gnu++17 -Wall -O2 -std=c++11 -I ./include  -fPIC -c -o src/ast_sel_unify.o src/ast_sel_unify.cpp
/usr/bin/g++ -std=gnu++17 -Wall -O2 -std=c++11 -I ./include  -fPIC -c -o src/ast_sel_super.o src/ast_sel_super.cpp
/usr/bin/g++ -std=gnu++17 -Wall -O2 -std=c++11 -I ./include  -fPIC -c -o src/ast_sel_weave.o src/ast_sel_weave.cpp
/usr/bin/g++ -std=gnu++17 -Wall -O2 -std=c++11 -I ./include  -fPIC -c -o src/ast_selectors.o src/ast_selectors.cpp
/usr/bin/g++ -std=gnu++17 -Wall -O2 -std=c++11 -I ./include  -fPIC -c -o src/context.o src/context.cpp
/usr/bin/g++ -std=gnu++17 -Wall -O2 -std=c++11 -I ./include  -fPIC -c -o src/constants.o src/constants.cpp
/usr/bin/g++ -std=gnu++17 -Wall -O2 -std=c++11 -I ./include  -fPIC -c -o src/fn_utils.o src/fn_utils.cpp
/usr/bin/g++ -std=gnu++17 -Wall -O2 -std=c++11 -I ./include  -fPIC -c -o src/fn_miscs.o src/fn_miscs.cpp
/usr/bin/g++ -std=gnu++17 -Wall -O2 -std=c++11 -I ./include  -fPIC -c -o src/fn_maps.o src/fn_maps.cpp
/usr/bin/g++ -std=gnu++17 -Wall -O2 -std=c++11 -I ./include  -fPIC -c -o src/fn_lists.o src/fn_lists.cpp
/usr/bin/g++ -std=gnu++17 -Wall -O2 -std=c++11 -I ./include  -fPIC -c -o src/fn_colors.o src/fn_colors.cpp
/usr/bin/g++ -std=gnu++17 -Wall -O2 -std=c++11 -I ./include  -fPIC -c -o src/fn_numbers.o src/fn_numbers.cpp
/usr/bin/g++ -std=gnu++17 -Wall -O2 -std=c++11 -I ./include  -fPIC -c -o src/fn_strings.o src/fn_strings.cpp
/usr/bin/g++ -std=gnu++17 -Wall -O2 -std=c++11 -I ./include  -fPIC -c -o src/fn_selectors.o src/fn_selectors.cpp
/usr/bin/g++ -std=gnu++17 -Wall -O2 -std=c++11 -I ./include  -fPIC -c -o src/color_maps.o src/color_maps.cpp
/usr/bin/g++ -std=gnu++17 -Wall -O2 -std=c++11 -I ./include  -fPIC -c -o src/environment.o src/environment.cpp
/usr/bin/g++ -std=gnu++17 -Wall -O2 -std=c++11 -I ./include  -fPIC -c -o src/ast_fwd_decl.o src/ast_fwd_decl.cpp
/usr/bin/g++ -std=gnu++17 -Wall -O2 -std=c++11 -I ./include  -fPIC -c -o src/bind.o src/bind.cpp
/usr/bin/g++ -std=gnu++17 -Wall -O2 -std=c++11 -I ./include  -fPIC -c -o src/file.o src/file.cpp
/usr/bin/g++ -std=gnu++17 -Wall -O2 -std=c++11 -I ./include  -fPIC -c -o src/util.o src/util.cpp
/usr/bin/g++ -std=gnu++17 -Wall -O2 -std=c++11 -I ./include  -fPIC -c -o src/util_string.o src/util_string.cpp
/usr/bin/g++ -std=gnu++17 -Wall -O2 -std=c++11 -I ./include  -fPIC -c -o src/json.o src/json.cpp
/usr/bin/g++ -std=gnu++17 -Wall -O2 -std=c++11 -I ./include  -fPIC -c -o src/units.o src/units.cpp
/usr/bin/g++ -std=gnu++17 -Wall -O2 -std=c++11 -I ./include  -fPIC -c -o src/values.o src/values.cpp
/usr/bin/g++ -std=gnu++17 -Wall -O2 -std=c++11 -I ./include  -fPIC -c -o src/plugins.o src/plugins.cpp
/usr/bin/g++ -std=gnu++17 -Wall -O2 -std=c++11 -I ./include  -fPIC -c -o src/source.o src/source.cpp
/usr/bin/g++ -std=gnu++17 -Wall -O2 -std=c++11 -I ./include  -fPIC -c -o src/position.o src/position.cpp
/usr/bin/g++ -std=gnu++17 -Wall -O2 -std=c++11 -I ./include  -fPIC -c -o src/lexer.o src/lexer.cpp
/usr/bin/g++ -std=gnu++17 -Wall -O2 -std=c++11 -I ./include  -fPIC -c -o src/parser.o src/parser.cpp
/usr/bin/g++ -std=gnu++17 -Wall -O2 -std=c++11 -I ./include  -fPIC -c -o src/parser_selectors.o src/parser_selectors.cpp
/usr/bin/g++ -std=gnu++17 -Wall -O2 -std=c++11 -I ./include  -fPIC -c -o src/prelexer.o src/prelexer.cpp
/usr/bin/g++ -std=gnu++17 -Wall -O2 -std=c++11 -I ./include  -fPIC -c -o src/eval.o src/eval.cpp
/usr/bin/g++ -std=gnu++17 -Wall -O2 -std=c++11 -I ./include  -fPIC -c -o src/eval_selectors.o src/eval_selectors.cpp
/usr/bin/g++ -std=gnu++17 -Wall -O2 -std=c++11 -I ./include  -fPIC -c -o src/expand.o src/expand.cpp
/usr/bin/g++ -std=gnu++17 -Wall -O2 -std=c++11 -I ./include  -fPIC -c -o src/listize.o src/listize.cpp
/usr/bin/g++ -std=gnu++17 -Wall -O2 -std=c++11 -I ./include  -fPIC -c -o src/cssize.o src/cssize.cpp
/usr/bin/g++ -std=gnu++17 -Wall -O2 -std=c++11 -I ./include  -fPIC -c -o src/extender.o src/extender.cpp
/usr/bin/g++ -std=gnu++17 -Wall -O2 -std=c++11 -I ./include  -fPIC -c -o src/extension.o src/extension.cpp
/usr/bin/g++ -std=gnu++17 -Wall -O2 -std=c++11 -I ./include  -fPIC -c -o src/stylesheet.o src/stylesheet.cpp
/usr/bin/g++ -std=gnu++17 -Wall -O2 -std=c++11 -I ./include  -fPIC -c -o src/output.o src/output.cpp
/usr/bin/g++ -std=gnu++17 -Wall -O2 -std=c++11 -I ./include  -fPIC -c -o src/inspect.o src/inspect.cpp
/usr/bin/g++ -std=gnu++17 -Wall -O2 -std=c++11 -I ./include  -fPIC -c -o src/emitter.o src/emitter.cpp
/usr/bin/g++ -std=gnu++17 -Wall -O2 -std=c++11 -I ./include  -fPIC -c -o src/check_nesting.o src/check_nesting.cpp
/usr/bin/g++ -std=gnu++17 -Wall -O2 -std=c++11 -I ./include  -fPIC -c -o src/remove_placeholders.o src/remove_placeholders.cpp
/usr/bin/g++ -std=gnu++17 -Wall -O2 -std=c++11 -I ./include  -fPIC -c -o src/sass.o src/sass.cpp
/usr/bin/g++ -std=gnu++17 -Wall -O2 -std=c++11 -I ./include  -fPIC -c -o src/sass_values.o src/sass_values.cpp
/usr/bin/g++ -std=gnu++17 -Wall -O2 -std=c++11 -I ./include  -fPIC -c -o src/sass_context.o src/sass_context.cpp
/usr/bin/g++ -std=gnu++17 -Wall -O2 -std=c++11 -I ./include  -fPIC -c -o src/sass_functions.o src/sass_functions.cpp
/usr/bin/g++ -std=gnu++17 -Wall -O2 -std=c++11 -I ./include  -fPIC -c -o src/sass2scss.o src/sass2scss.cpp
/usr/bin/g++ -std=gnu++17 -Wall -O2 -std=c++11 -I ./include  -fPIC -c -o src/backtrace.o src/backtrace.cpp
/usr/bin/g++ -std=gnu++17 -Wall -O2 -std=c++11 -I ./include  -fPIC -c -o src/operators.o src/operators.cpp
/usr/bin/g++ -std=gnu++17 -Wall -O2 -std=c++11 -I ./include  -fPIC -c -o src/ast2c.o src/ast2c.cpp
/usr/bin/g++ -std=gnu++17 -Wall -O2 -std=c++11 -I ./include  -fPIC -c -o src/c2ast.o src/c2ast.cpp
/usr/bin/g++ -std=gnu++17 -Wall -O2 -std=c++11 -I ./include  -fPIC -c -o src/to_value.o src/to_value.cpp
/usr/bin/g++ -std=gnu++17 -Wall -O2 -std=c++11 -I ./include  -fPIC -c -o src/source_map.o src/source_map.cpp
/usr/bin/g++ -std=gnu++17 -Wall -O2 -std=c++11 -I ./include  -fPIC -c -o src/error_handling.o src/error_handling.cpp
/usr/bin/g++ -std=gnu++17 -Wall -O2 -std=c++11 -I ./include  -fPIC -c -o src/memory/allocator.o src/memory/allocator.cpp
/usr/bin/g++ -std=gnu++17 -Wall -O2 -std=c++11 -I ./include  -fPIC -c -o src/memory/shared_ptr.o src/memory/shared_ptr.cpp
/usr/bin/g++ -std=gnu++17 -Wall -O2 -std=c++11 -I ./include  -fPIC -c -o src/utf8_string.o src/utf8_string.cpp
/usr/bin/g++ -std=gnu++17 -Wall -O2 -std=c++11 -I ./include  -fPIC -c -o src/base64vlq.o src/base64vlq.cpp
mkdir lib
ar rcvs lib/libsass.a src/cencode.o src/ast.o src/ast_values.o src/ast_supports.o src/ast_sel_cmp.o src/ast_sel_unify.o src/ast_sel_super.o src/ast_sel_weave.o src/ast_selectors.o src/context.o src/constants.o src/fn_utils.o src/fn_miscs.o src/fn_maps.o src/fn_lists.o src/fn_colors.o src/fn_numbers.o src/fn_strings.o src/fn_selectors.o src/color_maps.o src/environment.o src/ast_fwd_decl.o src/bind.o src/file.o src/util.o src/util_string.o src/json.o src/units.o src/values.o src/plugins.o src/source.o src/position.o src/lexer.o src/parser.o src/parser_selectors.o src/prelexer.o src/eval.o src/eval_selectors.o src/expand.o src/listize.o src/cssize.o src/extender.o src/extension.o src/stylesheet.o src/output.o src/inspect.o src/emitter.o src/check_nesting.o src/remove_placeholders.o src/sass.o src/sass_values.o src/sass_context.o src/sass_functions.o src/sass2scss.o src/backtrace.o src/operators.o src/ast2c.o src/c2ast.o src/to_value.o src/source_map.o src/error_handling.o src/memory/allocator.o src/memory/shared_ptr.o src/utf8_string.o src/base64vlq.o
a - src/cencode.o
a - src/ast.o
a - src/ast_values.o
a - src/ast_supports.o
a - src/ast_sel_cmp.o
a - src/ast_sel_unify.o
a - src/ast_sel_super.o
a - src/ast_sel_weave.o
a - src/ast_selectors.o
a - src/context.o
a - src/constants.o
a - src/fn_utils.o
a - src/fn_miscs.o
a - src/fn_maps.o
a - src/fn_lists.o
a - src/fn_colors.o
a - src/fn_numbers.o
a - src/fn_strings.o
a - src/fn_selectors.o
a - src/color_maps.o
a - src/environment.o
a - src/ast_fwd_decl.o
a - src/bind.o
a - src/file.o
a - src/util.o
a - src/util_string.o
a - src/json.o
a - src/units.o
a - src/values.o
a - src/plugins.o
a - src/source.o
a - src/position.o
a - src/lexer.o
a - src/parser.o
a - src/parser_selectors.o
a - src/prelexer.o
a - src/eval.o
a - src/eval_selectors.o
a - src/expand.o
a - src/listize.o
a - src/cssize.o
a - src/extender.o
a - src/extension.o
a - src/stylesheet.o
a - src/output.o
a - src/inspect.o
a - src/emitter.o
a - src/check_nesting.o
a - src/remove_placeholders.o
a - src/sass.o
a - src/sass_values.o
a - src/sass_context.o
a - src/sass_functions.o
a - src/sass2scss.o
a - src/backtrace.o
a - src/operators.o
a - src/ast2c.o
a - src/c2ast.o
a - src/to_value.o
a - src/source_map.o
a - src/error_handling.o
a - src/memory/allocator.o
a - src/memory/shared_ptr.o
a - src/utf8_string.o
a - src/base64vlq.o
make[1]: Leaving directory '/tmp/RtmpqCA8YZ/R.INSTALLfdfda604912d7/sass/src/libsass'
/usr/bin/g++ -std=gnu++17 -shared -L/ref/rmlab/software/spack-1.1.0/opt/spack/linux-x86_64/r-4.5.2-jga4yt5sdbzfddqszotqf64bn5a6iu2m/rlib/R/lib -Wl,-rpath,/ref/rmlab/software/spack-1.1.0/opt/spack/linux-x86_64/r-4.5.2-jga4yt5sdbzfddqszotqf64bn5a6iu2m/rlib/R/lib -o sass.so compile.o init.o ./libsass/lib/libsass.a -L/ref/rmlab/software/spack-1.1.0/opt/spack/linux-x86_64/r-4.5.2-jga4yt5sdbzfddqszotqf64bn5a6iu2m/rlib/R/lib -lR
rm -f libsass/lib/libsass.a
/usr/bin/gcc -I"/ref/rmlab/software/spack-1.1.0/opt/spack/linux-x86_64/r-4.5.2-jga4yt5sdbzfddqszotqf64bn5a6iu2m/rlib/R/include" -DNDEBUG -I../inst/include -DCOMPILING_TESTTHAT  -I/usr/local/include    -fpic  -g -O2  -c init.c -o init.o
/usr/bin/g++ -std=gnu++17 -I"/ref/rmlab/software/spack-1.1.0/opt/spack/linux-x86_64/r-4.5.2-jga4yt5sdbzfddqszotqf64bn5a6iu2m/rlib/R/include" -DNDEBUG -I../inst/include -DCOMPILING_TESTTHAT  -I/usr/local/include    -fpic  -g -O2   -c test-catch.cpp -o test-catch.o
/usr/bin/g++ -std=gnu++17 -I"/ref/rmlab/software/spack-1.1.0/opt/spack/linux-x86_64/r-4.5.2-jga4yt5sdbzfddqszotqf64bn5a6iu2m/rlib/R/include" -DNDEBUG -I../inst/include -DCOMPILING_TESTTHAT  -I/usr/local/include    -fpic  -g -O2   -c test-example.cpp -o test-example.o
/usr/bin/g++ -std=gnu++17 -I"/ref/rmlab/software/spack-1.1.0/opt/spack/linux-x86_64/r-4.5.2-jga4yt5sdbzfddqszotqf64bn5a6iu2m/rlib/R/include" -DNDEBUG -I../inst/include -DCOMPILING_TESTTHAT  -I/usr/local/include    -fpic  -g -O2   -c test-runner.cpp -o test-runner.o
/usr/bin/g++ -std=gnu++17 -shared -L/ref/rmlab/software/spack-1.1.0/opt/spack/linux-x86_64/r-4.5.2-jga4yt5sdbzfddqszotqf64bn5a6iu2m/rlib/R/lib -Wl,-rpath,/ref/rmlab/software/spack-1.1.0/opt/spack/linux-x86_64/r-4.5.2-jga4yt5sdbzfddqszotqf64bn5a6iu2m/rlib/R/lib -o testthat.so init.o test-catch.o test-example.o test-runner.o -L/ref/rmlab/software/spack-1.1.0/opt/spack/linux-x86_64/r-4.5.2-jga4yt5sdbzfddqszotqf64bn5a6iu2m/rlib/R/lib -lR
