trying URL 'https://cloud.r-project.org/src/contrib/ggpubr_0.6.3.tar.gz'
Content type 'application/x-gzip' length 1725918 bytes (1.6 MB)
==================================================
downloaded 1.6 MB

* installing *source* package ‘ggpubr’ ...
** this is package ‘ggpubr’ version ‘0.6.3’
** package ‘ggpubr’ successfully unpacked and MD5 sums checked
** using staged installation
** R
** data
*** moving datasets to lazyload DB
** inst
** byte-compile and prepare package for lazy loading
** help
*** installing help indices
** building package indices
** testing if installed package can be loaded from temporary location
** testing if installed package can be loaded from final location
** testing if installed package keeps a record of temporary installation path
* DONE (ggpubr)

The downloaded source packages are in
	‘/tmp/RtmpB2P5KX/downloaded_packages’
also installing the dependencies ‘systemfonts’, ‘ggforce’, ‘graphlayouts’, ‘ggraph’, ‘tidygraph’

trying URL 'https://cloud.r-project.org/src/contrib/systemfonts_1.3.2.tar.gz'
trying URL 'https://cloud.r-project.org/src/contrib/ggforce_0.5.0.tar.gz'
trying URL 'https://cloud.r-project.org/src/contrib/graphlayouts_1.2.3.tar.gz'
trying URL 'https://cloud.r-project.org/src/contrib/ggraph_2.2.2.tar.gz'
trying URL 'https://cloud.r-project.org/src/contrib/tidygraph_1.3.1.tar.gz'
trying URL 'https://cloud.r-project.org/src/contrib/clustree_0.5.1.tar.gz'
* installing *source* package ‘systemfonts’ ...
** this is package ‘systemfonts’ version ‘1.3.2’
** package ‘systemfonts’ successfully unpacked and MD5 sums checked
** using staged installation
Package fontconfig was not found in the pkg-config search path.
Perhaps you should add the directory containing `fontconfig.pc'
to the PKG_CONFIG_PATH environment variable
Package 'fontconfig', required by 'virtual:world', not found
ERROR: configuration failed for package ‘systemfonts’
* removing ‘/ref/rmlab/software/tyron/R-libs/systemfonts’
* installing *source* package ‘graphlayouts’ ...
** this is package ‘graphlayouts’ version ‘1.2.3’
** package ‘graphlayouts’ successfully unpacked and MD5 sums checked
** using staged installation
** libs
using C++ compiler: ‘g++ (GCC) 11.5.0 20240719 (Red Hat 11.5.0-11)’
installing to /ref/rmlab/software/tyron/R-libs/00LOCK-graphlayouts/00new/graphlayouts/libs
** R
** data
*** moving datasets to lazyload DB
** inst
** byte-compile and prepare package for lazy loading
** help
*** installing help indices
*** copying figures
** building package indices
** testing if installed package can be loaded from temporary location
** checking absolute paths in shared objects and dynamic libraries
readelf: /lib64/libcrypto.so.3: version `OPENSSL_3.6.0' not found (required by /ref/rmlab/software/spack-1.1.0/opt/spack/linux-x86_64/openssl-3.6.0-hdu4phhqvbzn54grs4bbnfjpbma7zlux/lib64/libssl.so.3)
** testing if installed package can be loaded from final location
** testing if installed package keeps a record of temporary installation path
* DONE (graphlayouts)
* installing *source* package ‘tidygraph’ ...
** this is package ‘tidygraph’ version ‘1.3.1’
** package ‘tidygraph’ successfully unpacked and MD5 sums checked
** using staged installation
** libs
using C++ compiler: ‘g++ (GCC) 11.5.0 20240719 (Red Hat 11.5.0-11)’
installing to /ref/rmlab/software/tyron/R-libs/00LOCK-tidygraph/00new/tidygraph/libs
** R
** byte-compile and prepare package for lazy loading
** help
*** installing help indices
*** copying figures
** building package indices
** testing if installed package can be loaded from temporary location
** checking absolute paths in shared objects and dynamic libraries
readelf: /lib64/libcrypto.so.3: version `OPENSSL_3.6.0' not found (required by /ref/rmlab/software/spack-1.1.0/opt/spack/linux-x86_64/openssl-3.6.0-hdu4phhqvbzn54grs4bbnfjpbma7zlux/lib64/libssl.so.3)
** testing if installed package can be loaded from final location
** testing if installed package keeps a record of temporary installation path
* DONE (tidygraph)
ERROR: dependency ‘systemfonts’ is not available for package ‘ggforce’
Perhaps try a variation of:
install.packages('systemfonts')
* removing ‘/ref/rmlab/software/tyron/R-libs/ggforce’
ERROR: dependency ‘ggforce’ is not available for package ‘ggraph’
Perhaps try a variation of:
install.packages('ggforce')
* removing ‘/ref/rmlab/software/tyron/R-libs/ggraph’
ERROR: dependency ‘ggraph’ is not available for package ‘clustree’
Perhaps try a variation of:
install.packages('ggraph')
* removing ‘/ref/rmlab/software/tyron/R-libs/clustree’

The downloaded source packages are in
	‘/tmp/RtmpB2P5KX/downloaded_packages’
also installing the dependencies ‘systemfonts’, ‘ggforce’, ‘ggraph’

trying URL 'https://cloud.r-project.org/src/contrib/systemfonts_1.3.2.tar.gz'
trying URL 'https://cloud.r-project.org/src/contrib/ggforce_0.5.0.tar.gz'
trying URL 'https://cloud.r-project.org/src/contrib/ggraph_2.2.2.tar.gz'
trying URL 'https://cloud.r-project.org/src/contrib/clustree_0.5.1.tar.gz'
* installing *source* package ‘systemfonts’ ...
** this is package ‘systemfonts’ version ‘1.3.2’
** package ‘systemfonts’ successfully unpacked and MD5 sums checked
** using staged installation
Package fontconfig was not found in the pkg-config search path.
Perhaps you should add the directory containing `fontconfig.pc'
to the PKG_CONFIG_PATH environment variable
Package 'fontconfig', required by 'virtual:world', not found
ERROR: configuration failed for package ‘systemfonts’
* removing ‘/ref/rmlab/software/tyron/R-libs/systemfonts’
ERROR: dependency ‘systemfonts’ is not available for package ‘ggforce’
Perhaps try a variation of:
install.packages('systemfonts')
* removing ‘/ref/rmlab/software/tyron/R-libs/ggforce’
ERROR: dependency ‘ggforce’ is not available for package ‘ggraph’
Perhaps try a variation of:
install.packages('ggforce')
* removing ‘/ref/rmlab/software/tyron/R-libs/ggraph’
ERROR: dependency ‘ggraph’ is not available for package ‘clustree’
Perhaps try a variation of:
install.packages('ggraph')
* removing ‘/ref/rmlab/software/tyron/R-libs/clustree’

The downloaded source packages are in
	‘/tmp/RtmpB2P5KX/downloaded_packages’
also installing the dependencies ‘systemfonts’, ‘ggforce’, ‘ggraph’

trying URL 'https://cloud.r-project.org/src/contrib/systemfonts_1.3.2.tar.gz'
trying URL 'https://cloud.r-project.org/src/contrib/ggforce_0.5.0.tar.gz'
trying URL 'https://cloud.r-project.org/src/contrib/ggraph_2.2.2.tar.gz'
trying URL 'https://cloud.r-project.org/src/contrib/clustree_0.5.1.tar.gz'
* installing *source* package ‘systemfonts’ ...
** this is package ‘systemfonts’ version ‘1.3.2’
** package ‘systemfonts’ successfully unpacked and MD5 sums checked
** using staged installation
Package fontconfig was not found in the pkg-config search path.
Perhaps you should add the directory containing `fontconfig.pc'
to the PKG_CONFIG_PATH environment variable
Package 'fontconfig', required by 'virtual:world', not found
ERROR: configuration failed for package ‘systemfonts’
* removing ‘/ref/rmlab/software/tyron/R-libs/systemfonts’
ERROR: dependency ‘systemfonts’ is not available for package ‘ggforce’
Perhaps try a variation of:
install.packages('systemfonts')
* removing ‘/ref/rmlab/software/tyron/R-libs/ggforce’
ERROR: dependency ‘ggforce’ is not available for package ‘ggraph’
Perhaps try a variation of:
install.packages('ggforce')
* removing ‘/ref/rmlab/software/tyron/R-libs/ggraph’
ERROR: dependency ‘ggraph’ is not available for package ‘clustree’
Perhaps try a variation of:
install.packages('ggraph')
* removing ‘/ref/rmlab/software/tyron/R-libs/clustree’

The downloaded source packages are in
	‘/tmp/RtmpB2P5KX/downloaded_packages’
also installing the dependency ‘V8’

trying URL 'https://cloud.r-project.org/src/contrib/V8_8.2.0.tar.gz'
trying URL 'https://cloud.r-project.org/src/contrib/randomcoloR_1.1.0.1.tar.gz'
* installing *source* package ‘V8’ ...
** this is package ‘V8’ version ‘8.2.0’
** package ‘V8’ successfully unpacked and MD5 sums checked
** using staged installation
** libs
using C++ compiler: ‘g++ (GCC) 11.5.0 20240719 (Red Hat 11.5.0-11)’
using C++20
installing to /ref/rmlab/software/tyron/R-libs/00LOCK-V8/00new/V8/libs
** R
** inst
** byte-compile and prepare package for lazy loading
** help
*** installing help indices
** building package indices
** installing vignettes
** testing if installed package can be loaded from temporary location
** checking absolute paths in shared objects and dynamic libraries
readelf: /lib64/libcrypto.so.3: version `OPENSSL_3.6.0' not found (required by /ref/rmlab/software/spack-1.1.0/opt/spack/linux-x86_64/openssl-3.6.0-hdu4phhqvbzn54grs4bbnfjpbma7zlux/lib64/libssl.so.3)
** testing if installed package can be loaded from final location
** testing if installed package keeps a record of temporary installation path
* DONE (V8)
* installing *source* package ‘randomcoloR’ ...
** this is package ‘randomcoloR’ version ‘1.1.0.1’
** package ‘randomcoloR’ successfully unpacked and MD5 sums checked
** using staged installation
** R
** inst
** byte-compile and prepare package for lazy loading
** help
*** installing help indices
** building package indices
** testing if installed package can be loaded from temporary location
** testing if installed package can be loaded from final location
** testing if installed package keeps a record of temporary installation path
* DONE (randomcoloR)

The downloaded source packages are in
	‘/tmp/RtmpB2P5KX/downloaded_packages’
also installing the dependencies ‘reactR’, ‘bigD’, ‘juicyjuice’, ‘reactable’

trying URL 'https://cloud.r-project.org/src/contrib/reactR_0.6.1.tar.gz'
trying URL 'https://cloud.r-project.org/src/contrib/bigD_0.3.1.tar.gz'
trying URL 'https://cloud.r-project.org/src/contrib/juicyjuice_0.1.0.tar.gz'
trying URL 'https://cloud.r-project.org/src/contrib/reactable_0.4.5.tar.gz'
trying URL 'https://cloud.r-project.org/src/contrib/gt_1.3.0.tar.gz'
* installing *source* package ‘reactR’ ...
** this is package ‘reactR’ version ‘0.6.1’
** package ‘reactR’ successfully unpacked and MD5 sums checked
** using staged installation
** R
** inst
** byte-compile and prepare package for lazy loading
** help
*** installing help indices
** building package indices
** installing vignettes
** testing if installed package can be loaded from temporary location
** testing if installed package can be loaded from final location
** testing if installed package keeps a record of temporary installation path
* DONE (reactR)
* installing *source* package ‘bigD’ ...
** this is package ‘bigD’ version ‘0.3.1’
** package ‘bigD’ successfully unpacked and MD5 sums checked
** using staged installation
** R
** byte-compile and prepare package for lazy loading
** help
*** installing help indices
** building package indices
** testing if installed package can be loaded from temporary location
** testing if installed package can be loaded from final location
** testing if installed package keeps a record of temporary installation path
* DONE (bigD)
* installing *source* package ‘juicyjuice’ ...
** this is package ‘juicyjuice’ version ‘0.1.0’
** package ‘juicyjuice’ successfully unpacked and MD5 sums checked
** using staged installation
** R
** inst
** byte-compile and prepare package for lazy loading
** help
*** installing help indices
*** copying figures
** building package indices
** testing if installed package can be loaded from temporary location
** testing if installed package can be loaded from final location
** testing if installed package keeps a record of temporary installation path
* DONE (juicyjuice)
* installing *source* package ‘reactable’ ...
** this is package ‘reactable’ version ‘0.4.5’
** package ‘reactable’ successfully unpacked and MD5 sums checked
** using staged installation
** R
** inst
** byte-compile and prepare package for lazy loading
** help
*** installing help indices
*** copying figures
** building package indices
** testing if installed package can be loaded from temporary location
** testing if installed package can be loaded from final location
** testing if installed package keeps a record of temporary installation path
* DONE (reactable)
* installing *source* package ‘gt’ ...
** this is package ‘gt’ version ‘1.3.0’
** package ‘gt’ successfully unpacked and MD5 sums checked
** using staged installation
** R
** data
*** moving datasets to lazyload DB
** inst
** byte-compile and prepare package for lazy loading
** help
*** installing help indices
** building package indices
** testing if installed package can be loaded from temporary location
** testing if installed package can be loaded from final location
** testing if installed package keeps a record of temporary installation path
* DONE (gt)

The downloaded source packages are in
	‘/tmp/RtmpB2P5KX/downloaded_packages’
trying URL 'https://cloud.r-project.org/src/contrib/pheatmap_1.0.13.tar.gz'
Content type 'application/x-gzip' length 15162 bytes (14 KB)
==================================================
downloaded 14 KB

* installing *source* package ‘pheatmap’ ...
** this is package ‘pheatmap’ version ‘1.0.13’
** package ‘pheatmap’ successfully unpacked and MD5 sums checked
** using staged installation
** R
** byte-compile and prepare package for lazy loading
** help
*** installing help indices
** building package indices
** testing if installed package can be loaded from temporary location
** testing if installed package can be loaded from final location
** testing if installed package keeps a record of temporary installation path
* DONE (pheatmap)

The downloaded source packages are in
	‘/tmp/RtmpB2P5KX/downloaded_packages’
also installing the dependency ‘babelgene’

trying URL 'https://cloud.r-project.org/src/contrib/babelgene_22.9.tar.gz'
trying URL 'https://cloud.r-project.org/src/contrib/msigdbr_26.1.0.tar.gz'
* installing *source* package ‘babelgene’ ...
** this is package ‘babelgene’ version ‘22.9’
** package ‘babelgene’ successfully unpacked and MD5 sums checked
** using staged installation
** R
** inst
** byte-compile and prepare package for lazy loading
** help
*** installing help indices
** building package indices
** installing vignettes
** testing if installed package can be loaded from temporary location
** testing if installed package can be loaded from final location
** testing if installed package keeps a record of temporary installation path
* DONE (babelgene)
* installing *source* package ‘msigdbr’ ...
** this is package ‘msigdbr’ version ‘26.1.0’
** package ‘msigdbr’ successfully unpacked and MD5 sums checked
** using staged installation
** R
** byte-compile and prepare package for lazy loading
** help
*** installing help indices
*** copying figures
** building package indices
** testing if installed package can be loaded from temporary location
** testing if installed package can be loaded from final location
[2026-05-19T21:38:29.787] error: *** JOB 41038975 ON n193 CANCELLED AT 2026-05-19T21:38:29 DUE to SIGNAL Terminated ***
