also installing the dependencies ‘systemfonts’, ‘textshaping’, ‘Cairo’, ‘ragg’, ‘ggrastr’

trying URL 'https://cloud.r-project.org/src/contrib/systemfonts_1.3.2.tar.gz'
trying URL 'https://cloud.r-project.org/src/contrib/textshaping_1.0.5.tar.gz'
trying URL 'https://cloud.r-project.org/src/contrib/Cairo_1.7-0.tar.gz'
trying URL 'https://cloud.r-project.org/src/contrib/ragg_1.5.2.tar.gz'
trying URL 'https://cloud.r-project.org/src/contrib/ggrastr_1.0.2.tar.gz'
trying URL 'https://cloud.r-project.org/src/contrib/scCustomize_3.3.0.tar.gz'
* installing *source* package ‘systemfonts’ ...
** this is package ‘systemfonts’ version ‘1.3.2’
** package ‘systemfonts’ successfully unpacked and MD5 sums checked
** using staged installation
** libs
using C++ compiler: ‘g++ (GCC) 11.5.0 20240719 (Red Hat 11.5.0-11)’
installing to /ref/rmlab/software/tyron/R-libs/00LOCK-systemfonts/00new/systemfonts/libs
** R
** inst
** byte-compile and prepare package for lazy loading
** help
*** installing help indices
*** copying figures
** building package indices
** installing vignettes
** testing if installed package can be loaded from temporary location
** checking absolute paths in shared objects and dynamic libraries
readelf: /lib64/libcrypto.so.3: version `OPENSSL_3.6.0' not found (required by /ref/rmlab/software/spack-1.1.0/opt/spack/linux-x86_64/openssl-3.6.0-hdu4phhqvbzn54grs4bbnfjpbma7zlux/lib64/libssl.so.3)
** testing if installed package can be loaded from final location
** testing if installed package keeps a record of temporary installation path
* DONE (systemfonts)
* installing *source* package ‘Cairo’ ...
** this is package ‘Cairo’ version ‘1.7-0’
** package ‘Cairo’ successfully unpacked and MD5 sums checked
** using staged installation
Please specify at least one package name on the command line.
Please specify at least one package name on the command line.
Package harfbuzz-icu was not found in the pkg-config search path.
Perhaps you should add the directory containing `harfbuzz-icu.pc'
to the PKG_CONFIG_PATH environment variable
Package 'harfbuzz-icu', required by 'virtual:world', not found
Package 'icu-uc', required by 'virtual:world', not found
Package harfbuzz-icu was not found in the pkg-config search path.
Perhaps you should add the directory containing `harfbuzz-icu.pc'
to the PKG_CONFIG_PATH environment variable
Package 'harfbuzz-icu', required by 'virtual:world', not found
Package 'icu-uc', required by 'virtual:world', not found
Package libtiff-4 was not found in the pkg-config search path.
Perhaps you should add the directory containing `libtiff-4.pc'
to the PKG_CONFIG_PATH environment variable
Package 'libtiff-4', required by 'virtual:world', not found
** libs
using C compiler: ‘gcc (GCC) 11.5.0 20240719 (Red Hat 11.5.0-11)’
In file included from xlib-backend.h:7,
                 from cairotalk.c:10:
/ref/rmlab/software/tyron/cairo-devel/usr/include/cairo/cairo-xlib.h:44:10: fatal error: X11/Xlib.h: No such file or directory
   44 | #include <X11/Xlib.h>
      |          ^~~~~~~~~~~~
compilation terminated.
make: *** [/ref/rmlab/software/spack-1.1.0/opt/spack/linux-x86_64/r-4.5.2-jga4yt5sdbzfddqszotqf64bn5a6iu2m/rlib/R/etc/Makeconf:202: cairotalk.o] Error 1
make: *** Waiting for unfinished jobs....
ERROR: compilation failed for package ‘Cairo’
* removing ‘/ref/rmlab/software/tyron/R-libs/Cairo’
* installing *source* package ‘textshaping’ ...
** this is package ‘textshaping’ version ‘1.0.5’
** package ‘textshaping’ successfully unpacked and MD5 sums checked
** using staged installation
Package harfbuzz was not found in the pkg-config search path.
Perhaps you should add the directory containing `harfbuzz.pc'
to the PKG_CONFIG_PATH environment variable
Package 'harfbuzz', required by 'virtual:world', not found
Package 'fribidi', required by 'virtual:world', not found
ERROR: configuration failed for package ‘textshaping’
* removing ‘/ref/rmlab/software/tyron/R-libs/textshaping’
ERROR: dependency ‘textshaping’ is not available for package ‘ragg’
Perhaps try a variation of:
install.packages('textshaping')
* removing ‘/ref/rmlab/software/tyron/R-libs/ragg’
ERROR: dependencies ‘Cairo’, ‘ragg’ are not available for package ‘ggrastr’
Perhaps try a variation of:
install.packages(c('Cairo', 'ragg'))
* removing ‘/ref/rmlab/software/tyron/R-libs/ggrastr’
ERROR: dependency ‘ggrastr’ is not available for package ‘scCustomize’
Perhaps try a variation of:
install.packages('ggrastr')
* removing ‘/ref/rmlab/software/tyron/R-libs/scCustomize’

The downloaded source packages are in
	‘/tmp/RtmpTwREai/downloaded_packages’
also installing the dependencies ‘textshaping’, ‘Cairo’, ‘ragg’, ‘ggrastr’

trying URL 'https://cloud.r-project.org/src/contrib/textshaping_1.0.5.tar.gz'
trying URL 'https://cloud.r-project.org/src/contrib/Cairo_1.7-0.tar.gz'
trying URL 'https://cloud.r-project.org/src/contrib/ragg_1.5.2.tar.gz'
trying URL 'https://cloud.r-project.org/src/contrib/ggrastr_1.0.2.tar.gz'
trying URL 'https://cloud.r-project.org/src/contrib/scCustomize_3.3.0.tar.gz'
* installing *source* package ‘textshaping’ ...
** this is package ‘textshaping’ version ‘1.0.5’
** package ‘textshaping’ successfully unpacked and MD5 sums checked
** using staged installation
Package harfbuzz was not found in the pkg-config search path.
Perhaps you should add the directory containing `harfbuzz.pc'
to the PKG_CONFIG_PATH environment variable
Package 'harfbuzz', required by 'virtual:world', not found
Package 'fribidi', required by 'virtual:world', not found
ERROR: configuration failed for package ‘textshaping’
* removing ‘/ref/rmlab/software/tyron/R-libs/textshaping’
* installing *source* package ‘Cairo’ ...
** this is package ‘Cairo’ version ‘1.7-0’
** package ‘Cairo’ successfully unpacked and MD5 sums checked
** using staged installation
Please specify at least one package name on the command line.
Please specify at least one package name on the command line.
Package harfbuzz-icu was not found in the pkg-config search path.
Perhaps you should add the directory containing `harfbuzz-icu.pc'
to the PKG_CONFIG_PATH environment variable
Package 'harfbuzz-icu', required by 'virtual:world', not found
Package 'icu-uc', required by 'virtual:world', not found
Package harfbuzz-icu was not found in the pkg-config search path.
Perhaps you should add the directory containing `harfbuzz-icu.pc'
to the PKG_CONFIG_PATH environment variable
Package 'harfbuzz-icu', required by 'virtual:world', not found
Package 'icu-uc', required by 'virtual:world', not found
Package libtiff-4 was not found in the pkg-config search path.
Perhaps you should add the directory containing `libtiff-4.pc'
to the PKG_CONFIG_PATH environment variable
Package 'libtiff-4', required by 'virtual:world', not found
** libs
using C compiler: ‘gcc (GCC) 11.5.0 20240719 (Red Hat 11.5.0-11)’
In file included from xlib-backend.h:7,
                 from cairotalk.c:10:
/ref/rmlab/software/tyron/cairo-devel/usr/include/cairo/cairo-xlib.h:44:10: fatal error: X11/Xlib.h: No such file or directory
   44 | #include <X11/Xlib.h>
      |          ^~~~~~~~~~~~
compilation terminated.
make: *** [/ref/rmlab/software/spack-1.1.0/opt/spack/linux-x86_64/r-4.5.2-jga4yt5sdbzfddqszotqf64bn5a6iu2m/rlib/R/etc/Makeconf:202: cairotalk.o] Error 1
make: *** Waiting for unfinished jobs....
ERROR: compilation failed for package ‘Cairo’
* removing ‘/ref/rmlab/software/tyron/R-libs/Cairo’
ERROR: dependency ‘textshaping’ is not available for package ‘ragg’
Perhaps try a variation of:
install.packages('textshaping')
* removing ‘/ref/rmlab/software/tyron/R-libs/ragg’
ERROR: dependencies ‘Cairo’, ‘ragg’ are not available for package ‘ggrastr’
Perhaps try a variation of:
install.packages(c('Cairo', 'ragg'))
* removing ‘/ref/rmlab/software/tyron/R-libs/ggrastr’
ERROR: dependency ‘ggrastr’ is not available for package ‘scCustomize’
Perhaps try a variation of:
install.packages('ggrastr')
* removing ‘/ref/rmlab/software/tyron/R-libs/scCustomize’

The downloaded source packages are in
	‘/tmp/RtmpTwREai/downloaded_packages’
also installing the dependencies ‘textshaping’, ‘Cairo’, ‘ragg’, ‘ggrastr’

trying URL 'https://cloud.r-project.org/src/contrib/textshaping_1.0.5.tar.gz'
trying URL 'https://cloud.r-project.org/src/contrib/Cairo_1.7-0.tar.gz'
trying URL 'https://cloud.r-project.org/src/contrib/ragg_1.5.2.tar.gz'
trying URL 'https://cloud.r-project.org/src/contrib/ggrastr_1.0.2.tar.gz'
trying URL 'https://cloud.r-project.org/src/contrib/scCustomize_3.3.0.tar.gz'
* installing *source* package ‘textshaping’ ...
** this is package ‘textshaping’ version ‘1.0.5’
** package ‘textshaping’ successfully unpacked and MD5 sums checked
** using staged installation
Package harfbuzz was not found in the pkg-config search path.
Perhaps you should add the directory containing `harfbuzz.pc'
to the PKG_CONFIG_PATH environment variable
Package 'harfbuzz', required by 'virtual:world', not found
Package 'fribidi', required by 'virtual:world', not found
ERROR: configuration failed for package ‘textshaping’
* removing ‘/ref/rmlab/software/tyron/R-libs/textshaping’
* installing *source* package ‘Cairo’ ...
** this is package ‘Cairo’ version ‘1.7-0’
** package ‘Cairo’ successfully unpacked and MD5 sums checked
** using staged installation
Please specify at least one package name on the command line.
Please specify at least one package name on the command line.
Package harfbuzz-icu was not found in the pkg-config search path.
Perhaps you should add the directory containing `harfbuzz-icu.pc'
to the PKG_CONFIG_PATH environment variable
Package 'harfbuzz-icu', required by 'virtual:world', not found
Package 'icu-uc', required by 'virtual:world', not found
Package harfbuzz-icu was not found in the pkg-config search path.
Perhaps you should add the directory containing `harfbuzz-icu.pc'
to the PKG_CONFIG_PATH environment variable
Package 'harfbuzz-icu', required by 'virtual:world', not found
Package 'icu-uc', required by 'virtual:world', not found
Package libtiff-4 was not found in the pkg-config search path.
Perhaps you should add the directory containing `libtiff-4.pc'
to the PKG_CONFIG_PATH environment variable
Package 'libtiff-4', required by 'virtual:world', not found
** libs
using C compiler: ‘gcc (GCC) 11.5.0 20240719 (Red Hat 11.5.0-11)’
In file included from xlib-backend.h:7,
                 from cairotalk.c:10:
/ref/rmlab/software/tyron/cairo-devel/usr/include/cairo/cairo-xlib.h:44:10: fatal error: X11/Xlib.h: No such file or directory
   44 | #include <X11/Xlib.h>
      |          ^~~~~~~~~~~~
compilation terminated.
make: *** [/ref/rmlab/software/spack-1.1.0/opt/spack/linux-x86_64/r-4.5.2-jga4yt5sdbzfddqszotqf64bn5a6iu2m/rlib/R/etc/Makeconf:202: cairotalk.o] Error 1
make: *** Waiting for unfinished jobs....
ERROR: compilation failed for package ‘Cairo’
* removing ‘/ref/rmlab/software/tyron/R-libs/Cairo’
ERROR: dependency ‘textshaping’ is not available for package ‘ragg’
Perhaps try a variation of:
install.packages('textshaping')
* removing ‘/ref/rmlab/software/tyron/R-libs/ragg’
ERROR: dependencies ‘Cairo’, ‘ragg’ are not available for package ‘ggrastr’
Perhaps try a variation of:
install.packages(c('Cairo', 'ragg'))
* removing ‘/ref/rmlab/software/tyron/R-libs/ggrastr’
ERROR: dependency ‘ggrastr’ is not available for package ‘scCustomize’
Perhaps try a variation of:
install.packages('ggrastr')
* removing ‘/ref/rmlab/software/tyron/R-libs/scCustomize’

The downloaded source packages are in
	‘/tmp/RtmpTwREai/downloaded_packages’
also installing the dependencies ‘ggforce’, ‘ggraph’

trying URL 'https://cloud.r-project.org/src/contrib/ggforce_0.5.0.tar.gz'
trying URL 'https://cloud.r-project.org/src/contrib/ggraph_2.2.2.tar.gz'
trying URL 'https://cloud.r-project.org/src/contrib/clustree_0.5.1.tar.gz'
* installing *source* package ‘ggforce’ ...
** this is package ‘ggforce’ version ‘0.5.0’
** package ‘ggforce’ successfully unpacked and MD5 sums checked
** using staged installation
** libs
using C++ compiler: ‘g++ (GCC) 11.5.0 20240719 (Red Hat 11.5.0-11)’
installing to /ref/rmlab/software/tyron/R-libs/00LOCK-ggforce/00new/ggforce/libs
** R
** byte-compile and prepare package for lazy loading
** help
*** installing help indices
*** copying figures
** building package indices
** testing if installed package can be loaded from temporary location
** checking absolute paths in shared objects and dynamic libraries
readelf: /lib64/libcrypto.so.3: version `OPENSSL_3.6.0' not found (required by /ref/rmlab/software/spack-1.1.0/opt/spack/linux-x86_64/openssl-3.6.0-hdu4phhqvbzn54grs4bbnfjpbma7zlux/lib64/libssl.so.3)
** testing if installed package can be loaded from final location
** testing if installed package keeps a record of temporary installation path
* DONE (ggforce)
* installing *source* package ‘ggraph’ ...
** this is package ‘ggraph’ version ‘2.2.2’
** package ‘ggraph’ successfully unpacked and MD5 sums checked
** using staged installation
** libs
using C++ compiler: ‘g++ (GCC) 11.5.0 20240719 (Red Hat 11.5.0-11)’
installing to /ref/rmlab/software/tyron/R-libs/00LOCK-ggraph/00new/ggraph/libs
** R
** data
*** moving datasets to lazyload DB
** inst
** byte-compile and prepare package for lazy loading
** help
*** installing help indices
*** copying figures
** building package indices
** installing vignettes
** testing if installed package can be loaded from temporary location
** checking absolute paths in shared objects and dynamic libraries
readelf: /lib64/libcrypto.so.3: version `OPENSSL_3.6.0' not found (required by /ref/rmlab/software/spack-1.1.0/opt/spack/linux-x86_64/openssl-3.6.0-hdu4phhqvbzn54grs4bbnfjpbma7zlux/lib64/libssl.so.3)
** testing if installed package can be loaded from final location
** testing if installed package keeps a record of temporary installation path
* DONE (ggraph)
* installing *source* package ‘clustree’ ...
** this is package ‘clustree’ version ‘0.5.1’
** package ‘clustree’ successfully unpacked and MD5 sums checked
** using staged installation
** R
** data
*** moving datasets to lazyload DB
** inst
** byte-compile and prepare package for lazy loading
** help
*** installing help indices
*** copying figures
** building package indices
** installing vignettes
** testing if installed package can be loaded from temporary location
** testing if installed package can be loaded from final location
** testing if installed package keeps a record of temporary installation path
* DONE (clustree)

The downloaded source packages are in
	‘/tmp/RtmpTwREai/downloaded_packages’
trying URL 'https://cloud.r-project.org/src/contrib/tictoc_1.2.1.tar.gz'
Content type 'application/x-gzip' length 528449 bytes (516 KB)
==================================================
downloaded 516 KB

* installing *source* package ‘tictoc’ ...
** this is package ‘tictoc’ version ‘1.2.1’
** package ‘tictoc’ successfully unpacked and MD5 sums checked
** using staged installation
** R
** inst
** byte-compile and prepare package for lazy loading
** help
*** installing help indices
** building package indices
** testing if installed package can be loaded from temporary location
** testing if installed package can be loaded from final location
** testing if installed package keeps a record of temporary installation path
* DONE (tictoc)

The downloaded source packages are in
	‘/tmp/RtmpTwREai/downloaded_packages’
trying URL 'https://cloud.r-project.org/src/contrib/callback_0.1.3.tar.gz'
Content type 'application/x-gzip' length 204214 bytes (199 KB)
==================================================
downloaded 199 KB

* installing *source* package ‘callback’ ...
** this is package ‘callback’ version ‘0.1.3’
** package ‘callback’ successfully unpacked and MD5 sums checked
** using staged installation
** R
** data
*** moving datasets to lazyload DB
** inst
** byte-compile and prepare package for lazy loading
** help
*** installing help indices
** building package indices
** installing vignettes
** testing if installed package can be loaded from temporary location
** testing if installed package can be loaded from final location
** testing if installed package keeps a record of temporary installation path
* DONE (callback)

The downloaded source packages are in
	‘/tmp/RtmpTwREai/downloaded_packages’
There were 15 warnings (use warnings() to see them)
