Bioconductor version 3.22 (BiocManager 1.30.27), R 4.5.2 (2025-10-31)
Installing package(s) 'BiocVersion', 'multtest'
also installing the dependencies ‘BiocGenerics’, ‘Biobase’

trying URL 'https://bioconductor.org/packages/3.22/bioc/src/contrib/BiocGenerics_0.56.0.tar.gz'
trying URL 'https://bioconductor.org/packages/3.22/bioc/src/contrib/Biobase_2.70.0.tar.gz'
trying URL 'https://bioconductor.org/packages/3.22/bioc/src/contrib/BiocVersion_3.22.0.tar.gz'
trying URL 'https://bioconductor.org/packages/3.22/bioc/src/contrib/multtest_2.66.0.tar.gz'
* installing *source* package ‘BiocGenerics’ ...
** this is package ‘BiocGenerics’ version ‘0.56.0’
** package ‘BiocGenerics’ successfully unpacked and MD5 sums checked
** using staged installation
** R
** inst
** byte-compile and prepare package for lazy loading
** help
*** installing help indices
** building package indices
** testing if installed package can be loaded from temporary location
** testing if installed package can be loaded from final location
** testing if installed package keeps a record of temporary installation path
* DONE (BiocGenerics)
* installing *source* package ‘BiocVersion’ ...
** this is package ‘BiocVersion’ version ‘3.22.0’
** package ‘BiocVersion’ successfully unpacked and MD5 sums checked
** using staged installation
** help
*** installing help indices
** building package indices
** testing if installed package can be loaded from temporary location
** testing if installed package can be loaded from final location
** testing if installed package keeps a record of temporary installation path
* DONE (BiocVersion)
* installing *source* package ‘Biobase’ ...
** this is package ‘Biobase’ version ‘2.70.0’
** package ‘Biobase’ successfully unpacked and MD5 sums checked
** using staged installation
** libs
using C compiler: ‘gcc (GCC) 11.5.0 20240719 (Red Hat 11.5.0-11)’
installing to /ref/rmlab/software/tyron/R-libs/00LOCK-Biobase/00new/Biobase/libs
** R
** data
** inst
** byte-compile and prepare package for lazy loading
** help
*** installing help indices
** building package indices
** installing vignettes
** testing if installed package can be loaded from temporary location
** checking absolute paths in shared objects and dynamic libraries
readelf: /lib64/libcrypto.so.3: version `OPENSSL_3.6.0' not found (required by /ref/rmlab/software/spack-1.1.0/opt/spack/linux-x86_64/openssl-3.6.0-hdu4phhqvbzn54grs4bbnfjpbma7zlux/lib64/libssl.so.3)
** testing if installed package can be loaded from final location
** testing if installed package keeps a record of temporary installation path
* DONE (Biobase)
* installing *source* package ‘multtest’ ...
** this is package ‘multtest’ version ‘2.66.0’
** package ‘multtest’ successfully unpacked and MD5 sums checked
** using staged installation
** libs
using C compiler: ‘gcc (GCC) 11.5.0 20240719 (Red Hat 11.5.0-11)’
installing to /ref/rmlab/software/tyron/R-libs/00LOCK-multtest/00new/multtest/libs
** R
** data
** inst
** byte-compile and prepare package for lazy loading
** help
*** installing help indices
** building package indices
** installing vignettes
** testing if installed package can be loaded from temporary location
** checking absolute paths in shared objects and dynamic libraries
readelf: /lib64/libcrypto.so.3: version `OPENSSL_3.6.0' not found (required by /ref/rmlab/software/spack-1.1.0/opt/spack/linux-x86_64/openssl-3.6.0-hdu4phhqvbzn54grs4bbnfjpbma7zlux/lib64/libssl.so.3)
** testing if installed package can be loaded from final location
** testing if installed package keeps a record of temporary installation path
* DONE (multtest)

The downloaded source packages are in
	‘/tmp/RtmpyGUrC1/downloaded_packages’
Bioconductor version 3.22 (BiocManager 1.30.27), R 4.5.2 (2025-10-31)
Installing package(s) 'ComplexHeatmap'
also installing the dependencies ‘S4Vectors’, ‘iterators’, ‘GetoptLong’, ‘clue’, ‘IRanges’, ‘foreach’, ‘doParallel’

trying URL 'https://bioconductor.org/packages/3.22/bioc/src/contrib/S4Vectors_0.48.1.tar.gz'
trying URL 'https://cloud.r-project.org/src/contrib/iterators_1.0.14.tar.gz'
trying URL 'https://cloud.r-project.org/src/contrib/GetoptLong_1.1.1.tar.gz'
trying URL 'https://cloud.r-project.org/src/contrib/clue_0.3-68.tar.gz'
trying URL 'https://bioconductor.org/packages/3.22/bioc/src/contrib/IRanges_2.44.0.tar.gz'
trying URL 'https://cloud.r-project.org/src/contrib/foreach_1.5.2.tar.gz'
trying URL 'https://cloud.r-project.org/src/contrib/doParallel_1.0.17.tar.gz'
trying URL 'https://bioconductor.org/packages/3.22/bioc/src/contrib/ComplexHeatmap_2.26.1.tar.gz'
* installing *source* package ‘S4Vectors’ ...
** this is package ‘S4Vectors’ version ‘0.48.1’
** package ‘S4Vectors’ successfully unpacked and MD5 sums checked
** using staged installation
** libs
using C compiler: ‘gcc (GCC) 11.5.0 20240719 (Red Hat 11.5.0-11)’
Hits_class.c: In function ‘qsort_hits’:
Hits_class.c:74:25: warning: ‘memcpy’ specified bound between 18446744065119617024 and 18446744073709551612 exceeds maximum object size 9223372036854775807 [-Wstringop-overflow=]
   74 |                         memcpy(from_in, revmap, sizeof(int) * nhit);
      |                         ^~~~~~~~~~~~~~~~~~~~~~~~~~~~~~~~~~~~~~~~~~~
installing to /ref/rmlab/software/tyron/R-libs/00LOCK-S4Vectors/00new/S4Vectors/libs
** R
** inst
** byte-compile and prepare package for lazy loading
** help
*** installing help indices
** building package indices
** installing vignettes
** testing if installed package can be loaded from temporary location
** checking absolute paths in shared objects and dynamic libraries
readelf: /lib64/libcrypto.so.3: version `OPENSSL_3.6.0' not found (required by /ref/rmlab/software/spack-1.1.0/opt/spack/linux-x86_64/openssl-3.6.0-hdu4phhqvbzn54grs4bbnfjpbma7zlux/lib64/libssl.so.3)
** testing if installed package can be loaded from final location
** testing if installed package keeps a record of temporary installation path
* DONE (S4Vectors)
* installing *source* package ‘iterators’ ...
** this is package ‘iterators’ version ‘1.0.14’
** package ‘iterators’ successfully unpacked and MD5 sums checked
** using staged installation
** R
** inst
** byte-compile and prepare package for lazy loading
** help
*** installing help indices
** building package indices
** installing vignettes
** testing if installed package can be loaded from temporary location
** testing if installed package can be loaded from final location
** testing if installed package keeps a record of temporary installation path
* DONE (iterators)
* installing *source* package ‘GetoptLong’ ...
** this is package ‘GetoptLong’ version ‘1.1.1’
** package ‘GetoptLong’ successfully unpacked and MD5 sums checked
** using staged installation
** R
** inst
** byte-compile and prepare package for lazy loading
** help
*** installing help indices
** building package indices
** installing vignettes
** testing if installed package can be loaded from temporary location
** testing if installed package can be loaded from final location
** testing if installed package keeps a record of temporary installation path
* DONE (GetoptLong)
* installing *source* package ‘clue’ ...
** this is package ‘clue’ version ‘0.3-68’
** package ‘clue’ successfully unpacked and MD5 sums checked
** using staged installation
** libs
using C compiler: ‘gcc (GCC) 11.5.0 20240719 (Red Hat 11.5.0-11)’
installing to /ref/rmlab/software/tyron/R-libs/00LOCK-clue/00new/clue/libs
** R
** data
** inst
** byte-compile and prepare package for lazy loading
** help
*** installing help indices
** building package indices
** installing vignettes
** testing if installed package can be loaded from temporary location
** checking absolute paths in shared objects and dynamic libraries
readelf: /lib64/libcrypto.so.3: version `OPENSSL_3.6.0' not found (required by /ref/rmlab/software/spack-1.1.0/opt/spack/linux-x86_64/openssl-3.6.0-hdu4phhqvbzn54grs4bbnfjpbma7zlux/lib64/libssl.so.3)
** testing if installed package can be loaded from final location
** testing if installed package keeps a record of temporary installation path
* DONE (clue)
* installing *source* package ‘IRanges’ ...
** this is package ‘IRanges’ version ‘2.44.0’
** package ‘IRanges’ successfully unpacked and MD5 sums checked
** using staged installation
** libs
using C compiler: ‘gcc (GCC) 11.5.0 20240719 (Red Hat 11.5.0-11)’
installing to /ref/rmlab/software/tyron/R-libs/00LOCK-IRanges/00new/IRanges/libs
** R
** inst
** byte-compile and prepare package for lazy loading
** help
*** installing help indices
** building package indices
** installing vignettes
** testing if installed package can be loaded from temporary location
** checking absolute paths in shared objects and dynamic libraries
readelf: /lib64/libcrypto.so.3: version `OPENSSL_3.6.0' not found (required by /ref/rmlab/software/spack-1.1.0/opt/spack/linux-x86_64/openssl-3.6.0-hdu4phhqvbzn54grs4bbnfjpbma7zlux/lib64/libssl.so.3)
** testing if installed package can be loaded from final location
** testing if installed package keeps a record of temporary installation path
* DONE (IRanges)
* installing *source* package ‘foreach’ ...
** this is package ‘foreach’ version ‘1.5.2’
** package ‘foreach’ successfully unpacked and MD5 sums checked
** using staged installation
** R
** demo
** inst
** byte-compile and prepare package for lazy loading
** help
*** installing help indices
** building package indices
** installing vignettes
** testing if installed package can be loaded from temporary location
** testing if installed package can be loaded from final location
** testing if installed package keeps a record of temporary installation path
* DONE (foreach)
* installing *source* package ‘doParallel’ ...
** this is package ‘doParallel’ version ‘1.0.17’
** package ‘doParallel’ successfully unpacked and MD5 sums checked
** using staged installation
** R
** demo
** inst
** byte-compile and prepare package for lazy loading
** help
*** installing help indices
** building package indices
** installing vignettes
** testing if installed package can be loaded from temporary location
** testing if installed package can be loaded from final location
** testing if installed package keeps a record of temporary installation path
* DONE (doParallel)
* installing *source* package ‘ComplexHeatmap’ ...
** this is package ‘ComplexHeatmap’ version ‘2.26.1’
** package ‘ComplexHeatmap’ successfully unpacked and MD5 sums checked
** using staged installation
** R
** inst
** byte-compile and prepare package for lazy loading
** help
*** installing help indices
** building package indices
** installing vignettes
** testing if installed package can be loaded from temporary location
** testing if installed package can be loaded from final location
** testing if installed package keeps a record of temporary installation path
* DONE (ComplexHeatmap)

The downloaded source packages are in
	‘/tmp/RtmpyGUrC1/downloaded_packages’
Bioconductor version 3.22 (BiocManager 1.30.27), R 4.5.2 (2025-10-31)
Installing package(s) 'DropletUtils'
also installing the dependencies ‘statmod’, ‘Seqinfo’, ‘MatrixGenerics’, ‘S4Arrays’, ‘snow’, ‘XVector’, ‘sparseMatrixStats’, ‘h5mread’, ‘rhdf5filters’, ‘limma’, ‘locfit’, ‘SingleCellExperiment’, ‘GenomicRanges’, ‘SummarizedExperiment’, ‘BiocParallel’, ‘SparseArray’, ‘DelayedArray’, ‘DelayedMatrixStats’, ‘HDF5Array’, ‘rhdf5’, ‘edgeR’, ‘beachmat’, ‘scuttle’, ‘assorthead’, ‘Rhdf5lib’

trying URL 'https://cloud.r-project.org/src/contrib/statmod_1.5.2.tar.gz'
trying URL 'https://bioconductor.org/packages/3.22/bioc/src/contrib/Seqinfo_1.0.0.tar.gz'
trying URL 'https://bioconductor.org/packages/3.22/bioc/src/contrib/MatrixGenerics_1.22.0.tar.gz'
trying URL 'https://bioconductor.org/packages/3.22/bioc/src/contrib/S4Arrays_1.10.1.tar.gz'
trying URL 'https://cloud.r-project.org/src/contrib/snow_0.4-4.tar.gz'
trying URL 'https://bioconductor.org/packages/3.22/bioc/src/contrib/XVector_0.50.0.tar.gz'
trying URL 'https://bioconductor.org/packages/3.22/bioc/src/contrib/sparseMatrixStats_1.22.0.tar.gz'
trying URL 'https://bioconductor.org/packages/3.22/bioc/src/contrib/h5mread_1.2.1.tar.gz'
trying URL 'https://bioconductor.org/packages/3.22/bioc/src/contrib/rhdf5filters_1.22.0.tar.gz'
trying URL 'https://bioconductor.org/packages/3.22/bioc/src/contrib/limma_3.66.0.tar.gz'
trying URL 'https://cloud.r-project.org/src/contrib/locfit_1.5-9.12.tar.gz'
trying URL 'https://bioconductor.org/packages/3.22/bioc/src/contrib/SingleCellExperiment_1.32.0.tar.gz'
trying URL 'https://bioconductor.org/packages/3.22/bioc/src/contrib/GenomicRanges_1.62.1.tar.gz'
trying URL 'https://bioconductor.org/packages/3.22/bioc/src/contrib/SummarizedExperiment_1.40.0.tar.gz'
trying URL 'https://bioconductor.org/packages/3.22/bioc/src/contrib/BiocParallel_1.44.0.tar.gz'
trying URL 'https://bioconductor.org/packages/3.22/bioc/src/contrib/SparseArray_1.10.10.tar.gz'
trying URL 'https://bioconductor.org/packages/3.22/bioc/src/contrib/DelayedArray_0.36.1.tar.gz'
trying URL 'https://bioconductor.org/packages/3.22/bioc/src/contrib/DelayedMatrixStats_1.32.0.tar.gz'
trying URL 'https://bioconductor.org/packages/3.22/bioc/src/contrib/HDF5Array_1.38.0.tar.gz'
trying URL 'https://bioconductor.org/packages/3.22/bioc/src/contrib/rhdf5_2.54.1.tar.gz'
trying URL 'https://bioconductor.org/packages/3.22/bioc/src/contrib/edgeR_4.8.2.tar.gz'
trying URL 'https://bioconductor.org/packages/3.22/bioc/src/contrib/beachmat_2.26.0.tar.gz'
trying URL 'https://bioconductor.org/packages/3.22/bioc/src/contrib/scuttle_1.20.0.tar.gz'
trying URL 'https://bioconductor.org/packages/3.22/bioc/src/contrib/assorthead_1.4.0.tar.gz'
trying URL 'https://bioconductor.org/packages/3.22/bioc/src/contrib/Rhdf5lib_1.32.0.tar.gz'
trying URL 'https://bioconductor.org/packages/3.22/bioc/src/contrib/DropletUtils_1.30.0.tar.gz'
* installing *source* package ‘statmod’ ...
** this is package ‘statmod’ version ‘1.5.2’
** package ‘statmod’ successfully unpacked and MD5 sums checked
** using staged installation
** libs
using C compiler: ‘gcc (GCC) 11.5.0 20240719 (Red Hat 11.5.0-11)’
using Fortran compiler: ‘GNU Fortran (GCC) 11.5.0 20240719 (Red Hat 11.5.0-11)’
installing to /ref/rmlab/software/tyron/R-libs/00LOCK-statmod/00new/statmod/libs
** R
** data
** inst
** byte-compile and prepare package for lazy loading
** help
*** installing help indices
** building package indices
** testing if installed package can be loaded from temporary location
** checking absolute paths in shared objects and dynamic libraries
readelf: /lib64/libcrypto.so.3: version `OPENSSL_3.6.0' not found (required by /ref/rmlab/software/spack-1.1.0/opt/spack/linux-x86_64/openssl-3.6.0-hdu4phhqvbzn54grs4bbnfjpbma7zlux/lib64/libssl.so.3)
** testing if installed package can be loaded from final location
** testing if installed package keeps a record of temporary installation path
* DONE (statmod)
* installing *source* package ‘Seqinfo’ ...
** this is package ‘Seqinfo’ version ‘1.0.0’
** package ‘Seqinfo’ successfully unpacked and MD5 sums checked
** using staged installation
** R
** inst
** byte-compile and prepare package for lazy loading
** help
*** installing help indices
** building package indices
** installing vignettes
** testing if installed package can be loaded from temporary location
** testing if installed package can be loaded from final location
** testing if installed package keeps a record of temporary installation path
* DONE (Seqinfo)
* installing *source* package ‘MatrixGenerics’ ...
** this is package ‘MatrixGenerics’ version ‘1.22.0’
** package ‘MatrixGenerics’ successfully unpacked and MD5 sums checked
** using staged installation
** R
** inst
** byte-compile and prepare package for lazy loading
** help
*** installing help indices
** building package indices
** testing if installed package can be loaded from temporary location
** testing if installed package can be loaded from final location
** testing if installed package keeps a record of temporary installation path
* DONE (MatrixGenerics)
* installing *source* package ‘S4Arrays’ ...
** this is package ‘S4Arrays’ version ‘1.10.1’
** package ‘S4Arrays’ successfully unpacked and MD5 sums checked
** using staged installation
** libs
using C compiler: ‘gcc (GCC) 11.5.0 20240719 (Red Hat 11.5.0-11)’
installing to /ref/rmlab/software/tyron/R-libs/00LOCK-S4Arrays/00new/S4Arrays/libs
** R
** inst
** byte-compile and prepare package for lazy loading
** help
*** installing help indices
** building package indices
** installing vignettes
** testing if installed package can be loaded from temporary location
** checking absolute paths in shared objects and dynamic libraries
readelf: /lib64/libcrypto.so.3: version `OPENSSL_3.6.0' not found (required by /ref/rmlab/software/spack-1.1.0/opt/spack/linux-x86_64/openssl-3.6.0-hdu4phhqvbzn54grs4bbnfjpbma7zlux/lib64/libssl.so.3)
** testing if installed package can be loaded from final location
** testing if installed package keeps a record of temporary installation path
* DONE (S4Arrays)
* installing *source* package ‘snow’ ...
** this is package ‘snow’ version ‘0.4-4’
** package ‘snow’ successfully unpacked and MD5 sums checked
** using staged installation
** R
** inst
** byte-compile and prepare package for lazy loading
** help
*** installing help indices
** building package indices
** testing if installed package can be loaded from temporary location
** testing if installed package can be loaded from final location
** testing if installed package keeps a record of temporary installation path
* DONE (snow)
* installing *source* package ‘XVector’ ...
** this is package ‘XVector’ version ‘0.50.0’
** package ‘XVector’ successfully unpacked and MD5 sums checked
** using staged installation
** libs
using C compiler: ‘gcc (GCC) 11.5.0 20240719 (Red Hat 11.5.0-11)’
installing to /ref/rmlab/software/tyron/R-libs/00LOCK-XVector/00new/XVector/libs
** R
** inst
** byte-compile and prepare package for lazy loading
** help
*** installing help indices
** building package indices
** testing if installed package can be loaded from temporary location
** checking absolute paths in shared objects and dynamic libraries
readelf: /lib64/libcrypto.so.3: version `OPENSSL_3.6.0' not found (required by /ref/rmlab/software/spack-1.1.0/opt/spack/linux-x86_64/openssl-3.6.0-hdu4phhqvbzn54grs4bbnfjpbma7zlux/lib64/libssl.so.3)
** testing if installed package can be loaded from final location
** testing if installed package keeps a record of temporary installation path
* DONE (XVector)
* installing *source* package ‘locfit’ ...
** this is package ‘locfit’ version ‘1.5-9.12’
** package ‘locfit’ successfully unpacked and MD5 sums checked
** using staged installation
** libs
using C compiler: ‘gcc (GCC) 11.5.0 20240719 (Red Hat 11.5.0-11)’
installing to /ref/rmlab/software/tyron/R-libs/00LOCK-locfit/00new/locfit/libs
** R
** data
** byte-compile and prepare package for lazy loading
** help
*** installing help indices
** building package indices
** testing if installed package can be loaded from temporary location
** checking absolute paths in shared objects and dynamic libraries
readelf: /lib64/libcrypto.so.3: version `OPENSSL_3.6.0' not found (required by /ref/rmlab/software/spack-1.1.0/opt/spack/linux-x86_64/openssl-3.6.0-hdu4phhqvbzn54grs4bbnfjpbma7zlux/lib64/libssl.so.3)
** testing if installed package can be loaded from final location
** testing if installed package keeps a record of temporary installation path
* DONE (locfit)
* installing *source* package ‘assorthead’ ...
** this is package ‘assorthead’ version ‘1.4.0’
** package ‘assorthead’ successfully unpacked and MD5 sums checked
** using staged installation
** inst
** help
*** installing help indices
** building package indices
** installing vignettes
** testing if installed package can be loaded from temporary location
** testing if installed package can be loaded from final location
** testing if installed package keeps a record of temporary installation path
* DONE (assorthead)
* installing *source* package ‘Rhdf5lib’ ...
** this is package ‘Rhdf5lib’ version ‘1.32.0’
** package ‘Rhdf5lib’ successfully unpacked and MD5 sums checked
** using staged installation
** libs
using C compiler: ‘gcc (GCC) 11.5.0 20240719 (Red Hat 11.5.0-11)’
[2026-05-19T22:30:17.239] error: *** JOB 41040415 ON n193 CANCELLED AT 2026-05-19T22:30:17 DUE to SIGNAL Terminated ***
