
Registered S3 method overwritten by 'zellkonverter':
  method                                             from      
  py_to_r.pandas.core.arrays.categorical.Categorical reticulate


Bioconductor version 3.22 (BiocManager 1.30.27), R 4.5.2 (2025-10-31)
Installing package(s) 'singleCellTK'
also installing the dependencies ‘qqconf’, ‘metap’

trying URL 'https://cloud.r-project.org/src/contrib/qqconf_1.3.2.tar.gz'
trying URL 'https://cloud.r-project.org/src/contrib/metap_1.14.tar.gz'
trying URL 'https://bioconductor.org/packages/3.22/bioc/src/contrib/singleCellTK_2.20.1.tar.gz'
* installing *source* package ‘qqconf’ ...
** this is package ‘qqconf’ version ‘1.3.2’
** package ‘qqconf’ successfully unpacked and MD5 sums checked
** using staged installation
** libs
using C++ compiler: ‘g++ (GCC) 11.5.0 20240719 (Red Hat 11.5.0-11)’
installing to /ref/rmlab/software/tyron/R-libs/00LOCK-qqconf/00new/qqconf/libs
** R
** inst
** byte-compile and prepare package for lazy loading
** help
*** installing help indices
** building package indices
** installing vignettes
** testing if installed package can be loaded from temporary location
** checking absolute paths in shared objects and dynamic libraries
readelf: /lib64/libcrypto.so.3: version `OPENSSL_3.6.0' not found (required by /ref/rmlab/software/spack-1.1.0/opt/spack/linux-x86_64/openssl-3.6.0-hdu4phhqvbzn54grs4bbnfjpbma7zlux/lib64/libssl.so.3)
** testing if installed package can be loaded from final location
** testing if installed package keeps a record of temporary installation path
* DONE (qqconf)
* installing *source* package ‘metap’ ...
** this is package ‘metap’ version ‘1.14’
** package ‘metap’ successfully unpacked and MD5 sums checked
** using staged installation
** R
** data
** inst
** byte-compile and prepare package for lazy loading
** help
*** installing help indices
** building package indices
** installing vignettes
** testing if installed package can be loaded from temporary location
** testing if installed package can be loaded from final location
** testing if installed package keeps a record of temporary installation path
* DONE (metap)
* installing *source* package ‘singleCellTK’ ...
** this is package ‘singleCellTK’ version ‘2.20.1’
** package ‘singleCellTK’ successfully unpacked and MD5 sums checked
** using staged installation
** R
** data
** exec
** inst
** byte-compile and prepare package for lazy loading
** help
*** installing help indices
** building package indices
** installing vignettes
** testing if installed package can be loaded from temporary location
** testing if installed package can be loaded from final location
** testing if installed package keeps a record of temporary installation path
* DONE (singleCellTK)

The downloaded source packages are in
	‘/tmp/RtmpBWn9tA/downloaded_packages’
