=== Bioconductor Install ===
R: R version 4.5.2 (2025-10-31) -- "[Not] Part in a Rumble"
Library: /ref/rmlab/software/tyron/R-libs
Start: Wed May 20 01:14:59 AM CDT 2026
SKIP (already installed): multtest
SKIP (already installed): ComplexHeatmap
SKIP (already installed): DropletUtils
SKIP (already installed): AUCell
SKIP (already installed): glmGamPoi
SKIP (already installed): scDblFinder
SKIP (already installed): Rhtslib
SKIP (already installed): AnnotationDbi
SKIP (already installed): clusterProfiler
SKIP (already installed): ReactomePA
SKIP (already installed): apeglm
SKIP (already installed): DESeq2
SKIP (already installed): zellkonverter
SKIP (already installed): miloR
SKIP (already installed): org.Mm.eg.db
SKIP (already installed): org.Hs.eg.db
SKIP (already installed): BiocGenerics
SKIP (already installed): DelayedArray
SKIP (already installed): DelayedMatrixStats
SKIP (already installed): limma
SKIP (already installed): S4Vectors
SKIP (already installed): SingleCellExperiment
SKIP (already installed): SummarizedExperiment
SKIP (already installed): batchelor
SKIP (already installed): HDF5Array
SKIP (already installed): edgeR

=== Installing: GSVA ===
Found pkg-config cflags and libs!
Using PKG_CFLAGS=-I/ref/rmlab/software/tyron/imagemagick-devel/usr/include/ImageMagick-6 -DMAGICKCORE_HDRI_ENABLE=0 -DMAGICKCORE_QUANTUM_DEPTH=16 
Using PKG_LIBS=-lMagick++-6.Q16 -lMagickWand-6.Q16 -lMagickCore-6.Q16 
/usr/bin/g++ -std=gnu++17 -I"/ref/rmlab/software/spack-1.1.0/opt/spack/linux-x86_64/r-4.5.2-jga4yt5sdbzfddqszotqf64bn5a6iu2m/rlib/R/include" -DNDEBUG -I/ref/rmlab/software/tyron/imagemagick-devel/usr/include/ImageMagick-6 -DMAGICKCORE_HDRI_ENABLE=0 -DMAGICKCORE_QUANTUM_DEPTH=16  -I'/ref/rmlab/software/tyron/R-libs/Rcpp/include' -I/usr/local/include   -fvisibility=hidden -fpic  -g -O2   -c RcppExports.cpp -o RcppExports.o
/usr/bin/g++ -std=gnu++17 -I"/ref/rmlab/software/spack-1.1.0/opt/spack/linux-x86_64/r-4.5.2-jga4yt5sdbzfddqszotqf64bn5a6iu2m/rlib/R/include" -DNDEBUG -I/ref/rmlab/software/tyron/imagemagick-devel/usr/include/ImageMagick-6 -DMAGICKCORE_HDRI_ENABLE=0 -DMAGICKCORE_QUANTUM_DEPTH=16  -I'/ref/rmlab/software/tyron/R-libs/Rcpp/include' -I/usr/local/include   -fvisibility=hidden -fpic  -g -O2   -c animation.cpp -o animation.o
/usr/bin/g++ -std=gnu++17 -I"/ref/rmlab/software/spack-1.1.0/opt/spack/linux-x86_64/r-4.5.2-jga4yt5sdbzfddqszotqf64bn5a6iu2m/rlib/R/include" -DNDEBUG -I/ref/rmlab/software/tyron/imagemagick-devel/usr/include/ImageMagick-6 -DMAGICKCORE_HDRI_ENABLE=0 -DMAGICKCORE_QUANTUM_DEPTH=16  -I'/ref/rmlab/software/tyron/R-libs/Rcpp/include' -I/usr/local/include   -fvisibility=hidden -fpic  -g -O2   -c attributes.cpp -o attributes.o
/usr/bin/g++ -std=gnu++17 -I"/ref/rmlab/software/spack-1.1.0/opt/spack/linux-x86_64/r-4.5.2-jga4yt5sdbzfddqszotqf64bn5a6iu2m/rlib/R/include" -DNDEBUG -I/ref/rmlab/software/tyron/imagemagick-devel/usr/include/ImageMagick-6 -DMAGICKCORE_HDRI_ENABLE=0 -DMAGICKCORE_QUANTUM_DEPTH=16  -I'/ref/rmlab/software/tyron/R-libs/Rcpp/include' -I/usr/local/include   -fvisibility=hidden -fpic  -g -O2   -c base.cpp -o base.o
/usr/bin/g++ -std=gnu++17 -I"/ref/rmlab/software/spack-1.1.0/opt/spack/linux-x86_64/r-4.5.2-jga4yt5sdbzfddqszotqf64bn5a6iu2m/rlib/R/include" -DNDEBUG -I/ref/rmlab/software/tyron/imagemagick-devel/usr/include/ImageMagick-6 -DMAGICKCORE_HDRI_ENABLE=0 -DMAGICKCORE_QUANTUM_DEPTH=16  -I'/ref/rmlab/software/tyron/R-libs/Rcpp/include' -I/usr/local/include   -fvisibility=hidden -fpic  -g -O2   -c color.cpp -o color.o
/usr/bin/g++ -std=gnu++17 -I"/ref/rmlab/software/spack-1.1.0/opt/spack/linux-x86_64/r-4.5.2-jga4yt5sdbzfddqszotqf64bn5a6iu2m/rlib/R/include" -DNDEBUG -I/ref/rmlab/software/tyron/imagemagick-devel/usr/include/ImageMagick-6 -DMAGICKCORE_HDRI_ENABLE=0 -DMAGICKCORE_QUANTUM_DEPTH=16  -I'/ref/rmlab/software/tyron/R-libs/Rcpp/include' -I/usr/local/include   -fvisibility=hidden -fpic  -g -O2   -c composite.cpp -o composite.o
/usr/bin/g++ -std=gnu++17 -I"/ref/rmlab/software/spack-1.1.0/opt/spack/linux-x86_64/r-4.5.2-jga4yt5sdbzfddqszotqf64bn5a6iu2m/rlib/R/include" -DNDEBUG -I/ref/rmlab/software/tyron/imagemagick-devel/usr/include/ImageMagick-6 -DMAGICKCORE_HDRI_ENABLE=0 -DMAGICKCORE_QUANTUM_DEPTH=16  -I'/ref/rmlab/software/tyron/R-libs/Rcpp/include' -I/usr/local/include   -fvisibility=hidden -fpic  -g -O2   -c config.cc -o config.o
/usr/bin/g++ -std=gnu++17 -I"/ref/rmlab/software/spack-1.1.0/opt/spack/linux-x86_64/r-4.5.2-jga4yt5sdbzfddqszotqf64bn5a6iu2m/rlib/R/include" -DNDEBUG -I/ref/rmlab/software/tyron/imagemagick-devel/usr/include/ImageMagick-6 -DMAGICKCORE_HDRI_ENABLE=0 -DMAGICKCORE_QUANTUM_DEPTH=16  -I'/ref/rmlab/software/tyron/R-libs/Rcpp/include' -I/usr/local/include   -fvisibility=hidden -fpic  -g -O2   -c convolve.cpp -o convolve.o
/usr/bin/g++ -std=gnu++17 -I"/ref/rmlab/software/spack-1.1.0/opt/spack/linux-x86_64/r-4.5.2-jga4yt5sdbzfddqszotqf64bn5a6iu2m/rlib/R/include" -DNDEBUG -I/ref/rmlab/software/tyron/imagemagick-devel/usr/include/ImageMagick-6 -DMAGICKCORE_HDRI_ENABLE=0 -DMAGICKCORE_QUANTUM_DEPTH=16  -I'/ref/rmlab/software/tyron/R-libs/Rcpp/include' -I/usr/local/include   -fvisibility=hidden -fpic  -g -O2   -c device.cpp -o device.o
/usr/bin/g++ -std=gnu++17 -I"/ref/rmlab/software/spack-1.1.0/opt/spack/linux-x86_64/r-4.5.2-jga4yt5sdbzfddqszotqf64bn5a6iu2m/rlib/R/include" -DNDEBUG -I/ref/rmlab/software/tyron/imagemagick-devel/usr/include/ImageMagick-6 -DMAGICKCORE_HDRI_ENABLE=0 -DMAGICKCORE_QUANTUM_DEPTH=16  -I'/ref/rmlab/software/tyron/R-libs/Rcpp/include' -I/usr/local/include   -fvisibility=hidden -fpic  -g -O2   -c edges.cpp -o edges.o
/usr/bin/g++ -std=gnu++17 -I"/ref/rmlab/software/spack-1.1.0/opt/spack/linux-x86_64/r-4.5.2-jga4yt5sdbzfddqszotqf64bn5a6iu2m/rlib/R/include" -DNDEBUG -I/ref/rmlab/software/tyron/imagemagick-devel/usr/include/ImageMagick-6 -DMAGICKCORE_HDRI_ENABLE=0 -DMAGICKCORE_QUANTUM_DEPTH=16  -I'/ref/rmlab/software/tyron/R-libs/Rcpp/include' -I/usr/local/include   -fvisibility=hidden -fpic  -g -O2   -c edit.cpp -o edit.o
/usr/bin/g++ -std=gnu++17 -I"/ref/rmlab/software/spack-1.1.0/opt/spack/linux-x86_64/r-4.5.2-jga4yt5sdbzfddqszotqf64bn5a6iu2m/rlib/R/include" -DNDEBUG -I/ref/rmlab/software/tyron/imagemagick-devel/usr/include/ImageMagick-6 -DMAGICKCORE_HDRI_ENABLE=0 -DMAGICKCORE_QUANTUM_DEPTH=16  -I'/ref/rmlab/software/tyron/R-libs/Rcpp/include' -I/usr/local/include   -fvisibility=hidden -fpic  -g -O2   -c fonts.cpp -o fonts.o
/usr/bin/g++ -std=gnu++17 -I"/ref/rmlab/software/spack-1.1.0/opt/spack/linux-x86_64/r-4.5.2-jga4yt5sdbzfddqszotqf64bn5a6iu2m/rlib/R/include" -DNDEBUG -I/ref/rmlab/software/tyron/imagemagick-devel/usr/include/ImageMagick-6 -DMAGICKCORE_HDRI_ENABLE=0 -DMAGICKCORE_QUANTUM_DEPTH=16  -I'/ref/rmlab/software/tyron/R-libs/Rcpp/include' -I/usr/local/include   -fvisibility=hidden -fpic  -g -O2   -c options.cpp -o options.o
/usr/bin/g++ -std=gnu++17 -I"/ref/rmlab/software/spack-1.1.0/opt/spack/linux-x86_64/r-4.5.2-jga4yt5sdbzfddqszotqf64bn5a6iu2m/rlib/R/include" -DNDEBUG -I/ref/rmlab/software/tyron/imagemagick-devel/usr/include/ImageMagick-6 -DMAGICKCORE_HDRI_ENABLE=0 -DMAGICKCORE_QUANTUM_DEPTH=16  -I'/ref/rmlab/software/tyron/R-libs/Rcpp/include' -I/usr/local/include   -fvisibility=hidden -fpic  -g -O2   -c properties.cpp -o properties.o
/usr/bin/g++ -std=gnu++17 -I"/ref/rmlab/software/spack-1.1.0/opt/spack/linux-x86_64/r-4.5.2-jga4yt5sdbzfddqszotqf64bn5a6iu2m/rlib/R/include" -DNDEBUG -I/ref/rmlab/software/tyron/imagemagick-devel/usr/include/ImageMagick-6 -DMAGICKCORE_HDRI_ENABLE=0 -DMAGICKCORE_QUANTUM_DEPTH=16  -I'/ref/rmlab/software/tyron/R-libs/Rcpp/include' -I/usr/local/include   -fvisibility=hidden -fpic  -g -O2   -c resize.cpp -o resize.o
/usr/bin/g++ -std=gnu++17 -I"/ref/rmlab/software/spack-1.1.0/opt/spack/linux-x86_64/r-4.5.2-jga4yt5sdbzfddqszotqf64bn5a6iu2m/rlib/R/include" -DNDEBUG -I/ref/rmlab/software/tyron/imagemagick-devel/usr/include/ImageMagick-6 -DMAGICKCORE_HDRI_ENABLE=0 -DMAGICKCORE_QUANTUM_DEPTH=16  -I'/ref/rmlab/software/tyron/R-libs/Rcpp/include' -I/usr/local/include   -fvisibility=hidden -fpic  -g -O2   -c segment.cpp -o segment.o
/usr/bin/g++ -std=gnu++17 -I"/ref/rmlab/software/spack-1.1.0/opt/spack/linux-x86_64/r-4.5.2-jga4yt5sdbzfddqszotqf64bn5a6iu2m/rlib/R/include" -DNDEBUG -I/ref/rmlab/software/tyron/imagemagick-devel/usr/include/ImageMagick-6 -DMAGICKCORE_HDRI_ENABLE=0 -DMAGICKCORE_QUANTUM_DEPTH=16  -I'/ref/rmlab/software/tyron/R-libs/Rcpp/include' -I/usr/local/include   -fvisibility=hidden -fpic  -g -O2   -c transformations.cpp -o transformations.o
/usr/bin/g++ -std=gnu++17 -shared -L/ref/rmlab/software/spack-1.1.0/opt/spack/linux-x86_64/r-4.5.2-jga4yt5sdbzfddqszotqf64bn5a6iu2m/rlib/R/lib -Wl,-rpath,/ref/rmlab/software/spack-1.1.0/opt/spack/linux-x86_64/r-4.5.2-jga4yt5sdbzfddqszotqf64bn5a6iu2m/rlib/R/lib -o magick.so RcppExports.o animation.o attributes.o base.o color.o composite.o config.o convolve.o device.o edges.o edit.o fonts.o options.o properties.o resize.o segment.o transformations.o -lMagick++-6.Q16 -lMagickWand-6.Q16 -lMagickCore-6.Q16 -L/ref/rmlab/software/spack-1.1.0/opt/spack/linux-x86_64/r-4.5.2-jga4yt5sdbzfddqszotqf64bn5a6iu2m/rlib/R/lib -lR
Error: R: NoDecodeDelegateForThisImageFormat `' @ error/constitute.c/ReadImage/581
Execution halted
Found pkg-config cflags and libs!
Using PKG_CFLAGS=-I/ref/rmlab/software/tyron/imagemagick-devel/usr/include/ImageMagick-6 -DMAGICKCORE_HDRI_ENABLE=0 -DMAGICKCORE_QUANTUM_DEPTH=16 
Using PKG_LIBS=-lMagick++-6.Q16 -lMagickWand-6.Q16 -lMagickCore-6.Q16 
/usr/bin/g++ -std=gnu++17 -I"/ref/rmlab/software/spack-1.1.0/opt/spack/linux-x86_64/r-4.5.2-jga4yt5sdbzfddqszotqf64bn5a6iu2m/rlib/R/include" -DNDEBUG -I/ref/rmlab/software/tyron/imagemagick-devel/usr/include/ImageMagick-6 -DMAGICKCORE_HDRI_ENABLE=0 -DMAGICKCORE_QUANTUM_DEPTH=16  -I'/ref/rmlab/software/tyron/R-libs/Rcpp/include' -I/usr/local/include   -fvisibility=hidden -fpic  -g -O2   -c RcppExports.cpp -o RcppExports.o
/usr/bin/g++ -std=gnu++17 -I"/ref/rmlab/software/spack-1.1.0/opt/spack/linux-x86_64/r-4.5.2-jga4yt5sdbzfddqszotqf64bn5a6iu2m/rlib/R/include" -DNDEBUG -I/ref/rmlab/software/tyron/imagemagick-devel/usr/include/ImageMagick-6 -DMAGICKCORE_HDRI_ENABLE=0 -DMAGICKCORE_QUANTUM_DEPTH=16  -I'/ref/rmlab/software/tyron/R-libs/Rcpp/include' -I/usr/local/include   -fvisibility=hidden -fpic  -g -O2   -c animation.cpp -o animation.o
/usr/bin/g++ -std=gnu++17 -I"/ref/rmlab/software/spack-1.1.0/opt/spack/linux-x86_64/r-4.5.2-jga4yt5sdbzfddqszotqf64bn5a6iu2m/rlib/R/include" -DNDEBUG -I/ref/rmlab/software/tyron/imagemagick-devel/usr/include/ImageMagick-6 -DMAGICKCORE_HDRI_ENABLE=0 -DMAGICKCORE_QUANTUM_DEPTH=16  -I'/ref/rmlab/software/tyron/R-libs/Rcpp/include' -I/usr/local/include   -fvisibility=hidden -fpic  -g -O2   -c attributes.cpp -o attributes.o
/usr/bin/g++ -std=gnu++17 -I"/ref/rmlab/software/spack-1.1.0/opt/spack/linux-x86_64/r-4.5.2-jga4yt5sdbzfddqszotqf64bn5a6iu2m/rlib/R/include" -DNDEBUG -I/ref/rmlab/software/tyron/imagemagick-devel/usr/include/ImageMagick-6 -DMAGICKCORE_HDRI_ENABLE=0 -DMAGICKCORE_QUANTUM_DEPTH=16  -I'/ref/rmlab/software/tyron/R-libs/Rcpp/include' -I/usr/local/include   -fvisibility=hidden -fpic  -g -O2   -c base.cpp -o base.o
/usr/bin/g++ -std=gnu++17 -I"/ref/rmlab/software/spack-1.1.0/opt/spack/linux-x86_64/r-4.5.2-jga4yt5sdbzfddqszotqf64bn5a6iu2m/rlib/R/include" -DNDEBUG -I/ref/rmlab/software/tyron/imagemagick-devel/usr/include/ImageMagick-6 -DMAGICKCORE_HDRI_ENABLE=0 -DMAGICKCORE_QUANTUM_DEPTH=16  -I'/ref/rmlab/software/tyron/R-libs/Rcpp/include' -I/usr/local/include   -fvisibility=hidden -fpic  -g -O2   -c color.cpp -o color.o
/usr/bin/g++ -std=gnu++17 -I"/ref/rmlab/software/spack-1.1.0/opt/spack/linux-x86_64/r-4.5.2-jga4yt5sdbzfddqszotqf64bn5a6iu2m/rlib/R/include" -DNDEBUG -I/ref/rmlab/software/tyron/imagemagick-devel/usr/include/ImageMagick-6 -DMAGICKCORE_HDRI_ENABLE=0 -DMAGICKCORE_QUANTUM_DEPTH=16  -I'/ref/rmlab/software/tyron/R-libs/Rcpp/include' -I/usr/local/include   -fvisibility=hidden -fpic  -g -O2   -c composite.cpp -o composite.o
/usr/bin/g++ -std=gnu++17 -I"/ref/rmlab/software/spack-1.1.0/opt/spack/linux-x86_64/r-4.5.2-jga4yt5sdbzfddqszotqf64bn5a6iu2m/rlib/R/include" -DNDEBUG -I/ref/rmlab/software/tyron/imagemagick-devel/usr/include/ImageMagick-6 -DMAGICKCORE_HDRI_ENABLE=0 -DMAGICKCORE_QUANTUM_DEPTH=16  -I'/ref/rmlab/software/tyron/R-libs/Rcpp/include' -I/usr/local/include   -fvisibility=hidden -fpic  -g -O2   -c config.cc -o config.o
/usr/bin/g++ -std=gnu++17 -I"/ref/rmlab/software/spack-1.1.0/opt/spack/linux-x86_64/r-4.5.2-jga4yt5sdbzfddqszotqf64bn5a6iu2m/rlib/R/include" -DNDEBUG -I/ref/rmlab/software/tyron/imagemagick-devel/usr/include/ImageMagick-6 -DMAGICKCORE_HDRI_ENABLE=0 -DMAGICKCORE_QUANTUM_DEPTH=16  -I'/ref/rmlab/software/tyron/R-libs/Rcpp/include' -I/usr/local/include   -fvisibility=hidden -fpic  -g -O2   -c convolve.cpp -o convolve.o
/usr/bin/g++ -std=gnu++17 -I"/ref/rmlab/software/spack-1.1.0/opt/spack/linux-x86_64/r-4.5.2-jga4yt5sdbzfddqszotqf64bn5a6iu2m/rlib/R/include" -DNDEBUG -I/ref/rmlab/software/tyron/imagemagick-devel/usr/include/ImageMagick-6 -DMAGICKCORE_HDRI_ENABLE=0 -DMAGICKCORE_QUANTUM_DEPTH=16  -I'/ref/rmlab/software/tyron/R-libs/Rcpp/include' -I/usr/local/include   -fvisibility=hidden -fpic  -g -O2   -c device.cpp -o device.o
/usr/bin/g++ -std=gnu++17 -I"/ref/rmlab/software/spack-1.1.0/opt/spack/linux-x86_64/r-4.5.2-jga4yt5sdbzfddqszotqf64bn5a6iu2m/rlib/R/include" -DNDEBUG -I/ref/rmlab/software/tyron/imagemagick-devel/usr/include/ImageMagick-6 -DMAGICKCORE_HDRI_ENABLE=0 -DMAGICKCORE_QUANTUM_DEPTH=16  -I'/ref/rmlab/software/tyron/R-libs/Rcpp/include' -I/usr/local/include   -fvisibility=hidden -fpic  -g -O2   -c edges.cpp -o edges.o
/usr/bin/g++ -std=gnu++17 -I"/ref/rmlab/software/spack-1.1.0/opt/spack/linux-x86_64/r-4.5.2-jga4yt5sdbzfddqszotqf64bn5a6iu2m/rlib/R/include" -DNDEBUG -I/ref/rmlab/software/tyron/imagemagick-devel/usr/include/ImageMagick-6 -DMAGICKCORE_HDRI_ENABLE=0 -DMAGICKCORE_QUANTUM_DEPTH=16  -I'/ref/rmlab/software/tyron/R-libs/Rcpp/include' -I/usr/local/include   -fvisibility=hidden -fpic  -g -O2   -c edit.cpp -o edit.o
/usr/bin/g++ -std=gnu++17 -I"/ref/rmlab/software/spack-1.1.0/opt/spack/linux-x86_64/r-4.5.2-jga4yt5sdbzfddqszotqf64bn5a6iu2m/rlib/R/include" -DNDEBUG -I/ref/rmlab/software/tyron/imagemagick-devel/usr/include/ImageMagick-6 -DMAGICKCORE_HDRI_ENABLE=0 -DMAGICKCORE_QUANTUM_DEPTH=16  -I'/ref/rmlab/software/tyron/R-libs/Rcpp/include' -I/usr/local/include   -fvisibility=hidden -fpic  -g -O2   -c fonts.cpp -o fonts.o
/usr/bin/g++ -std=gnu++17 -I"/ref/rmlab/software/spack-1.1.0/opt/spack/linux-x86_64/r-4.5.2-jga4yt5sdbzfddqszotqf64bn5a6iu2m/rlib/R/include" -DNDEBUG -I/ref/rmlab/software/tyron/imagemagick-devel/usr/include/ImageMagick-6 -DMAGICKCORE_HDRI_ENABLE=0 -DMAGICKCORE_QUANTUM_DEPTH=16  -I'/ref/rmlab/software/tyron/R-libs/Rcpp/include' -I/usr/local/include   -fvisibility=hidden -fpic  -g -O2   -c options.cpp -o options.o
/usr/bin/g++ -std=gnu++17 -I"/ref/rmlab/software/spack-1.1.0/opt/spack/linux-x86_64/r-4.5.2-jga4yt5sdbzfddqszotqf64bn5a6iu2m/rlib/R/include" -DNDEBUG -I/ref/rmlab/software/tyron/imagemagick-devel/usr/include/ImageMagick-6 -DMAGICKCORE_HDRI_ENABLE=0 -DMAGICKCORE_QUANTUM_DEPTH=16  -I'/ref/rmlab/software/tyron/R-libs/Rcpp/include' -I/usr/local/include   -fvisibility=hidden -fpic  -g -O2   -c properties.cpp -o properties.o
/usr/bin/g++ -std=gnu++17 -I"/ref/rmlab/software/spack-1.1.0/opt/spack/linux-x86_64/r-4.5.2-jga4yt5sdbzfddqszotqf64bn5a6iu2m/rlib/R/include" -DNDEBUG -I/ref/rmlab/software/tyron/imagemagick-devel/usr/include/ImageMagick-6 -DMAGICKCORE_HDRI_ENABLE=0 -DMAGICKCORE_QUANTUM_DEPTH=16  -I'/ref/rmlab/software/tyron/R-libs/Rcpp/include' -I/usr/local/include   -fvisibility=hidden -fpic  -g -O2   -c resize.cpp -o resize.o
/usr/bin/g++ -std=gnu++17 -I"/ref/rmlab/software/spack-1.1.0/opt/spack/linux-x86_64/r-4.5.2-jga4yt5sdbzfddqszotqf64bn5a6iu2m/rlib/R/include" -DNDEBUG -I/ref/rmlab/software/tyron/imagemagick-devel/usr/include/ImageMagick-6 -DMAGICKCORE_HDRI_ENABLE=0 -DMAGICKCORE_QUANTUM_DEPTH=16  -I'/ref/rmlab/software/tyron/R-libs/Rcpp/include' -I/usr/local/include   -fvisibility=hidden -fpic  -g -O2   -c segment.cpp -o segment.o
/usr/bin/g++ -std=gnu++17 -I"/ref/rmlab/software/spack-1.1.0/opt/spack/linux-x86_64/r-4.5.2-jga4yt5sdbzfddqszotqf64bn5a6iu2m/rlib/R/include" -DNDEBUG -I/ref/rmlab/software/tyron/imagemagick-devel/usr/include/ImageMagick-6 -DMAGICKCORE_HDRI_ENABLE=0 -DMAGICKCORE_QUANTUM_DEPTH=16  -I'/ref/rmlab/software/tyron/R-libs/Rcpp/include' -I/usr/local/include   -fvisibility=hidden -fpic  -g -O2   -c transformations.cpp -o transformations.o
/usr/bin/g++ -std=gnu++17 -shared -L/ref/rmlab/software/spack-1.1.0/opt/spack/linux-x86_64/r-4.5.2-jga4yt5sdbzfddqszotqf64bn5a6iu2m/rlib/R/lib -Wl,-rpath,/ref/rmlab/software/spack-1.1.0/opt/spack/linux-x86_64/r-4.5.2-jga4yt5sdbzfddqszotqf64bn5a6iu2m/rlib/R/lib -o magick.so RcppExports.o animation.o attributes.o base.o color.o composite.o config.o convolve.o device.o edges.o edit.o fonts.o options.o properties.o resize.o segment.o transformations.o -lMagick++-6.Q16 -lMagickWand-6.Q16 -lMagickCore-6.Q16 -L/ref/rmlab/software/spack-1.1.0/opt/spack/linux-x86_64/r-4.5.2-jga4yt5sdbzfddqszotqf64bn5a6iu2m/rlib/R/lib -lR
Error: R: NoDecodeDelegateForThisImageFormat `' @ error/constitute.c/ReadImage/581
Execution halted
Found pkg-config cflags and libs!
Using PKG_CFLAGS=-I/ref/rmlab/software/tyron/imagemagick-devel/usr/include/ImageMagick-6 -DMAGICKCORE_HDRI_ENABLE=0 -DMAGICKCORE_QUANTUM_DEPTH=16 
Using PKG_LIBS=-lMagick++-6.Q16 -lMagickWand-6.Q16 -lMagickCore-6.Q16 
/usr/bin/g++ -std=gnu++17 -I"/ref/rmlab/software/spack-1.1.0/opt/spack/linux-x86_64/r-4.5.2-jga4yt5sdbzfddqszotqf64bn5a6iu2m/rlib/R/include" -DNDEBUG -I/ref/rmlab/software/tyron/imagemagick-devel/usr/include/ImageMagick-6 -DMAGICKCORE_HDRI_ENABLE=0 -DMAGICKCORE_QUANTUM_DEPTH=16  -I'/ref/rmlab/software/tyron/R-libs/Rcpp/include' -I/usr/local/include   -fvisibility=hidden -fpic  -g -O2   -c RcppExports.cpp -o RcppExports.o
/usr/bin/g++ -std=gnu++17 -I"/ref/rmlab/software/spack-1.1.0/opt/spack/linux-x86_64/r-4.5.2-jga4yt5sdbzfddqszotqf64bn5a6iu2m/rlib/R/include" -DNDEBUG -I/ref/rmlab/software/tyron/imagemagick-devel/usr/include/ImageMagick-6 -DMAGICKCORE_HDRI_ENABLE=0 -DMAGICKCORE_QUANTUM_DEPTH=16  -I'/ref/rmlab/software/tyron/R-libs/Rcpp/include' -I/usr/local/include   -fvisibility=hidden -fpic  -g -O2   -c animation.cpp -o animation.o
/usr/bin/g++ -std=gnu++17 -I"/ref/rmlab/software/spack-1.1.0/opt/spack/linux-x86_64/r-4.5.2-jga4yt5sdbzfddqszotqf64bn5a6iu2m/rlib/R/include" -DNDEBUG -I/ref/rmlab/software/tyron/imagemagick-devel/usr/include/ImageMagick-6 -DMAGICKCORE_HDRI_ENABLE=0 -DMAGICKCORE_QUANTUM_DEPTH=16  -I'/ref/rmlab/software/tyron/R-libs/Rcpp/include' -I/usr/local/include   -fvisibility=hidden -fpic  -g -O2   -c attributes.cpp -o attributes.o
/usr/bin/g++ -std=gnu++17 -I"/ref/rmlab/software/spack-1.1.0/opt/spack/linux-x86_64/r-4.5.2-jga4yt5sdbzfddqszotqf64bn5a6iu2m/rlib/R/include" -DNDEBUG -I/ref/rmlab/software/tyron/imagemagick-devel/usr/include/ImageMagick-6 -DMAGICKCORE_HDRI_ENABLE=0 -DMAGICKCORE_QUANTUM_DEPTH=16  -I'/ref/rmlab/software/tyron/R-libs/Rcpp/include' -I/usr/local/include   -fvisibility=hidden -fpic  -g -O2   -c base.cpp -o base.o
/usr/bin/g++ -std=gnu++17 -I"/ref/rmlab/software/spack-1.1.0/opt/spack/linux-x86_64/r-4.5.2-jga4yt5sdbzfddqszotqf64bn5a6iu2m/rlib/R/include" -DNDEBUG -I/ref/rmlab/software/tyron/imagemagick-devel/usr/include/ImageMagick-6 -DMAGICKCORE_HDRI_ENABLE=0 -DMAGICKCORE_QUANTUM_DEPTH=16  -I'/ref/rmlab/software/tyron/R-libs/Rcpp/include' -I/usr/local/include   -fvisibility=hidden -fpic  -g -O2   -c color.cpp -o color.o
/usr/bin/g++ -std=gnu++17 -I"/ref/rmlab/software/spack-1.1.0/opt/spack/linux-x86_64/r-4.5.2-jga4yt5sdbzfddqszotqf64bn5a6iu2m/rlib/R/include" -DNDEBUG -I/ref/rmlab/software/tyron/imagemagick-devel/usr/include/ImageMagick-6 -DMAGICKCORE_HDRI_ENABLE=0 -DMAGICKCORE_QUANTUM_DEPTH=16  -I'/ref/rmlab/software/tyron/R-libs/Rcpp/include' -I/usr/local/include   -fvisibility=hidden -fpic  -g -O2   -c composite.cpp -o composite.o
/usr/bin/g++ -std=gnu++17 -I"/ref/rmlab/software/spack-1.1.0/opt/spack/linux-x86_64/r-4.5.2-jga4yt5sdbzfddqszotqf64bn5a6iu2m/rlib/R/include" -DNDEBUG -I/ref/rmlab/software/tyron/imagemagick-devel/usr/include/ImageMagick-6 -DMAGICKCORE_HDRI_ENABLE=0 -DMAGICKCORE_QUANTUM_DEPTH=16  -I'/ref/rmlab/software/tyron/R-libs/Rcpp/include' -I/usr/local/include   -fvisibility=hidden -fpic  -g -O2   -c config.cc -o config.o
/usr/bin/g++ -std=gnu++17 -I"/ref/rmlab/software/spack-1.1.0/opt/spack/linux-x86_64/r-4.5.2-jga4yt5sdbzfddqszotqf64bn5a6iu2m/rlib/R/include" -DNDEBUG -I/ref/rmlab/software/tyron/imagemagick-devel/usr/include/ImageMagick-6 -DMAGICKCORE_HDRI_ENABLE=0 -DMAGICKCORE_QUANTUM_DEPTH=16  -I'/ref/rmlab/software/tyron/R-libs/Rcpp/include' -I/usr/local/include   -fvisibility=hidden -fpic  -g -O2   -c convolve.cpp -o convolve.o
/usr/bin/g++ -std=gnu++17 -I"/ref/rmlab/software/spack-1.1.0/opt/spack/linux-x86_64/r-4.5.2-jga4yt5sdbzfddqszotqf64bn5a6iu2m/rlib/R/include" -DNDEBUG -I/ref/rmlab/software/tyron/imagemagick-devel/usr/include/ImageMagick-6 -DMAGICKCORE_HDRI_ENABLE=0 -DMAGICKCORE_QUANTUM_DEPTH=16  -I'/ref/rmlab/software/tyron/R-libs/Rcpp/include' -I/usr/local/include   -fvisibility=hidden -fpic  -g -O2   -c device.cpp -o device.o
/usr/bin/g++ -std=gnu++17 -I"/ref/rmlab/software/spack-1.1.0/opt/spack/linux-x86_64/r-4.5.2-jga4yt5sdbzfddqszotqf64bn5a6iu2m/rlib/R/include" -DNDEBUG -I/ref/rmlab/software/tyron/imagemagick-devel/usr/include/ImageMagick-6 -DMAGICKCORE_HDRI_ENABLE=0 -DMAGICKCORE_QUANTUM_DEPTH=16  -I'/ref/rmlab/software/tyron/R-libs/Rcpp/include' -I/usr/local/include   -fvisibility=hidden -fpic  -g -O2   -c edges.cpp -o edges.o
/usr/bin/g++ -std=gnu++17 -I"/ref/rmlab/software/spack-1.1.0/opt/spack/linux-x86_64/r-4.5.2-jga4yt5sdbzfddqszotqf64bn5a6iu2m/rlib/R/include" -DNDEBUG -I/ref/rmlab/software/tyron/imagemagick-devel/usr/include/ImageMagick-6 -DMAGICKCORE_HDRI_ENABLE=0 -DMAGICKCORE_QUANTUM_DEPTH=16  -I'/ref/rmlab/software/tyron/R-libs/Rcpp/include' -I/usr/local/include   -fvisibility=hidden -fpic  -g -O2   -c edit.cpp -o edit.o
/usr/bin/g++ -std=gnu++17 -I"/ref/rmlab/software/spack-1.1.0/opt/spack/linux-x86_64/r-4.5.2-jga4yt5sdbzfddqszotqf64bn5a6iu2m/rlib/R/include" -DNDEBUG -I/ref/rmlab/software/tyron/imagemagick-devel/usr/include/ImageMagick-6 -DMAGICKCORE_HDRI_ENABLE=0 -DMAGICKCORE_QUANTUM_DEPTH=16  -I'/ref/rmlab/software/tyron/R-libs/Rcpp/include' -I/usr/local/include   -fvisibility=hidden -fpic  -g -O2   -c fonts.cpp -o fonts.o
/usr/bin/g++ -std=gnu++17 -I"/ref/rmlab/software/spack-1.1.0/opt/spack/linux-x86_64/r-4.5.2-jga4yt5sdbzfddqszotqf64bn5a6iu2m/rlib/R/include" -DNDEBUG -I/ref/rmlab/software/tyron/imagemagick-devel/usr/include/ImageMagick-6 -DMAGICKCORE_HDRI_ENABLE=0 -DMAGICKCORE_QUANTUM_DEPTH=16  -I'/ref/rmlab/software/tyron/R-libs/Rcpp/include' -I/usr/local/include   -fvisibility=hidden -fpic  -g -O2   -c options.cpp -o options.o
/usr/bin/g++ -std=gnu++17 -I"/ref/rmlab/software/spack-1.1.0/opt/spack/linux-x86_64/r-4.5.2-jga4yt5sdbzfddqszotqf64bn5a6iu2m/rlib/R/include" -DNDEBUG -I/ref/rmlab/software/tyron/imagemagick-devel/usr/include/ImageMagick-6 -DMAGICKCORE_HDRI_ENABLE=0 -DMAGICKCORE_QUANTUM_DEPTH=16  -I'/ref/rmlab/software/tyron/R-libs/Rcpp/include' -I/usr/local/include   -fvisibility=hidden -fpic  -g -O2   -c properties.cpp -o properties.o
/usr/bin/g++ -std=gnu++17 -I"/ref/rmlab/software/spack-1.1.0/opt/spack/linux-x86_64/r-4.5.2-jga4yt5sdbzfddqszotqf64bn5a6iu2m/rlib/R/include" -DNDEBUG -I/ref/rmlab/software/tyron/imagemagick-devel/usr/include/ImageMagick-6 -DMAGICKCORE_HDRI_ENABLE=0 -DMAGICKCORE_QUANTUM_DEPTH=16  -I'/ref/rmlab/software/tyron/R-libs/Rcpp/include' -I/usr/local/include   -fvisibility=hidden -fpic  -g -O2   -c resize.cpp -o resize.o
/usr/bin/g++ -std=gnu++17 -I"/ref/rmlab/software/spack-1.1.0/opt/spack/linux-x86_64/r-4.5.2-jga4yt5sdbzfddqszotqf64bn5a6iu2m/rlib/R/include" -DNDEBUG -I/ref/rmlab/software/tyron/imagemagick-devel/usr/include/ImageMagick-6 -DMAGICKCORE_HDRI_ENABLE=0 -DMAGICKCORE_QUANTUM_DEPTH=16  -I'/ref/rmlab/software/tyron/R-libs/Rcpp/include' -I/usr/local/include   -fvisibility=hidden -fpic  -g -O2   -c segment.cpp -o segment.o
/usr/bin/g++ -std=gnu++17 -I"/ref/rmlab/software/spack-1.1.0/opt/spack/linux-x86_64/r-4.5.2-jga4yt5sdbzfddqszotqf64bn5a6iu2m/rlib/R/include" -DNDEBUG -I/ref/rmlab/software/tyron/imagemagick-devel/usr/include/ImageMagick-6 -DMAGICKCORE_HDRI_ENABLE=0 -DMAGICKCORE_QUANTUM_DEPTH=16  -I'/ref/rmlab/software/tyron/R-libs/Rcpp/include' -I/usr/local/include   -fvisibility=hidden -fpic  -g -O2   -c transformations.cpp -o transformations.o
/usr/bin/g++ -std=gnu++17 -shared -L/ref/rmlab/software/spack-1.1.0/opt/spack/linux-x86_64/r-4.5.2-jga4yt5sdbzfddqszotqf64bn5a6iu2m/rlib/R/lib -Wl,-rpath,/ref/rmlab/software/spack-1.1.0/opt/spack/linux-x86_64/r-4.5.2-jga4yt5sdbzfddqszotqf64bn5a6iu2m/rlib/R/lib -o magick.so RcppExports.o animation.o attributes.o base.o color.o composite.o config.o convolve.o device.o edges.o edit.o fonts.o options.o properties.o resize.o segment.o transformations.o -lMagick++-6.Q16 -lMagickWand-6.Q16 -lMagickCore-6.Q16 -L/ref/rmlab/software/spack-1.1.0/opt/spack/linux-x86_64/r-4.5.2-jga4yt5sdbzfddqszotqf64bn5a6iu2m/rlib/R/lib -lR
Error: R: NoDecodeDelegateForThisImageFormat `' @ error/constitute.c/ReadImage/581
Execution halted
FAILED: GSVA
SKIP (already installed): Biobase
SKIP (already installed): BiocParallel
SKIP (already installed): TOAST
SKIP (already installed): scater
SKIP (already installed): scran
SKIP (already installed): celda

=== Installing: singleCellTK ===
Found pkg-config cflags and libs!
Using PKG_CFLAGS=-I/ref/rmlab/software/tyron/imagemagick-devel/usr/include/ImageMagick-6 -DMAGICKCORE_HDRI_ENABLE=0 -DMAGICKCORE_QUANTUM_DEPTH=16 
Using PKG_LIBS=-lMagick++-6.Q16 -lMagickWand-6.Q16 -lMagickCore-6.Q16 
/usr/bin/g++ -std=gnu++17 -I"/ref/rmlab/software/spack-1.1.0/opt/spack/linux-x86_64/r-4.5.2-jga4yt5sdbzfddqszotqf64bn5a6iu2m/rlib/R/include" -DNDEBUG -I/ref/rmlab/software/tyron/imagemagick-devel/usr/include/ImageMagick-6 -DMAGICKCORE_HDRI_ENABLE=0 -DMAGICKCORE_QUANTUM_DEPTH=16  -I'/ref/rmlab/software/tyron/R-libs/Rcpp/include' -I/usr/local/include   -fvisibility=hidden -fpic  -g -O2   -c RcppExports.cpp -o RcppExports.o
/usr/bin/g++ -std=gnu++17 -I"/ref/rmlab/software/spack-1.1.0/opt/spack/linux-x86_64/r-4.5.2-jga4yt5sdbzfddqszotqf64bn5a6iu2m/rlib/R/include" -DNDEBUG -I/ref/rmlab/software/tyron/imagemagick-devel/usr/include/ImageMagick-6 -DMAGICKCORE_HDRI_ENABLE=0 -DMAGICKCORE_QUANTUM_DEPTH=16  -I'/ref/rmlab/software/tyron/R-libs/Rcpp/include' -I/usr/local/include   -fvisibility=hidden -fpic  -g -O2   -c animation.cpp -o animation.o
/usr/bin/g++ -std=gnu++17 -I"/ref/rmlab/software/spack-1.1.0/opt/spack/linux-x86_64/r-4.5.2-jga4yt5sdbzfddqszotqf64bn5a6iu2m/rlib/R/include" -DNDEBUG -I/ref/rmlab/software/tyron/imagemagick-devel/usr/include/ImageMagick-6 -DMAGICKCORE_HDRI_ENABLE=0 -DMAGICKCORE_QUANTUM_DEPTH=16  -I'/ref/rmlab/software/tyron/R-libs/Rcpp/include' -I/usr/local/include   -fvisibility=hidden -fpic  -g -O2   -c attributes.cpp -o attributes.o
/usr/bin/g++ -std=gnu++17 -I"/ref/rmlab/software/spack-1.1.0/opt/spack/linux-x86_64/r-4.5.2-jga4yt5sdbzfddqszotqf64bn5a6iu2m/rlib/R/include" -DNDEBUG -I/ref/rmlab/software/tyron/imagemagick-devel/usr/include/ImageMagick-6 -DMAGICKCORE_HDRI_ENABLE=0 -DMAGICKCORE_QUANTUM_DEPTH=16  -I'/ref/rmlab/software/tyron/R-libs/Rcpp/include' -I/usr/local/include   -fvisibility=hidden -fpic  -g -O2   -c base.cpp -o base.o
/usr/bin/g++ -std=gnu++17 -I"/ref/rmlab/software/spack-1.1.0/opt/spack/linux-x86_64/r-4.5.2-jga4yt5sdbzfddqszotqf64bn5a6iu2m/rlib/R/include" -DNDEBUG -I/ref/rmlab/software/tyron/imagemagick-devel/usr/include/ImageMagick-6 -DMAGICKCORE_HDRI_ENABLE=0 -DMAGICKCORE_QUANTUM_DEPTH=16  -I'/ref/rmlab/software/tyron/R-libs/Rcpp/include' -I/usr/local/include   -fvisibility=hidden -fpic  -g -O2   -c color.cpp -o color.o
/usr/bin/g++ -std=gnu++17 -I"/ref/rmlab/software/spack-1.1.0/opt/spack/linux-x86_64/r-4.5.2-jga4yt5sdbzfddqszotqf64bn5a6iu2m/rlib/R/include" -DNDEBUG -I/ref/rmlab/software/tyron/imagemagick-devel/usr/include/ImageMagick-6 -DMAGICKCORE_HDRI_ENABLE=0 -DMAGICKCORE_QUANTUM_DEPTH=16  -I'/ref/rmlab/software/tyron/R-libs/Rcpp/include' -I/usr/local/include   -fvisibility=hidden -fpic  -g -O2   -c composite.cpp -o composite.o
/usr/bin/g++ -std=gnu++17 -I"/ref/rmlab/software/spack-1.1.0/opt/spack/linux-x86_64/r-4.5.2-jga4yt5sdbzfddqszotqf64bn5a6iu2m/rlib/R/include" -DNDEBUG -I/ref/rmlab/software/tyron/imagemagick-devel/usr/include/ImageMagick-6 -DMAGICKCORE_HDRI_ENABLE=0 -DMAGICKCORE_QUANTUM_DEPTH=16  -I'/ref/rmlab/software/tyron/R-libs/Rcpp/include' -I/usr/local/include   -fvisibility=hidden -fpic  -g -O2   -c config.cc -o config.o
/usr/bin/g++ -std=gnu++17 -I"/ref/rmlab/software/spack-1.1.0/opt/spack/linux-x86_64/r-4.5.2-jga4yt5sdbzfddqszotqf64bn5a6iu2m/rlib/R/include" -DNDEBUG -I/ref/rmlab/software/tyron/imagemagick-devel/usr/include/ImageMagick-6 -DMAGICKCORE_HDRI_ENABLE=0 -DMAGICKCORE_QUANTUM_DEPTH=16  -I'/ref/rmlab/software/tyron/R-libs/Rcpp/include' -I/usr/local/include   -fvisibility=hidden -fpic  -g -O2   -c convolve.cpp -o convolve.o
/usr/bin/g++ -std=gnu++17 -I"/ref/rmlab/software/spack-1.1.0/opt/spack/linux-x86_64/r-4.5.2-jga4yt5sdbzfddqszotqf64bn5a6iu2m/rlib/R/include" -DNDEBUG -I/ref/rmlab/software/tyron/imagemagick-devel/usr/include/ImageMagick-6 -DMAGICKCORE_HDRI_ENABLE=0 -DMAGICKCORE_QUANTUM_DEPTH=16  -I'/ref/rmlab/software/tyron/R-libs/Rcpp/include' -I/usr/local/include   -fvisibility=hidden -fpic  -g -O2   -c device.cpp -o device.o
/usr/bin/g++ -std=gnu++17 -I"/ref/rmlab/software/spack-1.1.0/opt/spack/linux-x86_64/r-4.5.2-jga4yt5sdbzfddqszotqf64bn5a6iu2m/rlib/R/include" -DNDEBUG -I/ref/rmlab/software/tyron/imagemagick-devel/usr/include/ImageMagick-6 -DMAGICKCORE_HDRI_ENABLE=0 -DMAGICKCORE_QUANTUM_DEPTH=16  -I'/ref/rmlab/software/tyron/R-libs/Rcpp/include' -I/usr/local/include   -fvisibility=hidden -fpic  -g -O2   -c edges.cpp -o edges.o
/usr/bin/g++ -std=gnu++17 -I"/ref/rmlab/software/spack-1.1.0/opt/spack/linux-x86_64/r-4.5.2-jga4yt5sdbzfddqszotqf64bn5a6iu2m/rlib/R/include" -DNDEBUG -I/ref/rmlab/software/tyron/imagemagick-devel/usr/include/ImageMagick-6 -DMAGICKCORE_HDRI_ENABLE=0 -DMAGICKCORE_QUANTUM_DEPTH=16  -I'/ref/rmlab/software/tyron/R-libs/Rcpp/include' -I/usr/local/include   -fvisibility=hidden -fpic  -g -O2   -c edit.cpp -o edit.o
/usr/bin/g++ -std=gnu++17 -I"/ref/rmlab/software/spack-1.1.0/opt/spack/linux-x86_64/r-4.5.2-jga4yt5sdbzfddqszotqf64bn5a6iu2m/rlib/R/include" -DNDEBUG -I/ref/rmlab/software/tyron/imagemagick-devel/usr/include/ImageMagick-6 -DMAGICKCORE_HDRI_ENABLE=0 -DMAGICKCORE_QUANTUM_DEPTH=16  -I'/ref/rmlab/software/tyron/R-libs/Rcpp/include' -I/usr/local/include   -fvisibility=hidden -fpic  -g -O2   -c fonts.cpp -o fonts.o
/usr/bin/g++ -std=gnu++17 -I"/ref/rmlab/software/spack-1.1.0/opt/spack/linux-x86_64/r-4.5.2-jga4yt5sdbzfddqszotqf64bn5a6iu2m/rlib/R/include" -DNDEBUG -I/ref/rmlab/software/tyron/imagemagick-devel/usr/include/ImageMagick-6 -DMAGICKCORE_HDRI_ENABLE=0 -DMAGICKCORE_QUANTUM_DEPTH=16  -I'/ref/rmlab/software/tyron/R-libs/Rcpp/include' -I/usr/local/include   -fvisibility=hidden -fpic  -g -O2   -c options.cpp -o options.o
/usr/bin/g++ -std=gnu++17 -I"/ref/rmlab/software/spack-1.1.0/opt/spack/linux-x86_64/r-4.5.2-jga4yt5sdbzfddqszotqf64bn5a6iu2m/rlib/R/include" -DNDEBUG -I/ref/rmlab/software/tyron/imagemagick-devel/usr/include/ImageMagick-6 -DMAGICKCORE_HDRI_ENABLE=0 -DMAGICKCORE_QUANTUM_DEPTH=16  -I'/ref/rmlab/software/tyron/R-libs/Rcpp/include' -I/usr/local/include   -fvisibility=hidden -fpic  -g -O2   -c properties.cpp -o properties.o
/usr/bin/g++ -std=gnu++17 -I"/ref/rmlab/software/spack-1.1.0/opt/spack/linux-x86_64/r-4.5.2-jga4yt5sdbzfddqszotqf64bn5a6iu2m/rlib/R/include" -DNDEBUG -I/ref/rmlab/software/tyron/imagemagick-devel/usr/include/ImageMagick-6 -DMAGICKCORE_HDRI_ENABLE=0 -DMAGICKCORE_QUANTUM_DEPTH=16  -I'/ref/rmlab/software/tyron/R-libs/Rcpp/include' -I/usr/local/include   -fvisibility=hidden -fpic  -g -O2   -c resize.cpp -o resize.o
/usr/bin/g++ -std=gnu++17 -I"/ref/rmlab/software/spack-1.1.0/opt/spack/linux-x86_64/r-4.5.2-jga4yt5sdbzfddqszotqf64bn5a6iu2m/rlib/R/include" -DNDEBUG -I/ref/rmlab/software/tyron/imagemagick-devel/usr/include/ImageMagick-6 -DMAGICKCORE_HDRI_ENABLE=0 -DMAGICKCORE_QUANTUM_DEPTH=16  -I'/ref/rmlab/software/tyron/R-libs/Rcpp/include' -I/usr/local/include   -fvisibility=hidden -fpic  -g -O2   -c segment.cpp -o segment.o
/usr/bin/g++ -std=gnu++17 -I"/ref/rmlab/software/spack-1.1.0/opt/spack/linux-x86_64/r-4.5.2-jga4yt5sdbzfddqszotqf64bn5a6iu2m/rlib/R/include" -DNDEBUG -I/ref/rmlab/software/tyron/imagemagick-devel/usr/include/ImageMagick-6 -DMAGICKCORE_HDRI_ENABLE=0 -DMAGICKCORE_QUANTUM_DEPTH=16  -I'/ref/rmlab/software/tyron/R-libs/Rcpp/include' -I/usr/local/include   -fvisibility=hidden -fpic  -g -O2   -c transformations.cpp -o transformations.o
/usr/bin/g++ -std=gnu++17 -shared -L/ref/rmlab/software/spack-1.1.0/opt/spack/linux-x86_64/r-4.5.2-jga4yt5sdbzfddqszotqf64bn5a6iu2m/rlib/R/lib -Wl,-rpath,/ref/rmlab/software/spack-1.1.0/opt/spack/linux-x86_64/r-4.5.2-jga4yt5sdbzfddqszotqf64bn5a6iu2m/rlib/R/lib -o magick.so RcppExports.o animation.o attributes.o base.o color.o composite.o config.o convolve.o device.o edges.o edit.o fonts.o options.o properties.o resize.o segment.o transformations.o -lMagick++-6.Q16 -lMagickWand-6.Q16 -lMagickCore-6.Q16 -L/ref/rmlab/software/spack-1.1.0/opt/spack/linux-x86_64/r-4.5.2-jga4yt5sdbzfddqszotqf64bn5a6iu2m/rlib/R/lib -lR
Error: R: NoDecodeDelegateForThisImageFormat `' @ error/constitute.c/ReadImage/581
Execution halted
checking for gcc... /usr/bin/gcc
checking whether the C compiler works... yes
checking for C compiler default output file name... a.out
checking for suffix of executables... 
checking whether we are cross compiling... no
checking for suffix of object files... o
checking whether we are using the GNU C compiler... yes
checking whether /usr/bin/gcc accepts -g... yes
checking for /usr/bin/gcc option to accept ISO C89... none needed
checking how to run the C preprocessor... /usr/bin/gcc -E
checking for gcc... (cached) /usr/bin/gcc
checking whether we are using the GNU C compiler... (cached) yes
checking whether /usr/bin/gcc accepts -g... (cached) yes
checking for /usr/bin/gcc option to accept ISO C89... (cached) none needed
checking for pkg-config... yes
configure: creating ./config.status
config.status: creating src/Makevars

fftwtools 0.9-10
================

compiler flags:  
link argument:   

/usr/bin/g++ -std=gnu++17 -I"/ref/rmlab/software/spack-1.1.0/opt/spack/linux-x86_64/r-4.5.2-jga4yt5sdbzfddqszotqf64bn5a6iu2m/rlib/R/include" -DNDEBUG  -I'/ref/rmlab/software/tyron/R-libs/Rcpp/include' -I/usr/local/include    -fpic  -g -O2   -c RcppExports.cpp -o RcppExports.o
/usr/bin/g++ -std=gnu++17 -I"/ref/rmlab/software/spack-1.1.0/opt/spack/linux-x86_64/r-4.5.2-jga4yt5sdbzfddqszotqf64bn5a6iu2m/rlib/R/include" -DNDEBUG  -I'/ref/rmlab/software/tyron/R-libs/Rcpp/include' -I/usr/local/include    -fpic  -g -O2   -c jointlevel_fft_twosided.cpp -o jointlevel_fft_twosided.o
Found pkg-config cflags and libs!
Using PKG_CFLAGS=-I/ref/rmlab/software/tyron/imagemagick-devel/usr/include/ImageMagick-6 -DMAGICKCORE_HDRI_ENABLE=0 -DMAGICKCORE_QUANTUM_DEPTH=16 
Using PKG_LIBS=-lMagick++-6.Q16 -lMagickWand-6.Q16 -lMagickCore-6.Q16 
/usr/bin/g++ -std=gnu++17 -I"/ref/rmlab/software/spack-1.1.0/opt/spack/linux-x86_64/r-4.5.2-jga4yt5sdbzfddqszotqf64bn5a6iu2m/rlib/R/include" -DNDEBUG -I/ref/rmlab/software/tyron/imagemagick-devel/usr/include/ImageMagick-6 -DMAGICKCORE_HDRI_ENABLE=0 -DMAGICKCORE_QUANTUM_DEPTH=16  -I'/ref/rmlab/software/tyron/R-libs/Rcpp/include' -I/usr/local/include   -fvisibility=hidden -fpic  -g -O2   -c RcppExports.cpp -o RcppExports.o
/usr/bin/g++ -std=gnu++17 -I"/ref/rmlab/software/spack-1.1.0/opt/spack/linux-x86_64/r-4.5.2-jga4yt5sdbzfddqszotqf64bn5a6iu2m/rlib/R/include" -DNDEBUG -I/ref/rmlab/software/tyron/imagemagick-devel/usr/include/ImageMagick-6 -DMAGICKCORE_HDRI_ENABLE=0 -DMAGICKCORE_QUANTUM_DEPTH=16  -I'/ref/rmlab/software/tyron/R-libs/Rcpp/include' -I/usr/local/include   -fvisibility=hidden -fpic  -g -O2   -c animation.cpp -o animation.o
/usr/bin/g++ -std=gnu++17 -I"/ref/rmlab/software/spack-1.1.0/opt/spack/linux-x86_64/r-4.5.2-jga4yt5sdbzfddqszotqf64bn5a6iu2m/rlib/R/include" -DNDEBUG -I/ref/rmlab/software/tyron/imagemagick-devel/usr/include/ImageMagick-6 -DMAGICKCORE_HDRI_ENABLE=0 -DMAGICKCORE_QUANTUM_DEPTH=16  -I'/ref/rmlab/software/tyron/R-libs/Rcpp/include' -I/usr/local/include   -fvisibility=hidden -fpic  -g -O2   -c attributes.cpp -o attributes.o
/usr/bin/g++ -std=gnu++17 -I"/ref/rmlab/software/spack-1.1.0/opt/spack/linux-x86_64/r-4.5.2-jga4yt5sdbzfddqszotqf64bn5a6iu2m/rlib/R/include" -DNDEBUG -I/ref/rmlab/software/tyron/imagemagick-devel/usr/include/ImageMagick-6 -DMAGICKCORE_HDRI_ENABLE=0 -DMAGICKCORE_QUANTUM_DEPTH=16  -I'/ref/rmlab/software/tyron/R-libs/Rcpp/include' -I/usr/local/include   -fvisibility=hidden -fpic  -g -O2   -c base.cpp -o base.o
/usr/bin/g++ -std=gnu++17 -I"/ref/rmlab/software/spack-1.1.0/opt/spack/linux-x86_64/r-4.5.2-jga4yt5sdbzfddqszotqf64bn5a6iu2m/rlib/R/include" -DNDEBUG -I/ref/rmlab/software/tyron/imagemagick-devel/usr/include/ImageMagick-6 -DMAGICKCORE_HDRI_ENABLE=0 -DMAGICKCORE_QUANTUM_DEPTH=16  -I'/ref/rmlab/software/tyron/R-libs/Rcpp/include' -I/usr/local/include   -fvisibility=hidden -fpic  -g -O2   -c color.cpp -o color.o
/usr/bin/g++ -std=gnu++17 -I"/ref/rmlab/software/spack-1.1.0/opt/spack/linux-x86_64/r-4.5.2-jga4yt5sdbzfddqszotqf64bn5a6iu2m/rlib/R/include" -DNDEBUG -I/ref/rmlab/software/tyron/imagemagick-devel/usr/include/ImageMagick-6 -DMAGICKCORE_HDRI_ENABLE=0 -DMAGICKCORE_QUANTUM_DEPTH=16  -I'/ref/rmlab/software/tyron/R-libs/Rcpp/include' -I/usr/local/include   -fvisibility=hidden -fpic  -g -O2   -c composite.cpp -o composite.o
/usr/bin/g++ -std=gnu++17 -I"/ref/rmlab/software/spack-1.1.0/opt/spack/linux-x86_64/r-4.5.2-jga4yt5sdbzfddqszotqf64bn5a6iu2m/rlib/R/include" -DNDEBUG -I/ref/rmlab/software/tyron/imagemagick-devel/usr/include/ImageMagick-6 -DMAGICKCORE_HDRI_ENABLE=0 -DMAGICKCORE_QUANTUM_DEPTH=16  -I'/ref/rmlab/software/tyron/R-libs/Rcpp/include' -I/usr/local/include   -fvisibility=hidden -fpic  -g -O2   -c config.cc -o config.o
/usr/bin/g++ -std=gnu++17 -I"/ref/rmlab/software/spack-1.1.0/opt/spack/linux-x86_64/r-4.5.2-jga4yt5sdbzfddqszotqf64bn5a6iu2m/rlib/R/include" -DNDEBUG -I/ref/rmlab/software/tyron/imagemagick-devel/usr/include/ImageMagick-6 -DMAGICKCORE_HDRI_ENABLE=0 -DMAGICKCORE_QUANTUM_DEPTH=16  -I'/ref/rmlab/software/tyron/R-libs/Rcpp/include' -I/usr/local/include   -fvisibility=hidden -fpic  -g -O2   -c convolve.cpp -o convolve.o
/usr/bin/g++ -std=gnu++17 -I"/ref/rmlab/software/spack-1.1.0/opt/spack/linux-x86_64/r-4.5.2-jga4yt5sdbzfddqszotqf64bn5a6iu2m/rlib/R/include" -DNDEBUG -I/ref/rmlab/software/tyron/imagemagick-devel/usr/include/ImageMagick-6 -DMAGICKCORE_HDRI_ENABLE=0 -DMAGICKCORE_QUANTUM_DEPTH=16  -I'/ref/rmlab/software/tyron/R-libs/Rcpp/include' -I/usr/local/include   -fvisibility=hidden -fpic  -g -O2   -c device.cpp -o device.o
/usr/bin/g++ -std=gnu++17 -I"/ref/rmlab/software/spack-1.1.0/opt/spack/linux-x86_64/r-4.5.2-jga4yt5sdbzfddqszotqf64bn5a6iu2m/rlib/R/include" -DNDEBUG -I/ref/rmlab/software/tyron/imagemagick-devel/usr/include/ImageMagick-6 -DMAGICKCORE_HDRI_ENABLE=0 -DMAGICKCORE_QUANTUM_DEPTH=16  -I'/ref/rmlab/software/tyron/R-libs/Rcpp/include' -I/usr/local/include   -fvisibility=hidden -fpic  -g -O2   -c edges.cpp -o edges.o
/usr/bin/g++ -std=gnu++17 -I"/ref/rmlab/software/spack-1.1.0/opt/spack/linux-x86_64/r-4.5.2-jga4yt5sdbzfddqszotqf64bn5a6iu2m/rlib/R/include" -DNDEBUG -I/ref/rmlab/software/tyron/imagemagick-devel/usr/include/ImageMagick-6 -DMAGICKCORE_HDRI_ENABLE=0 -DMAGICKCORE_QUANTUM_DEPTH=16  -I'/ref/rmlab/software/tyron/R-libs/Rcpp/include' -I/usr/local/include   -fvisibility=hidden -fpic  -g -O2   -c edit.cpp -o edit.o
/usr/bin/g++ -std=gnu++17 -I"/ref/rmlab/software/spack-1.1.0/opt/spack/linux-x86_64/r-4.5.2-jga4yt5sdbzfddqszotqf64bn5a6iu2m/rlib/R/include" -DNDEBUG -I/ref/rmlab/software/tyron/imagemagick-devel/usr/include/ImageMagick-6 -DMAGICKCORE_HDRI_ENABLE=0 -DMAGICKCORE_QUANTUM_DEPTH=16  -I'/ref/rmlab/software/tyron/R-libs/Rcpp/include' -I/usr/local/include   -fvisibility=hidden -fpic  -g -O2   -c fonts.cpp -o fonts.o
/usr/bin/g++ -std=gnu++17 -I"/ref/rmlab/software/spack-1.1.0/opt/spack/linux-x86_64/r-4.5.2-jga4yt5sdbzfddqszotqf64bn5a6iu2m/rlib/R/include" -DNDEBUG -I/ref/rmlab/software/tyron/imagemagick-devel/usr/include/ImageMagick-6 -DMAGICKCORE_HDRI_ENABLE=0 -DMAGICKCORE_QUANTUM_DEPTH=16  -I'/ref/rmlab/software/tyron/R-libs/Rcpp/include' -I/usr/local/include   -fvisibility=hidden -fpic  -g -O2   -c options.cpp -o options.o
/usr/bin/g++ -std=gnu++17 -I"/ref/rmlab/software/spack-1.1.0/opt/spack/linux-x86_64/r-4.5.2-jga4yt5sdbzfddqszotqf64bn5a6iu2m/rlib/R/include" -DNDEBUG -I/ref/rmlab/software/tyron/imagemagick-devel/usr/include/ImageMagick-6 -DMAGICKCORE_HDRI_ENABLE=0 -DMAGICKCORE_QUANTUM_DEPTH=16  -I'/ref/rmlab/software/tyron/R-libs/Rcpp/include' -I/usr/local/include   -fvisibility=hidden -fpic  -g -O2   -c properties.cpp -o properties.o
/usr/bin/g++ -std=gnu++17 -I"/ref/rmlab/software/spack-1.1.0/opt/spack/linux-x86_64/r-4.5.2-jga4yt5sdbzfddqszotqf64bn5a6iu2m/rlib/R/include" -DNDEBUG -I/ref/rmlab/software/tyron/imagemagick-devel/usr/include/ImageMagick-6 -DMAGICKCORE_HDRI_ENABLE=0 -DMAGICKCORE_QUANTUM_DEPTH=16  -I'/ref/rmlab/software/tyron/R-libs/Rcpp/include' -I/usr/local/include   -fvisibility=hidden -fpic  -g -O2   -c resize.cpp -o resize.o
/usr/bin/g++ -std=gnu++17 -I"/ref/rmlab/software/spack-1.1.0/opt/spack/linux-x86_64/r-4.5.2-jga4yt5sdbzfddqszotqf64bn5a6iu2m/rlib/R/include" -DNDEBUG -I/ref/rmlab/software/tyron/imagemagick-devel/usr/include/ImageMagick-6 -DMAGICKCORE_HDRI_ENABLE=0 -DMAGICKCORE_QUANTUM_DEPTH=16  -I'/ref/rmlab/software/tyron/R-libs/Rcpp/include' -I/usr/local/include   -fvisibility=hidden -fpic  -g -O2   -c segment.cpp -o segment.o
/usr/bin/g++ -std=gnu++17 -I"/ref/rmlab/software/spack-1.1.0/opt/spack/linux-x86_64/r-4.5.2-jga4yt5sdbzfddqszotqf64bn5a6iu2m/rlib/R/include" -DNDEBUG -I/ref/rmlab/software/tyron/imagemagick-devel/usr/include/ImageMagick-6 -DMAGICKCORE_HDRI_ENABLE=0 -DMAGICKCORE_QUANTUM_DEPTH=16  -I'/ref/rmlab/software/tyron/R-libs/Rcpp/include' -I/usr/local/include   -fvisibility=hidden -fpic  -g -O2   -c transformations.cpp -o transformations.o
/usr/bin/g++ -std=gnu++17 -shared -L/ref/rmlab/software/spack-1.1.0/opt/spack/linux-x86_64/r-4.5.2-jga4yt5sdbzfddqszotqf64bn5a6iu2m/rlib/R/lib -Wl,-rpath,/ref/rmlab/software/spack-1.1.0/opt/spack/linux-x86_64/r-4.5.2-jga4yt5sdbzfddqszotqf64bn5a6iu2m/rlib/R/lib -o magick.so RcppExports.o animation.o attributes.o base.o color.o composite.o config.o convolve.o device.o edges.o edit.o fonts.o options.o properties.o resize.o segment.o transformations.o -lMagick++-6.Q16 -lMagickWand-6.Q16 -lMagickCore-6.Q16 -L/ref/rmlab/software/spack-1.1.0/opt/spack/linux-x86_64/r-4.5.2-jga4yt5sdbzfddqszotqf64bn5a6iu2m/rlib/R/lib -lR
Error: R: NoDecodeDelegateForThisImageFormat `' @ error/constitute.c/ReadImage/581
Execution halted
checking for gcc... /usr/bin/gcc
checking whether the C compiler works... yes
checking for C compiler default output file name... a.out
checking for suffix of executables... 
checking whether we are cross compiling... no
checking for suffix of object files... o
checking whether we are using the GNU C compiler... yes
checking whether /usr/bin/gcc accepts -g... yes
checking for /usr/bin/gcc option to accept ISO C89... none needed
checking how to run the C preprocessor... /usr/bin/gcc -E
checking for gcc... (cached) /usr/bin/gcc
checking whether we are using the GNU C compiler... (cached) yes
checking whether /usr/bin/gcc accepts -g... (cached) yes
checking for /usr/bin/gcc option to accept ISO C89... (cached) none needed
checking for pkg-config... yes
configure: creating ./config.status
config.status: creating src/Makevars

fftwtools 0.9-10
================

compiler flags:  
link argument:   

/usr/bin/g++ -std=gnu++17 -I"/ref/rmlab/software/spack-1.1.0/opt/spack/linux-x86_64/r-4.5.2-jga4yt5sdbzfddqszotqf64bn5a6iu2m/rlib/R/include" -DNDEBUG  -I'/ref/rmlab/software/tyron/R-libs/Rcpp/include' -I/usr/local/include    -fpic  -g -O2   -c RcppExports.cpp -o RcppExports.o
/usr/bin/g++ -std=gnu++17 -I"/ref/rmlab/software/spack-1.1.0/opt/spack/linux-x86_64/r-4.5.2-jga4yt5sdbzfddqszotqf64bn5a6iu2m/rlib/R/include" -DNDEBUG  -I'/ref/rmlab/software/tyron/R-libs/Rcpp/include' -I/usr/local/include    -fpic  -g -O2   -c jointlevel_fft_twosided.cpp -o jointlevel_fft_twosided.o
Found pkg-config cflags and libs!
Using PKG_CFLAGS=-I/ref/rmlab/software/tyron/imagemagick-devel/usr/include/ImageMagick-6 -DMAGICKCORE_HDRI_ENABLE=0 -DMAGICKCORE_QUANTUM_DEPTH=16 
Using PKG_LIBS=-lMagick++-6.Q16 -lMagickWand-6.Q16 -lMagickCore-6.Q16 
/usr/bin/g++ -std=gnu++17 -I"/ref/rmlab/software/spack-1.1.0/opt/spack/linux-x86_64/r-4.5.2-jga4yt5sdbzfddqszotqf64bn5a6iu2m/rlib/R/include" -DNDEBUG -I/ref/rmlab/software/tyron/imagemagick-devel/usr/include/ImageMagick-6 -DMAGICKCORE_HDRI_ENABLE=0 -DMAGICKCORE_QUANTUM_DEPTH=16  -I'/ref/rmlab/software/tyron/R-libs/Rcpp/include' -I/usr/local/include   -fvisibility=hidden -fpic  -g -O2   -c RcppExports.cpp -o RcppExports.o
/usr/bin/g++ -std=gnu++17 -I"/ref/rmlab/software/spack-1.1.0/opt/spack/linux-x86_64/r-4.5.2-jga4yt5sdbzfddqszotqf64bn5a6iu2m/rlib/R/include" -DNDEBUG -I/ref/rmlab/software/tyron/imagemagick-devel/usr/include/ImageMagick-6 -DMAGICKCORE_HDRI_ENABLE=0 -DMAGICKCORE_QUANTUM_DEPTH=16  -I'/ref/rmlab/software/tyron/R-libs/Rcpp/include' -I/usr/local/include   -fvisibility=hidden -fpic  -g -O2   -c animation.cpp -o animation.o
/usr/bin/g++ -std=gnu++17 -I"/ref/rmlab/software/spack-1.1.0/opt/spack/linux-x86_64/r-4.5.2-jga4yt5sdbzfddqszotqf64bn5a6iu2m/rlib/R/include" -DNDEBUG -I/ref/rmlab/software/tyron/imagemagick-devel/usr/include/ImageMagick-6 -DMAGICKCORE_HDRI_ENABLE=0 -DMAGICKCORE_QUANTUM_DEPTH=16  -I'/ref/rmlab/software/tyron/R-libs/Rcpp/include' -I/usr/local/include   -fvisibility=hidden -fpic  -g -O2   -c attributes.cpp -o attributes.o
/usr/bin/g++ -std=gnu++17 -I"/ref/rmlab/software/spack-1.1.0/opt/spack/linux-x86_64/r-4.5.2-jga4yt5sdbzfddqszotqf64bn5a6iu2m/rlib/R/include" -DNDEBUG -I/ref/rmlab/software/tyron/imagemagick-devel/usr/include/ImageMagick-6 -DMAGICKCORE_HDRI_ENABLE=0 -DMAGICKCORE_QUANTUM_DEPTH=16  -I'/ref/rmlab/software/tyron/R-libs/Rcpp/include' -I/usr/local/include   -fvisibility=hidden -fpic  -g -O2   -c base.cpp -o base.o
/usr/bin/g++ -std=gnu++17 -I"/ref/rmlab/software/spack-1.1.0/opt/spack/linux-x86_64/r-4.5.2-jga4yt5sdbzfddqszotqf64bn5a6iu2m/rlib/R/include" -DNDEBUG -I/ref/rmlab/software/tyron/imagemagick-devel/usr/include/ImageMagick-6 -DMAGICKCORE_HDRI_ENABLE=0 -DMAGICKCORE_QUANTUM_DEPTH=16  -I'/ref/rmlab/software/tyron/R-libs/Rcpp/include' -I/usr/local/include   -fvisibility=hidden -fpic  -g -O2   -c color.cpp -o color.o
/usr/bin/g++ -std=gnu++17 -I"/ref/rmlab/software/spack-1.1.0/opt/spack/linux-x86_64/r-4.5.2-jga4yt5sdbzfddqszotqf64bn5a6iu2m/rlib/R/include" -DNDEBUG -I/ref/rmlab/software/tyron/imagemagick-devel/usr/include/ImageMagick-6 -DMAGICKCORE_HDRI_ENABLE=0 -DMAGICKCORE_QUANTUM_DEPTH=16  -I'/ref/rmlab/software/tyron/R-libs/Rcpp/include' -I/usr/local/include   -fvisibility=hidden -fpic  -g -O2   -c composite.cpp -o composite.o
/usr/bin/g++ -std=gnu++17 -I"/ref/rmlab/software/spack-1.1.0/opt/spack/linux-x86_64/r-4.5.2-jga4yt5sdbzfddqszotqf64bn5a6iu2m/rlib/R/include" -DNDEBUG -I/ref/rmlab/software/tyron/imagemagick-devel/usr/include/ImageMagick-6 -DMAGICKCORE_HDRI_ENABLE=0 -DMAGICKCORE_QUANTUM_DEPTH=16  -I'/ref/rmlab/software/tyron/R-libs/Rcpp/include' -I/usr/local/include   -fvisibility=hidden -fpic  -g -O2   -c config.cc -o config.o
/usr/bin/g++ -std=gnu++17 -I"/ref/rmlab/software/spack-1.1.0/opt/spack/linux-x86_64/r-4.5.2-jga4yt5sdbzfddqszotqf64bn5a6iu2m/rlib/R/include" -DNDEBUG -I/ref/rmlab/software/tyron/imagemagick-devel/usr/include/ImageMagick-6 -DMAGICKCORE_HDRI_ENABLE=0 -DMAGICKCORE_QUANTUM_DEPTH=16  -I'/ref/rmlab/software/tyron/R-libs/Rcpp/include' -I/usr/local/include   -fvisibility=hidden -fpic  -g -O2   -c convolve.cpp -o convolve.o
/usr/bin/g++ -std=gnu++17 -I"/ref/rmlab/software/spack-1.1.0/opt/spack/linux-x86_64/r-4.5.2-jga4yt5sdbzfddqszotqf64bn5a6iu2m/rlib/R/include" -DNDEBUG -I/ref/rmlab/software/tyron/imagemagick-devel/usr/include/ImageMagick-6 -DMAGICKCORE_HDRI_ENABLE=0 -DMAGICKCORE_QUANTUM_DEPTH=16  -I'/ref/rmlab/software/tyron/R-libs/Rcpp/include' -I/usr/local/include   -fvisibility=hidden -fpic  -g -O2   -c device.cpp -o device.o
/usr/bin/g++ -std=gnu++17 -I"/ref/rmlab/software/spack-1.1.0/opt/spack/linux-x86_64/r-4.5.2-jga4yt5sdbzfddqszotqf64bn5a6iu2m/rlib/R/include" -DNDEBUG -I/ref/rmlab/software/tyron/imagemagick-devel/usr/include/ImageMagick-6 -DMAGICKCORE_HDRI_ENABLE=0 -DMAGICKCORE_QUANTUM_DEPTH=16  -I'/ref/rmlab/software/tyron/R-libs/Rcpp/include' -I/usr/local/include   -fvisibility=hidden -fpic  -g -O2   -c edges.cpp -o edges.o
/usr/bin/g++ -std=gnu++17 -I"/ref/rmlab/software/spack-1.1.0/opt/spack/linux-x86_64/r-4.5.2-jga4yt5sdbzfddqszotqf64bn5a6iu2m/rlib/R/include" -DNDEBUG -I/ref/rmlab/software/tyron/imagemagick-devel/usr/include/ImageMagick-6 -DMAGICKCORE_HDRI_ENABLE=0 -DMAGICKCORE_QUANTUM_DEPTH=16  -I'/ref/rmlab/software/tyron/R-libs/Rcpp/include' -I/usr/local/include   -fvisibility=hidden -fpic  -g -O2   -c edit.cpp -o edit.o
/usr/bin/g++ -std=gnu++17 -I"/ref/rmlab/software/spack-1.1.0/opt/spack/linux-x86_64/r-4.5.2-jga4yt5sdbzfddqszotqf64bn5a6iu2m/rlib/R/include" -DNDEBUG -I/ref/rmlab/software/tyron/imagemagick-devel/usr/include/ImageMagick-6 -DMAGICKCORE_HDRI_ENABLE=0 -DMAGICKCORE_QUANTUM_DEPTH=16  -I'/ref/rmlab/software/tyron/R-libs/Rcpp/include' -I/usr/local/include   -fvisibility=hidden -fpic  -g -O2   -c fonts.cpp -o fonts.o
/usr/bin/g++ -std=gnu++17 -I"/ref/rmlab/software/spack-1.1.0/opt/spack/linux-x86_64/r-4.5.2-jga4yt5sdbzfddqszotqf64bn5a6iu2m/rlib/R/include" -DNDEBUG -I/ref/rmlab/software/tyron/imagemagick-devel/usr/include/ImageMagick-6 -DMAGICKCORE_HDRI_ENABLE=0 -DMAGICKCORE_QUANTUM_DEPTH=16  -I'/ref/rmlab/software/tyron/R-libs/Rcpp/include' -I/usr/local/include   -fvisibility=hidden -fpic  -g -O2   -c options.cpp -o options.o
/usr/bin/g++ -std=gnu++17 -I"/ref/rmlab/software/spack-1.1.0/opt/spack/linux-x86_64/r-4.5.2-jga4yt5sdbzfddqszotqf64bn5a6iu2m/rlib/R/include" -DNDEBUG -I/ref/rmlab/software/tyron/imagemagick-devel/usr/include/ImageMagick-6 -DMAGICKCORE_HDRI_ENABLE=0 -DMAGICKCORE_QUANTUM_DEPTH=16  -I'/ref/rmlab/software/tyron/R-libs/Rcpp/include' -I/usr/local/include   -fvisibility=hidden -fpic  -g -O2   -c properties.cpp -o properties.o
/usr/bin/g++ -std=gnu++17 -I"/ref/rmlab/software/spack-1.1.0/opt/spack/linux-x86_64/r-4.5.2-jga4yt5sdbzfddqszotqf64bn5a6iu2m/rlib/R/include" -DNDEBUG -I/ref/rmlab/software/tyron/imagemagick-devel/usr/include/ImageMagick-6 -DMAGICKCORE_HDRI_ENABLE=0 -DMAGICKCORE_QUANTUM_DEPTH=16  -I'/ref/rmlab/software/tyron/R-libs/Rcpp/include' -I/usr/local/include   -fvisibility=hidden -fpic  -g -O2   -c resize.cpp -o resize.o
/usr/bin/g++ -std=gnu++17 -I"/ref/rmlab/software/spack-1.1.0/opt/spack/linux-x86_64/r-4.5.2-jga4yt5sdbzfddqszotqf64bn5a6iu2m/rlib/R/include" -DNDEBUG -I/ref/rmlab/software/tyron/imagemagick-devel/usr/include/ImageMagick-6 -DMAGICKCORE_HDRI_ENABLE=0 -DMAGICKCORE_QUANTUM_DEPTH=16  -I'/ref/rmlab/software/tyron/R-libs/Rcpp/include' -I/usr/local/include   -fvisibility=hidden -fpic  -g -O2   -c segment.cpp -o segment.o
/usr/bin/g++ -std=gnu++17 -I"/ref/rmlab/software/spack-1.1.0/opt/spack/linux-x86_64/r-4.5.2-jga4yt5sdbzfddqszotqf64bn5a6iu2m/rlib/R/include" -DNDEBUG -I/ref/rmlab/software/tyron/imagemagick-devel/usr/include/ImageMagick-6 -DMAGICKCORE_HDRI_ENABLE=0 -DMAGICKCORE_QUANTUM_DEPTH=16  -I'/ref/rmlab/software/tyron/R-libs/Rcpp/include' -I/usr/local/include   -fvisibility=hidden -fpic  -g -O2   -c transformations.cpp -o transformations.o
/usr/bin/g++ -std=gnu++17 -shared -L/ref/rmlab/software/spack-1.1.0/opt/spack/linux-x86_64/r-4.5.2-jga4yt5sdbzfddqszotqf64bn5a6iu2m/rlib/R/lib -Wl,-rpath,/ref/rmlab/software/spack-1.1.0/opt/spack/linux-x86_64/r-4.5.2-jga4yt5sdbzfddqszotqf64bn5a6iu2m/rlib/R/lib -o magick.so RcppExports.o animation.o attributes.o base.o color.o composite.o config.o convolve.o device.o edges.o edit.o fonts.o options.o properties.o resize.o segment.o transformations.o -lMagick++-6.Q16 -lMagickWand-6.Q16 -lMagickCore-6.Q16 -L/ref/rmlab/software/spack-1.1.0/opt/spack/linux-x86_64/r-4.5.2-jga4yt5sdbzfddqszotqf64bn5a6iu2m/rlib/R/lib -lR
Error: R: NoDecodeDelegateForThisImageFormat `' @ error/constitute.c/ReadImage/581
Execution halted
checking for gcc... /usr/bin/gcc
checking whether the C compiler works... yes
checking for C compiler default output file name... a.out
checking for suffix of executables... 
checking whether we are cross compiling... no
checking for suffix of object files... o
checking whether we are using the GNU C compiler... yes
checking whether /usr/bin/gcc accepts -g... yes
checking for /usr/bin/gcc option to accept ISO C89... none needed
checking how to run the C preprocessor... /usr/bin/gcc -E
checking for gcc... (cached) /usr/bin/gcc
checking whether we are using the GNU C compiler... (cached) yes
checking whether /usr/bin/gcc accepts -g... (cached) yes
checking for /usr/bin/gcc option to accept ISO C89... (cached) none needed
checking for pkg-config... yes
configure: creating ./config.status
config.status: creating src/Makevars

fftwtools 0.9-10
================

compiler flags:  
link argument:   

/usr/bin/g++ -std=gnu++17 -I"/ref/rmlab/software/spack-1.1.0/opt/spack/linux-x86_64/r-4.5.2-jga4yt5sdbzfddqszotqf64bn5a6iu2m/rlib/R/include" -DNDEBUG  -I'/ref/rmlab/software/tyron/R-libs/Rcpp/include' -I/usr/local/include    -fpic  -g -O2   -c RcppExports.cpp -o RcppExports.o
/usr/bin/g++ -std=gnu++17 -I"/ref/rmlab/software/spack-1.1.0/opt/spack/linux-x86_64/r-4.5.2-jga4yt5sdbzfddqszotqf64bn5a6iu2m/rlib/R/include" -DNDEBUG  -I'/ref/rmlab/software/tyron/R-libs/Rcpp/include' -I/usr/local/include    -fpic  -g -O2   -c jointlevel_fft_twosided.cpp -o jointlevel_fft_twosided.o
FAILED: singleCellTK
SKIP (already installed): scry
SKIP (already installed): UCell
SKIP (already installed): monocle

--- FAILED PACKAGES ---
GSVA
singleCellTK 
End: Wed May 20 01:22:32 AM CDT 2026
