=== Bioconductor Install ===
R: R version 4.5.2 (2025-10-31) -- "[Not] Part in a Rumble"
Library: /ref/rmlab/software/tyron/R-libs
Start: Wed May 20 12:36:58 AM CDT 2026
SKIP (already installed): multtest
SKIP (already installed): ComplexHeatmap
SKIP (already installed): DropletUtils
SKIP (already installed): AUCell
SKIP (already installed): glmGamPoi

=== Installing: scDblFinder ===
cd "htslib-1.18" && make -f "Makefile.Rhtslib"
mkdir -p "/ref/rmlab/software/tyron/R-libs/Rhtslib/include/htslib"
mkdir -p "/ref/rmlab/software/tyron/R-libs/Rhtslib/usrlib"
mkdir -p "/ref/rmlab/software/tyron/R-libs/Rhtslib/testdata/tabix"
make[1]: Entering directory '/tmp/RtmpyhJWUH/R.INSTALL363435e5742df/Rhtslib/src/htslib-1.18'
cd "htslib-1.18/test" && (cp *.sam *.bam *.vcf *.bcf *.cram *.fa *.fa.fai *.gff *.bed "/ref/rmlab/software/tyron/R-libs/Rhtslib/testdata" 2>/dev/null || true) && cd tabix && (cp *.sam *.bam *.vcf *.bcf *.cram *.fa *.fa.fai *.gff *.bed "/ref/rmlab/software/tyron/R-libs/Rhtslib/testdata/tabix" 2>/dev/null || true)
/usr/bin/gcc -g -O2 -fpic -fvisibility=hidden  -I. -I/usr/local/include -D_FILE_OFFSET_BITS=64 -c -o kfunc.o kfunc.c
/usr/bin/gcc -g -O2 -fpic -fvisibility=hidden  -I. -I/usr/local/include -D_FILE_OFFSET_BITS=64 -c -o kstring.o kstring.c
/usr/bin/gcc -g -O2 -fpic -fvisibility=hidden  -I. -I/usr/local/include -D_FILE_OFFSET_BITS=64 -c -o bcf_sr_sort.o bcf_sr_sort.c
/usr/bin/gcc -g -O2 -fpic -fvisibility=hidden  -I. -I/usr/local/include -D_FILE_OFFSET_BITS=64 -c -o bgzf.o bgzf.c
/usr/bin/gcc -g -O2 -fpic -fvisibility=hidden  -I. -I/usr/local/include -D_FILE_OFFSET_BITS=64 -c -o errmod.o errmod.c
/usr/bin/gcc -g -O2 -fpic -fvisibility=hidden  -I. -I/usr/local/include -D_FILE_OFFSET_BITS=64 -c -o faidx.o faidx.c
/usr/bin/gcc -g -O2 -fpic -fvisibility=hidden  -I. -I/usr/local/include -D_FILE_OFFSET_BITS=64 -c -o header.o header.c
/usr/bin/gcc -g -O2 -fpic -fvisibility=hidden  -I. -I/usr/local/include -D_FILE_OFFSET_BITS=64 -c -o hfile.o hfile.c
echo '#define HTS_VERSION_TEXT "1.18"' > version.h
printf '#define HTS_CC "%s"\n#define HTS_CPPFLAGS "%s"\n#define HTS_CFLAGS "%s"\n#define HTS_LDFLAGS "%s"\n#define HTS_LIBS "%s"\n' \
'/usr/bin/gcc' \
'-I/usr/local/include -D_FILE_OFFSET_BITS=64' \
'-g -O2 -fpic -fvisibility=hidden' \
'-Wl,-rpath,/ref/rmlab/software/spack-1.1.0/opt/spack/linux-x86_64/r-4.5.2-jga4yt5sdbzfddqszotqf64bn5a6iu2m/rlib/R/lib -fvisibility=hidden' \
'-lz -lm -lbz2 -llzma -lcurl' > config_vars.h
/usr/bin/gcc -g -O2 -fpic -fvisibility=hidden  -I. -I/usr/local/include -D_FILE_OFFSET_BITS=64 -c -o hts_expr.o hts_expr.c
/usr/bin/gcc -g -O2 -fpic -fvisibility=hidden  -I. -I/usr/local/include -D_FILE_OFFSET_BITS=64 -c -o hts_os.o hts_os.c
/usr/bin/gcc -g -O2 -fpic -fvisibility=hidden  -I. -I/usr/local/include -D_FILE_OFFSET_BITS=64 -c -o md5.o md5.c
/usr/bin/gcc -g -O2 -fpic -fvisibility=hidden  -I. -I/usr/local/include -D_FILE_OFFSET_BITS=64 -c -o multipart.o multipart.c
/usr/bin/gcc -g -O2 -fpic -fvisibility=hidden  -I. -I/usr/local/include -D_FILE_OFFSET_BITS=64 -c -o probaln.o probaln.c
/usr/bin/gcc -g -O2 -fpic -fvisibility=hidden  -I. -I/usr/local/include -D_FILE_OFFSET_BITS=64 -c -o realn.o realn.c
/usr/bin/gcc -g -O2 -fpic -fvisibility=hidden  -I. -I/usr/local/include -D_FILE_OFFSET_BITS=64 -c -o regidx.o regidx.c
/usr/bin/gcc -g -O2 -fpic -fvisibility=hidden  -I. -I/usr/local/include -D_FILE_OFFSET_BITS=64 -c -o region.o region.c
/usr/bin/gcc -g -O2 -fpic -fvisibility=hidden  -I. -I/usr/local/include -D_FILE_OFFSET_BITS=64 -c -o sam.o sam.c
/usr/bin/gcc -g -O2 -fpic -fvisibility=hidden  -I. -I/usr/local/include -D_FILE_OFFSET_BITS=64 -c -o sam_mods.o sam_mods.c
/usr/bin/gcc -g -O2 -fpic -fvisibility=hidden  -I. -I/usr/local/include -D_FILE_OFFSET_BITS=64 -c -o synced_bcf_reader.o synced_bcf_reader.c
/usr/bin/gcc -g -O2 -fpic -fvisibility=hidden  -I. -I/usr/local/include -D_FILE_OFFSET_BITS=64 -c -o vcf_sweep.o vcf_sweep.c
/usr/bin/gcc -g -O2 -fpic -fvisibility=hidden  -I. -I/usr/local/include -D_FILE_OFFSET_BITS=64 -c -o tbx.o tbx.c
/usr/bin/gcc -g -O2 -fpic -fvisibility=hidden  -I. -I/usr/local/include -D_FILE_OFFSET_BITS=64 -c -o textutils.o textutils.c
/usr/bin/gcc -g -O2 -fpic -fvisibility=hidden  -I. -I/usr/local/include -D_FILE_OFFSET_BITS=64 -c -o thread_pool.o thread_pool.c
/usr/bin/gcc -g -O2 -fpic -fvisibility=hidden  -I. -I/usr/local/include -D_FILE_OFFSET_BITS=64 -c -o vcf.o vcf.c
/usr/bin/gcc -g -O2 -fpic -fvisibility=hidden  -I. -I/usr/local/include -D_FILE_OFFSET_BITS=64 -c -o vcfutils.o vcfutils.c
/usr/bin/gcc -g -O2 -fpic -fvisibility=hidden  -I. -I/usr/local/include -D_FILE_OFFSET_BITS=64 -c -o cram/cram_codecs.o cram/cram_codecs.c
/usr/bin/gcc -g -O2 -fpic -fvisibility=hidden  -I. -I/usr/local/include -D_FILE_OFFSET_BITS=64 -c -o cram/cram_decode.o cram/cram_decode.c
/usr/bin/gcc -g -O2 -fpic -fvisibility=hidden  -I. -I/usr/local/include -D_FILE_OFFSET_BITS=64 -c -o cram/cram_encode.o cram/cram_encode.c
/usr/bin/gcc -g -O2 -fpic -fvisibility=hidden  -I. -I/usr/local/include -D_FILE_OFFSET_BITS=64 -c -o cram/cram_external.o cram/cram_external.c
/usr/bin/gcc -g -O2 -fpic -fvisibility=hidden  -I. -I/usr/local/include -D_FILE_OFFSET_BITS=64 -c -o cram/cram_index.o cram/cram_index.c
/usr/bin/gcc -g -O2 -fpic -fvisibility=hidden  -I. -I/usr/local/include -D_FILE_OFFSET_BITS=64 -c -o cram/cram_io.o cram/cram_io.c
/usr/bin/gcc -g -O2 -fpic -fvisibility=hidden  -I. -I/usr/local/include -D_FILE_OFFSET_BITS=64 -c -o cram/cram_stats.o cram/cram_stats.c
/usr/bin/gcc -g -O2 -fpic -fvisibility=hidden  -I. -I/usr/local/include -D_FILE_OFFSET_BITS=64 -c -o cram/mFILE.o cram/mFILE.c
/usr/bin/gcc -g -O2 -fpic -fvisibility=hidden  -I. -I/usr/local/include -D_FILE_OFFSET_BITS=64 -c -o cram/open_trace_file.o cram/open_trace_file.c
/usr/bin/gcc -g -O2 -fpic -fvisibility=hidden  -I. -I/usr/local/include -D_FILE_OFFSET_BITS=64 -c -o cram/pooled_alloc.o cram/pooled_alloc.c
/usr/bin/gcc -g -O2 -fpic -fvisibility=hidden  -I. -I/usr/local/include -D_FILE_OFFSET_BITS=64 -c -o cram/string_alloc.o cram/string_alloc.c
/usr/bin/gcc -g -O2 -fpic -fvisibility=hidden  -I. -I/usr/local/include -D_FILE_OFFSET_BITS=64 -c -o htscodecs/htscodecs/arith_dynamic.o htscodecs/htscodecs/arith_dynamic.c
/usr/bin/gcc -g -O2 -fpic -fvisibility=hidden  -I. -I/usr/local/include -D_FILE_OFFSET_BITS=64 -c -o htscodecs/htscodecs/fqzcomp_qual.o htscodecs/htscodecs/fqzcomp_qual.c
/usr/bin/gcc -g -O2 -fpic -fvisibility=hidden  -I. -I/usr/local/include -D_FILE_OFFSET_BITS=64 -c -o htscodecs/htscodecs/htscodecs.o htscodecs/htscodecs/htscodecs.c
/usr/bin/gcc -g -O2 -fpic -fvisibility=hidden  -I. -I/usr/local/include -D_FILE_OFFSET_BITS=64 -c -o htscodecs/htscodecs/pack.o htscodecs/htscodecs/pack.c
/usr/bin/gcc -g -O2 -fpic -fvisibility=hidden  -I. -I/usr/local/include -D_FILE_OFFSET_BITS=64 -c -o htscodecs/htscodecs/rANS_static4x16pr.o htscodecs/htscodecs/rANS_static4x16pr.c
/usr/bin/gcc -g -O2 -fpic -fvisibility=hidden  -I. -I/usr/local/include -D_FILE_OFFSET_BITS=64 -c -o htscodecs/htscodecs/rANS_static32x16pr_avx2.o htscodecs/htscodecs/rANS_static32x16pr_avx2.c
/usr/bin/gcc -g -O2 -fpic -fvisibility=hidden  -I. -I/usr/local/include -D_FILE_OFFSET_BITS=64 -c -o htscodecs/htscodecs/rANS_static32x16pr_avx512.o htscodecs/htscodecs/rANS_static32x16pr_avx512.c
/usr/bin/gcc -g -O2 -fpic -fvisibility=hidden  -I. -I/usr/local/include -D_FILE_OFFSET_BITS=64 -c -o htscodecs/htscodecs/rANS_static32x16pr_sse4.o htscodecs/htscodecs/rANS_static32x16pr_sse4.c
/usr/bin/gcc -g -O2 -fpic -fvisibility=hidden  -I. -I/usr/local/include -D_FILE_OFFSET_BITS=64 -c -o htscodecs/htscodecs/rANS_static32x16pr_neon.o htscodecs/htscodecs/rANS_static32x16pr_neon.c
/usr/bin/gcc -g -O2 -fpic -fvisibility=hidden  -I. -I/usr/local/include -D_FILE_OFFSET_BITS=64 -c -o htscodecs/htscodecs/rANS_static32x16pr.o htscodecs/htscodecs/rANS_static32x16pr.c
/usr/bin/gcc -g -O2 -fpic -fvisibility=hidden  -I. -I/usr/local/include -D_FILE_OFFSET_BITS=64 -c -o htscodecs/htscodecs/rANS_static.o htscodecs/htscodecs/rANS_static.c
/usr/bin/gcc -g -O2 -fpic -fvisibility=hidden  -I. -I/usr/local/include -D_FILE_OFFSET_BITS=64 -c -o htscodecs/htscodecs/rle.o htscodecs/htscodecs/rle.c
/usr/bin/gcc -g -O2 -fpic -fvisibility=hidden  -I. -I/usr/local/include -D_FILE_OFFSET_BITS=64 -c -o htscodecs/htscodecs/tokenise_name3.o htscodecs/htscodecs/tokenise_name3.c
/usr/bin/gcc -g -O2 -fpic -fvisibility=hidden  -I. -I/usr/local/include -D_FILE_OFFSET_BITS=64 -c -o htscodecs/htscodecs/utils.o htscodecs/htscodecs/utils.c
/usr/bin/gcc -g -O2 -fpic -fvisibility=hidden  -I. -I/usr/local/include -D_FILE_OFFSET_BITS=64 -c -o hfile_libcurl.o hfile_libcurl.c
/usr/bin/gcc -g -O2 -fpic -fvisibility=hidden  -I. -I/usr/local/include -D_FILE_OFFSET_BITS=64  -c -o kfunc.pico kfunc.c
/usr/bin/gcc -g -O2 -fpic -fvisibility=hidden  -I. -I/usr/local/include -D_FILE_OFFSET_BITS=64  -c -o kstring.pico kstring.c
/usr/bin/gcc -g -O2 -fpic -fvisibility=hidden  -I. -I/usr/local/include -D_FILE_OFFSET_BITS=64  -c -o bcf_sr_sort.pico bcf_sr_sort.c
/usr/bin/gcc -g -O2 -fpic -fvisibility=hidden  -I. -I/usr/local/include -D_FILE_OFFSET_BITS=64  -c -o bgzf.pico bgzf.c
/usr/bin/gcc -g -O2 -fpic -fvisibility=hidden  -I. -I/usr/local/include -D_FILE_OFFSET_BITS=64  -c -o errmod.pico errmod.c
/usr/bin/gcc -g -O2 -fpic -fvisibility=hidden  -I. -I/usr/local/include -D_FILE_OFFSET_BITS=64  -c -o faidx.pico faidx.c
/usr/bin/gcc -g -O2 -fpic -fvisibility=hidden  -I. -I/usr/local/include -D_FILE_OFFSET_BITS=64  -c -o header.pico header.c
/usr/bin/gcc -g -O2 -fpic -fvisibility=hidden  -I. -I/usr/local/include -D_FILE_OFFSET_BITS=64  -c -o hfile.pico hfile.c
/usr/bin/gcc -g -O2 -fpic -fvisibility=hidden  -I. -I/usr/local/include -D_FILE_OFFSET_BITS=64  -c -o hts.pico hts.c
/usr/bin/gcc -g -O2 -fpic -fvisibility=hidden  -I. -I/usr/local/include -D_FILE_OFFSET_BITS=64  -c -o hts_expr.pico hts_expr.c
/usr/bin/gcc -g -O2 -fpic -fvisibility=hidden  -I. -I/usr/local/include -D_FILE_OFFSET_BITS=64  -c -o hts_os.pico hts_os.c
/usr/bin/gcc -g -O2 -fpic -fvisibility=hidden  -I. -I/usr/local/include -D_FILE_OFFSET_BITS=64  -c -o md5.pico md5.c
/usr/bin/gcc -g -O2 -fpic -fvisibility=hidden  -I. -I/usr/local/include -D_FILE_OFFSET_BITS=64  -c -o multipart.pico multipart.c
/usr/bin/gcc -g -O2 -fpic -fvisibility=hidden  -I. -I/usr/local/include -D_FILE_OFFSET_BITS=64  -c -o probaln.pico probaln.c
/usr/bin/gcc -g -O2 -fpic -fvisibility=hidden  -I. -I/usr/local/include -D_FILE_OFFSET_BITS=64  -c -o realn.pico realn.c
/usr/bin/gcc -g -O2 -fpic -fvisibility=hidden  -I. -I/usr/local/include -D_FILE_OFFSET_BITS=64  -c -o regidx.pico regidx.c
/usr/bin/gcc -g -O2 -fpic -fvisibility=hidden  -I. -I/usr/local/include -D_FILE_OFFSET_BITS=64  -c -o region.pico region.c
/usr/bin/gcc -g -O2 -fpic -fvisibility=hidden  -I. -I/usr/local/include -D_FILE_OFFSET_BITS=64  -c -o sam.pico sam.c
/usr/bin/gcc -g -O2 -fpic -fvisibility=hidden  -I. -I/usr/local/include -D_FILE_OFFSET_BITS=64  -c -o sam_mods.pico sam_mods.c
/usr/bin/gcc -g -O2 -fpic -fvisibility=hidden  -I. -I/usr/local/include -D_FILE_OFFSET_BITS=64  -c -o synced_bcf_reader.pico synced_bcf_reader.c
/usr/bin/gcc -g -O2 -fpic -fvisibility=hidden  -I. -I/usr/local/include -D_FILE_OFFSET_BITS=64  -c -o vcf_sweep.pico vcf_sweep.c
/usr/bin/gcc -g -O2 -fpic -fvisibility=hidden  -I. -I/usr/local/include -D_FILE_OFFSET_BITS=64  -c -o tbx.pico tbx.c
/usr/bin/gcc -g -O2 -fpic -fvisibility=hidden  -I. -I/usr/local/include -D_FILE_OFFSET_BITS=64  -c -o textutils.pico textutils.c
/usr/bin/gcc -g -O2 -fpic -fvisibility=hidden  -I. -I/usr/local/include -D_FILE_OFFSET_BITS=64  -c -o thread_pool.pico thread_pool.c
/usr/bin/gcc -g -O2 -fpic -fvisibility=hidden  -I. -I/usr/local/include -D_FILE_OFFSET_BITS=64  -c -o vcf.pico vcf.c
/usr/bin/gcc -g -O2 -fpic -fvisibility=hidden  -I. -I/usr/local/include -D_FILE_OFFSET_BITS=64  -c -o vcfutils.pico vcfutils.c
/usr/bin/gcc -g -O2 -fpic -fvisibility=hidden  -I. -I/usr/local/include -D_FILE_OFFSET_BITS=64  -c -o cram/cram_codecs.pico cram/cram_codecs.c
/usr/bin/gcc -g -O2 -fpic -fvisibility=hidden  -I. -I/usr/local/include -D_FILE_OFFSET_BITS=64  -c -o cram/cram_decode.pico cram/cram_decode.c
/usr/bin/gcc -g -O2 -fpic -fvisibility=hidden  -I. -I/usr/local/include -D_FILE_OFFSET_BITS=64  -c -o cram/cram_encode.pico cram/cram_encode.c
/usr/bin/gcc -g -O2 -fpic -fvisibility=hidden  -I. -I/usr/local/include -D_FILE_OFFSET_BITS=64  -c -o cram/cram_external.pico cram/cram_external.c
/usr/bin/gcc -g -O2 -fpic -fvisibility=hidden  -I. -I/usr/local/include -D_FILE_OFFSET_BITS=64  -c -o cram/cram_index.pico cram/cram_index.c
/usr/bin/gcc -g -O2 -fpic -fvisibility=hidden  -I. -I/usr/local/include -D_FILE_OFFSET_BITS=64  -c -o cram/cram_io.pico cram/cram_io.c
/usr/bin/gcc -g -O2 -fpic -fvisibility=hidden  -I. -I/usr/local/include -D_FILE_OFFSET_BITS=64  -c -o cram/cram_stats.pico cram/cram_stats.c
/usr/bin/gcc -g -O2 -fpic -fvisibility=hidden  -I. -I/usr/local/include -D_FILE_OFFSET_BITS=64  -c -o cram/mFILE.pico cram/mFILE.c
/usr/bin/gcc -g -O2 -fpic -fvisibility=hidden  -I. -I/usr/local/include -D_FILE_OFFSET_BITS=64  -c -o cram/open_trace_file.pico cram/open_trace_file.c
/usr/bin/gcc -g -O2 -fpic -fvisibility=hidden  -I. -I/usr/local/include -D_FILE_OFFSET_BITS=64  -c -o cram/pooled_alloc.pico cram/pooled_alloc.c
/usr/bin/gcc -g -O2 -fpic -fvisibility=hidden  -I. -I/usr/local/include -D_FILE_OFFSET_BITS=64  -c -o cram/string_alloc.pico cram/string_alloc.c
/usr/bin/gcc -g -O2 -fpic -fvisibility=hidden  -I. -I/usr/local/include -D_FILE_OFFSET_BITS=64  -c -o htscodecs/htscodecs/arith_dynamic.pico htscodecs/htscodecs/arith_dynamic.c
/usr/bin/gcc -g -O2 -fpic -fvisibility=hidden  -I. -I/usr/local/include -D_FILE_OFFSET_BITS=64  -c -o htscodecs/htscodecs/fqzcomp_qual.pico htscodecs/htscodecs/fqzcomp_qual.c
/usr/bin/gcc -g -O2 -fpic -fvisibility=hidden  -I. -I/usr/local/include -D_FILE_OFFSET_BITS=64  -c -o htscodecs/htscodecs/htscodecs.pico htscodecs/htscodecs/htscodecs.c
/usr/bin/gcc -g -O2 -fpic -fvisibility=hidden  -I. -I/usr/local/include -D_FILE_OFFSET_BITS=64  -c -o htscodecs/htscodecs/pack.pico htscodecs/htscodecs/pack.c
/usr/bin/gcc -g -O2 -fpic -fvisibility=hidden  -I. -I/usr/local/include -D_FILE_OFFSET_BITS=64  -c -o htscodecs/htscodecs/rANS_static4x16pr.pico htscodecs/htscodecs/rANS_static4x16pr.c
/usr/bin/gcc -g -O2 -fpic -fvisibility=hidden  -I. -I/usr/local/include -D_FILE_OFFSET_BITS=64  -c -o htscodecs/htscodecs/rANS_static32x16pr_avx2.pico htscodecs/htscodecs/rANS_static32x16pr_avx2.c
/usr/bin/gcc -g -O2 -fpic -fvisibility=hidden  -I. -I/usr/local/include -D_FILE_OFFSET_BITS=64  -c -o htscodecs/htscodecs/rANS_static32x16pr_avx512.pico htscodecs/htscodecs/rANS_static32x16pr_avx512.c
/usr/bin/gcc -g -O2 -fpic -fvisibility=hidden  -I. -I/usr/local/include -D_FILE_OFFSET_BITS=64  -c -o htscodecs/htscodecs/rANS_static32x16pr_sse4.pico htscodecs/htscodecs/rANS_static32x16pr_sse4.c
/usr/bin/gcc -g -O2 -fpic -fvisibility=hidden  -I. -I/usr/local/include -D_FILE_OFFSET_BITS=64  -c -o htscodecs/htscodecs/rANS_static32x16pr_neon.pico htscodecs/htscodecs/rANS_static32x16pr_neon.c
/usr/bin/gcc -g -O2 -fpic -fvisibility=hidden  -I. -I/usr/local/include -D_FILE_OFFSET_BITS=64  -c -o htscodecs/htscodecs/rANS_static32x16pr.pico htscodecs/htscodecs/rANS_static32x16pr.c
/usr/bin/gcc -g -O2 -fpic -fvisibility=hidden  -I. -I/usr/local/include -D_FILE_OFFSET_BITS=64  -c -o htscodecs/htscodecs/rANS_static.pico htscodecs/htscodecs/rANS_static.c
/usr/bin/gcc -g -O2 -fpic -fvisibility=hidden  -I. -I/usr/local/include -D_FILE_OFFSET_BITS=64  -c -o htscodecs/htscodecs/rle.pico htscodecs/htscodecs/rle.c
/usr/bin/gcc -g -O2 -fpic -fvisibility=hidden  -I. -I/usr/local/include -D_FILE_OFFSET_BITS=64  -c -o htscodecs/htscodecs/tokenise_name3.pico htscodecs/htscodecs/tokenise_name3.c
/usr/bin/gcc -g -O2 -fpic -fvisibility=hidden  -I. -I/usr/local/include -D_FILE_OFFSET_BITS=64  -c -o htscodecs/htscodecs/utils.pico htscodecs/htscodecs/utils.c
/usr/bin/gcc -g -O2 -fpic -fvisibility=hidden  -I. -I/usr/local/include -D_FILE_OFFSET_BITS=64  -c -o hfile_libcurl.pico hfile_libcurl.c
/usr/bin/gcc -g -O2 -fpic -fvisibility=hidden  -I. -I/usr/local/include -D_FILE_OFFSET_BITS=64 -c -o hts.o hts.c
/usr/bin/gcc -shared -Wl,-soname,libhts.so.3 -Wl,-version-script,htslib.map -Wl,-rpath,/ref/rmlab/software/spack-1.1.0/opt/spack/linux-x86_64/r-4.5.2-jga4yt5sdbzfddqszotqf64bn5a6iu2m/rlib/R/lib -fvisibility=hidden -o libhts.so kfunc.pico kstring.pico bcf_sr_sort.pico bgzf.pico errmod.pico faidx.pico header.pico hfile.pico hts.pico hts_expr.pico hts_os.pico md5.pico multipart.pico probaln.pico realn.pico regidx.pico region.pico sam.pico sam_mods.pico synced_bcf_reader.pico vcf_sweep.pico tbx.pico textutils.pico thread_pool.pico vcf.pico vcfutils.pico cram/cram_codecs.pico cram/cram_decode.pico cram/cram_encode.pico cram/cram_external.pico cram/cram_index.pico cram/cram_io.pico cram/cram_stats.pico cram/mFILE.pico cram/open_trace_file.pico cram/pooled_alloc.pico cram/string_alloc.pico htscodecs/htscodecs/arith_dynamic.pico htscodecs/htscodecs/fqzcomp_qual.pico htscodecs/htscodecs/htscodecs.pico htscodecs/htscodecs/pack.pico htscodecs/htscodecs/rANS_static4x16pr.pico htscodecs/htscodecs/rANS_static32x16pr_avx2.pico htscodecs/htscodecs/rANS_static32x16pr_avx512.pico htscodecs/htscodecs/rANS_static32x16pr_sse4.pico htscodecs/htscodecs/rANS_static32x16pr_neon.pico htscodecs/htscodecs/rANS_static32x16pr.pico htscodecs/htscodecs/rANS_static.pico htscodecs/htscodecs/rle.pico htscodecs/htscodecs/tokenise_name3.pico htscodecs/htscodecs/utils.pico hfile_libcurl.pico -lz -lm -lbz2 -llzma -lcurl -lpthread
ln -sf libhts.so libhts.so.3
ar -rc libhts.a kfunc.o kstring.o bcf_sr_sort.o bgzf.o errmod.o faidx.o header.o hfile.o hts.o hts_expr.o hts_os.o md5.o multipart.o probaln.o realn.o regidx.o region.o sam.o sam_mods.o synced_bcf_reader.o vcf_sweep.o tbx.o textutils.o thread_pool.o vcf.o vcfutils.o cram/cram_codecs.o cram/cram_decode.o cram/cram_encode.o cram/cram_external.o cram/cram_index.o cram/cram_io.o cram/cram_stats.o cram/mFILE.o cram/open_trace_file.o cram/pooled_alloc.o cram/string_alloc.o htscodecs/htscodecs/arith_dynamic.o htscodecs/htscodecs/fqzcomp_qual.o htscodecs/htscodecs/htscodecs.o htscodecs/htscodecs/pack.o htscodecs/htscodecs/rANS_static4x16pr.o htscodecs/htscodecs/rANS_static32x16pr_avx2.o htscodecs/htscodecs/rANS_static32x16pr_avx512.o htscodecs/htscodecs/rANS_static32x16pr_sse4.o htscodecs/htscodecs/rANS_static32x16pr_neon.o htscodecs/htscodecs/rANS_static32x16pr.o htscodecs/htscodecs/rANS_static.o htscodecs/htscodecs/rle.o htscodecs/htscodecs/tokenise_name3.o htscodecs/htscodecs/utils.o hfile_libcurl.o
ranlib libhts.a
make[1]: Leaving directory '/tmp/RtmpyhJWUH/R.INSTALL363435e5742df/Rhtslib/src/htslib-1.18'
cd "htslib-1.18/htslib" && cp * "/ref/rmlab/software/tyron/R-libs/Rhtslib/include/htslib"
cd "htslib-1.18" && cp libhts.so libhts.a "/ref/rmlab/software/tyron/R-libs/Rhtslib/usrlib"
/usr/bin/gcc -I"/ref/rmlab/software/spack-1.1.0/opt/spack/linux-x86_64/r-4.5.2-jga4yt5sdbzfddqszotqf64bn5a6iu2m/rlib/R/include" -DNDEBUG -D_FILE_OFFSET_BITS=64 -I"/ref/rmlab/software/tyron/R-libs/Rhtslib/include"  -I/usr/local/include    -fpic  -g -O2  -c R_init_Rhtslib.c -o R_init_Rhtslib.o
cd "/ref/rmlab/software/tyron/R-libs/Rhtslib/usrlib" && ln -s libhts.so libhts.so.2
/usr/bin/gcc -shared -L/ref/rmlab/software/spack-1.1.0/opt/spack/linux-x86_64/r-4.5.2-jga4yt5sdbzfddqszotqf64bn5a6iu2m/rlib/R/lib -Wl,-rpath,/ref/rmlab/software/spack-1.1.0/opt/spack/linux-x86_64/r-4.5.2-jga4yt5sdbzfddqszotqf64bn5a6iu2m/rlib/R/lib -o Rhtslib.so R_init_Rhtslib.o /ref/rmlab/software/tyron/R-libs/Rhtslib/usrlib/libhts.a -lcurl -lbz2 -llzma -lz -L/ref/rmlab/software/spack-1.1.0/opt/spack/linux-x86_64/r-4.5.2-jga4yt5sdbzfddqszotqf64bn5a6iu2m/rlib/R/lib -lR
/usr/bin/gcc -I"/ref/rmlab/software/spack-1.1.0/opt/spack/linux-x86_64/r-4.5.2-jga4yt5sdbzfddqszotqf64bn5a6iu2m/rlib/R/include" -DNDEBUG -D_FILE_OFFSET_BITS=64 -I'/ref/rmlab/software/tyron/R-libs/Rhtslib/include' -I'/ref/rmlab/software/tyron/R-libs/S4Vectors/include' -I'/ref/rmlab/software/tyron/R-libs/IRanges/include' -I'/ref/rmlab/software/tyron/R-libs/XVector/include' -I'/ref/rmlab/software/tyron/R-libs/Biostrings/include' -I/usr/local/include    -fpic  -g -O2  -c Biostrings_stubs.c -o Biostrings_stubs.o
/usr/bin/gcc -I"/ref/rmlab/software/spack-1.1.0/opt/spack/linux-x86_64/r-4.5.2-jga4yt5sdbzfddqszotqf64bn5a6iu2m/rlib/R/include" -DNDEBUG -D_FILE_OFFSET_BITS=64 -I'/ref/rmlab/software/tyron/R-libs/Rhtslib/include' -I'/ref/rmlab/software/tyron/R-libs/S4Vectors/include' -I'/ref/rmlab/software/tyron/R-libs/IRanges/include' -I'/ref/rmlab/software/tyron/R-libs/XVector/include' -I'/ref/rmlab/software/tyron/R-libs/Biostrings/include' -I/usr/local/include    -fpic  -g -O2  -c COMPAT_bcf_hdr_read.c -o COMPAT_bcf_hdr_read.o
/usr/bin/gcc -I"/ref/rmlab/software/spack-1.1.0/opt/spack/linux-x86_64/r-4.5.2-jga4yt5sdbzfddqszotqf64bn5a6iu2m/rlib/R/include" -DNDEBUG -D_FILE_OFFSET_BITS=64 -I'/ref/rmlab/software/tyron/R-libs/Rhtslib/include' -I'/ref/rmlab/software/tyron/R-libs/S4Vectors/include' -I'/ref/rmlab/software/tyron/R-libs/IRanges/include' -I'/ref/rmlab/software/tyron/R-libs/XVector/include' -I'/ref/rmlab/software/tyron/R-libs/Biostrings/include' -I/usr/local/include    -fpic  -g -O2  -c IRanges_stubs.c -o IRanges_stubs.o
/usr/bin/g++ -std=gnu++17 -I"/ref/rmlab/software/spack-1.1.0/opt/spack/linux-x86_64/r-4.5.2-jga4yt5sdbzfddqszotqf64bn5a6iu2m/rlib/R/include" -DNDEBUG -D_FILE_OFFSET_BITS=64 -I'/ref/rmlab/software/tyron/R-libs/Rhtslib/include' -I'/ref/rmlab/software/tyron/R-libs/S4Vectors/include' -I'/ref/rmlab/software/tyron/R-libs/IRanges/include' -I'/ref/rmlab/software/tyron/R-libs/XVector/include' -I'/ref/rmlab/software/tyron/R-libs/Biostrings/include' -I/usr/local/include    -fpic  -g -O2   -c PileupBuffer.cpp -o PileupBuffer.o
/usr/bin/g++ -std=gnu++17 -I"/ref/rmlab/software/spack-1.1.0/opt/spack/linux-x86_64/r-4.5.2-jga4yt5sdbzfddqszotqf64bn5a6iu2m/rlib/R/include" -DNDEBUG -D_FILE_OFFSET_BITS=64 -I'/ref/rmlab/software/tyron/R-libs/Rhtslib/include' -I'/ref/rmlab/software/tyron/R-libs/S4Vectors/include' -I'/ref/rmlab/software/tyron/R-libs/IRanges/include' -I'/ref/rmlab/software/tyron/R-libs/XVector/include' -I'/ref/rmlab/software/tyron/R-libs/Biostrings/include' -I/usr/local/include    -fpic  -g -O2   -c PosCacheColl.cpp -o PosCacheColl.o
/usr/bin/gcc -I"/ref/rmlab/software/spack-1.1.0/opt/spack/linux-x86_64/r-4.5.2-jga4yt5sdbzfddqszotqf64bn5a6iu2m/rlib/R/include" -DNDEBUG -D_FILE_OFFSET_BITS=64 -I'/ref/rmlab/software/tyron/R-libs/Rhtslib/include' -I'/ref/rmlab/software/tyron/R-libs/S4Vectors/include' -I'/ref/rmlab/software/tyron/R-libs/IRanges/include' -I'/ref/rmlab/software/tyron/R-libs/XVector/include' -I'/ref/rmlab/software/tyron/R-libs/Biostrings/include' -I/usr/local/include    -fpic  -g -O2  -c R_init_Rsamtools.c -o R_init_Rsamtools.o
/usr/bin/g++ -std=gnu++17 -I"/ref/rmlab/software/spack-1.1.0/opt/spack/linux-x86_64/r-4.5.2-jga4yt5sdbzfddqszotqf64bn5a6iu2m/rlib/R/include" -DNDEBUG -D_FILE_OFFSET_BITS=64 -I'/ref/rmlab/software/tyron/R-libs/Rhtslib/include' -I'/ref/rmlab/software/tyron/R-libs/S4Vectors/include' -I'/ref/rmlab/software/tyron/R-libs/IRanges/include' -I'/ref/rmlab/software/tyron/R-libs/XVector/include' -I'/ref/rmlab/software/tyron/R-libs/Biostrings/include' -I/usr/local/include    -fpic  -g -O2   -c ResultManager.cpp -o ResultManager.o
/usr/bin/gcc -I"/ref/rmlab/software/spack-1.1.0/opt/spack/linux-x86_64/r-4.5.2-jga4yt5sdbzfddqszotqf64bn5a6iu2m/rlib/R/include" -DNDEBUG -D_FILE_OFFSET_BITS=64 -I'/ref/rmlab/software/tyron/R-libs/Rhtslib/include' -I'/ref/rmlab/software/tyron/R-libs/S4Vectors/include' -I'/ref/rmlab/software/tyron/R-libs/IRanges/include' -I'/ref/rmlab/software/tyron/R-libs/XVector/include' -I'/ref/rmlab/software/tyron/R-libs/Biostrings/include' -I/usr/local/include    -fpic  -g -O2  -c S4Vectors_stubs.c -o S4Vectors_stubs.o
/usr/bin/gcc -I"/ref/rmlab/software/spack-1.1.0/opt/spack/linux-x86_64/r-4.5.2-jga4yt5sdbzfddqszotqf64bn5a6iu2m/rlib/R/include" -DNDEBUG -D_FILE_OFFSET_BITS=64 -I'/ref/rmlab/software/tyron/R-libs/Rhtslib/include' -I'/ref/rmlab/software/tyron/R-libs/S4Vectors/include' -I'/ref/rmlab/software/tyron/R-libs/IRanges/include' -I'/ref/rmlab/software/tyron/R-libs/XVector/include' -I'/ref/rmlab/software/tyron/R-libs/Biostrings/include' -I/usr/local/include    -fpic  -g -O2  -c XVector_stubs.c -o XVector_stubs.o
/usr/bin/gcc -I"/ref/rmlab/software/spack-1.1.0/opt/spack/linux-x86_64/r-4.5.2-jga4yt5sdbzfddqszotqf64bn5a6iu2m/rlib/R/include" -DNDEBUG -D_FILE_OFFSET_BITS=64 -I'/ref/rmlab/software/tyron/R-libs/Rhtslib/include' -I'/ref/rmlab/software/tyron/R-libs/S4Vectors/include' -I'/ref/rmlab/software/tyron/R-libs/IRanges/include' -I'/ref/rmlab/software/tyron/R-libs/XVector/include' -I'/ref/rmlab/software/tyron/R-libs/Biostrings/include' -I/usr/local/include    -fpic  -g -O2  -c as_bam.c -o as_bam.o
/usr/bin/gcc -I"/ref/rmlab/software/spack-1.1.0/opt/spack/linux-x86_64/r-4.5.2-jga4yt5sdbzfddqszotqf64bn5a6iu2m/rlib/R/include" -DNDEBUG -D_FILE_OFFSET_BITS=64 -I'/ref/rmlab/software/tyron/R-libs/Rhtslib/include' -I'/ref/rmlab/software/tyron/R-libs/S4Vectors/include' -I'/ref/rmlab/software/tyron/R-libs/IRanges/include' -I'/ref/rmlab/software/tyron/R-libs/XVector/include' -I'/ref/rmlab/software/tyron/R-libs/Biostrings/include' -I/usr/local/include    -fpic  -g -O2  -c bam.c -o bam.o
/usr/bin/gcc -I"/ref/rmlab/software/spack-1.1.0/opt/spack/linux-x86_64/r-4.5.2-jga4yt5sdbzfddqszotqf64bn5a6iu2m/rlib/R/include" -DNDEBUG -D_FILE_OFFSET_BITS=64 -I'/ref/rmlab/software/tyron/R-libs/Rhtslib/include' -I'/ref/rmlab/software/tyron/R-libs/S4Vectors/include' -I'/ref/rmlab/software/tyron/R-libs/IRanges/include' -I'/ref/rmlab/software/tyron/R-libs/XVector/include' -I'/ref/rmlab/software/tyron/R-libs/Biostrings/include' -I/usr/local/include    -fpic  -g -O2  -c bam_data.c -o bam_data.o
/usr/bin/g++ -std=gnu++17 -I"/ref/rmlab/software/spack-1.1.0/opt/spack/linux-x86_64/r-4.5.2-jga4yt5sdbzfddqszotqf64bn5a6iu2m/rlib/R/include" -DNDEBUG -D_FILE_OFFSET_BITS=64 -I'/ref/rmlab/software/tyron/R-libs/Rhtslib/include' -I'/ref/rmlab/software/tyron/R-libs/S4Vectors/include' -I'/ref/rmlab/software/tyron/R-libs/IRanges/include' -I'/ref/rmlab/software/tyron/R-libs/XVector/include' -I'/ref/rmlab/software/tyron/R-libs/Biostrings/include' -I/usr/local/include    -fpic  -g -O2   -c bam_mate_iter.cpp -o bam_mate_iter.o
/usr/bin/gcc -I"/ref/rmlab/software/spack-1.1.0/opt/spack/linux-x86_64/r-4.5.2-jga4yt5sdbzfddqszotqf64bn5a6iu2m/rlib/R/include" -DNDEBUG -D_FILE_OFFSET_BITS=64 -I'/ref/rmlab/software/tyron/R-libs/Rhtslib/include' -I'/ref/rmlab/software/tyron/R-libs/S4Vectors/include' -I'/ref/rmlab/software/tyron/R-libs/IRanges/include' -I'/ref/rmlab/software/tyron/R-libs/XVector/include' -I'/ref/rmlab/software/tyron/R-libs/Biostrings/include' -I/usr/local/include    -fpic  -g -O2  -c bam_plbuf.c -o bam_plbuf.o
/usr/bin/gcc -I"/ref/rmlab/software/spack-1.1.0/opt/spack/linux-x86_64/r-4.5.2-jga4yt5sdbzfddqszotqf64bn5a6iu2m/rlib/R/include" -DNDEBUG -D_FILE_OFFSET_BITS=64 -I'/ref/rmlab/software/tyron/R-libs/Rhtslib/include' -I'/ref/rmlab/software/tyron/R-libs/S4Vectors/include' -I'/ref/rmlab/software/tyron/R-libs/IRanges/include' -I'/ref/rmlab/software/tyron/R-libs/XVector/include' -I'/ref/rmlab/software/tyron/R-libs/Biostrings/include' -I/usr/local/include    -fpic  -g -O2  -c bam_sort.c -o bam_sort.o
/usr/bin/gcc -I"/ref/rmlab/software/spack-1.1.0/opt/spack/linux-x86_64/r-4.5.2-jga4yt5sdbzfddqszotqf64bn5a6iu2m/rlib/R/include" -DNDEBUG -D_FILE_OFFSET_BITS=64 -I'/ref/rmlab/software/tyron/R-libs/Rhtslib/include' -I'/ref/rmlab/software/tyron/R-libs/S4Vectors/include' -I'/ref/rmlab/software/tyron/R-libs/IRanges/include' -I'/ref/rmlab/software/tyron/R-libs/XVector/include' -I'/ref/rmlab/software/tyron/R-libs/Biostrings/include' -I/usr/local/include    -fpic  -g -O2  -c bambuffer.c -o bambuffer.o
/usr/bin/gcc -I"/ref/rmlab/software/spack-1.1.0/opt/spack/linux-x86_64/r-4.5.2-jga4yt5sdbzfddqszotqf64bn5a6iu2m/rlib/R/include" -DNDEBUG -D_FILE_OFFSET_BITS=64 -I'/ref/rmlab/software/tyron/R-libs/Rhtslib/include' -I'/ref/rmlab/software/tyron/R-libs/S4Vectors/include' -I'/ref/rmlab/software/tyron/R-libs/IRanges/include' -I'/ref/rmlab/software/tyron/R-libs/XVector/include' -I'/ref/rmlab/software/tyron/R-libs/Biostrings/include' -I/usr/local/include    -fpic  -g -O2  -c bamfile.c -o bamfile.o
/usr/bin/gcc -I"/ref/rmlab/software/spack-1.1.0/opt/spack/linux-x86_64/r-4.5.2-jga4yt5sdbzfddqszotqf64bn5a6iu2m/rlib/R/include" -DNDEBUG -D_FILE_OFFSET_BITS=64 -I'/ref/rmlab/software/tyron/R-libs/Rhtslib/include' -I'/ref/rmlab/software/tyron/R-libs/S4Vectors/include' -I'/ref/rmlab/software/tyron/R-libs/IRanges/include' -I'/ref/rmlab/software/tyron/R-libs/XVector/include' -I'/ref/rmlab/software/tyron/R-libs/Biostrings/include' -I/usr/local/include    -fpic  -g -O2  -c bcffile.c -o bcffile.o
/usr/bin/gcc -I"/ref/rmlab/software/spack-1.1.0/opt/spack/linux-x86_64/r-4.5.2-jga4yt5sdbzfddqszotqf64bn5a6iu2m/rlib/R/include" -DNDEBUG -D_FILE_OFFSET_BITS=64 -I'/ref/rmlab/software/tyron/R-libs/Rhtslib/include' -I'/ref/rmlab/software/tyron/R-libs/S4Vectors/include' -I'/ref/rmlab/software/tyron/R-libs/IRanges/include' -I'/ref/rmlab/software/tyron/R-libs/XVector/include' -I'/ref/rmlab/software/tyron/R-libs/Biostrings/include' -I/usr/local/include    -fpic  -g -O2  -c bedidx.c -o bedidx.o
/usr/bin/gcc -I"/ref/rmlab/software/spack-1.1.0/opt/spack/linux-x86_64/r-4.5.2-jga4yt5sdbzfddqszotqf64bn5a6iu2m/rlib/R/include" -DNDEBUG -D_FILE_OFFSET_BITS=64 -I'/ref/rmlab/software/tyron/R-libs/Rhtslib/include' -I'/ref/rmlab/software/tyron/R-libs/S4Vectors/include' -I'/ref/rmlab/software/tyron/R-libs/IRanges/include' -I'/ref/rmlab/software/tyron/R-libs/XVector/include' -I'/ref/rmlab/software/tyron/R-libs/Biostrings/include' -I/usr/local/include    -fpic  -g -O2  -c encode.c -o encode.o
/usr/bin/gcc -I"/ref/rmlab/software/spack-1.1.0/opt/spack/linux-x86_64/r-4.5.2-jga4yt5sdbzfddqszotqf64bn5a6iu2m/rlib/R/include" -DNDEBUG -D_FILE_OFFSET_BITS=64 -I'/ref/rmlab/software/tyron/R-libs/Rhtslib/include' -I'/ref/rmlab/software/tyron/R-libs/S4Vectors/include' -I'/ref/rmlab/software/tyron/R-libs/IRanges/include' -I'/ref/rmlab/software/tyron/R-libs/XVector/include' -I'/ref/rmlab/software/tyron/R-libs/Biostrings/include' -I/usr/local/include    -fpic  -g -O2  -c fafile.c -o fafile.o
/usr/bin/gcc -I"/ref/rmlab/software/spack-1.1.0/opt/spack/linux-x86_64/r-4.5.2-jga4yt5sdbzfddqszotqf64bn5a6iu2m/rlib/R/include" -DNDEBUG -D_FILE_OFFSET_BITS=64 -I'/ref/rmlab/software/tyron/R-libs/Rhtslib/include' -I'/ref/rmlab/software/tyron/R-libs/S4Vectors/include' -I'/ref/rmlab/software/tyron/R-libs/IRanges/include' -I'/ref/rmlab/software/tyron/R-libs/XVector/include' -I'/ref/rmlab/software/tyron/R-libs/Biostrings/include' -I/usr/local/include    -fpic  -g -O2  -c idxstats.c -o idxstats.o
/usr/bin/gcc -I"/ref/rmlab/software/spack-1.1.0/opt/spack/linux-x86_64/r-4.5.2-jga4yt5sdbzfddqszotqf64bn5a6iu2m/rlib/R/include" -DNDEBUG -D_FILE_OFFSET_BITS=64 -I'/ref/rmlab/software/tyron/R-libs/Rhtslib/include' -I'/ref/rmlab/software/tyron/R-libs/S4Vectors/include' -I'/ref/rmlab/software/tyron/R-libs/IRanges/include' -I'/ref/rmlab/software/tyron/R-libs/XVector/include' -I'/ref/rmlab/software/tyron/R-libs/Biostrings/include' -I/usr/local/include    -fpic  -g -O2  -c io_sam.c -o io_sam.o
/usr/bin/g++ -std=gnu++17 -I"/ref/rmlab/software/spack-1.1.0/opt/spack/linux-x86_64/r-4.5.2-jga4yt5sdbzfddqszotqf64bn5a6iu2m/rlib/R/include" -DNDEBUG -D_FILE_OFFSET_BITS=64 -I'/ref/rmlab/software/tyron/R-libs/Rhtslib/include' -I'/ref/rmlab/software/tyron/R-libs/S4Vectors/include' -I'/ref/rmlab/software/tyron/R-libs/IRanges/include' -I'/ref/rmlab/software/tyron/R-libs/XVector/include' -I'/ref/rmlab/software/tyron/R-libs/Biostrings/include' -I/usr/local/include    -fpic  -g -O2   -c pbuffer_wrapper.cpp -o pbuffer_wrapper.o
/usr/bin/g++ -std=gnu++17 -I"/ref/rmlab/software/spack-1.1.0/opt/spack/linux-x86_64/r-4.5.2-jga4yt5sdbzfddqszotqf64bn5a6iu2m/rlib/R/include" -DNDEBUG -D_FILE_OFFSET_BITS=64 -I'/ref/rmlab/software/tyron/R-libs/Rhtslib/include' -I'/ref/rmlab/software/tyron/R-libs/S4Vectors/include' -I'/ref/rmlab/software/tyron/R-libs/IRanges/include' -I'/ref/rmlab/software/tyron/R-libs/XVector/include' -I'/ref/rmlab/software/tyron/R-libs/Biostrings/include' -I/usr/local/include    -fpic  -g -O2   -c pileup.cpp -o pileup.o
/usr/bin/gcc -I"/ref/rmlab/software/spack-1.1.0/opt/spack/linux-x86_64/r-4.5.2-jga4yt5sdbzfddqszotqf64bn5a6iu2m/rlib/R/include" -DNDEBUG -D_FILE_OFFSET_BITS=64 -I'/ref/rmlab/software/tyron/R-libs/Rhtslib/include' -I'/ref/rmlab/software/tyron/R-libs/S4Vectors/include' -I'/ref/rmlab/software/tyron/R-libs/IRanges/include' -I'/ref/rmlab/software/tyron/R-libs/XVector/include' -I'/ref/rmlab/software/tyron/R-libs/Biostrings/include' -I/usr/local/include    -fpic  -g -O2  -c pileupbam.c -o pileupbam.o
/usr/bin/gcc -I"/ref/rmlab/software/spack-1.1.0/opt/spack/linux-x86_64/r-4.5.2-jga4yt5sdbzfddqszotqf64bn5a6iu2m/rlib/R/include" -DNDEBUG -D_FILE_OFFSET_BITS=64 -I'/ref/rmlab/software/tyron/R-libs/Rhtslib/include' -I'/ref/rmlab/software/tyron/R-libs/S4Vectors/include' -I'/ref/rmlab/software/tyron/R-libs/IRanges/include' -I'/ref/rmlab/software/tyron/R-libs/XVector/include' -I'/ref/rmlab/software/tyron/R-libs/Biostrings/include' -I/usr/local/include    -fpic  -g -O2  -c sam_opts.c -o sam_opts.o
/usr/bin/gcc -I"/ref/rmlab/software/spack-1.1.0/opt/spack/linux-x86_64/r-4.5.2-jga4yt5sdbzfddqszotqf64bn5a6iu2m/rlib/R/include" -DNDEBUG -D_FILE_OFFSET_BITS=64 -I'/ref/rmlab/software/tyron/R-libs/Rhtslib/include' -I'/ref/rmlab/software/tyron/R-libs/S4Vectors/include' -I'/ref/rmlab/software/tyron/R-libs/IRanges/include' -I'/ref/rmlab/software/tyron/R-libs/XVector/include' -I'/ref/rmlab/software/tyron/R-libs/Biostrings/include' -I/usr/local/include    -fpic  -g -O2  -c sam_utils.c -o sam_utils.o
/usr/bin/gcc -I"/ref/rmlab/software/spack-1.1.0/opt/spack/linux-x86_64/r-4.5.2-jga4yt5sdbzfddqszotqf64bn5a6iu2m/rlib/R/include" -DNDEBUG -D_FILE_OFFSET_BITS=64 -I'/ref/rmlab/software/tyron/R-libs/Rhtslib/include' -I'/ref/rmlab/software/tyron/R-libs/S4Vectors/include' -I'/ref/rmlab/software/tyron/R-libs/IRanges/include' -I'/ref/rmlab/software/tyron/R-libs/XVector/include' -I'/ref/rmlab/software/tyron/R-libs/Biostrings/include' -I/usr/local/include    -fpic  -g -O2  -c samtools_patch.c -o samtools_patch.o
/usr/bin/gcc -I"/ref/rmlab/software/spack-1.1.0/opt/spack/linux-x86_64/r-4.5.2-jga4yt5sdbzfddqszotqf64bn5a6iu2m/rlib/R/include" -DNDEBUG -D_FILE_OFFSET_BITS=64 -I'/ref/rmlab/software/tyron/R-libs/Rhtslib/include' -I'/ref/rmlab/software/tyron/R-libs/S4Vectors/include' -I'/ref/rmlab/software/tyron/R-libs/IRanges/include' -I'/ref/rmlab/software/tyron/R-libs/XVector/include' -I'/ref/rmlab/software/tyron/R-libs/Biostrings/include' -I/usr/local/include    -fpic  -g -O2  -c scan_bam_data.c -o scan_bam_data.o
/usr/bin/gcc -I"/ref/rmlab/software/spack-1.1.0/opt/spack/linux-x86_64/r-4.5.2-jga4yt5sdbzfddqszotqf64bn5a6iu2m/rlib/R/include" -DNDEBUG -D_FILE_OFFSET_BITS=64 -I'/ref/rmlab/software/tyron/R-libs/Rhtslib/include' -I'/ref/rmlab/software/tyron/R-libs/S4Vectors/include' -I'/ref/rmlab/software/tyron/R-libs/IRanges/include' -I'/ref/rmlab/software/tyron/R-libs/XVector/include' -I'/ref/rmlab/software/tyron/R-libs/Biostrings/include' -I/usr/local/include    -fpic  -g -O2  -c tabixfile.c -o tabixfile.o
/usr/bin/gcc -I"/ref/rmlab/software/spack-1.1.0/opt/spack/linux-x86_64/r-4.5.2-jga4yt5sdbzfddqszotqf64bn5a6iu2m/rlib/R/include" -DNDEBUG -D_FILE_OFFSET_BITS=64 -I'/ref/rmlab/software/tyron/R-libs/Rhtslib/include' -I'/ref/rmlab/software/tyron/R-libs/S4Vectors/include' -I'/ref/rmlab/software/tyron/R-libs/IRanges/include' -I'/ref/rmlab/software/tyron/R-libs/XVector/include' -I'/ref/rmlab/software/tyron/R-libs/Biostrings/include' -I/usr/local/include    -fpic  -g -O2  -c tagfilter.c -o tagfilter.o
/usr/bin/gcc -I"/ref/rmlab/software/spack-1.1.0/opt/spack/linux-x86_64/r-4.5.2-jga4yt5sdbzfddqszotqf64bn5a6iu2m/rlib/R/include" -DNDEBUG -D_FILE_OFFSET_BITS=64 -I'/ref/rmlab/software/tyron/R-libs/Rhtslib/include' -I'/ref/rmlab/software/tyron/R-libs/S4Vectors/include' -I'/ref/rmlab/software/tyron/R-libs/IRanges/include' -I'/ref/rmlab/software/tyron/R-libs/XVector/include' -I'/ref/rmlab/software/tyron/R-libs/Biostrings/include' -I/usr/local/include    -fpic  -g -O2  -c utilities.c -o utilities.o
/usr/bin/gcc -I"/ref/rmlab/software/spack-1.1.0/opt/spack/linux-x86_64/r-4.5.2-jga4yt5sdbzfddqszotqf64bn5a6iu2m/rlib/R/include" -DNDEBUG -D_FILE_OFFSET_BITS=64 -I'/ref/rmlab/software/tyron/R-libs/Rhtslib/include' -I'/ref/rmlab/software/tyron/R-libs/S4Vectors/include' -I'/ref/rmlab/software/tyron/R-libs/IRanges/include' -I'/ref/rmlab/software/tyron/R-libs/XVector/include' -I'/ref/rmlab/software/tyron/R-libs/Biostrings/include' -I/usr/local/include    -fpic  -g -O2  -c zip_compression.c -o zip_compression.o
/usr/bin/g++ -std=gnu++17 -shared -L/ref/rmlab/software/spack-1.1.0/opt/spack/linux-x86_64/r-4.5.2-jga4yt5sdbzfddqszotqf64bn5a6iu2m/rlib/R/lib -Wl,-rpath,/ref/rmlab/software/spack-1.1.0/opt/spack/linux-x86_64/r-4.5.2-jga4yt5sdbzfddqszotqf64bn5a6iu2m/rlib/R/lib -o Rsamtools.so Biostrings_stubs.o COMPAT_bcf_hdr_read.o IRanges_stubs.o PileupBuffer.o PosCacheColl.o R_init_Rsamtools.o ResultManager.o S4Vectors_stubs.o XVector_stubs.o as_bam.o bam.o bam_data.o bam_mate_iter.o bam_plbuf.o bam_sort.o bambuffer.o bamfile.o bcffile.o bedidx.o encode.o fafile.o idxstats.o io_sam.o pbuffer_wrapper.o pileup.o pileupbam.o sam_opts.o sam_utils.o samtools_patch.o scan_bam_data.o tabixfile.o tagfilter.o utilities.o zip_compression.o /ref/rmlab/software/tyron/R-libs/Rhtslib/usrlib/libhts.a -lcurl -lbz2 -llzma -lz -L/ref/rmlab/software/spack-1.1.0/opt/spack/linux-x86_64/r-4.5.2-jga4yt5sdbzfddqszotqf64bn5a6iu2m/rlib/R/lib -lR
/usr/bin/gcc -I"/ref/rmlab/software/spack-1.1.0/opt/spack/linux-x86_64/r-4.5.2-jga4yt5sdbzfddqszotqf64bn5a6iu2m/rlib/R/include" -DNDEBUG  -I'/ref/rmlab/software/tyron/R-libs/S4Vectors/include' -I'/ref/rmlab/software/tyron/R-libs/IRanges/include' -I/usr/local/include    -fpic  -g -O2  -c IRanges_stubs.c -o IRanges_stubs.o
/usr/bin/gcc -I"/ref/rmlab/software/spack-1.1.0/opt/spack/linux-x86_64/r-4.5.2-jga4yt5sdbzfddqszotqf64bn5a6iu2m/rlib/R/include" -DNDEBUG  -I'/ref/rmlab/software/tyron/R-libs/S4Vectors/include' -I'/ref/rmlab/software/tyron/R-libs/IRanges/include' -I/usr/local/include    -fpic  -g -O2  -c R_init_GenomicAlignments.c -o R_init_GenomicAlignments.o
/usr/bin/gcc -I"/ref/rmlab/software/spack-1.1.0/opt/spack/linux-x86_64/r-4.5.2-jga4yt5sdbzfddqszotqf64bn5a6iu2m/rlib/R/include" -DNDEBUG  -I'/ref/rmlab/software/tyron/R-libs/S4Vectors/include' -I'/ref/rmlab/software/tyron/R-libs/IRanges/include' -I/usr/local/include    -fpic  -g -O2  -c S4Vectors_stubs.c -o S4Vectors_stubs.o
/usr/bin/gcc -I"/ref/rmlab/software/spack-1.1.0/opt/spack/linux-x86_64/r-4.5.2-jga4yt5sdbzfddqszotqf64bn5a6iu2m/rlib/R/include" -DNDEBUG  -I'/ref/rmlab/software/tyron/R-libs/S4Vectors/include' -I'/ref/rmlab/software/tyron/R-libs/IRanges/include' -I/usr/local/include    -fpic  -g -O2  -c encodeOverlaps_methods.c -o encodeOverlaps_methods.o
/usr/bin/gcc -shared -L/ref/rmlab/software/spack-1.1.0/opt/spack/linux-x86_64/r-4.5.2-jga4yt5sdbzfddqszotqf64bn5a6iu2m/rlib/R/lib -Wl,-rpath,/ref/rmlab/software/spack-1.1.0/opt/spack/linux-x86_64/r-4.5.2-jga4yt5sdbzfddqszotqf64bn5a6iu2m/rlib/R/lib -o GenomicAlignments.so IRanges_stubs.o R_init_GenomicAlignments.o S4Vectors_stubs.o encodeOverlaps_methods.o -L/ref/rmlab/software/spack-1.1.0/opt/spack/linux-x86_64/r-4.5.2-jga4yt5sdbzfddqszotqf64bn5a6iu2m/rlib/R/lib -lR
checking for pkg-config... /usr/bin/pkg-config
checking pkg-config is at least version 0.9.0... yes
checking for OPENSSL... yes
configure: creating ./config.status
config.status: creating src/Makevars
/usr/bin/gcc -I"/ref/rmlab/software/spack-1.1.0/opt/spack/linux-x86_64/r-4.5.2-jga4yt5sdbzfddqszotqf64bn5a6iu2m/rlib/R/include" -DNDEBUG -DUSE_SSL -D_FILE_OFFSET_BITS=64 -I'/ref/rmlab/software/tyron/R-libs/S4Vectors/include' -I'/ref/rmlab/software/tyron/R-libs/IRanges/include' -I'/ref/rmlab/software/tyron/R-libs/XVector/include' -I/usr/local/include    -fpic  -g -O2  -c S4Vectors_stubs.c -o S4Vectors_stubs.o
/usr/bin/gcc -I"/ref/rmlab/software/spack-1.1.0/opt/spack/linux-x86_64/r-4.5.2-jga4yt5sdbzfddqszotqf64bn5a6iu2m/rlib/R/include" -DNDEBUG -DUSE_SSL -D_FILE_OFFSET_BITS=64 -I'/ref/rmlab/software/tyron/R-libs/S4Vectors/include' -I'/ref/rmlab/software/tyron/R-libs/IRanges/include' -I'/ref/rmlab/software/tyron/R-libs/XVector/include' -I/usr/local/include    -fpic  -g -O2  -c IRanges_stubs.c -o IRanges_stubs.o
/usr/bin/gcc -I"/ref/rmlab/software/spack-1.1.0/opt/spack/linux-x86_64/r-4.5.2-jga4yt5sdbzfddqszotqf64bn5a6iu2m/rlib/R/include" -DNDEBUG -DUSE_SSL -D_FILE_OFFSET_BITS=64 -I'/ref/rmlab/software/tyron/R-libs/S4Vectors/include' -I'/ref/rmlab/software/tyron/R-libs/IRanges/include' -I'/ref/rmlab/software/tyron/R-libs/XVector/include' -I/usr/local/include    -fpic  -g -O2  -c XVector_stubs.c -o XVector_stubs.o
/usr/bin/gcc -I"/ref/rmlab/software/spack-1.1.0/opt/spack/linux-x86_64/r-4.5.2-jga4yt5sdbzfddqszotqf64bn5a6iu2m/rlib/R/include" -DNDEBUG -DUSE_SSL -D_FILE_OFFSET_BITS=64 -I'/ref/rmlab/software/tyron/R-libs/S4Vectors/include' -I'/ref/rmlab/software/tyron/R-libs/IRanges/include' -I'/ref/rmlab/software/tyron/R-libs/XVector/include' -I/usr/local/include    -fpic  -g -O2  -c R_init_rtracklayer.c -o R_init_rtracklayer.o
/usr/bin/gcc -I"/ref/rmlab/software/spack-1.1.0/opt/spack/linux-x86_64/r-4.5.2-jga4yt5sdbzfddqszotqf64bn5a6iu2m/rlib/R/include" -DNDEBUG -DUSE_SSL -D_FILE_OFFSET_BITS=64 -I'/ref/rmlab/software/tyron/R-libs/S4Vectors/include' -I'/ref/rmlab/software/tyron/R-libs/IRanges/include' -I'/ref/rmlab/software/tyron/R-libs/XVector/include' -I/usr/local/include    -fpic  -g -O2  -c readGFF.c -o readGFF.o
/usr/bin/gcc -I"/ref/rmlab/software/spack-1.1.0/opt/spack/linux-x86_64/r-4.5.2-jga4yt5sdbzfddqszotqf64bn5a6iu2m/rlib/R/include" -DNDEBUG -DUSE_SSL -D_FILE_OFFSET_BITS=64 -I'/ref/rmlab/software/tyron/R-libs/S4Vectors/include' -I'/ref/rmlab/software/tyron/R-libs/IRanges/include' -I'/ref/rmlab/software/tyron/R-libs/XVector/include' -I/usr/local/include    -fpic  -g -O2  -c bbiHelper.c -o bbiHelper.o
/usr/bin/gcc -I"/ref/rmlab/software/spack-1.1.0/opt/spack/linux-x86_64/r-4.5.2-jga4yt5sdbzfddqszotqf64bn5a6iu2m/rlib/R/include" -DNDEBUG -DUSE_SSL -D_FILE_OFFSET_BITS=64 -I'/ref/rmlab/software/tyron/R-libs/S4Vectors/include' -I'/ref/rmlab/software/tyron/R-libs/IRanges/include' -I'/ref/rmlab/software/tyron/R-libs/XVector/include' -I/usr/local/include    -fpic  -g -O2  -c bigWig.c -o bigWig.o
/usr/bin/gcc -I"/ref/rmlab/software/spack-1.1.0/opt/spack/linux-x86_64/r-4.5.2-jga4yt5sdbzfddqszotqf64bn5a6iu2m/rlib/R/include" -DNDEBUG -DUSE_SSL -D_FILE_OFFSET_BITS=64 -I'/ref/rmlab/software/tyron/R-libs/S4Vectors/include' -I'/ref/rmlab/software/tyron/R-libs/IRanges/include' -I'/ref/rmlab/software/tyron/R-libs/XVector/include' -I/usr/local/include    -fpic  -g -O2  -c bigBedHelper.c -o bigBedHelper.o
/usr/bin/gcc -I"/ref/rmlab/software/spack-1.1.0/opt/spack/linux-x86_64/r-4.5.2-jga4yt5sdbzfddqszotqf64bn5a6iu2m/rlib/R/include" -DNDEBUG -DUSE_SSL -D_FILE_OFFSET_BITS=64 -I'/ref/rmlab/software/tyron/R-libs/S4Vectors/include' -I'/ref/rmlab/software/tyron/R-libs/IRanges/include' -I'/ref/rmlab/software/tyron/R-libs/XVector/include' -I/usr/local/include    -fpic  -g -O2  -c bigBed.c -o bigBed.o
/usr/bin/gcc -I"/ref/rmlab/software/spack-1.1.0/opt/spack/linux-x86_64/r-4.5.2-jga4yt5sdbzfddqszotqf64bn5a6iu2m/rlib/R/include" -DNDEBUG -DUSE_SSL -D_FILE_OFFSET_BITS=64 -I'/ref/rmlab/software/tyron/R-libs/S4Vectors/include' -I'/ref/rmlab/software/tyron/R-libs/IRanges/include' -I'/ref/rmlab/software/tyron/R-libs/XVector/include' -I/usr/local/include    -fpic  -g -O2  -c chain_io.c -o chain_io.o
/usr/bin/gcc -I"/ref/rmlab/software/spack-1.1.0/opt/spack/linux-x86_64/r-4.5.2-jga4yt5sdbzfddqszotqf64bn5a6iu2m/rlib/R/include" -DNDEBUG -DUSE_SSL -D_FILE_OFFSET_BITS=64 -I'/ref/rmlab/software/tyron/R-libs/S4Vectors/include' -I'/ref/rmlab/software/tyron/R-libs/IRanges/include' -I'/ref/rmlab/software/tyron/R-libs/XVector/include' -I/usr/local/include    -fpic  -g -O2  -c twoBit.c -o twoBit.o
/usr/bin/gcc -I"/ref/rmlab/software/spack-1.1.0/opt/spack/linux-x86_64/r-4.5.2-jga4yt5sdbzfddqszotqf64bn5a6iu2m/rlib/R/include" -DNDEBUG -DUSE_SSL -D_FILE_OFFSET_BITS=64 -I'/ref/rmlab/software/tyron/R-libs/S4Vectors/include' -I'/ref/rmlab/software/tyron/R-libs/IRanges/include' -I'/ref/rmlab/software/tyron/R-libs/XVector/include' -I/usr/local/include    -fpic  -g -O2  -c handlers.c -o handlers.o
/usr/bin/gcc -I"/ref/rmlab/software/spack-1.1.0/opt/spack/linux-x86_64/r-4.5.2-jga4yt5sdbzfddqszotqf64bn5a6iu2m/rlib/R/include" -DNDEBUG -DUSE_SSL -D_FILE_OFFSET_BITS=64 -I'/ref/rmlab/software/tyron/R-libs/S4Vectors/include' -I'/ref/rmlab/software/tyron/R-libs/IRanges/include' -I'/ref/rmlab/software/tyron/R-libs/XVector/include' -I/usr/local/include    -fpic  -g -O2  -c utils.c -o utils.o
/usr/bin/gcc -I"/ref/rmlab/software/spack-1.1.0/opt/spack/linux-x86_64/r-4.5.2-jga4yt5sdbzfddqszotqf64bn5a6iu2m/rlib/R/include" -DNDEBUG -DUSE_SSL -D_FILE_OFFSET_BITS=64 -I'/ref/rmlab/software/tyron/R-libs/S4Vectors/include' -I'/ref/rmlab/software/tyron/R-libs/IRanges/include' -I'/ref/rmlab/software/tyron/R-libs/XVector/include' -I/usr/local/include    -fpic  -g -O2  -c ucsc/memgfx.c -o ucsc/memgfx.o
/usr/bin/gcc -I"/ref/rmlab/software/spack-1.1.0/opt/spack/linux-x86_64/r-4.5.2-jga4yt5sdbzfddqszotqf64bn5a6iu2m/rlib/R/include" -DNDEBUG -DUSE_SSL -D_FILE_OFFSET_BITS=64 -I'/ref/rmlab/software/tyron/R-libs/S4Vectors/include' -I'/ref/rmlab/software/tyron/R-libs/IRanges/include' -I'/ref/rmlab/software/tyron/R-libs/XVector/include' -I/usr/local/include    -fpic  -g -O2  -c ucsc/binRange.c -o ucsc/binRange.o
/usr/bin/gcc -I"/ref/rmlab/software/spack-1.1.0/opt/spack/linux-x86_64/r-4.5.2-jga4yt5sdbzfddqszotqf64bn5a6iu2m/rlib/R/include" -DNDEBUG -DUSE_SSL -D_FILE_OFFSET_BITS=64 -I'/ref/rmlab/software/tyron/R-libs/S4Vectors/include' -I'/ref/rmlab/software/tyron/R-libs/IRanges/include' -I'/ref/rmlab/software/tyron/R-libs/XVector/include' -I/usr/local/include    -fpic  -g -O2  -c ucsc/htmlColor.c -o ucsc/htmlColor.o
/usr/bin/gcc -I"/ref/rmlab/software/spack-1.1.0/opt/spack/linux-x86_64/r-4.5.2-jga4yt5sdbzfddqszotqf64bn5a6iu2m/rlib/R/include" -DNDEBUG -DUSE_SSL -D_FILE_OFFSET_BITS=64 -I'/ref/rmlab/software/tyron/R-libs/S4Vectors/include' -I'/ref/rmlab/software/tyron/R-libs/IRanges/include' -I'/ref/rmlab/software/tyron/R-libs/XVector/include' -I/usr/local/include    -fpic  -g -O2  -c ucsc/sqlList.c -o ucsc/sqlList.o
/usr/bin/gcc -I"/ref/rmlab/software/spack-1.1.0/opt/spack/linux-x86_64/r-4.5.2-jga4yt5sdbzfddqszotqf64bn5a6iu2m/rlib/R/include" -DNDEBUG -DUSE_SSL -D_FILE_OFFSET_BITS=64 -I'/ref/rmlab/software/tyron/R-libs/S4Vectors/include' -I'/ref/rmlab/software/tyron/R-libs/IRanges/include' -I'/ref/rmlab/software/tyron/R-libs/XVector/include' -I/usr/local/include    -fpic  -g -O2  -c ucsc/tokenizer.c -o ucsc/tokenizer.o
/usr/bin/gcc -I"/ref/rmlab/software/spack-1.1.0/opt/spack/linux-x86_64/r-4.5.2-jga4yt5sdbzfddqszotqf64bn5a6iu2m/rlib/R/include" -DNDEBUG -DUSE_SSL -D_FILE_OFFSET_BITS=64 -I'/ref/rmlab/software/tyron/R-libs/S4Vectors/include' -I'/ref/rmlab/software/tyron/R-libs/IRanges/include' -I'/ref/rmlab/software/tyron/R-libs/XVector/include' -I/usr/local/include    -fpic  -g -O2  -c ucsc/asParse.c -o ucsc/asParse.o
/usr/bin/gcc -I"/ref/rmlab/software/spack-1.1.0/opt/spack/linux-x86_64/r-4.5.2-jga4yt5sdbzfddqszotqf64bn5a6iu2m/rlib/R/include" -DNDEBUG -DUSE_SSL -D_FILE_OFFSET_BITS=64 -I'/ref/rmlab/software/tyron/R-libs/S4Vectors/include' -I'/ref/rmlab/software/tyron/R-libs/IRanges/include' -I'/ref/rmlab/software/tyron/R-libs/XVector/include' -I/usr/local/include    -fpic  -g -O2  -c ucsc/basicBed.c -o ucsc/basicBed.o
/usr/bin/gcc -I"/ref/rmlab/software/spack-1.1.0/opt/spack/linux-x86_64/r-4.5.2-jga4yt5sdbzfddqszotqf64bn5a6iu2m/rlib/R/include" -DNDEBUG -DUSE_SSL -D_FILE_OFFSET_BITS=64 -I'/ref/rmlab/software/tyron/R-libs/S4Vectors/include' -I'/ref/rmlab/software/tyron/R-libs/IRanges/include' -I'/ref/rmlab/software/tyron/R-libs/XVector/include' -I/usr/local/include    -fpic  -g -O2  -c ucsc/bigBed.c -o ucsc/bigBed.o
/usr/bin/gcc -I"/ref/rmlab/software/spack-1.1.0/opt/spack/linux-x86_64/r-4.5.2-jga4yt5sdbzfddqszotqf64bn5a6iu2m/rlib/R/include" -DNDEBUG -DUSE_SSL -D_FILE_OFFSET_BITS=64 -I'/ref/rmlab/software/tyron/R-libs/S4Vectors/include' -I'/ref/rmlab/software/tyron/R-libs/IRanges/include' -I'/ref/rmlab/software/tyron/R-libs/XVector/include' -I/usr/local/include    -fpic  -g -O2  -c ucsc/bPlusTree.c -o ucsc/bPlusTree.o
/usr/bin/gcc -I"/ref/rmlab/software/spack-1.1.0/opt/spack/linux-x86_64/r-4.5.2-jga4yt5sdbzfddqszotqf64bn5a6iu2m/rlib/R/include" -DNDEBUG -DUSE_SSL -D_FILE_OFFSET_BITS=64 -I'/ref/rmlab/software/tyron/R-libs/S4Vectors/include' -I'/ref/rmlab/software/tyron/R-libs/IRanges/include' -I'/ref/rmlab/software/tyron/R-libs/XVector/include' -I/usr/local/include    -fpic  -g -O2  -c ucsc/bbiRead.c -o ucsc/bbiRead.o
/usr/bin/gcc -I"/ref/rmlab/software/spack-1.1.0/opt/spack/linux-x86_64/r-4.5.2-jga4yt5sdbzfddqszotqf64bn5a6iu2m/rlib/R/include" -DNDEBUG -DUSE_SSL -D_FILE_OFFSET_BITS=64 -I'/ref/rmlab/software/tyron/R-libs/S4Vectors/include' -I'/ref/rmlab/software/tyron/R-libs/IRanges/include' -I'/ref/rmlab/software/tyron/R-libs/XVector/include' -I/usr/local/include    -fpic  -g -O2  -c ucsc/bbiWrite.c -o ucsc/bbiWrite.o
/usr/bin/gcc -I"/ref/rmlab/software/spack-1.1.0/opt/spack/linux-x86_64/r-4.5.2-jga4yt5sdbzfddqszotqf64bn5a6iu2m/rlib/R/include" -DNDEBUG -DUSE_SSL -D_FILE_OFFSET_BITS=64 -I'/ref/rmlab/software/tyron/R-libs/S4Vectors/include' -I'/ref/rmlab/software/tyron/R-libs/IRanges/include' -I'/ref/rmlab/software/tyron/R-libs/XVector/include' -I/usr/local/include    -fpic  -g -O2  -c ucsc/bwgCreate.c -o ucsc/bwgCreate.o
/usr/bin/gcc -I"/ref/rmlab/software/spack-1.1.0/opt/spack/linux-x86_64/r-4.5.2-jga4yt5sdbzfddqszotqf64bn5a6iu2m/rlib/R/include" -DNDEBUG -DUSE_SSL -D_FILE_OFFSET_BITS=64 -I'/ref/rmlab/software/tyron/R-libs/S4Vectors/include' -I'/ref/rmlab/software/tyron/R-libs/IRanges/include' -I'/ref/rmlab/software/tyron/R-libs/XVector/include' -I/usr/local/include    -fpic  -g -O2  -c ucsc/bwgQuery.c -o ucsc/bwgQuery.o
/usr/bin/gcc -I"/ref/rmlab/software/spack-1.1.0/opt/spack/linux-x86_64/r-4.5.2-jga4yt5sdbzfddqszotqf64bn5a6iu2m/rlib/R/include" -DNDEBUG -DUSE_SSL -D_FILE_OFFSET_BITS=64 -I'/ref/rmlab/software/tyron/R-libs/S4Vectors/include' -I'/ref/rmlab/software/tyron/R-libs/IRanges/include' -I'/ref/rmlab/software/tyron/R-libs/XVector/include' -I/usr/local/include    -fpic  -g -O2  -c ucsc/cirTree.c -o ucsc/cirTree.o
/usr/bin/gcc -I"/ref/rmlab/software/spack-1.1.0/opt/spack/linux-x86_64/r-4.5.2-jga4yt5sdbzfddqszotqf64bn5a6iu2m/rlib/R/include" -DNDEBUG -DUSE_SSL -D_FILE_OFFSET_BITS=64 -I'/ref/rmlab/software/tyron/R-libs/S4Vectors/include' -I'/ref/rmlab/software/tyron/R-libs/IRanges/include' -I'/ref/rmlab/software/tyron/R-libs/XVector/include' -I/usr/local/include    -fpic  -g -O2  -c ucsc/common.c -o ucsc/common.o
/usr/bin/gcc -I"/ref/rmlab/software/spack-1.1.0/opt/spack/linux-x86_64/r-4.5.2-jga4yt5sdbzfddqszotqf64bn5a6iu2m/rlib/R/include" -DNDEBUG -DUSE_SSL -D_FILE_OFFSET_BITS=64 -I'/ref/rmlab/software/tyron/R-libs/S4Vectors/include' -I'/ref/rmlab/software/tyron/R-libs/IRanges/include' -I'/ref/rmlab/software/tyron/R-libs/XVector/include' -I/usr/local/include    -fpic  -g -O2  -c ucsc/dnaseq.c -o ucsc/dnaseq.o
/usr/bin/gcc -I"/ref/rmlab/software/spack-1.1.0/opt/spack/linux-x86_64/r-4.5.2-jga4yt5sdbzfddqszotqf64bn5a6iu2m/rlib/R/include" -DNDEBUG -DUSE_SSL -D_FILE_OFFSET_BITS=64 -I'/ref/rmlab/software/tyron/R-libs/S4Vectors/include' -I'/ref/rmlab/software/tyron/R-libs/IRanges/include' -I'/ref/rmlab/software/tyron/R-libs/XVector/include' -I/usr/local/include    -fpic  -g -O2  -c ucsc/dnautil.c -o ucsc/dnautil.o
/usr/bin/gcc -I"/ref/rmlab/software/spack-1.1.0/opt/spack/linux-x86_64/r-4.5.2-jga4yt5sdbzfddqszotqf64bn5a6iu2m/rlib/R/include" -DNDEBUG -DUSE_SSL -D_FILE_OFFSET_BITS=64 -I'/ref/rmlab/software/tyron/R-libs/S4Vectors/include' -I'/ref/rmlab/software/tyron/R-libs/IRanges/include' -I'/ref/rmlab/software/tyron/R-libs/XVector/include' -I/usr/local/include    -fpic  -g -O2  -c ucsc/errAbort.c -o ucsc/errAbort.o
/usr/bin/gcc -I"/ref/rmlab/software/spack-1.1.0/opt/spack/linux-x86_64/r-4.5.2-jga4yt5sdbzfddqszotqf64bn5a6iu2m/rlib/R/include" -DNDEBUG -DUSE_SSL -D_FILE_OFFSET_BITS=64 -I'/ref/rmlab/software/tyron/R-libs/S4Vectors/include' -I'/ref/rmlab/software/tyron/R-libs/IRanges/include' -I'/ref/rmlab/software/tyron/R-libs/XVector/include' -I/usr/local/include    -fpic  -g -O2  -c ucsc/hash.c -o ucsc/hash.o
/usr/bin/gcc -I"/ref/rmlab/software/spack-1.1.0/opt/spack/linux-x86_64/r-4.5.2-jga4yt5sdbzfddqszotqf64bn5a6iu2m/rlib/R/include" -DNDEBUG -DUSE_SSL -D_FILE_OFFSET_BITS=64 -I'/ref/rmlab/software/tyron/R-libs/S4Vectors/include' -I'/ref/rmlab/software/tyron/R-libs/IRanges/include' -I'/ref/rmlab/software/tyron/R-libs/XVector/include' -I/usr/local/include    -fpic  -g -O2  -c ucsc/linefile.c -o ucsc/linefile.o
/usr/bin/gcc -I"/ref/rmlab/software/spack-1.1.0/opt/spack/linux-x86_64/r-4.5.2-jga4yt5sdbzfddqszotqf64bn5a6iu2m/rlib/R/include" -DNDEBUG -DUSE_SSL -D_FILE_OFFSET_BITS=64 -I'/ref/rmlab/software/tyron/R-libs/S4Vectors/include' -I'/ref/rmlab/software/tyron/R-libs/IRanges/include' -I'/ref/rmlab/software/tyron/R-libs/XVector/include' -I/usr/local/include    -fpic  -g -O2  -c ucsc/localmem.c -o ucsc/localmem.o
/usr/bin/gcc -I"/ref/rmlab/software/spack-1.1.0/opt/spack/linux-x86_64/r-4.5.2-jga4yt5sdbzfddqszotqf64bn5a6iu2m/rlib/R/include" -DNDEBUG -DUSE_SSL -D_FILE_OFFSET_BITS=64 -I'/ref/rmlab/software/tyron/R-libs/S4Vectors/include' -I'/ref/rmlab/software/tyron/R-libs/IRanges/include' -I'/ref/rmlab/software/tyron/R-libs/XVector/include' -I/usr/local/include    -fpic  -g -O2  -c ucsc/sqlNum.c -o ucsc/sqlNum.o
/usr/bin/gcc -I"/ref/rmlab/software/spack-1.1.0/opt/spack/linux-x86_64/r-4.5.2-jga4yt5sdbzfddqszotqf64bn5a6iu2m/rlib/R/include" -DNDEBUG -DUSE_SSL -D_FILE_OFFSET_BITS=64 -I'/ref/rmlab/software/tyron/R-libs/S4Vectors/include' -I'/ref/rmlab/software/tyron/R-libs/IRanges/include' -I'/ref/rmlab/software/tyron/R-libs/XVector/include' -I/usr/local/include    -fpic  -g -O2  -c ucsc/zlibFace.c -o ucsc/zlibFace.o
/usr/bin/gcc -I"/ref/rmlab/software/spack-1.1.0/opt/spack/linux-x86_64/r-4.5.2-jga4yt5sdbzfddqszotqf64bn5a6iu2m/rlib/R/include" -DNDEBUG -DUSE_SSL -D_FILE_OFFSET_BITS=64 -I'/ref/rmlab/software/tyron/R-libs/S4Vectors/include' -I'/ref/rmlab/software/tyron/R-libs/IRanges/include' -I'/ref/rmlab/software/tyron/R-libs/XVector/include' -I/usr/local/include    -fpic  -g -O2  -c ucsc/dystring.c -o ucsc/dystring.o
/usr/bin/gcc -I"/ref/rmlab/software/spack-1.1.0/opt/spack/linux-x86_64/r-4.5.2-jga4yt5sdbzfddqszotqf64bn5a6iu2m/rlib/R/include" -DNDEBUG -DUSE_SSL -D_FILE_OFFSET_BITS=64 -I'/ref/rmlab/software/tyron/R-libs/S4Vectors/include' -I'/ref/rmlab/software/tyron/R-libs/IRanges/include' -I'/ref/rmlab/software/tyron/R-libs/XVector/include' -I/usr/local/include    -fpic  -g -O2  -c ucsc/hmmstats.c -o ucsc/hmmstats.o
/usr/bin/gcc -I"/ref/rmlab/software/spack-1.1.0/opt/spack/linux-x86_64/r-4.5.2-jga4yt5sdbzfddqszotqf64bn5a6iu2m/rlib/R/include" -DNDEBUG -DUSE_SSL -D_FILE_OFFSET_BITS=64 -I'/ref/rmlab/software/tyron/R-libs/S4Vectors/include' -I'/ref/rmlab/software/tyron/R-libs/IRanges/include' -I'/ref/rmlab/software/tyron/R-libs/XVector/include' -I/usr/local/include    -fpic  -g -O2  -c ucsc/obscure.c -o ucsc/obscure.o
/usr/bin/gcc -I"/ref/rmlab/software/spack-1.1.0/opt/spack/linux-x86_64/r-4.5.2-jga4yt5sdbzfddqszotqf64bn5a6iu2m/rlib/R/include" -DNDEBUG -DUSE_SSL -D_FILE_OFFSET_BITS=64 -I'/ref/rmlab/software/tyron/R-libs/S4Vectors/include' -I'/ref/rmlab/software/tyron/R-libs/IRanges/include' -I'/ref/rmlab/software/tyron/R-libs/XVector/include' -I/usr/local/include    -fpic  -g -O2  -c ucsc/rangeTree.c -o ucsc/rangeTree.o
/usr/bin/gcc -I"/ref/rmlab/software/spack-1.1.0/opt/spack/linux-x86_64/r-4.5.2-jga4yt5sdbzfddqszotqf64bn5a6iu2m/rlib/R/include" -DNDEBUG -DUSE_SSL -D_FILE_OFFSET_BITS=64 -I'/ref/rmlab/software/tyron/R-libs/S4Vectors/include' -I'/ref/rmlab/software/tyron/R-libs/IRanges/include' -I'/ref/rmlab/software/tyron/R-libs/XVector/include' -I/usr/local/include    -fpic  -g -O2  -c ucsc/rbTree.c -o ucsc/rbTree.o
/usr/bin/gcc -I"/ref/rmlab/software/spack-1.1.0/opt/spack/linux-x86_64/r-4.5.2-jga4yt5sdbzfddqszotqf64bn5a6iu2m/rlib/R/include" -DNDEBUG -DUSE_SSL -D_FILE_OFFSET_BITS=64 -I'/ref/rmlab/software/tyron/R-libs/S4Vectors/include' -I'/ref/rmlab/software/tyron/R-libs/IRanges/include' -I'/ref/rmlab/software/tyron/R-libs/XVector/include' -I/usr/local/include    -fpic  -g -O2  -c ucsc/memalloc.c -o ucsc/memalloc.o
/usr/bin/gcc -I"/ref/rmlab/software/spack-1.1.0/opt/spack/linux-x86_64/r-4.5.2-jga4yt5sdbzfddqszotqf64bn5a6iu2m/rlib/R/include" -DNDEBUG -DUSE_SSL -D_FILE_OFFSET_BITS=64 -I'/ref/rmlab/software/tyron/R-libs/S4Vectors/include' -I'/ref/rmlab/software/tyron/R-libs/IRanges/include' -I'/ref/rmlab/software/tyron/R-libs/XVector/include' -I/usr/local/include    -fpic  -g -O2  -c ucsc/dlist.c -o ucsc/dlist.o
/usr/bin/gcc -I"/ref/rmlab/software/spack-1.1.0/opt/spack/linux-x86_64/r-4.5.2-jga4yt5sdbzfddqszotqf64bn5a6iu2m/rlib/R/include" -DNDEBUG -DUSE_SSL -D_FILE_OFFSET_BITS=64 -I'/ref/rmlab/software/tyron/R-libs/S4Vectors/include' -I'/ref/rmlab/software/tyron/R-libs/IRanges/include' -I'/ref/rmlab/software/tyron/R-libs/XVector/include' -I/usr/local/include    -fpic  -g -O2  -c ucsc/filePath.c -o ucsc/filePath.o
/usr/bin/gcc -I"/ref/rmlab/software/spack-1.1.0/opt/spack/linux-x86_64/r-4.5.2-jga4yt5sdbzfddqszotqf64bn5a6iu2m/rlib/R/include" -DNDEBUG -DUSE_SSL -D_FILE_OFFSET_BITS=64 -I'/ref/rmlab/software/tyron/R-libs/S4Vectors/include' -I'/ref/rmlab/software/tyron/R-libs/IRanges/include' -I'/ref/rmlab/software/tyron/R-libs/XVector/include' -I/usr/local/include    -fpic  -g -O2  -c ucsc/htmlPage.c -o ucsc/htmlPage.o
/usr/bin/gcc -I"/ref/rmlab/software/spack-1.1.0/opt/spack/linux-x86_64/r-4.5.2-jga4yt5sdbzfddqszotqf64bn5a6iu2m/rlib/R/include" -DNDEBUG -DUSE_SSL -D_FILE_OFFSET_BITS=64 -I'/ref/rmlab/software/tyron/R-libs/S4Vectors/include' -I'/ref/rmlab/software/tyron/R-libs/IRanges/include' -I'/ref/rmlab/software/tyron/R-libs/XVector/include' -I/usr/local/include    -fpic  -g -O2  -c ucsc/udc.c -o ucsc/udc.o
/usr/bin/gcc -I"/ref/rmlab/software/spack-1.1.0/opt/spack/linux-x86_64/r-4.5.2-jga4yt5sdbzfddqszotqf64bn5a6iu2m/rlib/R/include" -DNDEBUG -DUSE_SSL -D_FILE_OFFSET_BITS=64 -I'/ref/rmlab/software/tyron/R-libs/S4Vectors/include' -I'/ref/rmlab/software/tyron/R-libs/IRanges/include' -I'/ref/rmlab/software/tyron/R-libs/XVector/include' -I/usr/local/include    -fpic  -g -O2  -c ucsc/net.c -o ucsc/net.o
/usr/bin/gcc -I"/ref/rmlab/software/spack-1.1.0/opt/spack/linux-x86_64/r-4.5.2-jga4yt5sdbzfddqszotqf64bn5a6iu2m/rlib/R/include" -DNDEBUG -DUSE_SSL -D_FILE_OFFSET_BITS=64 -I'/ref/rmlab/software/tyron/R-libs/S4Vectors/include' -I'/ref/rmlab/software/tyron/R-libs/IRanges/include' -I'/ref/rmlab/software/tyron/R-libs/XVector/include' -I/usr/local/include    -fpic  -g -O2  -c ucsc/bits.c -o ucsc/bits.o
/usr/bin/gcc -I"/ref/rmlab/software/spack-1.1.0/opt/spack/linux-x86_64/r-4.5.2-jga4yt5sdbzfddqszotqf64bn5a6iu2m/rlib/R/include" -DNDEBUG -DUSE_SSL -D_FILE_OFFSET_BITS=64 -I'/ref/rmlab/software/tyron/R-libs/S4Vectors/include' -I'/ref/rmlab/software/tyron/R-libs/IRanges/include' -I'/ref/rmlab/software/tyron/R-libs/XVector/include' -I/usr/local/include    -fpic  -g -O2  -c ucsc/twoBit.c -o ucsc/twoBit.o
/usr/bin/gcc -I"/ref/rmlab/software/spack-1.1.0/opt/spack/linux-x86_64/r-4.5.2-jga4yt5sdbzfddqszotqf64bn5a6iu2m/rlib/R/include" -DNDEBUG -DUSE_SSL -D_FILE_OFFSET_BITS=64 -I'/ref/rmlab/software/tyron/R-libs/S4Vectors/include' -I'/ref/rmlab/software/tyron/R-libs/IRanges/include' -I'/ref/rmlab/software/tyron/R-libs/XVector/include' -I/usr/local/include    -fpic  -g -O2  -c ucsc/_cheapcgi.c -o ucsc/_cheapcgi.o
/usr/bin/gcc -I"/ref/rmlab/software/spack-1.1.0/opt/spack/linux-x86_64/r-4.5.2-jga4yt5sdbzfddqszotqf64bn5a6iu2m/rlib/R/include" -DNDEBUG -DUSE_SSL -D_FILE_OFFSET_BITS=64 -I'/ref/rmlab/software/tyron/R-libs/S4Vectors/include' -I'/ref/rmlab/software/tyron/R-libs/IRanges/include' -I'/ref/rmlab/software/tyron/R-libs/XVector/include' -I/usr/local/include    -fpic  -g -O2  -c ucsc/https.c -o ucsc/https.o
/usr/bin/gcc -I"/ref/rmlab/software/spack-1.1.0/opt/spack/linux-x86_64/r-4.5.2-jga4yt5sdbzfddqszotqf64bn5a6iu2m/rlib/R/include" -DNDEBUG -DUSE_SSL -D_FILE_OFFSET_BITS=64 -I'/ref/rmlab/software/tyron/R-libs/S4Vectors/include' -I'/ref/rmlab/software/tyron/R-libs/IRanges/include' -I'/ref/rmlab/software/tyron/R-libs/XVector/include' -I/usr/local/include    -fpic  -g -O2  -c ucsc/base64.c -o ucsc/base64.o
/usr/bin/gcc -I"/ref/rmlab/software/spack-1.1.0/opt/spack/linux-x86_64/r-4.5.2-jga4yt5sdbzfddqszotqf64bn5a6iu2m/rlib/R/include" -DNDEBUG -DUSE_SSL -D_FILE_OFFSET_BITS=64 -I'/ref/rmlab/software/tyron/R-libs/S4Vectors/include' -I'/ref/rmlab/software/tyron/R-libs/IRanges/include' -I'/ref/rmlab/software/tyron/R-libs/XVector/include' -I/usr/local/include    -fpic  -g -O2  -c ucsc/verbose.c -o ucsc/verbose.o
/usr/bin/gcc -I"/ref/rmlab/software/spack-1.1.0/opt/spack/linux-x86_64/r-4.5.2-jga4yt5sdbzfddqszotqf64bn5a6iu2m/rlib/R/include" -DNDEBUG -DUSE_SSL -D_FILE_OFFSET_BITS=64 -I'/ref/rmlab/software/tyron/R-libs/S4Vectors/include' -I'/ref/rmlab/software/tyron/R-libs/IRanges/include' -I'/ref/rmlab/software/tyron/R-libs/XVector/include' -I/usr/local/include    -fpic  -g -O2  -c ucsc/os.c -o ucsc/os.o
/usr/bin/gcc -I"/ref/rmlab/software/spack-1.1.0/opt/spack/linux-x86_64/r-4.5.2-jga4yt5sdbzfddqszotqf64bn5a6iu2m/rlib/R/include" -DNDEBUG -DUSE_SSL -D_FILE_OFFSET_BITS=64 -I'/ref/rmlab/software/tyron/R-libs/S4Vectors/include' -I'/ref/rmlab/software/tyron/R-libs/IRanges/include' -I'/ref/rmlab/software/tyron/R-libs/XVector/include' -I/usr/local/include    -fpic  -g -O2  -c ucsc/wildcmp.c -o ucsc/wildcmp.o
/usr/bin/gcc -I"/ref/rmlab/software/spack-1.1.0/opt/spack/linux-x86_64/r-4.5.2-jga4yt5sdbzfddqszotqf64bn5a6iu2m/rlib/R/include" -DNDEBUG -DUSE_SSL -D_FILE_OFFSET_BITS=64 -I'/ref/rmlab/software/tyron/R-libs/S4Vectors/include' -I'/ref/rmlab/software/tyron/R-libs/IRanges/include' -I'/ref/rmlab/software/tyron/R-libs/XVector/include' -I/usr/local/include    -fpic  -g -O2  -c ucsc/_portimpl.c -o ucsc/_portimpl.o
/usr/bin/gcc -shared -L/ref/rmlab/software/spack-1.1.0/opt/spack/linux-x86_64/r-4.5.2-jga4yt5sdbzfddqszotqf64bn5a6iu2m/rlib/R/lib -Wl,-rpath,/ref/rmlab/software/spack-1.1.0/opt/spack/linux-x86_64/r-4.5.2-jga4yt5sdbzfddqszotqf64bn5a6iu2m/rlib/R/lib -o rtracklayer.so S4Vectors_stubs.o IRanges_stubs.o XVector_stubs.o R_init_rtracklayer.o readGFF.o bbiHelper.o bigWig.o bigBedHelper.o bigBed.o chain_io.o twoBit.o handlers.o utils.o ucsc/memgfx.o ucsc/binRange.o ucsc/htmlColor.o ucsc/sqlList.o ucsc/tokenizer.o ucsc/asParse.o ucsc/basicBed.o ucsc/bigBed.o ucsc/bPlusTree.o ucsc/bbiRead.o ucsc/bbiWrite.o ucsc/bwgCreate.o ucsc/bwgQuery.o ucsc/cirTree.o ucsc/common.o ucsc/dnaseq.o ucsc/dnautil.o ucsc/errAbort.o ucsc/hash.o ucsc/linefile.o ucsc/localmem.o ucsc/sqlNum.o ucsc/zlibFace.o ucsc/dystring.o ucsc/hmmstats.o ucsc/obscure.o ucsc/rangeTree.o ucsc/rbTree.o ucsc/memalloc.o ucsc/dlist.o ucsc/filePath.o ucsc/htmlPage.o ucsc/udc.o ucsc/net.o ucsc/bits.o ucsc/twoBit.o ucsc/_cheapcgi.o ucsc/https.o ucsc/base64.o ucsc/verbose.o ucsc/os.o ucsc/wildcmp.o ucsc/_portimpl.o -lz -pthread -lssl -lcrypto -lcurl -L/ref/rmlab/software/spack-1.1.0/opt/spack/linux-x86_64/r-4.5.2-jga4yt5sdbzfddqszotqf64bn5a6iu2m/rlib/R/lib -lR
Creating a generic function for ‘offset’ from package ‘stats’ in package ‘rtracklayer’
OK: scDblFinder
SKIP (already installed): Rhtslib
SKIP (already installed): AnnotationDbi
SKIP (already installed): clusterProfiler
SKIP (already installed): ReactomePA
SKIP (already installed): apeglm
SKIP (already installed): DESeq2
SKIP (already installed): zellkonverter

=== Installing: miloR ===
/usr/bin/g++ -std=gnu++17 -I"/ref/rmlab/software/spack-1.1.0/opt/spack/linux-x86_64/r-4.5.2-jga4yt5sdbzfddqszotqf64bn5a6iu2m/rlib/R/include" -DNDEBUG  -I'/ref/rmlab/software/tyron/R-libs/Rcpp/include' -I'/ref/rmlab/software/tyron/R-libs/RcppArmadillo/include' -I'/ref/rmlab/software/tyron/R-libs/RcppEigen/include' -I'/ref/rmlab/software/tyron/R-libs/RcppML/include' -I/usr/local/include   -g -O2  -std=gnu++11 -fopenmp -fpic  -g -O2   -c RcppExports.cpp -o RcppExports.o
/usr/bin/g++ -std=gnu++17 -I"/ref/rmlab/software/spack-1.1.0/opt/spack/linux-x86_64/r-4.5.2-jga4yt5sdbzfddqszotqf64bn5a6iu2m/rlib/R/include" -DNDEBUG  -I'/ref/rmlab/software/tyron/R-libs/Rcpp/include' -I'/ref/rmlab/software/tyron/R-libs/RcppArmadillo/include' -I'/ref/rmlab/software/tyron/R-libs/RcppEigen/include' -I'/ref/rmlab/software/tyron/R-libs/RcppML/include' -I/usr/local/include   -g -O2  -std=gnu++11 -fopenmp -fpic  -g -O2   -c computeMatrices.cpp -o computeMatrices.o
/usr/bin/g++ -std=gnu++17 -I"/ref/rmlab/software/spack-1.1.0/opt/spack/linux-x86_64/r-4.5.2-jga4yt5sdbzfddqszotqf64bn5a6iu2m/rlib/R/include" -DNDEBUG  -I'/ref/rmlab/software/tyron/R-libs/Rcpp/include' -I'/ref/rmlab/software/tyron/R-libs/RcppArmadillo/include' -I'/ref/rmlab/software/tyron/R-libs/RcppEigen/include' -I'/ref/rmlab/software/tyron/R-libs/RcppML/include' -I/usr/local/include   -g -O2  -std=gnu++11 -fopenmp -fpic  -g -O2   -c fitGeneticPLGlmm.cpp -o fitGeneticPLGlmm.o
/usr/bin/g++ -std=gnu++17 -I"/ref/rmlab/software/spack-1.1.0/opt/spack/linux-x86_64/r-4.5.2-jga4yt5sdbzfddqszotqf64bn5a6iu2m/rlib/R/include" -DNDEBUG  -I'/ref/rmlab/software/tyron/R-libs/Rcpp/include' -I'/ref/rmlab/software/tyron/R-libs/RcppArmadillo/include' -I'/ref/rmlab/software/tyron/R-libs/RcppEigen/include' -I'/ref/rmlab/software/tyron/R-libs/RcppML/include' -I/usr/local/include   -g -O2  -std=gnu++11 -fopenmp -fpic  -g -O2   -c fitPLGlmm.cpp -o fitPLGlmm.o
/usr/bin/g++ -std=gnu++17 -I"/ref/rmlab/software/spack-1.1.0/opt/spack/linux-x86_64/r-4.5.2-jga4yt5sdbzfddqszotqf64bn5a6iu2m/rlib/R/include" -DNDEBUG  -I'/ref/rmlab/software/tyron/R-libs/Rcpp/include' -I'/ref/rmlab/software/tyron/R-libs/RcppArmadillo/include' -I'/ref/rmlab/software/tyron/R-libs/RcppEigen/include' -I'/ref/rmlab/software/tyron/R-libs/RcppML/include' -I/usr/local/include   -g -O2  -std=gnu++11 -fopenmp -fpic  -g -O2   -c RcppExports.cpp -o RcppExports.o
/usr/bin/g++ -std=gnu++17 -I"/ref/rmlab/software/spack-1.1.0/opt/spack/linux-x86_64/r-4.5.2-jga4yt5sdbzfddqszotqf64bn5a6iu2m/rlib/R/include" -DNDEBUG  -I'/ref/rmlab/software/tyron/R-libs/Rcpp/include' -I'/ref/rmlab/software/tyron/R-libs/RcppArmadillo/include' -I'/ref/rmlab/software/tyron/R-libs/RcppEigen/include' -I'/ref/rmlab/software/tyron/R-libs/RcppML/include' -I/usr/local/include   -g -O2  -std=gnu++11 -fopenmp -fpic  -g -O2   -c computeMatrices.cpp -o computeMatrices.o
/usr/bin/g++ -std=gnu++17 -I"/ref/rmlab/software/spack-1.1.0/opt/spack/linux-x86_64/r-4.5.2-jga4yt5sdbzfddqszotqf64bn5a6iu2m/rlib/R/include" -DNDEBUG  -I'/ref/rmlab/software/tyron/R-libs/Rcpp/include' -I'/ref/rmlab/software/tyron/R-libs/RcppArmadillo/include' -I'/ref/rmlab/software/tyron/R-libs/RcppEigen/include' -I'/ref/rmlab/software/tyron/R-libs/RcppML/include' -I/usr/local/include   -g -O2  -std=gnu++11 -fopenmp -fpic  -g -O2   -c fitGeneticPLGlmm.cpp -o fitGeneticPLGlmm.o
/usr/bin/g++ -std=gnu++17 -I"/ref/rmlab/software/spack-1.1.0/opt/spack/linux-x86_64/r-4.5.2-jga4yt5sdbzfddqszotqf64bn5a6iu2m/rlib/R/include" -DNDEBUG  -I'/ref/rmlab/software/tyron/R-libs/Rcpp/include' -I'/ref/rmlab/software/tyron/R-libs/RcppArmadillo/include' -I'/ref/rmlab/software/tyron/R-libs/RcppEigen/include' -I'/ref/rmlab/software/tyron/R-libs/RcppML/include' -I/usr/local/include   -g -O2  -std=gnu++11 -fopenmp -fpic  -g -O2   -c fitPLGlmm.cpp -o fitPLGlmm.o
/usr/bin/g++ -std=gnu++17 -I"/ref/rmlab/software/spack-1.1.0/opt/spack/linux-x86_64/r-4.5.2-jga4yt5sdbzfddqszotqf64bn5a6iu2m/rlib/R/include" -DNDEBUG  -I'/ref/rmlab/software/tyron/R-libs/Rcpp/include' -I'/ref/rmlab/software/tyron/R-libs/RcppArmadillo/include' -I'/ref/rmlab/software/tyron/R-libs/RcppEigen/include' -I'/ref/rmlab/software/tyron/R-libs/RcppML/include' -I/usr/local/include   -g -O2  -std=gnu++11 -fopenmp -fpic  -g -O2   -c RcppExports.cpp -o RcppExports.o
/usr/bin/g++ -std=gnu++17 -I"/ref/rmlab/software/spack-1.1.0/opt/spack/linux-x86_64/r-4.5.2-jga4yt5sdbzfddqszotqf64bn5a6iu2m/rlib/R/include" -DNDEBUG  -I'/ref/rmlab/software/tyron/R-libs/Rcpp/include' -I'/ref/rmlab/software/tyron/R-libs/RcppArmadillo/include' -I'/ref/rmlab/software/tyron/R-libs/RcppEigen/include' -I'/ref/rmlab/software/tyron/R-libs/RcppML/include' -I/usr/local/include   -g -O2  -std=gnu++11 -fopenmp -fpic  -g -O2   -c computeMatrices.cpp -o computeMatrices.o
/usr/bin/g++ -std=gnu++17 -I"/ref/rmlab/software/spack-1.1.0/opt/spack/linux-x86_64/r-4.5.2-jga4yt5sdbzfddqszotqf64bn5a6iu2m/rlib/R/include" -DNDEBUG  -I'/ref/rmlab/software/tyron/R-libs/Rcpp/include' -I'/ref/rmlab/software/tyron/R-libs/RcppArmadillo/include' -I'/ref/rmlab/software/tyron/R-libs/RcppEigen/include' -I'/ref/rmlab/software/tyron/R-libs/RcppML/include' -I/usr/local/include   -g -O2  -std=gnu++11 -fopenmp -fpic  -g -O2   -c fitGeneticPLGlmm.cpp -o fitGeneticPLGlmm.o
/usr/bin/g++ -std=gnu++17 -I"/ref/rmlab/software/spack-1.1.0/opt/spack/linux-x86_64/r-4.5.2-jga4yt5sdbzfddqszotqf64bn5a6iu2m/rlib/R/include" -DNDEBUG  -I'/ref/rmlab/software/tyron/R-libs/Rcpp/include' -I'/ref/rmlab/software/tyron/R-libs/RcppArmadillo/include' -I'/ref/rmlab/software/tyron/R-libs/RcppEigen/include' -I'/ref/rmlab/software/tyron/R-libs/RcppML/include' -I/usr/local/include   -g -O2  -std=gnu++11 -fopenmp -fpic  -g -O2   -c fitPLGlmm.cpp -o fitPLGlmm.o
FAILED: miloR
SKIP (already installed): org.Mm.eg.db
SKIP (already installed): org.Hs.eg.db
SKIP (already installed): BiocGenerics
SKIP (already installed): DelayedArray
SKIP (already installed): DelayedMatrixStats
SKIP (already installed): limma
SKIP (already installed): S4Vectors
SKIP (already installed): SingleCellExperiment
SKIP (already installed): SummarizedExperiment
SKIP (already installed): batchelor
SKIP (already installed): HDF5Array
SKIP (already installed): edgeR

=== Installing: GSVA ===
Using PKG_CFLAGS=
Using PKG_LIBS=-lMagick++-6.Q16 -lMagickWand-6.Q16 -lMagickCore-6.Q16
--------------------------- [ANTICONF] --------------------------------
Configuration failed to find the Magick++ library. Try installing:
 - deb: libmagick++-dev (Debian, Ubuntu)
 - rpm: ImageMagick-c++-devel (Fedora, CentOS, RHEL)
 - brew: imagemagick or imagemagick@6 (MacOS)
If Magick++ is already installed, check that 'pkg-config' is in your
PATH and PKG_CONFIG_PATH contains a Magick++.pc file. If pkg-config
is unavailable you can set INCLUDE_DIR and LIB_DIR manually via:
R CMD INSTALL --configure-vars='INCLUDE_DIR=... LIB_DIR=...'
-------------------------- [ERROR MESSAGE] ---------------------------
<stdin>:1:10: fatal error: Magick++.h: No such file or directory
compilation terminated.
--------------------------------------------------------------------
Using PKG_CFLAGS=
Using PKG_LIBS=-lMagick++-6.Q16 -lMagickWand-6.Q16 -lMagickCore-6.Q16
--------------------------- [ANTICONF] --------------------------------
Configuration failed to find the Magick++ library. Try installing:
 - deb: libmagick++-dev (Debian, Ubuntu)
 - rpm: ImageMagick-c++-devel (Fedora, CentOS, RHEL)
 - brew: imagemagick or imagemagick@6 (MacOS)
If Magick++ is already installed, check that 'pkg-config' is in your
PATH and PKG_CONFIG_PATH contains a Magick++.pc file. If pkg-config
is unavailable you can set INCLUDE_DIR and LIB_DIR manually via:
R CMD INSTALL --configure-vars='INCLUDE_DIR=... LIB_DIR=...'
-------------------------- [ERROR MESSAGE] ---------------------------
<stdin>:1:10: fatal error: Magick++.h: No such file or directory
compilation terminated.
--------------------------------------------------------------------
Using PKG_CFLAGS=
Using PKG_LIBS=-lMagick++-6.Q16 -lMagickWand-6.Q16 -lMagickCore-6.Q16
--------------------------- [ANTICONF] --------------------------------
Configuration failed to find the Magick++ library. Try installing:
 - deb: libmagick++-dev (Debian, Ubuntu)
 - rpm: ImageMagick-c++-devel (Fedora, CentOS, RHEL)
 - brew: imagemagick or imagemagick@6 (MacOS)
If Magick++ is already installed, check that 'pkg-config' is in your
PATH and PKG_CONFIG_PATH contains a Magick++.pc file. If pkg-config
is unavailable you can set INCLUDE_DIR and LIB_DIR manually via:
R CMD INSTALL --configure-vars='INCLUDE_DIR=... LIB_DIR=...'
-------------------------- [ERROR MESSAGE] ---------------------------
<stdin>:1:10: fatal error: Magick++.h: No such file or directory
compilation terminated.
--------------------------------------------------------------------
FAILED: GSVA
SKIP (already installed): Biobase
SKIP (already installed): BiocParallel
SKIP (already installed): TOAST
SKIP (already installed): scater
SKIP (already installed): scran
SKIP (already installed): celda

=== Installing: singleCellTK ===
Using PKG_CFLAGS=
Using PKG_LIBS=-lMagick++-6.Q16 -lMagickWand-6.Q16 -lMagickCore-6.Q16
--------------------------- [ANTICONF] --------------------------------
Configuration failed to find the Magick++ library. Try installing:
 - deb: libmagick++-dev (Debian, Ubuntu)
 - rpm: ImageMagick-c++-devel (Fedora, CentOS, RHEL)
 - brew: imagemagick or imagemagick@6 (MacOS)
If Magick++ is already installed, check that 'pkg-config' is in your
PATH and PKG_CONFIG_PATH contains a Magick++.pc file. If pkg-config
is unavailable you can set INCLUDE_DIR and LIB_DIR manually via:
R CMD INSTALL --configure-vars='INCLUDE_DIR=... LIB_DIR=...'
-------------------------- [ERROR MESSAGE] ---------------------------
<stdin>:1:10: fatal error: Magick++.h: No such file or directory
compilation terminated.
--------------------------------------------------------------------
