Downloading GitHub repo mojaveazure/seurat-disk@HEAD
Installing 1 packages: hdf5r
trying URL 'https://cloud.r-project.org/src/contrib/hdf5r_1.3.12.tar.gz'
Content type 'application/x-gzip' length 1919746 bytes (1.8 MB)
==================================================
downloaded 1.8 MB

* installing *source* package ‘hdf5r’ ...
** this is package ‘hdf5r’ version ‘1.3.12’
** package ‘hdf5r’ successfully unpacked and MD5 sums checked
** using staged installation
cat: /usr/lib64/libhdf5.settings: No such file or directory
cat: /usr/lib64/libhdf5.settings: No such file or directory
cat: /usr/lib64/libhdf5.settings: No such file or directory
configure: error: The version of hdf5 installed on your system is not sufficient. Please ensure that at least version 1.8.13 is installed
ERROR: configuration failed for package ‘hdf5r’
* removing ‘/ref/rmlab/software/tyron/R-libs/hdf5r’

The downloaded source packages are in
	‘/tmp/Rtmp0PTLSz/downloaded_packages’
ERROR: dependency ‘hdf5r’ is not available for package ‘SeuratDisk’
Perhaps try a variation of:
install.packages('hdf5r')
* removing ‘/ref/rmlab/software/tyron/R-libs/SeuratDisk’
Downloading GitHub repo mojaveazure/seurat-disk@HEAD
Installing 1 packages: hdf5r
trying URL 'https://cloud.r-project.org/src/contrib/hdf5r_1.3.12.tar.gz'
Content type 'application/x-gzip' length 1919746 bytes (1.8 MB)
==================================================
downloaded 1.8 MB

* installing *source* package ‘hdf5r’ ...
** this is package ‘hdf5r’ version ‘1.3.12’
** package ‘hdf5r’ successfully unpacked and MD5 sums checked
** using staged installation
cat: /usr/lib64/libhdf5.settings: No such file or directory
cat: /usr/lib64/libhdf5.settings: No such file or directory
cat: /usr/lib64/libhdf5.settings: No such file or directory
configure: error: The version of hdf5 installed on your system is not sufficient. Please ensure that at least version 1.8.13 is installed
ERROR: configuration failed for package ‘hdf5r’
* removing ‘/ref/rmlab/software/tyron/R-libs/hdf5r’

The downloaded source packages are in
	‘/tmp/Rtmp0PTLSz/downloaded_packages’
ERROR: dependency ‘hdf5r’ is not available for package ‘SeuratDisk’
Perhaps try a variation of:
install.packages('hdf5r')
* removing ‘/ref/rmlab/software/tyron/R-libs/SeuratDisk’
Downloading GitHub repo mojaveazure/seurat-disk@HEAD
Installing 1 packages: hdf5r
trying URL 'https://cloud.r-project.org/src/contrib/hdf5r_1.3.12.tar.gz'
Content type 'application/x-gzip' length 1919746 bytes (1.8 MB)
==================================================
downloaded 1.8 MB

* installing *source* package ‘hdf5r’ ...
** this is package ‘hdf5r’ version ‘1.3.12’
** package ‘hdf5r’ successfully unpacked and MD5 sums checked
** using staged installation
** libs
using C compiler: ‘gcc (GCC) 11.5.0 20240719 (Red Hat 11.5.0-11)’
installing to /ref/rmlab/software/tyron/R-libs/00LOCK-hdf5r/00new/hdf5r/libs
** R
** inst
** byte-compile and prepare package for lazy loading
** help
*** installing help indices
** building package indices
** installing vignettes
** testing if installed package can be loaded from temporary location
** checking absolute paths in shared objects and dynamic libraries
readelf: /usr/lib64/libcrypto.so.3: version `OPENSSL_3.6.0' not found (required by /ref/rmlab/software/spack-1.1.0/opt/spack/linux-x86_64/openssl-3.6.0-hdu4phhqvbzn54grs4bbnfjpbma7zlux/lib64/libssl.so.3)
[2026-05-20T02:07:50.707] error: *** JOB 41043196 ON n002 CANCELLED AT 2026-05-20T02:07:50 DUE to SIGNAL Terminated ***
