Registered S3 method overwritten by 'SeuratDisk':
  method            from  
  as.sparse.H5Group Seurat
Downloading GitHub repo cole-trapnell-lab/monocle3@HEAD
Installing 2 packages: sf, spdep
trying URL 'https://cloud.r-project.org/src/contrib/sf_1.1-1.tar.gz'
trying URL 'https://cloud.r-project.org/src/contrib/spdep_1.4-2.tar.gz'
* installing *source* package ‘sf’ ...
** this is package ‘sf’ version ‘1.1-1’
** package ‘sf’ successfully unpacked and MD5 sums checked
** using staged installation
configure: error: GDALAllRegister not found in libgdal. 
*** Installing this package from source requires the prior
*** installation of external software, see for details
*** https://r-spatial.github.io/sf/#installing
ERROR: configuration failed for package ‘sf’
* removing ‘/ref/rmlab/software/tyron/R-libs/sf’
ERROR: dependency ‘sf’ is not available for package ‘spdep’
Perhaps try a variation of:
install.packages('sf')
* removing ‘/ref/rmlab/software/tyron/R-libs/spdep’

The downloaded source packages are in
	‘/tmp/RtmpyVUZqv/downloaded_packages’
ERROR: dependencies ‘sf’, ‘spdep’ are not available for package ‘monocle3’
Perhaps try a variation of:
install.packages(c('sf', 'spdep'))
* removing ‘/ref/rmlab/software/tyron/R-libs/monocle3’
Downloading GitHub repo cole-trapnell-lab/monocle3@HEAD
Installing 2 packages: sf, spdep
trying URL 'https://cloud.r-project.org/src/contrib/sf_1.1-1.tar.gz'
trying URL 'https://cloud.r-project.org/src/contrib/spdep_1.4-2.tar.gz'
* installing *source* package ‘sf’ ...
** this is package ‘sf’ version ‘1.1-1’
** package ‘sf’ successfully unpacked and MD5 sums checked
** using staged installation
configure: error: GDALAllRegister not found in libgdal. 
*** Installing this package from source requires the prior
*** installation of external software, see for details
*** https://r-spatial.github.io/sf/#installing
ERROR: configuration failed for package ‘sf’
* removing ‘/ref/rmlab/software/tyron/R-libs/sf’
ERROR: dependency ‘sf’ is not available for package ‘spdep’
Perhaps try a variation of:
install.packages('sf')
* removing ‘/ref/rmlab/software/tyron/R-libs/spdep’

The downloaded source packages are in
	‘/tmp/RtmpyVUZqv/downloaded_packages’
ERROR: dependencies ‘sf’, ‘spdep’ are not available for package ‘monocle3’
Perhaps try a variation of:
install.packages(c('sf', 'spdep'))
* removing ‘/ref/rmlab/software/tyron/R-libs/monocle3’
Downloading GitHub repo cole-trapnell-lab/monocle3@HEAD
Installing 2 packages: sf, spdep
trying URL 'https://cloud.r-project.org/src/contrib/sf_1.1-1.tar.gz'
trying URL 'https://cloud.r-project.org/src/contrib/spdep_1.4-2.tar.gz'
* installing *source* package ‘sf’ ...
** this is package ‘sf’ version ‘1.1-1’
** package ‘sf’ successfully unpacked and MD5 sums checked
** using staged installation
configure: error: GDALAllRegister not found in libgdal. 
*** Installing this package from source requires the prior
*** installation of external software, see for details
*** https://r-spatial.github.io/sf/#installing
ERROR: configuration failed for package ‘sf’
* removing ‘/ref/rmlab/software/tyron/R-libs/sf’
ERROR: dependency ‘sf’ is not available for package ‘spdep’
Perhaps try a variation of:
install.packages('sf')
* removing ‘/ref/rmlab/software/tyron/R-libs/spdep’

The downloaded source packages are in
	‘/tmp/RtmpyVUZqv/downloaded_packages’
ERROR: dependencies ‘sf’, ‘spdep’ are not available for package ‘monocle3’
Perhaps try a variation of:
install.packages(c('sf', 'spdep'))
* removing ‘/ref/rmlab/software/tyron/R-libs/monocle3’
Warning messages:
1: In i.p(...) : installation of package ‘sf’ had non-zero exit status
2: In i.p(...) : installation of package ‘spdep’ had non-zero exit status
3: In i.p(...) :
  installation of package ‘/tmp/RtmpyVUZqv/file36ea8b49946005/monocle3_1.4.27.tar.gz’ had non-zero exit status
4: In i.p(...) : installation of package ‘sf’ had non-zero exit status
5: In i.p(...) : installation of package ‘spdep’ had non-zero exit status
6: In i.p(...) :
  installation of package ‘/tmp/RtmpyVUZqv/file36ea8b7c9cf483/monocle3_1.4.27.tar.gz’ had non-zero exit status
7: In i.p(...) : installation of package ‘sf’ had non-zero exit status
8: In i.p(...) : installation of package ‘spdep’ had non-zero exit status
9: In i.p(...) :
  installation of package ‘/tmp/RtmpyVUZqv/file36ea8b683cba90/monocle3_1.4.27.tar.gz’ had non-zero exit status
