Downloading GitHub repo bnprks/BPCells@HEAD
* installing *source* package ‘BPCells’ ...
** this is package ‘BPCells’ version ‘0.3.1’
** using staged installation
ERROR: configuration failed for package ‘BPCells’
* removing ‘/ref/rmlab/software/tyron/R-libs/BPCells’
Downloading GitHub repo bnprks/BPCells@HEAD
* installing *source* package ‘BPCells’ ...
** this is package ‘BPCells’ version ‘0.3.1’
** using staged installation
ERROR: configuration failed for package ‘BPCells’
* removing ‘/ref/rmlab/software/tyron/R-libs/BPCells’
Downloading GitHub repo bnprks/BPCells@HEAD
* installing *source* package ‘BPCells’ ...
** this is package ‘BPCells’ version ‘0.3.1’
** using staged installation
ERROR: configuration failed for package ‘BPCells’
* removing ‘/ref/rmlab/software/tyron/R-libs/BPCells’
Downloading GitHub repo mojaveazure/seurat-disk@HEAD
Installing 1 packages: hdf5r
trying URL 'https://cloud.r-project.org/src/contrib/hdf5r_1.3.12.tar.gz'
Content type 'application/x-gzip' length 1919746 bytes (1.8 MB)
==================================================
downloaded 1.8 MB

* installing *source* package ‘hdf5r’ ...
** this is package ‘hdf5r’ version ‘1.3.12’
** package ‘hdf5r’ successfully unpacked and MD5 sums checked
** using staged installation
configure: WARNING:
Unable to locate HDF5 compilation helper scripts 'h5cc' or 'h5pcc'.
Please specify --with-hdf5=<LOCATION> as the full path to h5cc or h5pcc.
HDF5 support is being disabled (equivalent to --with-hdf5=no).

configure: error: hdf5 does not seem to be installed on your platform.
  Please install the hdf5 library.
  The required HDF5 library files can be installed as follows:
      - Debian-based (e.g. Debian >= 8.0, Ubuntu >= 15.04): 'sudo apt-get install libhdf5-dev'
        - Old Debian-based (e.g Debian < 8.0, Ubuntu < 15.04): Install from source (see INSTALL)
        - OS X using Homebrew: 'brew install hdf5'
        - RPM-based (e.g Fedora): 'sudo yum install hdf5-devel'
ERROR: configuration failed for package ‘hdf5r’
* removing ‘/ref/rmlab/software/tyron/R-libs/hdf5r’

The downloaded source packages are in
	‘/tmp/RtmpPjS41R/downloaded_packages’
ERROR: dependency ‘hdf5r’ is not available for package ‘SeuratDisk’
Perhaps try a variation of:
install.packages('hdf5r')
* removing ‘/ref/rmlab/software/tyron/R-libs/SeuratDisk’
Downloading GitHub repo mojaveazure/seurat-disk@HEAD
Installing 1 packages: hdf5r
trying URL 'https://cloud.r-project.org/src/contrib/hdf5r_1.3.12.tar.gz'
Content type 'application/x-gzip' length 1919746 bytes (1.8 MB)
==================================================
downloaded 1.8 MB

* installing *source* package ‘hdf5r’ ...
** this is package ‘hdf5r’ version ‘1.3.12’
** package ‘hdf5r’ successfully unpacked and MD5 sums checked
** using staged installation
configure: WARNING:
Unable to locate HDF5 compilation helper scripts 'h5cc' or 'h5pcc'.
Please specify --with-hdf5=<LOCATION> as the full path to h5cc or h5pcc.
HDF5 support is being disabled (equivalent to --with-hdf5=no).

configure: error: hdf5 does not seem to be installed on your platform.
  Please install the hdf5 library.
  The required HDF5 library files can be installed as follows:
      - Debian-based (e.g. Debian >= 8.0, Ubuntu >= 15.04): 'sudo apt-get install libhdf5-dev'
        - Old Debian-based (e.g Debian < 8.0, Ubuntu < 15.04): Install from source (see INSTALL)
        - OS X using Homebrew: 'brew install hdf5'
        - RPM-based (e.g Fedora): 'sudo yum install hdf5-devel'
ERROR: configuration failed for package ‘hdf5r’
* removing ‘/ref/rmlab/software/tyron/R-libs/hdf5r’

The downloaded source packages are in
	‘/tmp/RtmpPjS41R/downloaded_packages’
ERROR: dependency ‘hdf5r’ is not available for package ‘SeuratDisk’
Perhaps try a variation of:
install.packages('hdf5r')
* removing ‘/ref/rmlab/software/tyron/R-libs/SeuratDisk’
[2026-05-20T01:14:54.196] error: *** JOB 41042635 ON n002 CANCELLED AT 2026-05-20T01:14:54 DUE to SIGNAL Terminated ***
