Downloading GitHub repo bnprks/BPCells@HEAD
* installing *source* package ‘BPCells’ ...
** this is package ‘BPCells’ version ‘0.3.1’
** using staged installation
ERROR: configuration failed for package ‘BPCells’
* removing ‘/ref/rmlab/software/tyron/R-libs/BPCells’
Downloading GitHub repo bnprks/BPCells@HEAD
* installing *source* package ‘BPCells’ ...
** this is package ‘BPCells’ version ‘0.3.1’
** using staged installation
ERROR: configuration failed for package ‘BPCells’
* removing ‘/ref/rmlab/software/tyron/R-libs/BPCells’
Downloading GitHub repo bnprks/BPCells@HEAD
* installing *source* package ‘BPCells’ ...
** this is package ‘BPCells’ version ‘0.3.1’
** using staged installation
ERROR: configuration failed for package ‘BPCells’
* removing ‘/ref/rmlab/software/tyron/R-libs/BPCells’
Downloading GitHub repo mojaveazure/seurat-disk@HEAD
Installing 1 packages: hdf5r
trying URL 'https://cloud.r-project.org/src/contrib/hdf5r_1.3.12.tar.gz'
Content type 'application/x-gzip' length 1919746 bytes (1.8 MB)
==================================================
downloaded 1.8 MB

* installing *source* package ‘hdf5r’ ...
** this is package ‘hdf5r’ version ‘1.3.12’
** package ‘hdf5r’ successfully unpacked and MD5 sums checked
** using staged installation
configure: WARNING:
Unable to locate HDF5 compilation helper scripts 'h5cc' or 'h5pcc'.
Please specify --with-hdf5=<LOCATION> as the full path to h5cc or h5pcc.
HDF5 support is being disabled (equivalent to --with-hdf5=no).

configure: error: hdf5 does not seem to be installed on your platform.
  Please install the hdf5 library.
  The required HDF5 library files can be installed as follows:
      - Debian-based (e.g. Debian >= 8.0, Ubuntu >= 15.04): 'sudo apt-get install libhdf5-dev'
        - Old Debian-based (e.g Debian < 8.0, Ubuntu < 15.04): Install from source (see INSTALL)
        - OS X using Homebrew: 'brew install hdf5'
        - RPM-based (e.g Fedora): 'sudo yum install hdf5-devel'
ERROR: configuration failed for package ‘hdf5r’
* removing ‘/ref/rmlab/software/tyron/R-libs/hdf5r’

The downloaded source packages are in
	‘/tmp/RtmpHuk4nh/downloaded_packages’
ERROR: dependency ‘hdf5r’ is not available for package ‘SeuratDisk’
Perhaps try a variation of:
install.packages('hdf5r')
* removing ‘/ref/rmlab/software/tyron/R-libs/SeuratDisk’
Downloading GitHub repo mojaveazure/seurat-disk@HEAD
Installing 1 packages: hdf5r
trying URL 'https://cloud.r-project.org/src/contrib/hdf5r_1.3.12.tar.gz'
Content type 'application/x-gzip' length 1919746 bytes (1.8 MB)
==================================================
downloaded 1.8 MB

* installing *source* package ‘hdf5r’ ...
** this is package ‘hdf5r’ version ‘1.3.12’
** package ‘hdf5r’ successfully unpacked and MD5 sums checked
** using staged installation
configure: WARNING:
Unable to locate HDF5 compilation helper scripts 'h5cc' or 'h5pcc'.
Please specify --with-hdf5=<LOCATION> as the full path to h5cc or h5pcc.
HDF5 support is being disabled (equivalent to --with-hdf5=no).

configure: error: hdf5 does not seem to be installed on your platform.
  Please install the hdf5 library.
  The required HDF5 library files can be installed as follows:
      - Debian-based (e.g. Debian >= 8.0, Ubuntu >= 15.04): 'sudo apt-get install libhdf5-dev'
        - Old Debian-based (e.g Debian < 8.0, Ubuntu < 15.04): Install from source (see INSTALL)
        - OS X using Homebrew: 'brew install hdf5'
        - RPM-based (e.g Fedora): 'sudo yum install hdf5-devel'
ERROR: configuration failed for package ‘hdf5r’
* removing ‘/ref/rmlab/software/tyron/R-libs/hdf5r’

The downloaded source packages are in
	‘/tmp/RtmpHuk4nh/downloaded_packages’
ERROR: dependency ‘hdf5r’ is not available for package ‘SeuratDisk’
Perhaps try a variation of:
install.packages('hdf5r')
* removing ‘/ref/rmlab/software/tyron/R-libs/SeuratDisk’
Downloading GitHub repo mojaveazure/seurat-disk@HEAD
Installing 1 packages: hdf5r
trying URL 'https://cloud.r-project.org/src/contrib/hdf5r_1.3.12.tar.gz'
Content type 'application/x-gzip' length 1919746 bytes (1.8 MB)
==================================================
downloaded 1.8 MB

* installing *source* package ‘hdf5r’ ...
** this is package ‘hdf5r’ version ‘1.3.12’
** package ‘hdf5r’ successfully unpacked and MD5 sums checked
** using staged installation
configure: WARNING:
Unable to locate HDF5 compilation helper scripts 'h5cc' or 'h5pcc'.
Please specify --with-hdf5=<LOCATION> as the full path to h5cc or h5pcc.
HDF5 support is being disabled (equivalent to --with-hdf5=no).

configure: error: hdf5 does not seem to be installed on your platform.
  Please install the hdf5 library.
  The required HDF5 library files can be installed as follows:
      - Debian-based (e.g. Debian >= 8.0, Ubuntu >= 15.04): 'sudo apt-get install libhdf5-dev'
        - Old Debian-based (e.g Debian < 8.0, Ubuntu < 15.04): Install from source (see INSTALL)
        - OS X using Homebrew: 'brew install hdf5'
        - RPM-based (e.g Fedora): 'sudo yum install hdf5-devel'
ERROR: configuration failed for package ‘hdf5r’
* removing ‘/ref/rmlab/software/tyron/R-libs/hdf5r’

The downloaded source packages are in
	‘/tmp/RtmpHuk4nh/downloaded_packages’
ERROR: dependency ‘hdf5r’ is not available for package ‘SeuratDisk’
Perhaps try a variation of:
install.packages('hdf5r')
* removing ‘/ref/rmlab/software/tyron/R-libs/SeuratDisk’
Downloading GitHub repo cole-trapnell-lab/monocle3@HEAD
Downloading GitHub repo bnprks/BPCells@HEAD
* installing *source* package ‘BPCells’ ...
** this is package ‘BPCells’ version ‘0.3.1’
** using staged installation
** libs
using C++ compiler: ‘g++ (GCC) 11.5.0 20240719 (Red Hat 11.5.0-11)’
installing to /ref/rmlab/software/tyron/R-libs/00LOCK-BPCells/00new/BPCells/libs
** R
** data
*** moving datasets to lazyload DB
** byte-compile and prepare package for lazy loading
** help
*** installing help indices
*** copying figures
** building package indices
** installing vignettes
** testing if installed package can be loaded from temporary location
** checking absolute paths in shared objects and dynamic libraries
readelf: /lib64/libcrypto.so.3: version `OPENSSL_3.6.0' not found (required by /ref/rmlab/software/spack-1.1.0/opt/spack/linux-x86_64/openssl-3.6.0-hdu4phhqvbzn54grs4bbnfjpbma7zlux/lib64/libssl.so.3)
** testing if installed package can be loaded from final location
** testing if installed package keeps a record of temporary installation path
* DONE (BPCells)
Installing 12 packages: units, s2, warp, biglm, sf, spData, slider, furrr, spdep, rsample, pscl, ggdist
trying URL 'https://cloud.r-project.org/src/contrib/units_1.0-1.tar.gz'
trying URL 'https://cloud.r-project.org/src/contrib/s2_1.1.9.tar.gz'
trying URL 'https://cloud.r-project.org/src/contrib/warp_0.2.3.tar.gz'
trying URL 'https://cloud.r-project.org/src/contrib/biglm_0.9-3.tar.gz'
trying URL 'https://cloud.r-project.org/src/contrib/sf_1.1-1.tar.gz'
trying URL 'https://cloud.r-project.org/src/contrib/spData_2.3.5.tar.gz'
trying URL 'https://cloud.r-project.org/src/contrib/slider_0.3.3.tar.gz'
trying URL 'https://cloud.r-project.org/src/contrib/furrr_0.4.0.tar.gz'
trying URL 'https://cloud.r-project.org/src/contrib/spdep_1.4-2.tar.gz'
trying URL 'https://cloud.r-project.org/src/contrib/rsample_1.3.2.tar.gz'
trying URL 'https://cloud.r-project.org/src/contrib/pscl_1.5.9.tar.gz'
trying URL 'https://cloud.r-project.org/src/contrib/ggdist_3.3.3.tar.gz'
* installing *source* package ‘units’ ...
** this is package ‘units’ version ‘1.0-1’
** package ‘units’ successfully unpacked and MD5 sums checked
** using staged installation
configure: error: in '/tmp/RtmpDERC5a/R.INSTALL36a4157f5dbe01/units':
configure: error: 
--------------------------------------------------------------------------------
  Configuration failed because libudunits2.so was not found. Try installing:
    * deb: libudunits2-dev (Debian, Ubuntu, ...)
    * rpm: udunits2-devel (Fedora, EPEL, ...)
    * brew: udunits (OSX)
  If udunits2 is already installed in a non-standard location, use:
    --configure-args='--with-udunits2-lib=/usr/local/lib'
  if the library was not found, and/or:
    --configure-args='--with-udunits2-include=/usr/include/udunits2'
  if the header was not found, replacing paths with appropriate values.
  You can alternatively set UDUNITS2_INCLUDE and UDUNITS2_LIBS manually.
--------------------------------------------------------------------------------

See 'config.log' for more details
ERROR: configuration failed for package ‘units’
* removing ‘/ref/rmlab/software/tyron/R-libs/units’
* installing *source* package ‘s2’ ...
** this is package ‘s2’ version ‘1.1.9’
** package ‘s2’ successfully unpacked and MD5 sums checked
** using staged installation
/tmp/RtmpgJv5mP/R.INSTALL36a69e69af5185/s2/tools/vendor/abseil-cpp/absl/crc/internal/crc_memcpy_x86_64.cc: In function ‘void absl::s2_lts_20230802::crc_internal::{anonymous}::LargeTailCopy(absl::s2_lts_20230802::crc32c_t*, char**, const char**, size_t, size_t)’:
/tmp/RtmpgJv5mP/R.INSTALL36a69e69af5185/s2/tools/vendor/abseil-cpp/absl/crc/internal/crc_memcpy_x86_64.cc:91:34: warning: ignoring attributes on template argument ‘__m128i’ [-Wignored-attributes]
   91 |   std::array<__m128i, vec_regions> data;
      |                                  ^
/tmp/RtmpgJv5mP/R.INSTALL36a69e69af5185/s2/tools/vendor/abseil-cpp/absl/crc/internal/crc_memcpy_x86_64.cc: In member function ‘absl::s2_lts_20230802::crc32c_t absl::s2_lts_20230802::crc_internal::AcceleratedCrcMemcpyEngine<vec_regions, int_regions>::Compute(void*, const void*, std::size_t, absl::s2_lts_20230802::crc32c_t) const’:
/tmp/RtmpgJv5mP/R.INSTALL36a69e69af5185/s2/tools/vendor/abseil-cpp/absl/crc/internal/crc_memcpy_x86_64.cc:238:34: warning: ignoring attributes on template argument ‘__m128i’ [-Wignored-attributes]
  238 |   std::array<__m128i, vec_regions> vec_data;
      |                                  ^
** libs
using C compiler: ‘gcc (GCC) 11.5.0 20240719 (Red Hat 11.5.0-11)’
using C++ compiler: ‘g++ (GCC) 11.5.0 20240719 (Red Hat 11.5.0-11)’
using C++17
In file included from /ref/rmlab/software/tyron/R-libs/Rcpp/include/RcppCommon.h:29,
                 from /ref/rmlab/software/tyron/R-libs/Rcpp/include/Rcpp.h:27,
                 from geography.h:5,
                 from s2-constructors-formatters.cpp:9:
/ref/rmlab/software/tyron/R-libs/Rcpp/include/Rcpp/r/check_r_headers.h:27:21: note: ‘#pragma message: R.h has been included before any Rcpp headers. This can lead to hard-to-debug errors, and is not necessary. See https://github.com/RcppCore/Rcpp/issues/1410’
   27 |     #pragma message "R.h has been included before any Rcpp headers. This can lead to hard-to-debug errors, and is not necessary. See https://github.com/RcppCore/Rcpp/issues/1410"
      |                     ^~~~~~~~~~~~~~~~~~~~~~~~~~~~~~~~~~~~~~~~~~~~~~~~~~~~~~~~~~~~~~~~~~~~~~~~~~~~~~~~~~~~~~~~~~~~~~~~~~~~~~~~~~~~~~~~~~~~~~~~~~~~~~~~~~~~~~~~~~~~~~~~~~~~~~~~~~~~~~
In file included from /ref/rmlab/software/tyron/R-libs/Rcpp/include/RcppCommon.h:29,
                 from /ref/rmlab/software/tyron/R-libs/Rcpp/include/Rcpp.h:27,
                 from geography.h:5,
                 from s2-constructors-formatters.cpp:9:
/ref/rmlab/software/tyron/R-libs/Rcpp/include/Rcpp/r/check_r_headers.h:35:21: note: ‘#pragma message: Rinternals.h has been included before any Rcpp headers. This can lead to hard-to-debug errors, and is not necessary. See https://github.com/RcppCore/Rcpp/issues/1410’
   35 |     #pragma message "Rinternals.h has been included before any Rcpp headers. This can lead to hard-to-debug errors, and is not necessary. See https://github.com/RcppCore/Rcpp/issues/1410"
      |                     ^~~~~~~~~~~~~~~~~~~~~~~~~~~~~~~~~~~~~~~~~~~~~~~~~~~~~~~~~~~~~~~~~~~~~~~~~~~~~~~~~~~~~~~~~~~~~~~~~~~~~~~~~~~~~~~~~~~~~~~~~~~~~~~~~~~~~~~~~~~~~~~~~~~~~~~~~~~~~~~~~~~~~~~
installing to /ref/rmlab/software/tyron/R-libs/00LOCK-s2/00new/s2/libs
** R
** data
*** moving datasets to lazyload DB
** inst
** byte-compile and prepare package for lazy loading
** help
*** installing help indices
*** copying figures
** building package indices
** testing if installed package can be loaded from temporary location
** checking absolute paths in shared objects and dynamic libraries
readelf: /lib64/libcrypto.so.3: version `OPENSSL_3.6.0' not found (required by /ref/rmlab/software/spack-1.1.0/opt/spack/linux-x86_64/openssl-3.6.0-hdu4phhqvbzn54grs4bbnfjpbma7zlux/lib64/libssl.so.3)
** testing if installed package can be loaded from final location
** testing if installed package keeps a record of temporary installation path
* DONE (s2)
* installing *source* package ‘warp’ ...
** this is package ‘warp’ version ‘0.2.3’
** package ‘warp’ successfully unpacked and MD5 sums checked
** using staged installation
** libs
using C compiler: ‘gcc (GCC) 11.5.0 20240719 (Red Hat 11.5.0-11)’
installing to /ref/rmlab/software/tyron/R-libs/00LOCK-warp/00new/warp/libs
** R
** inst
** byte-compile and prepare package for lazy loading
** help
*** installing help indices
** building package indices
** installing vignettes
** testing if installed package can be loaded from temporary location
** checking absolute paths in shared objects and dynamic libraries
readelf: /lib64/libcrypto.so.3: version `OPENSSL_3.6.0' not found (required by /ref/rmlab/software/spack-1.1.0/opt/spack/linux-x86_64/openssl-3.6.0-hdu4phhqvbzn54grs4bbnfjpbma7zlux/lib64/libssl.so.3)
** testing if installed package can be loaded from final location
** testing if installed package keeps a record of temporary installation path
* DONE (warp)
* installing *source* package ‘biglm’ ...
** this is package ‘biglm’ version ‘0.9-3’
** package ‘biglm’ successfully unpacked and MD5 sums checked
** using staged installation
** libs
using C compiler: ‘gcc (GCC) 11.5.0 20240719 (Red Hat 11.5.0-11)’
using Fortran compiler: ‘GNU Fortran (GCC) 11.5.0 20240719 (Red Hat 11.5.0-11)’
installing to /ref/rmlab/software/tyron/R-libs/00LOCK-biglm/00new/biglm/libs
** R
** inst
** byte-compile and prepare package for lazy loading
** help
*** installing help indices
** building package indices
** testing if installed package can be loaded from temporary location
** checking absolute paths in shared objects and dynamic libraries
readelf: /lib64/libcrypto.so.3: version `OPENSSL_3.6.0' not found (required by /ref/rmlab/software/spack-1.1.0/opt/spack/linux-x86_64/openssl-3.6.0-hdu4phhqvbzn54grs4bbnfjpbma7zlux/lib64/libssl.so.3)
** testing if installed package can be loaded from final location
** testing if installed package keeps a record of temporary installation path
* DONE (biglm)
* installing *source* package ‘spData’ ...
** this is package ‘spData’ version ‘2.3.5’
** package ‘spData’ successfully unpacked and MD5 sums checked
** using staged installation
** R
** data
*** moving datasets to lazyload DB
** inst
** byte-compile and prepare package for lazy loading
** help
*** installing help indices
*** copying figures
** building package indices
** testing if installed package can be loaded from temporary location
** testing if installed package can be loaded from final location
** testing if installed package keeps a record of temporary installation path
* DONE (spData)
* installing *source* package ‘furrr’ ...
** this is package ‘furrr’ version ‘0.4.0’
** package ‘furrr’ successfully unpacked and MD5 sums checked
** using staged installation
** R
** byte-compile and prepare package for lazy loading
** help
*** installing help indices
*** copying figures
** building package indices
** testing if installed package can be loaded from temporary location
[2026-05-20T02:02:12.246] error: *** JOB 41043019 ON n002 CANCELLED AT 2026-05-20T02:02:12 DUE to SIGNAL Terminated ***
