Downloading GitHub repo chris-mcginnis-ucsf/DoubletFinder@HEAD
* installing *source* package ‘DoubletFinder’ ...
** this is package ‘DoubletFinder’ version ‘2.0.6’
** using staged installation
** R
** data
*** moving datasets to lazyload DB
** byte-compile and prepare package for lazy loading
** help
*** installing help indices
** building package indices
** testing if installed package can be loaded from temporary location
** testing if installed package can be loaded from final location
** testing if installed package keeps a record of temporary installation path
* DONE (DoubletFinder)
Downloading GitHub repo bnprks/BPCells@HEAD
Installing 1 packages: hexbin
trying URL 'https://cloud.r-project.org/src/contrib/hexbin_1.28.5.tar.gz'
Content type 'application/x-gzip' length 1195234 bytes (1.1 MB)
==================================================
downloaded 1.1 MB

* installing *source* package ‘hexbin’ ...
** this is package ‘hexbin’ version ‘1.28.5’
** package ‘hexbin’ successfully unpacked and MD5 sums checked
** using staged installation
** libs
using C compiler: ‘gcc (GCC) 11.5.0 20240719 (Red Hat 11.5.0-11)’
using Fortran compiler: ‘GNU Fortran (GCC) 11.5.0 20240719 (Red Hat 11.5.0-11)’
installing to /ref/rmlab/software/tyron/R-libs/00LOCK-hexbin/00new/hexbin/libs
** R
** data
** inst
** byte-compile and prepare package for lazy loading
** help
*** installing help indices
** building package indices
** installing vignettes
** testing if installed package can be loaded from temporary location
** checking absolute paths in shared objects and dynamic libraries
readelf: /lib64/libcrypto.so.3: version `OPENSSL_3.6.0' not found (required by /ref/rmlab/software/spack-1.1.0/opt/spack/linux-x86_64/openssl-3.6.0-hdu4phhqvbzn54grs4bbnfjpbma7zlux/lib64/libssl.so.3)
** testing if installed package can be loaded from final location
** testing if installed package keeps a record of temporary installation path
* DONE (hexbin)

The downloaded source packages are in
	‘/tmp/Rtmpp6s6OT/downloaded_packages’
* installing *source* package ‘BPCells’ ...
** this is package ‘BPCells’ version ‘0.3.1’
** using staged installation
ERROR: configuration failed for package ‘BPCells’
* removing ‘/ref/rmlab/software/tyron/R-libs/BPCells’
Downloading GitHub repo bnprks/BPCells@HEAD
* installing *source* package ‘BPCells’ ...
** this is package ‘BPCells’ version ‘0.3.1’
** using staged installation
ERROR: configuration failed for package ‘BPCells’
* removing ‘/ref/rmlab/software/tyron/R-libs/BPCells’
Downloading GitHub repo bnprks/BPCells@HEAD
[2026-05-20T01:03:40.279] error: *** JOB 41042442 ON n002 CANCELLED AT 2026-05-20T01:03:40 DUE to SIGNAL Terminated ***
