=== GitHub Package Install ===
R: R version 4.5.2 (2025-10-31) -- "[Not] Part in a Rumble"
Library: /ref/rmlab/software/tyron/R-libs
Start: Wed May 20 02:26:10 AM CDT 2026
SKIP (already installed): DoubletFinder
SKIP (already installed): BPCells
SKIP (already installed): SeuratDisk
SKIP (already installed): harmony
SKIP (already installed): presto

=== Installing: monocle3 (cole-trapnell-lab/monocle3) ===
configure: units: 1.0-1
checking for default C++ standard... 201703
checking whether the C++ compiler works... yes
checking for C++ compiler default output file name... a.out
checking for suffix of executables... 
checking whether we are cross compiling... no
checking for suffix of object files... o
checking whether the compiler supports GNU C++... yes
checking whether /usr/bin/g++ -std=gnu++17 accepts -g... yes
checking for /usr/bin/g++ -std=gnu++17 option to enable C++11 features... none needed
checking for stdio.h... yes
checking for stdlib.h... yes
checking for string.h... yes
checking for inttypes.h... yes
checking for stdint.h... yes
checking for strings.h... yes
checking for sys/stat.h... yes
checking for sys/types.h... yes
checking for unistd.h... yes
checking for _Bool... no
checking for stdbool.h that conforms to C99 or later... yes
checking for error_at_line... yes
checking for gcc... /usr/bin/gcc
checking whether the compiler supports GNU C... yes
checking whether /usr/bin/gcc accepts -g... yes
checking for /usr/bin/gcc option to enable C11 features... none needed
checking for brew... no
checking for XML_ParserCreate in -lexpat... no
checking for udunits2.h... no
checking for udunits2/udunits2.h... no
checking for ut_read_xml in -ludunits2... no
/usr/bin/gcc -I"/ref/rmlab/software/spack-1.1.0/opt/spack/linux-x86_64/r-4.5.2-jga4yt5sdbzfddqszotqf64bn5a6iu2m/rlib/R/include" -DNDEBUG  -I'/ref/rmlab/software/tyron/R-libs/vctrs/include' -I/usr/local/include    -fpic  -g -O2  -c block.c -o block.o
/usr/bin/gcc -I"/ref/rmlab/software/spack-1.1.0/opt/spack/linux-x86_64/r-4.5.2-jga4yt5sdbzfddqszotqf64bn5a6iu2m/rlib/R/include" -DNDEBUG  -I'/ref/rmlab/software/tyron/R-libs/vctrs/include' -I/usr/local/include    -fpic  -g -O2  -c hop.c -o hop.o
/usr/bin/gcc -I"/ref/rmlab/software/spack-1.1.0/opt/spack/linux-x86_64/r-4.5.2-jga4yt5sdbzfddqszotqf64bn5a6iu2m/rlib/R/include" -DNDEBUG  -I'/ref/rmlab/software/tyron/R-libs/vctrs/include' -I/usr/local/include    -fpic  -g -O2  -c index.c -o index.o
/usr/bin/gcc -I"/ref/rmlab/software/spack-1.1.0/opt/spack/linux-x86_64/r-4.5.2-jga4yt5sdbzfddqszotqf64bn5a6iu2m/rlib/R/include" -DNDEBUG  -I'/ref/rmlab/software/tyron/R-libs/vctrs/include' -I/usr/local/include    -fpic  -g -O2  -c init.c -o init.o
/usr/bin/gcc -I"/ref/rmlab/software/spack-1.1.0/opt/spack/linux-x86_64/r-4.5.2-jga4yt5sdbzfddqszotqf64bn5a6iu2m/rlib/R/include" -DNDEBUG  -I'/ref/rmlab/software/tyron/R-libs/vctrs/include' -I/usr/local/include    -fpic  -g -O2  -c params.c -o params.o
/usr/bin/gcc -I"/ref/rmlab/software/spack-1.1.0/opt/spack/linux-x86_64/r-4.5.2-jga4yt5sdbzfddqszotqf64bn5a6iu2m/rlib/R/include" -DNDEBUG  -I'/ref/rmlab/software/tyron/R-libs/vctrs/include' -I/usr/local/include    -fpic  -g -O2  -c segment-tree.c -o segment-tree.o
/usr/bin/gcc -I"/ref/rmlab/software/spack-1.1.0/opt/spack/linux-x86_64/r-4.5.2-jga4yt5sdbzfddqszotqf64bn5a6iu2m/rlib/R/include" -DNDEBUG  -I'/ref/rmlab/software/tyron/R-libs/vctrs/include' -I/usr/local/include    -fpic  -g -O2  -c slide-period.c -o slide-period.o
/usr/bin/gcc -I"/ref/rmlab/software/spack-1.1.0/opt/spack/linux-x86_64/r-4.5.2-jga4yt5sdbzfddqszotqf64bn5a6iu2m/rlib/R/include" -DNDEBUG  -I'/ref/rmlab/software/tyron/R-libs/vctrs/include' -I/usr/local/include    -fpic  -g -O2  -c slide.c -o slide.o
/usr/bin/gcc -I"/ref/rmlab/software/spack-1.1.0/opt/spack/linux-x86_64/r-4.5.2-jga4yt5sdbzfddqszotqf64bn5a6iu2m/rlib/R/include" -DNDEBUG  -I'/ref/rmlab/software/tyron/R-libs/vctrs/include' -I/usr/local/include    -fpic  -g -O2  -c slider-vctrs-private.c -o slider-vctrs-private.o
/usr/bin/gcc -I"/ref/rmlab/software/spack-1.1.0/opt/spack/linux-x86_64/r-4.5.2-jga4yt5sdbzfddqszotqf64bn5a6iu2m/rlib/R/include" -DNDEBUG  -I'/ref/rmlab/software/tyron/R-libs/vctrs/include' -I/usr/local/include    -fpic  -g -O2  -c slider-vctrs-public.c -o slider-vctrs-public.o
/usr/bin/g++ -std=gnu++17 -I"/ref/rmlab/software/spack-1.1.0/opt/spack/linux-x86_64/r-4.5.2-jga4yt5sdbzfddqszotqf64bn5a6iu2m/rlib/R/include" -DNDEBUG  -I'/ref/rmlab/software/tyron/R-libs/vctrs/include' -I/usr/local/include    -fpic  -g -O2   -c summary-core-align.cpp -o summary-core-align.o
/usr/bin/gcc -I"/ref/rmlab/software/spack-1.1.0/opt/spack/linux-x86_64/r-4.5.2-jga4yt5sdbzfddqszotqf64bn5a6iu2m/rlib/R/include" -DNDEBUG  -I'/ref/rmlab/software/tyron/R-libs/vctrs/include' -I/usr/local/include    -fpic  -g -O2  -c summary-index.c -o summary-index.o
/usr/bin/gcc -I"/ref/rmlab/software/spack-1.1.0/opt/spack/linux-x86_64/r-4.5.2-jga4yt5sdbzfddqszotqf64bn5a6iu2m/rlib/R/include" -DNDEBUG  -I'/ref/rmlab/software/tyron/R-libs/vctrs/include' -I/usr/local/include    -fpic  -g -O2  -c summary-slide.c -o summary-slide.o
/usr/bin/gcc -I"/ref/rmlab/software/spack-1.1.0/opt/spack/linux-x86_64/r-4.5.2-jga4yt5sdbzfddqszotqf64bn5a6iu2m/rlib/R/include" -DNDEBUG  -I'/ref/rmlab/software/tyron/R-libs/vctrs/include' -I/usr/local/include    -fpic  -g -O2  -c utils.c -o utils.o
/usr/bin/g++ -std=gnu++17 -shared -L/ref/rmlab/software/spack-1.1.0/opt/spack/linux-x86_64/r-4.5.2-jga4yt5sdbzfddqszotqf64bn5a6iu2m/rlib/R/lib -Wl,-rpath,/ref/rmlab/software/spack-1.1.0/opt/spack/linux-x86_64/r-4.5.2-jga4yt5sdbzfddqszotqf64bn5a6iu2m/rlib/R/lib -o slider.so block.o hop.o index.o init.o params.o segment-tree.o slide-period.o slide.o slider-vctrs-private.o slider-vctrs-public.o summary-core-align.o summary-index.o summary-slide.o utils.o -L/ref/rmlab/software/spack-1.1.0/opt/spack/linux-x86_64/r-4.5.2-jga4yt5sdbzfddqszotqf64bn5a6iu2m/rlib/R/lib -lR
/usr/bin/gcc -I"/ref/rmlab/software/spack-1.1.0/opt/spack/linux-x86_64/r-4.5.2-jga4yt5sdbzfddqszotqf64bn5a6iu2m/rlib/R/include" -DNDEBUG   -I/usr/local/include    -fpic  -g -O2  -c IDEAL.c -o IDEAL.o
/usr/bin/gcc -I"/ref/rmlab/software/spack-1.1.0/opt/spack/linux-x86_64/r-4.5.2-jga4yt5sdbzfddqszotqf64bn5a6iu2m/rlib/R/include" -DNDEBUG   -I/usr/local/include    -fpic  -g -O2  -c bayesreg.c -o bayesreg.o
/usr/bin/gcc -I"/ref/rmlab/software/spack-1.1.0/opt/spack/linux-x86_64/r-4.5.2-jga4yt5sdbzfddqszotqf64bn5a6iu2m/rlib/R/include" -DNDEBUG   -I/usr/local/include    -fpic  -g -O2  -c check.c -o check.o
/usr/bin/gcc -I"/ref/rmlab/software/spack-1.1.0/opt/spack/linux-x86_64/r-4.5.2-jga4yt5sdbzfddqszotqf64bn5a6iu2m/rlib/R/include" -DNDEBUG   -I/usr/local/include    -fpic  -g -O2  -c chol.c -o chol.o
/usr/bin/gcc -I"/ref/rmlab/software/spack-1.1.0/opt/spack/linux-x86_64/r-4.5.2-jga4yt5sdbzfddqszotqf64bn5a6iu2m/rlib/R/include" -DNDEBUG   -I/usr/local/include    -fpic  -g -O2  -c crossprod.c -o crossprod.o
/usr/bin/gcc -I"/ref/rmlab/software/spack-1.1.0/opt/spack/linux-x86_64/r-4.5.2-jga4yt5sdbzfddqszotqf64bn5a6iu2m/rlib/R/include" -DNDEBUG   -I/usr/local/include    -fpic  -g -O2  -c dmatTOdvec.c -o dmatTOdvec.o
/usr/bin/gcc -I"/ref/rmlab/software/spack-1.1.0/opt/spack/linux-x86_64/r-4.5.2-jga4yt5sdbzfddqszotqf64bn5a6iu2m/rlib/R/include" -DNDEBUG   -I/usr/local/include    -fpic  -g -O2  -c dtnorm.c -o dtnorm.o
/usr/bin/gcc -I"/ref/rmlab/software/spack-1.1.0/opt/spack/linux-x86_64/r-4.5.2-jga4yt5sdbzfddqszotqf64bn5a6iu2m/rlib/R/include" -DNDEBUG   -I/usr/local/include    -fpic  -g -O2  -c dvecTOdmat.c -o dvecTOdmat.o
/usr/bin/gcc -I"/ref/rmlab/software/spack-1.1.0/opt/spack/linux-x86_64/r-4.5.2-jga4yt5sdbzfddqszotqf64bn5a6iu2m/rlib/R/include" -DNDEBUG   -I/usr/local/include    -fpic  -g -O2  -c gaussj.c -o gaussj.o
/usr/bin/gcc -I"/ref/rmlab/software/spack-1.1.0/opt/spack/linux-x86_64/r-4.5.2-jga4yt5sdbzfddqszotqf64bn5a6iu2m/rlib/R/include" -DNDEBUG   -I/usr/local/include    -fpic  -g -O2  -c init.c -o init.o
/usr/bin/gcc -I"/ref/rmlab/software/spack-1.1.0/opt/spack/linux-x86_64/r-4.5.2-jga4yt5sdbzfddqszotqf64bn5a6iu2m/rlib/R/include" -DNDEBUG   -I/usr/local/include    -fpic  -g -O2  -c pi.c -o pi.o
/usr/bin/gcc -I"/ref/rmlab/software/spack-1.1.0/opt/spack/linux-x86_64/r-4.5.2-jga4yt5sdbzfddqszotqf64bn5a6iu2m/rlib/R/include" -DNDEBUG   -I/usr/local/include    -fpic  -g -O2  -c predict.c -o predict.o
/usr/bin/gcc -I"/ref/rmlab/software/spack-1.1.0/opt/spack/linux-x86_64/r-4.5.2-jga4yt5sdbzfddqszotqf64bn5a6iu2m/rlib/R/include" -DNDEBUG   -I/usr/local/include    -fpic  -g -O2  -c printmat.c -o printmat.o
/usr/bin/gcc -I"/ref/rmlab/software/spack-1.1.0/opt/spack/linux-x86_64/r-4.5.2-jga4yt5sdbzfddqszotqf64bn5a6iu2m/rlib/R/include" -DNDEBUG   -I/usr/local/include    -fpic  -g -O2  -c renormalize.c -o renormalize.o
/usr/bin/gcc -I"/ref/rmlab/software/spack-1.1.0/opt/spack/linux-x86_64/r-4.5.2-jga4yt5sdbzfddqszotqf64bn5a6iu2m/rlib/R/include" -DNDEBUG   -I/usr/local/include    -fpic  -g -O2  -c rigamma.c -o rigamma.o
/usr/bin/gcc -I"/ref/rmlab/software/spack-1.1.0/opt/spack/linux-x86_64/r-4.5.2-jga4yt5sdbzfddqszotqf64bn5a6iu2m/rlib/R/include" -DNDEBUG   -I/usr/local/include    -fpic  -g -O2  -c rmvnorm.c -o rmvnorm.o
/usr/bin/gcc -I"/ref/rmlab/software/spack-1.1.0/opt/spack/linux-x86_64/r-4.5.2-jga4yt5sdbzfddqszotqf64bn5a6iu2m/rlib/R/include" -DNDEBUG   -I/usr/local/include    -fpic  -g -O2  -c updateb.c -o updateb.o
/usr/bin/gcc -I"/ref/rmlab/software/spack-1.1.0/opt/spack/linux-x86_64/r-4.5.2-jga4yt5sdbzfddqszotqf64bn5a6iu2m/rlib/R/include" -DNDEBUG   -I/usr/local/include    -fpic  -g -O2  -c updatex.c -o updatex.o
/usr/bin/gcc -I"/ref/rmlab/software/spack-1.1.0/opt/spack/linux-x86_64/r-4.5.2-jga4yt5sdbzfddqszotqf64bn5a6iu2m/rlib/R/include" -DNDEBUG   -I/usr/local/include    -fpic  -g -O2  -c updatey.c -o updatey.o
/usr/bin/gcc -I"/ref/rmlab/software/spack-1.1.0/opt/spack/linux-x86_64/r-4.5.2-jga4yt5sdbzfddqszotqf64bn5a6iu2m/rlib/R/include" -DNDEBUG   -I/usr/local/include    -fpic  -g -O2  -c util.c -o util.o
/usr/bin/gcc -I"/ref/rmlab/software/spack-1.1.0/opt/spack/linux-x86_64/r-4.5.2-jga4yt5sdbzfddqszotqf64bn5a6iu2m/rlib/R/include" -DNDEBUG   -I/usr/local/include    -fpic  -g -O2  -c xchol.c -o xchol.o
/usr/bin/gcc -I"/ref/rmlab/software/spack-1.1.0/opt/spack/linux-x86_64/r-4.5.2-jga4yt5sdbzfddqszotqf64bn5a6iu2m/rlib/R/include" -DNDEBUG   -I/usr/local/include    -fpic  -g -O2  -c xreg.c -o xreg.o
/usr/bin/gcc -shared -L/ref/rmlab/software/spack-1.1.0/opt/spack/linux-x86_64/r-4.5.2-jga4yt5sdbzfddqszotqf64bn5a6iu2m/rlib/R/lib -Wl,-rpath,/ref/rmlab/software/spack-1.1.0/opt/spack/linux-x86_64/r-4.5.2-jga4yt5sdbzfddqszotqf64bn5a6iu2m/rlib/R/lib -o pscl.so IDEAL.o bayesreg.o check.o chol.o crossprod.o dmatTOdvec.o dtnorm.o dvecTOdmat.o gaussj.o init.o pi.o predict.o printmat.o renormalize.o rigamma.o rmvnorm.o updateb.o updatex.o updatey.o util.o xchol.o xreg.o -L/ref/rmlab/software/spack-1.1.0/opt/spack/linux-x86_64/r-4.5.2-jga4yt5sdbzfddqszotqf64bn5a6iu2m/rlib/R/lib -lR
/usr/bin/g++ -std=gnu++17 -I"/ref/rmlab/software/spack-1.1.0/opt/spack/linux-x86_64/r-4.5.2-jga4yt5sdbzfddqszotqf64bn5a6iu2m/rlib/R/include" -DNDEBUG  -I'/ref/rmlab/software/tyron/R-libs/Rcpp/include' -I/usr/local/include    -fpic  -g -O2   -c RcppExports.cpp -o RcppExports.o
/usr/bin/g++ -std=gnu++17 -I"/ref/rmlab/software/spack-1.1.0/opt/spack/linux-x86_64/r-4.5.2-jga4yt5sdbzfddqszotqf64bn5a6iu2m/rlib/R/include" -DNDEBUG  -I'/ref/rmlab/software/tyron/R-libs/Rcpp/include' -I/usr/local/include    -fpic  -g -O2   -c binning_methods.cpp -o binning_methods.o
/usr/bin/g++ -std=gnu++17 -shared -L/ref/rmlab/software/spack-1.1.0/opt/spack/linux-x86_64/r-4.5.2-jga4yt5sdbzfddqszotqf64bn5a6iu2m/rlib/R/lib -Wl,-rpath,/ref/rmlab/software/spack-1.1.0/opt/spack/linux-x86_64/r-4.5.2-jga4yt5sdbzfddqszotqf64bn5a6iu2m/rlib/R/lib -o ggdist.so RcppExports.o binning_methods.o -L/ref/rmlab/software/spack-1.1.0/opt/spack/linux-x86_64/r-4.5.2-jga4yt5sdbzfddqszotqf64bn5a6iu2m/rlib/R/lib -lR
── R CMD build ─────────────────────────────────────────────────────────────────
* checking for file ‘/tmp/RtmpBOdu7U/remotes36c6af4ffc7ba5/cole-trapnell-lab-monocle3-536f103/DESCRIPTION’ ... OK
* preparing ‘monocle3’:
* checking DESCRIPTION meta-information ... OK
* cleaning src
* excluding invalid files
Subdirectory 'R' contains invalid file names:
  ‘bpcells.R.0’
* checking for LF line-endings in source and make files and shell scripts
* checking for empty or unneeded directories
Omitted ‘LazyData’ from DESCRIPTION
* building ‘monocle3_1.4.27.tar.gz’
Warning: invalid uid value replaced by that for user 'nobody'
Warning: invalid gid value replaced by that for user 'nobody'

configure: units: 1.0-1
checking for default C++ standard... 201703
checking whether the C++ compiler works... yes
checking for C++ compiler default output file name... a.out
checking for suffix of executables... 
checking whether we are cross compiling... no
checking for suffix of object files... o
checking whether the compiler supports GNU C++... yes
checking whether /usr/bin/g++ -std=gnu++17 accepts -g... yes
checking for /usr/bin/g++ -std=gnu++17 option to enable C++11 features... none needed
checking for stdio.h... yes
checking for stdlib.h... yes
checking for string.h... yes
checking for inttypes.h... yes
checking for stdint.h... yes
checking for strings.h... yes
checking for sys/stat.h... yes
checking for sys/types.h... yes
checking for unistd.h... yes
checking for _Bool... no
checking for stdbool.h that conforms to C99 or later... yes
checking for error_at_line... yes
checking for gcc... /usr/bin/gcc
checking whether the compiler supports GNU C... yes
checking whether /usr/bin/gcc accepts -g... yes
checking for /usr/bin/gcc option to enable C11 features... none needed
checking for brew... no
checking for XML_ParserCreate in -lexpat... no
checking for udunits2.h... no
checking for udunits2/udunits2.h... no
checking for ut_read_xml in -ludunits2... no
── R CMD build ─────────────────────────────────────────────────────────────────
* checking for file ‘/tmp/RtmpBOdu7U/remotes36c6af54af1034/cole-trapnell-lab-monocle3-536f103/DESCRIPTION’ ... OK
* preparing ‘monocle3’:
* checking DESCRIPTION meta-information ... OK
* cleaning src
* excluding invalid files
Subdirectory 'R' contains invalid file names:
  ‘bpcells.R.0’
* checking for LF line-endings in source and make files and shell scripts
* checking for empty or unneeded directories
Omitted ‘LazyData’ from DESCRIPTION
* building ‘monocle3_1.4.27.tar.gz’
Warning: invalid uid value replaced by that for user 'nobody'
Warning: invalid gid value replaced by that for user 'nobody'

configure: units: 1.0-1
checking for default C++ standard... 201703
checking whether the C++ compiler works... yes
checking for C++ compiler default output file name... a.out
checking for suffix of executables... 
checking whether we are cross compiling... no
checking for suffix of object files... o
checking whether the compiler supports GNU C++... yes
checking whether /usr/bin/g++ -std=gnu++17 accepts -g... yes
checking for /usr/bin/g++ -std=gnu++17 option to enable C++11 features... none needed
checking for stdio.h... yes
checking for stdlib.h... yes
checking for string.h... yes
checking for inttypes.h... yes
checking for stdint.h... yes
checking for strings.h... yes
checking for sys/stat.h... yes
checking for sys/types.h... yes
checking for unistd.h... yes
checking for _Bool... no
checking for stdbool.h that conforms to C99 or later... yes
checking for error_at_line... yes
checking for gcc... /usr/bin/gcc
checking whether the compiler supports GNU C... yes
checking whether /usr/bin/gcc accepts -g... yes
checking for /usr/bin/gcc option to enable C11 features... none needed
checking for brew... no
checking for XML_ParserCreate in -lexpat... no
checking for udunits2.h... no
checking for udunits2/udunits2.h... no
checking for ut_read_xml in -ludunits2... no
── R CMD build ─────────────────────────────────────────────────────────────────
* checking for file ‘/tmp/RtmpBOdu7U/remotes36c6af164e0e99/cole-trapnell-lab-monocle3-536f103/DESCRIPTION’ ... OK
* preparing ‘monocle3’:
* checking DESCRIPTION meta-information ... OK
* cleaning src
* excluding invalid files
Subdirectory 'R' contains invalid file names:
  ‘bpcells.R.0’
* checking for LF line-endings in source and make files and shell scripts
* checking for empty or unneeded directories
Omitted ‘LazyData’ from DESCRIPTION
* building ‘monocle3_1.4.27.tar.gz’
Warning: invalid uid value replaced by that for user 'nobody'
Warning: invalid gid value replaced by that for user 'nobody'

FAILED: cole-trapnell-lab/monocle3

=== Installing: SeuratWrappers (satijalab/seurat-wrappers) ===
── R CMD build ─────────────────────────────────────────────────────────────────
* checking for file ‘/tmp/RtmpBOdu7U/remotes36c6af4057274f/satijalab-seurat-wrappers-ffaf74e/DESCRIPTION’ ... OK
* preparing ‘SeuratWrappers’:
* checking DESCRIPTION meta-information ... OK
* checking for LF line-endings in source and make files and shell scripts
* checking for empty or unneeded directories
Omitted ‘LazyData’ from DESCRIPTION
* building ‘SeuratWrappers_0.4.0.tar.gz’
Warning: invalid uid value replaced by that for user 'nobody'
Warning: invalid gid value replaced by that for user 'nobody'

OK: SeuratWrappers

=== Installing: SeuratData (satijalab/seurat-data) ===
── R CMD build ─────────────────────────────────────────────────────────────────
* checking for file ‘/tmp/RtmpBOdu7U/remotes36c6af5c6ef0a3/satijalab-seurat-data-3e51f44/DESCRIPTION’ ... OK
* preparing ‘SeuratData’:
* checking DESCRIPTION meta-information ... OK
* checking for LF line-endings in source and make files and shell scripts
* checking for empty or unneeded directories
Omitted ‘LazyData’ from DESCRIPTION
* building ‘SeuratData_0.2.2.9002.tar.gz’
Warning: invalid uid value replaced by that for user 'nobody'
Warning: invalid gid value replaced by that for user 'nobody'

OK: SeuratData

=== Installing: scSHC (igrabski/sc-SHC) ===
/usr/bin/g++ -std=gnu++17 -I"/ref/rmlab/software/spack-1.1.0/opt/spack/linux-x86_64/r-4.5.2-jga4yt5sdbzfddqszotqf64bn5a6iu2m/rlib/R/include" -DNDEBUG   -I/usr/local/include    -fpic  -g -O2   -c fastcluster_R.cpp -o fastcluster_R.o
/usr/bin/g++ -std=gnu++17 -shared -L/ref/rmlab/software/spack-1.1.0/opt/spack/linux-x86_64/r-4.5.2-jga4yt5sdbzfddqszotqf64bn5a6iu2m/rlib/R/lib -Wl,-rpath,/ref/rmlab/software/spack-1.1.0/opt/spack/linux-x86_64/r-4.5.2-jga4yt5sdbzfddqszotqf64bn5a6iu2m/rlib/R/lib -o fastcluster.so fastcluster_R.o -L/ref/rmlab/software/spack-1.1.0/opt/spack/linux-x86_64/r-4.5.2-jga4yt5sdbzfddqszotqf64bn5a6iu2m/rlib/R/lib -lR
── R CMD build ─────────────────────────────────────────────────────────────────
* checking for file ‘/tmp/RtmpBOdu7U/remotes36c6af7542c9d3/igrabski-sc-SHC-2671f6e/DESCRIPTION’ ... OK
* preparing ‘scSHC’:
* checking DESCRIPTION meta-information ... OK
Warning in person1(given = given[[i]], family = family[[i]], middle = middle[[i]],  :
  It is recommended to use ‘given’ instead of ‘middle’.
* checking for LF line-endings in source and make files and shell scripts
* checking for empty or unneeded directories
* looking to see if a ‘data/datalist’ file should be added
* building ‘scSHC_0.1.0.tar.gz’
Warning: invalid uid value replaced by that for user 'nobody'
Warning: invalid gid value replaced by that for user 'nobody'

OK: scSHC

=== Installing: scclusteval (crazyhottommy/scclusteval) ===
── R CMD build ─────────────────────────────────────────────────────────────────
* checking for file ‘/tmp/RtmpBOdu7U/remotes36c6af1628d66e/crazyhottommy-scclusteval-b1b22c7/DESCRIPTION’ ... OK
* preparing ‘scclusteval’:
* checking DESCRIPTION meta-information ... OK
* checking for LF line-endings in source and make files and shell scripts
* checking for empty or unneeded directories
* building ‘scclusteval_0.0.0.9000.tar.gz’
Warning: invalid uid value replaced by that for user 'nobody'
Warning: invalid gid value replaced by that for user 'nobody'

OK: scclusteval
SKIP (already installed): scGSVA
SKIP (already installed): garnett
SKIP (already installed): ShinyCell2
SKIP (already installed): EPIC
SKIP (already installed): MuSiC

=== Installing: xbioc (renozao/xbioc) ===
── R CMD build ─────────────────────────────────────────────────────────────────
* checking for file ‘/tmp/RtmpBOdu7U/remotes36c6af5e62fa5b/renozao-pkgmaker-e9dbb82/DESCRIPTION’ ... OK
* preparing ‘pkgmaker’:
* checking DESCRIPTION meta-information ... OK
* checking for LF line-endings in source and make files and shell scripts
* checking for empty or unneeded directories
Removed empty directory ‘pkgmaker/vignettes’
* building ‘pkgmaker_0.32.8.tar.gz’
Warning: invalid uid value replaced by that for user 'nobody'
Warning: invalid gid value replaced by that for user 'nobody'

Setting package specific options: package:pkgmaker:logger (1 default option(s))
Creating meta registry in package 'pkgmaker' ... OK
Creating registry 'extra_handler' in package 'pkgmaker' ... OK
Creating registry 'extra_action' in package 'pkgmaker' ... OK
Registering extra handler 'install.packages' [function] ... OK
── R CMD build ─────────────────────────────────────────────────────────────────
* checking for file ‘/tmp/RtmpBOdu7U/remotes36c6af63e7573c/renozao-xbioc-1354168/DESCRIPTION’ ... OK
* preparing ‘xbioc’:
* checking DESCRIPTION meta-information ... OK
* checking for LF line-endings in source and make files and shell scripts
* checking for empty or unneeded directories
* looking to see if a ‘data/datalist’ file should be added
* building ‘xbioc_0.1.19.tar.gz’
Warning: invalid uid value replaced by that for user 'nobody'
Warning: invalid gid value replaced by that for user 'nobody'

OK: xbioc

=== Installing: MuSiC2 (Jiaxin-Fan/MuSiC2) ===
── R CMD build ─────────────────────────────────────────────────────────────────
* checking for file ‘/tmp/RtmpBOdu7U/remotes36c6af4d006a2a/Jiaxin-Fan-MuSiC2-329007a/DESCRIPTION’ ... OK
* preparing ‘MuSiC2’:
* checking DESCRIPTION meta-information ... OK
* checking for LF line-endings in source and make files and shell scripts
* checking for empty or unneeded directories
Omitted ‘LazyData’ from DESCRIPTION
  NB: this package now depends on R (>= 3.5.0)
  WARNING: Added dependency on R >= 3.5.0 because serialized objects in
  serialize/load version 3 cannot be read in older versions of R.
  File(s) containing such objects:
    ‘MuSiC2/vignettes/data/bulk-eset.rds’
    ‘MuSiC2/vignettes/data/true_proportion.RData’
* building ‘MuSiC2_0.1.0.tar.gz’
Warning: invalid uid value replaced by that for user 'nobody'
Warning: invalid gid value replaced by that for user 'nobody'

OK: MuSiC2
SKIP (already installed): decontX

--- FAILED REPOS ---
cole-trapnell-lab/monocle3 

To retry a single package:
  remotes::install_github('<repo>', lib='/ref/rmlab/software/tyron/R-libs', dependencies=TRUE)
End: Wed May 20 02:32:54 AM CDT 2026
