=== GitHub Package Install ===
R: R version 4.5.2 (2025-10-31) -- "[Not] Part in a Rumble"
Library: /ref/rmlab/software/tyron/R-libs
Start: Wed May 20 02:07:53 AM CDT 2026
SKIP (already installed): DoubletFinder
SKIP (already installed): BPCells

=== Installing: SeuratDisk (mojaveazure/seurat-disk) ===
checking for a sed that does not truncate output... /usr/bin/sed
checking for gawk... gawk
checking for grep that handles long lines and -e... /usr/bin/grep
checking for gcc... /usr/bin/gcc
checking whether the C compiler works... yes
checking for C compiler default output file name... a.out
checking for suffix of executables... 
checking whether we are cross compiling... no
checking for suffix of object files... o
checking whether the compiler supports GNU C... yes
checking whether /usr/bin/gcc accepts -g... yes
checking for /usr/bin/gcc option to enable C11 features... none needed
checking for stdio.h... yes
checking for stdlib.h... yes
checking for string.h... yes
checking for inttypes.h... yes
checking for stdint.h... yes
checking for strings.h... yes
checking for sys/stat.h... yes
checking for sys/types.h... yes
checking for unistd.h... yes
checking for h5cc... /ref/rmlab/software/tyron/hdf5-devel/usr/bin/h5cc
checking for HDF5 libraries... yes (version 1.12.1)
checking for hdf5.h... yes
checking for H5Fcreate in -lhdf5... no
checking for hdf5_hl.h... yes
checking for H5LTpath_valid in -lhdf5_hl... no
checking for main in -lhdf5_hl... no
checking for matching HDF5 Fortran wrapper... /ref/rmlab/software/tyron/hdf5-devel/usr/bin/h5fc
Found hdf5 with version: 1.12.1
checking for ggrep... /usr/bin/grep
checking whether /usr/bin/grep accepts -o... yes
checking for ggrep... (cached) /usr/bin/grep
checking whether /usr/bin/grep accepts -o... yes
Using variables:
HDF5_LIBS= -L/ref/rmlab/software/tyron/hdf5-devel/usr/lib64  -lhdf5_hl  -lhdf5  -L. -lhdf5_hl -lhdf5 -lz -lm
HDF5_CFLAGS=
HDF5_CPPFLAGS=-I/ref/rmlab/software/tyron/hdf5-devel/usr/include 
configure: creating ./config.status
config.status: creating src/Makevars
cp 1_12_0/*.c 1_12_0/*.h .
if [ "" != "" ]; then patch -p2 < patch_; fi
/usr/bin/gcc -I"/ref/rmlab/software/spack-1.1.0/opt/spack/linux-x86_64/r-4.5.2-jga4yt5sdbzfddqszotqf64bn5a6iu2m/rlib/R/include" -DNDEBUG -I/ref/rmlab/software/tyron/hdf5-devel/usr/include   -I/usr/local/include   -D__USE_MINGW_ANSI_STDIO -DH5_USE_110_API -fpic  -g -O2  -c const_export.c -o const_export.o
/usr/bin/gcc -I"/ref/rmlab/software/spack-1.1.0/opt/spack/linux-x86_64/r-4.5.2-jga4yt5sdbzfddqszotqf64bn5a6iu2m/rlib/R/include" -DNDEBUG -I/ref/rmlab/software/tyron/hdf5-devel/usr/include   -I/usr/local/include   -D__USE_MINGW_ANSI_STDIO -DH5_USE_110_API -fpic  -g -O2  -c datatype_export.c -o datatype_export.o
/usr/bin/gcc -I"/ref/rmlab/software/spack-1.1.0/opt/spack/linux-x86_64/r-4.5.2-jga4yt5sdbzfddqszotqf64bn5a6iu2m/rlib/R/include" -DNDEBUG -I/ref/rmlab/software/tyron/hdf5-devel/usr/include   -I/usr/local/include   -D__USE_MINGW_ANSI_STDIO -DH5_USE_110_API -fpic  -g -O2  -c Wrapper_auto_H5A.c -o Wrapper_auto_H5A.o
/usr/bin/gcc -I"/ref/rmlab/software/spack-1.1.0/opt/spack/linux-x86_64/r-4.5.2-jga4yt5sdbzfddqszotqf64bn5a6iu2m/rlib/R/include" -DNDEBUG -I/ref/rmlab/software/tyron/hdf5-devel/usr/include   -I/usr/local/include   -D__USE_MINGW_ANSI_STDIO -DH5_USE_110_API -fpic  -g -O2  -c Wrapper_auto_H5.c -o Wrapper_auto_H5.o
/usr/bin/gcc -I"/ref/rmlab/software/spack-1.1.0/opt/spack/linux-x86_64/r-4.5.2-jga4yt5sdbzfddqszotqf64bn5a6iu2m/rlib/R/include" -DNDEBUG -I/ref/rmlab/software/tyron/hdf5-devel/usr/include   -I/usr/local/include   -D__USE_MINGW_ANSI_STDIO -DH5_USE_110_API -fpic  -g -O2  -c Wrapper_auto_H5D.c -o Wrapper_auto_H5D.o
/usr/bin/gcc -I"/ref/rmlab/software/spack-1.1.0/opt/spack/linux-x86_64/r-4.5.2-jga4yt5sdbzfddqszotqf64bn5a6iu2m/rlib/R/include" -DNDEBUG -I/ref/rmlab/software/tyron/hdf5-devel/usr/include   -I/usr/local/include   -D__USE_MINGW_ANSI_STDIO -DH5_USE_110_API -fpic  -g -O2  -c Wrapper_auto_H5DS.c -o Wrapper_auto_H5DS.o
/usr/bin/gcc -I"/ref/rmlab/software/spack-1.1.0/opt/spack/linux-x86_64/r-4.5.2-jga4yt5sdbzfddqszotqf64bn5a6iu2m/rlib/R/include" -DNDEBUG -I/ref/rmlab/software/tyron/hdf5-devel/usr/include   -I/usr/local/include   -D__USE_MINGW_ANSI_STDIO -DH5_USE_110_API -fpic  -g -O2  -c Wrapper_auto_H5E.c -o Wrapper_auto_H5E.o
/usr/bin/gcc -I"/ref/rmlab/software/spack-1.1.0/opt/spack/linux-x86_64/r-4.5.2-jga4yt5sdbzfddqszotqf64bn5a6iu2m/rlib/R/include" -DNDEBUG -I/ref/rmlab/software/tyron/hdf5-devel/usr/include   -I/usr/local/include   -D__USE_MINGW_ANSI_STDIO -DH5_USE_110_API -fpic  -g -O2  -c Wrapper_auto_H5F.c -o Wrapper_auto_H5F.o
/usr/bin/gcc -I"/ref/rmlab/software/spack-1.1.0/opt/spack/linux-x86_64/r-4.5.2-jga4yt5sdbzfddqszotqf64bn5a6iu2m/rlib/R/include" -DNDEBUG -I/ref/rmlab/software/tyron/hdf5-devel/usr/include   -I/usr/local/include   -D__USE_MINGW_ANSI_STDIO -DH5_USE_110_API -fpic  -g -O2  -c Wrapper_auto_H5G.c -o Wrapper_auto_H5G.o
/usr/bin/gcc -I"/ref/rmlab/software/spack-1.1.0/opt/spack/linux-x86_64/r-4.5.2-jga4yt5sdbzfddqszotqf64bn5a6iu2m/rlib/R/include" -DNDEBUG -I/ref/rmlab/software/tyron/hdf5-devel/usr/include   -I/usr/local/include   -D__USE_MINGW_ANSI_STDIO -DH5_USE_110_API -fpic  -g -O2  -c Wrapper_auto_H5I.c -o Wrapper_auto_H5I.o
/usr/bin/gcc -I"/ref/rmlab/software/spack-1.1.0/opt/spack/linux-x86_64/r-4.5.2-jga4yt5sdbzfddqszotqf64bn5a6iu2m/rlib/R/include" -DNDEBUG -I/ref/rmlab/software/tyron/hdf5-devel/usr/include   -I/usr/local/include   -D__USE_MINGW_ANSI_STDIO -DH5_USE_110_API -fpic  -g -O2  -c Wrapper_auto_H5IM.c -o Wrapper_auto_H5IM.o
/usr/bin/gcc -I"/ref/rmlab/software/spack-1.1.0/opt/spack/linux-x86_64/r-4.5.2-jga4yt5sdbzfddqszotqf64bn5a6iu2m/rlib/R/include" -DNDEBUG -I/ref/rmlab/software/tyron/hdf5-devel/usr/include   -I/usr/local/include   -D__USE_MINGW_ANSI_STDIO -DH5_USE_110_API -fpic  -g -O2  -c Wrapper_auto_H5L.c -o Wrapper_auto_H5L.o
/usr/bin/gcc -I"/ref/rmlab/software/spack-1.1.0/opt/spack/linux-x86_64/r-4.5.2-jga4yt5sdbzfddqszotqf64bn5a6iu2m/rlib/R/include" -DNDEBUG -I/ref/rmlab/software/tyron/hdf5-devel/usr/include   -I/usr/local/include   -D__USE_MINGW_ANSI_STDIO -DH5_USE_110_API -fpic  -g -O2  -c Wrapper_auto_H5LT.c -o Wrapper_auto_H5LT.o
/usr/bin/gcc -I"/ref/rmlab/software/spack-1.1.0/opt/spack/linux-x86_64/r-4.5.2-jga4yt5sdbzfddqszotqf64bn5a6iu2m/rlib/R/include" -DNDEBUG -I/ref/rmlab/software/tyron/hdf5-devel/usr/include   -I/usr/local/include   -D__USE_MINGW_ANSI_STDIO -DH5_USE_110_API -fpic  -g -O2  -c Wrapper_auto_H5O.c -o Wrapper_auto_H5O.o
/usr/bin/gcc -I"/ref/rmlab/software/spack-1.1.0/opt/spack/linux-x86_64/r-4.5.2-jga4yt5sdbzfddqszotqf64bn5a6iu2m/rlib/R/include" -DNDEBUG -I/ref/rmlab/software/tyron/hdf5-devel/usr/include   -I/usr/local/include   -D__USE_MINGW_ANSI_STDIO -DH5_USE_110_API -fpic  -g -O2  -c Wrapper_auto_H5P.c -o Wrapper_auto_H5P.o
/usr/bin/gcc -I"/ref/rmlab/software/spack-1.1.0/opt/spack/linux-x86_64/r-4.5.2-jga4yt5sdbzfddqszotqf64bn5a6iu2m/rlib/R/include" -DNDEBUG -I/ref/rmlab/software/tyron/hdf5-devel/usr/include   -I/usr/local/include   -D__USE_MINGW_ANSI_STDIO -DH5_USE_110_API -fpic  -g -O2  -c Wrapper_auto_H5R.c -o Wrapper_auto_H5R.o
/usr/bin/gcc -I"/ref/rmlab/software/spack-1.1.0/opt/spack/linux-x86_64/r-4.5.2-jga4yt5sdbzfddqszotqf64bn5a6iu2m/rlib/R/include" -DNDEBUG -I/ref/rmlab/software/tyron/hdf5-devel/usr/include   -I/usr/local/include   -D__USE_MINGW_ANSI_STDIO -DH5_USE_110_API -fpic  -g -O2  -c Wrapper_auto_H5S.c -o Wrapper_auto_H5S.o
/usr/bin/gcc -I"/ref/rmlab/software/spack-1.1.0/opt/spack/linux-x86_64/r-4.5.2-jga4yt5sdbzfddqszotqf64bn5a6iu2m/rlib/R/include" -DNDEBUG -I/ref/rmlab/software/tyron/hdf5-devel/usr/include   -I/usr/local/include   -D__USE_MINGW_ANSI_STDIO -DH5_USE_110_API -fpic  -g -O2  -c Wrapper_auto_H5TB.c -o Wrapper_auto_H5TB.o
/usr/bin/gcc -I"/ref/rmlab/software/spack-1.1.0/opt/spack/linux-x86_64/r-4.5.2-jga4yt5sdbzfddqszotqf64bn5a6iu2m/rlib/R/include" -DNDEBUG -I/ref/rmlab/software/tyron/hdf5-devel/usr/include   -I/usr/local/include   -D__USE_MINGW_ANSI_STDIO -DH5_USE_110_API -fpic  -g -O2  -c Wrapper_auto_H5T.c -o Wrapper_auto_H5T.o
/usr/bin/gcc -I"/ref/rmlab/software/spack-1.1.0/opt/spack/linux-x86_64/r-4.5.2-jga4yt5sdbzfddqszotqf64bn5a6iu2m/rlib/R/include" -DNDEBUG -I/ref/rmlab/software/tyron/hdf5-devel/usr/include   -I/usr/local/include   -D__USE_MINGW_ANSI_STDIO -DH5_USE_110_API -fpic  -g -O2  -c Wrapper_auto_H5Z.c -o Wrapper_auto_H5Z.o
/usr/bin/gcc -I"/ref/rmlab/software/spack-1.1.0/opt/spack/linux-x86_64/r-4.5.2-jga4yt5sdbzfddqszotqf64bn5a6iu2m/rlib/R/include" -DNDEBUG -I/ref/rmlab/software/tyron/hdf5-devel/usr/include   -I/usr/local/include   -D__USE_MINGW_ANSI_STDIO -DH5_USE_110_API -fpic  -g -O2  -c Wrapper_auto_H5FDcore.c -o Wrapper_auto_H5FDcore.o
/usr/bin/gcc -I"/ref/rmlab/software/spack-1.1.0/opt/spack/linux-x86_64/r-4.5.2-jga4yt5sdbzfddqszotqf64bn5a6iu2m/rlib/R/include" -DNDEBUG -I/ref/rmlab/software/tyron/hdf5-devel/usr/include   -I/usr/local/include   -D__USE_MINGW_ANSI_STDIO -DH5_USE_110_API -fpic  -g -O2  -c Wrapper_auto_H5FDfamily.c -o Wrapper_auto_H5FDfamily.o
/usr/bin/gcc -I"/ref/rmlab/software/spack-1.1.0/opt/spack/linux-x86_64/r-4.5.2-jga4yt5sdbzfddqszotqf64bn5a6iu2m/rlib/R/include" -DNDEBUG -I/ref/rmlab/software/tyron/hdf5-devel/usr/include   -I/usr/local/include   -D__USE_MINGW_ANSI_STDIO -DH5_USE_110_API -fpic  -g -O2  -c Wrapper_auto_H5FDlog.c -o Wrapper_auto_H5FDlog.o
/usr/bin/gcc -I"/ref/rmlab/software/spack-1.1.0/opt/spack/linux-x86_64/r-4.5.2-jga4yt5sdbzfddqszotqf64bn5a6iu2m/rlib/R/include" -DNDEBUG -I/ref/rmlab/software/tyron/hdf5-devel/usr/include   -I/usr/local/include   -D__USE_MINGW_ANSI_STDIO -DH5_USE_110_API -fpic  -g -O2  -c Wrapper_auto_H5FDsec2.c -o Wrapper_auto_H5FDsec2.o
/usr/bin/gcc -I"/ref/rmlab/software/spack-1.1.0/opt/spack/linux-x86_64/r-4.5.2-jga4yt5sdbzfddqszotqf64bn5a6iu2m/rlib/R/include" -DNDEBUG -I/ref/rmlab/software/tyron/hdf5-devel/usr/include   -I/usr/local/include   -D__USE_MINGW_ANSI_STDIO -DH5_USE_110_API -fpic  -g -O2  -c Wrapper_auto_H5FDstdio.c -o Wrapper_auto_H5FDstdio.o
/usr/bin/gcc -I"/ref/rmlab/software/spack-1.1.0/opt/spack/linux-x86_64/r-4.5.2-jga4yt5sdbzfddqszotqf64bn5a6iu2m/rlib/R/include" -DNDEBUG -I/ref/rmlab/software/tyron/hdf5-devel/usr/include   -I/usr/local/include   -D__USE_MINGW_ANSI_STDIO -DH5_USE_110_API -fpic  -g -O2  -c convert.c -o convert.o
/usr/bin/gcc -I"/ref/rmlab/software/spack-1.1.0/opt/spack/linux-x86_64/r-4.5.2-jga4yt5sdbzfddqszotqf64bn5a6iu2m/rlib/R/include" -DNDEBUG -I/ref/rmlab/software/tyron/hdf5-devel/usr/include   -I/usr/local/include   -D__USE_MINGW_ANSI_STDIO -DH5_USE_110_API -fpic  -g -O2  -c hdf5r_init.c -o hdf5r_init.o
/usr/bin/gcc -I"/ref/rmlab/software/spack-1.1.0/opt/spack/linux-x86_64/r-4.5.2-jga4yt5sdbzfddqszotqf64bn5a6iu2m/rlib/R/include" -DNDEBUG -I/ref/rmlab/software/tyron/hdf5-devel/usr/include   -I/usr/local/include   -D__USE_MINGW_ANSI_STDIO -DH5_USE_110_API -fpic  -g -O2  -c H5Error.c -o H5Error.o
/usr/bin/gcc -I"/ref/rmlab/software/spack-1.1.0/opt/spack/linux-x86_64/r-4.5.2-jga4yt5sdbzfddqszotqf64bn5a6iu2m/rlib/R/include" -DNDEBUG -I/ref/rmlab/software/tyron/hdf5-devel/usr/include   -I/usr/local/include   -D__USE_MINGW_ANSI_STDIO -DH5_USE_110_API -fpic  -g -O2  -c H5ls.c -o H5ls.o
/usr/bin/gcc -I"/ref/rmlab/software/spack-1.1.0/opt/spack/linux-x86_64/r-4.5.2-jga4yt5sdbzfddqszotqf64bn5a6iu2m/rlib/R/include" -DNDEBUG -I/ref/rmlab/software/tyron/hdf5-devel/usr/include   -I/usr/local/include   -D__USE_MINGW_ANSI_STDIO -DH5_USE_110_API -fpic  -g -O2  -c Wrapper_manual_H5T.c -o Wrapper_manual_H5T.o
/usr/bin/gcc -shared -L/ref/rmlab/software/spack-1.1.0/opt/spack/linux-x86_64/r-4.5.2-jga4yt5sdbzfddqszotqf64bn5a6iu2m/rlib/R/lib -Wl,-rpath,/ref/rmlab/software/spack-1.1.0/opt/spack/linux-x86_64/r-4.5.2-jga4yt5sdbzfddqszotqf64bn5a6iu2m/rlib/R/lib -o hdf5r.so const_export.o datatype_export.o Wrapper_auto_H5A.o Wrapper_auto_H5.o Wrapper_auto_H5D.o Wrapper_auto_H5DS.o Wrapper_auto_H5E.o Wrapper_auto_H5F.o Wrapper_auto_H5G.o Wrapper_auto_H5I.o Wrapper_auto_H5IM.o Wrapper_auto_H5L.o Wrapper_auto_H5LT.o Wrapper_auto_H5O.o Wrapper_auto_H5P.o Wrapper_auto_H5R.o Wrapper_auto_H5S.o Wrapper_auto_H5TB.o Wrapper_auto_H5T.o Wrapper_auto_H5Z.o Wrapper_auto_H5FDcore.o Wrapper_auto_H5FDfamily.o Wrapper_auto_H5FDlog.o Wrapper_auto_H5FDsec2.o Wrapper_auto_H5FDstdio.o convert.o hdf5r_init.o H5Error.o H5ls.o Wrapper_manual_H5T.o -L/ref/rmlab/software/tyron/hdf5-devel/usr/lib64 -lhdf5_hl -lhdf5 -L. -lhdf5_hl -lhdf5 -lz -lm -L/ref/rmlab/software/spack-1.1.0/opt/spack/linux-x86_64/r-4.5.2-jga4yt5sdbzfddqszotqf64bn5a6iu2m/rlib/R/lib -lR
── R CMD build ─────────────────────────────────────────────────────────────────
* checking for file ‘/tmp/RtmpPqZ2PF/remotes113ed76363a0e9/mojaveazure-seurat-disk-877d4e1/DESCRIPTION’ ... OK
* preparing ‘SeuratDisk’:
* checking DESCRIPTION meta-information ... OK
* checking for LF line-endings in source and make files and shell scripts
* checking for empty or unneeded directories
Omitted ‘LazyData’ from DESCRIPTION
* building ‘SeuratDisk_0.0.0.9021.tar.gz’
Warning: invalid uid value replaced by that for user 'nobody'
Warning: invalid gid value replaced by that for user 'nobody'

Creating a generic function for ‘as.factor’ from package ‘base’ in package ‘SeuratDisk’
Note: ... may be used in an incorrect context 
Note: ... may be used in an incorrect context 
OK: SeuratDisk
SKIP (already installed): harmony
SKIP (already installed): presto

=== Installing: monocle3 (cole-trapnell-lab/monocle3) ===
  attempt 1 error: Failed to install 'unknown package' from GitHub:
  HTTP error 403.
  API rate limit exceeded for 65.254.100.88. (But here's the good news: Authenticated requests get a higher rate limit. Check out the documentation for more details.)

  Rate limit remaining: 0/60
  Rate limit reset at: 2026-05-20 07:12:48 UTC

  To increase your GitHub API rate limit
  - Use `usethis::create_github_token()` to create a Personal Access Token.
  - Use `gitcreds::gitcreds_set()` to add the token.
  attempt 2 error: Failed to install 'unknown package' from GitHub:
  HTTP error 403.
  API rate limit exceeded for 65.254.100.88. (But here's the good news: Authenticated requests get a higher rate limit. Check out the documentation for more details.)

  Rate limit remaining: 0/60
  Rate limit reset at: 2026-05-20 07:12:48 UTC

  To increase your GitHub API rate limit
  - Use `usethis::create_github_token()` to create a Personal Access Token.
  - Use `gitcreds::gitcreds_set()` to add the token.
  attempt 3 error: Failed to install 'unknown package' from GitHub:
  HTTP error 403.
  API rate limit exceeded for 65.254.100.88. (But here's the good news: Authenticated requests get a higher rate limit. Check out the documentation for more details.)

  Rate limit remaining: 0/60
  Rate limit reset at: 2026-05-20 07:12:48 UTC

  To increase your GitHub API rate limit
  - Use `usethis::create_github_token()` to create a Personal Access Token.
  - Use `gitcreds::gitcreds_set()` to add the token.
FAILED: cole-trapnell-lab/monocle3

=== Installing: SeuratWrappers (satijalab/seurat-wrappers) ===
  attempt 1 error: Failed to install 'unknown package' from GitHub:
  HTTP error 403.
  API rate limit exceeded for 65.254.100.88. (But here's the good news: Authenticated requests get a higher rate limit. Check out the documentation for more details.)

  Rate limit remaining: 0/60
  Rate limit reset at: 2026-05-20 07:12:48 UTC

  To increase your GitHub API rate limit
  - Use `usethis::create_github_token()` to create a Personal Access Token.
  - Use `gitcreds::gitcreds_set()` to add the token.
  attempt 2 error: Failed to install 'unknown package' from GitHub:
  HTTP error 403.
  API rate limit exceeded for 65.254.100.88. (But here's the good news: Authenticated requests get a higher rate limit. Check out the documentation for more details.)

  Rate limit remaining: 0/60
  Rate limit reset at: 2026-05-20 07:12:48 UTC

  To increase your GitHub API rate limit
  - Use `usethis::create_github_token()` to create a Personal Access Token.
  - Use `gitcreds::gitcreds_set()` to add the token.
  attempt 3 error: Failed to install 'unknown package' from GitHub:
  HTTP error 403.
  API rate limit exceeded for 65.254.100.88. (But here's the good news: Authenticated requests get a higher rate limit. Check out the documentation for more details.)

  Rate limit remaining: 0/60
  Rate limit reset at: 2026-05-20 07:12:48 UTC

  To increase your GitHub API rate limit
  - Use `usethis::create_github_token()` to create a Personal Access Token.
  - Use `gitcreds::gitcreds_set()` to add the token.
FAILED: satijalab/seurat-wrappers

=== Installing: SeuratData (satijalab/seurat-data) ===
  attempt 1 error: Failed to install 'unknown package' from GitHub:
  HTTP error 403.
  API rate limit exceeded for 65.254.100.88. (But here's the good news: Authenticated requests get a higher rate limit. Check out the documentation for more details.)

  Rate limit remaining: 0/60
  Rate limit reset at: 2026-05-20 07:12:48 UTC

  To increase your GitHub API rate limit
  - Use `usethis::create_github_token()` to create a Personal Access Token.
  - Use `gitcreds::gitcreds_set()` to add the token.
  attempt 2 error: Failed to install 'unknown package' from GitHub:
  HTTP error 403.
  API rate limit exceeded for 65.254.100.88. (But here's the good news: Authenticated requests get a higher rate limit. Check out the documentation for more details.)

  Rate limit remaining: 0/60
  Rate limit reset at: 2026-05-20 07:12:48 UTC

  To increase your GitHub API rate limit
  - Use `usethis::create_github_token()` to create a Personal Access Token.
  - Use `gitcreds::gitcreds_set()` to add the token.
  attempt 3 error: Failed to install 'unknown package' from GitHub:
  HTTP error 403.
  API rate limit exceeded for 65.254.100.88. (But here's the good news: Authenticated requests get a higher rate limit. Check out the documentation for more details.)

  Rate limit remaining: 0/60
  Rate limit reset at: 2026-05-20 07:12:48 UTC

  To increase your GitHub API rate limit
  - Use `usethis::create_github_token()` to create a Personal Access Token.
  - Use `gitcreds::gitcreds_set()` to add the token.
FAILED: satijalab/seurat-data

=== Installing: scSHC (igrabski/sc-SHC) ===
  attempt 1 error: Failed to install 'unknown package' from GitHub:
  HTTP error 403.
  API rate limit exceeded for 65.254.100.88. (But here's the good news: Authenticated requests get a higher rate limit. Check out the documentation for more details.)

  Rate limit remaining: 0/60
  Rate limit reset at: 2026-05-20 07:12:48 UTC

  To increase your GitHub API rate limit
  - Use `usethis::create_github_token()` to create a Personal Access Token.
  - Use `gitcreds::gitcreds_set()` to add the token.
  attempt 2 error: Failed to install 'unknown package' from GitHub:
  HTTP error 403.
  API rate limit exceeded for 65.254.100.88. (But here's the good news: Authenticated requests get a higher rate limit. Check out the documentation for more details.)

  Rate limit remaining: 0/60
  Rate limit reset at: 2026-05-20 07:12:48 UTC

  To increase your GitHub API rate limit
  - Use `usethis::create_github_token()` to create a Personal Access Token.
  - Use `gitcreds::gitcreds_set()` to add the token.
  attempt 3 error: Failed to install 'unknown package' from GitHub:
  HTTP error 403.
  API rate limit exceeded for 65.254.100.88. (But here's the good news: Authenticated requests get a higher rate limit. Check out the documentation for more details.)

  Rate limit remaining: 0/60
  Rate limit reset at: 2026-05-20 07:12:48 UTC

  To increase your GitHub API rate limit
  - Use `usethis::create_github_token()` to create a Personal Access Token.
  - Use `gitcreds::gitcreds_set()` to add the token.
FAILED: igrabski/sc-SHC

=== Installing: scclusteval (crazyhottommy/scclusteval) ===
  attempt 1 error: Failed to install 'unknown package' from GitHub:
  HTTP error 403.
  API rate limit exceeded for 65.254.100.88. (But here's the good news: Authenticated requests get a higher rate limit. Check out the documentation for more details.)

  Rate limit remaining: 0/60
  Rate limit reset at: 2026-05-20 07:12:48 UTC

  To increase your GitHub API rate limit
  - Use `usethis::create_github_token()` to create a Personal Access Token.
  - Use `gitcreds::gitcreds_set()` to add the token.
  attempt 2 error: Failed to install 'unknown package' from GitHub:
  HTTP error 403.
  API rate limit exceeded for 65.254.100.88. (But here's the good news: Authenticated requests get a higher rate limit. Check out the documentation for more details.)

  Rate limit remaining: 0/60
  Rate limit reset at: 2026-05-20 07:12:48 UTC

  To increase your GitHub API rate limit
  - Use `usethis::create_github_token()` to create a Personal Access Token.
  - Use `gitcreds::gitcreds_set()` to add the token.
  attempt 3 error: Failed to install 'unknown package' from GitHub:
  HTTP error 403.
  API rate limit exceeded for 65.254.100.88. (But here's the good news: Authenticated requests get a higher rate limit. Check out the documentation for more details.)

  Rate limit remaining: 0/60
  Rate limit reset at: 2026-05-20 07:12:48 UTC

  To increase your GitHub API rate limit
  - Use `usethis::create_github_token()` to create a Personal Access Token.
  - Use `gitcreds::gitcreds_set()` to add the token.
FAILED: crazyhottommy/scclusteval

=== Installing: scGSVA (guokai8/scGSVA) ===
  attempt 1 error: Failed to install 'unknown package' from GitHub:
  HTTP error 403.
  API rate limit exceeded for 65.254.100.88. (But here's the good news: Authenticated requests get a higher rate limit. Check out the documentation for more details.)

  Rate limit remaining: 0/60
  Rate limit reset at: 2026-05-20 07:12:48 UTC

  To increase your GitHub API rate limit
  - Use `usethis::create_github_token()` to create a Personal Access Token.
  - Use `gitcreds::gitcreds_set()` to add the token.
  attempt 2 error: Failed to install 'unknown package' from GitHub:
  HTTP error 403.
  API rate limit exceeded for 65.254.100.88. (But here's the good news: Authenticated requests get a higher rate limit. Check out the documentation for more details.)

  Rate limit remaining: 0/60
  Rate limit reset at: 2026-05-20 07:12:48 UTC

  To increase your GitHub API rate limit
  - Use `usethis::create_github_token()` to create a Personal Access Token.
  - Use `gitcreds::gitcreds_set()` to add the token.
── R CMD build ─────────────────────────────────────────────────────────────────
* checking for file ‘/tmp/RtmpPqZ2PF/remotes113ed776917d8c/guokai8-scGSVA-82959f4/DESCRIPTION’ ... OK
* preparing ‘scGSVA’:
* checking DESCRIPTION meta-information ... OK
* cleaning src
* checking for LF line-endings in source and make files and shell scripts
* checking for empty or unneeded directories
* building ‘scGSVA_0.0.27.tar.gz’
Warning: invalid uid value replaced by that for user 'nobody'
Warning: invalid gid value replaced by that for user 'nobody'

/usr/bin/g++ -std=gnu++17 -I"/ref/rmlab/software/spack-1.1.0/opt/spack/linux-x86_64/r-4.5.2-jga4yt5sdbzfddqszotqf64bn5a6iu2m/rlib/R/include" -DNDEBUG  -I'/ref/rmlab/software/tyron/R-libs/Rcpp/include' -I/usr/local/include    -fpic  -g -O2   -c RcppExports.cpp -o RcppExports.o
/usr/bin/g++ -std=gnu++17 -I"/ref/rmlab/software/spack-1.1.0/opt/spack/linux-x86_64/r-4.5.2-jga4yt5sdbzfddqszotqf64bn5a6iu2m/rlib/R/include" -DNDEBUG  -I'/ref/rmlab/software/tyron/R-libs/Rcpp/include' -I/usr/local/include    -fpic  -g -O2   -c gsva_cpp.cpp -o gsva_cpp.o
/usr/bin/g++ -std=gnu++17 -shared -L/ref/rmlab/software/spack-1.1.0/opt/spack/linux-x86_64/r-4.5.2-jga4yt5sdbzfddqszotqf64bn5a6iu2m/rlib/R/lib -Wl,-rpath,/ref/rmlab/software/spack-1.1.0/opt/spack/linux-x86_64/r-4.5.2-jga4yt5sdbzfddqszotqf64bn5a6iu2m/rlib/R/lib -o scGSVA.so RcppExports.o gsva_cpp.o -L/ref/rmlab/software/spack-1.1.0/opt/spack/linux-x86_64/r-4.5.2-jga4yt5sdbzfddqszotqf64bn5a6iu2m/rlib/R/lib -lR
Creating a generic function for ‘colnames’ from package ‘base’ in package ‘scGSVA’
Creating a generic function for ‘rownames’ from package ‘base’ in package ‘scGSVA’
OK: scGSVA

=== Installing: garnett (cole-trapnell-lab/garnett) ===
/usr/bin/gcc -I"/ref/rmlab/software/spack-1.1.0/opt/spack/linux-x86_64/r-4.5.2-jga4yt5sdbzfddqszotqf64bn5a6iu2m/rlib/R/include" -DNDEBUG   -I/usr/local/include    -fpic  -g -O2  -c helper.c -o helper.o
/usr/bin/gcc -I"/ref/rmlab/software/spack-1.1.0/opt/spack/linux-x86_64/r-4.5.2-jga4yt5sdbzfddqszotqf64bn5a6iu2m/rlib/R/include" -DNDEBUG   -I/usr/local/include    -fpic  -g -O2  -c packagename_init.c -o packagename_init.o
/usr/bin/gcc -shared -L/ref/rmlab/software/spack-1.1.0/opt/spack/linux-x86_64/r-4.5.2-jga4yt5sdbzfddqszotqf64bn5a6iu2m/rlib/R/lib -Wl,-rpath,/ref/rmlab/software/spack-1.1.0/opt/spack/linux-x86_64/r-4.5.2-jga4yt5sdbzfddqszotqf64bn5a6iu2m/rlib/R/lib -o rly.so helper.o packagename_init.o -L/ref/rmlab/software/spack-1.1.0/opt/spack/linux-x86_64/r-4.5.2-jga4yt5sdbzfddqszotqf64bn5a6iu2m/rlib/R/lib -lR
/usr/bin/g++ -std=gnu++17 -I"/ref/rmlab/software/spack-1.1.0/opt/spack/linux-x86_64/r-4.5.2-jga4yt5sdbzfddqszotqf64bn5a6iu2m/rlib/R/include" -DNDEBUG  -I'/ref/rmlab/software/tyron/R-libs/RcppEigen/include' -I'/ref/rmlab/software/tyron/R-libs/Rcpp/include' -I/usr/local/include   -Iglmnetpp/include -Iglmnetpp/src -Iglmnetpp/test -Iglmnetpp/coxdev/cpp/include -DEIGEN_PERMANENTLY_DISABLE_STUPID_WARNINGS -DR_INTERFACE -fpic  -g -O2   -c elnet_exp.cpp -o elnet_exp.o
/usr/bin/g++ -std=gnu++17 -I"/ref/rmlab/software/spack-1.1.0/opt/spack/linux-x86_64/r-4.5.2-jga4yt5sdbzfddqszotqf64bn5a6iu2m/rlib/R/include" -DNDEBUG  -I'/ref/rmlab/software/tyron/R-libs/RcppEigen/include' -I'/ref/rmlab/software/tyron/R-libs/Rcpp/include' -I/usr/local/include   -Iglmnetpp/include -Iglmnetpp/src -Iglmnetpp/test -Iglmnetpp/coxdev/cpp/include -DEIGEN_PERMANENTLY_DISABLE_STUPID_WARNINGS -DR_INTERFACE -fpic  -g -O2   -c glmnet_init.cpp -o glmnet_init.o
/usr/bin/g++ -std=gnu++17 -I"/ref/rmlab/software/spack-1.1.0/opt/spack/linux-x86_64/r-4.5.2-jga4yt5sdbzfddqszotqf64bn5a6iu2m/rlib/R/include" -DNDEBUG  -I'/ref/rmlab/software/tyron/R-libs/RcppEigen/include' -I'/ref/rmlab/software/tyron/R-libs/Rcpp/include' -I/usr/local/include   -Iglmnetpp/include -Iglmnetpp/src -Iglmnetpp/test -Iglmnetpp/coxdev/cpp/include -DEIGEN_PERMANENTLY_DISABLE_STUPID_WARNINGS -DR_INTERFACE -fpic  -g -O2   -c internal.cpp -o internal.o
/usr/bin/g++ -std=gnu++17 -I"/ref/rmlab/software/spack-1.1.0/opt/spack/linux-x86_64/r-4.5.2-jga4yt5sdbzfddqszotqf64bn5a6iu2m/rlib/R/include" -DNDEBUG  -I'/ref/rmlab/software/tyron/R-libs/RcppEigen/include' -I'/ref/rmlab/software/tyron/R-libs/Rcpp/include' -I/usr/local/include   -Iglmnetpp/include -Iglmnetpp/src -Iglmnetpp/test -Iglmnetpp/coxdev/cpp/include -DEIGEN_PERMANENTLY_DISABLE_STUPID_WARNINGS -DR_INTERFACE -fpic  -g -O2   -c glmnet_control.cpp -o glmnet_control.o
/usr/bin/g++ -std=gnu++17 -I"/ref/rmlab/software/spack-1.1.0/opt/spack/linux-x86_64/r-4.5.2-jga4yt5sdbzfddqszotqf64bn5a6iu2m/rlib/R/include" -DNDEBUG  -I'/ref/rmlab/software/tyron/R-libs/RcppEigen/include' -I'/ref/rmlab/software/tyron/R-libs/Rcpp/include' -I/usr/local/include   -Iglmnetpp/include -Iglmnetpp/src -Iglmnetpp/test -Iglmnetpp/coxdev/cpp/include -DEIGEN_PERMANENTLY_DISABLE_STUPID_WARNINGS -DR_INTERFACE -fpic  -g -O2   -c pb_exp.cpp -o pb_exp.o
/usr/bin/g++ -std=gnu++17 -I"/ref/rmlab/software/spack-1.1.0/opt/spack/linux-x86_64/r-4.5.2-jga4yt5sdbzfddqszotqf64bn5a6iu2m/rlib/R/include" -DNDEBUG  -I'/ref/rmlab/software/tyron/R-libs/RcppEigen/include' -I'/ref/rmlab/software/tyron/R-libs/Rcpp/include' -I/usr/local/include   -Iglmnetpp/include -Iglmnetpp/src -Iglmnetpp/test -Iglmnetpp/coxdev/cpp/include -DEIGEN_PERMANENTLY_DISABLE_STUPID_WARNINGS -DR_INTERFACE -fpic  -g -O2   -c RcppExports.cpp -o RcppExports.o
/usr/bin/g++ -std=gnu++17 -I"/ref/rmlab/software/spack-1.1.0/opt/spack/linux-x86_64/r-4.5.2-jga4yt5sdbzfddqszotqf64bn5a6iu2m/rlib/R/include" -DNDEBUG  -I'/ref/rmlab/software/tyron/R-libs/RcppEigen/include' -I'/ref/rmlab/software/tyron/R-libs/Rcpp/include' -I/usr/local/include   -Iglmnetpp/include -Iglmnetpp/src -Iglmnetpp/test -Iglmnetpp/coxdev/cpp/include -DEIGEN_PERMANENTLY_DISABLE_STUPID_WARNINGS -DR_INTERFACE -fpic  -g -O2   -c wls_exp.cpp -o wls_exp.o
/usr/bin/g++ -std=gnu++17 -I"/ref/rmlab/software/spack-1.1.0/opt/spack/linux-x86_64/r-4.5.2-jga4yt5sdbzfddqszotqf64bn5a6iu2m/rlib/R/include" -DNDEBUG  -I'/ref/rmlab/software/tyron/R-libs/RcppEigen/include' -I'/ref/rmlab/software/tyron/R-libs/Rcpp/include' -I/usr/local/include   -Iglmnetpp/include -Iglmnetpp/src -Iglmnetpp/test -Iglmnetpp/coxdev/cpp/include -DEIGEN_PERMANENTLY_DISABLE_STUPID_WARNINGS -DR_INTERFACE -fpic  -g -O2   -c cox_test_utils.cpp -o cox_test_utils.o
/usr/bin/g++ -std=gnu++17 -I"/ref/rmlab/software/spack-1.1.0/opt/spack/linux-x86_64/r-4.5.2-jga4yt5sdbzfddqszotqf64bn5a6iu2m/rlib/R/include" -DNDEBUG  -I'/ref/rmlab/software/tyron/R-libs/RcppEigen/include' -I'/ref/rmlab/software/tyron/R-libs/Rcpp/include' -I/usr/local/include   -Iglmnetpp/include -Iglmnetpp/src -Iglmnetpp/test -Iglmnetpp/coxdev/cpp/include -DEIGEN_PERMANENTLY_DISABLE_STUPID_WARNINGS -DR_INTERFACE -fpic  -g -O2   -c glmnetpp/coxdev/cpp/src/coxdev.cpp -o glmnetpp/coxdev/cpp/src/coxdev.o
/usr/bin/g++ -std=gnu++17 -shared -L/ref/rmlab/software/spack-1.1.0/opt/spack/linux-x86_64/r-4.5.2-jga4yt5sdbzfddqszotqf64bn5a6iu2m/rlib/R/lib -Wl,-rpath,/ref/rmlab/software/spack-1.1.0/opt/spack/linux-x86_64/r-4.5.2-jga4yt5sdbzfddqszotqf64bn5a6iu2m/rlib/R/lib -o glmnet.so elnet_exp.o glmnet_init.o internal.o glmnet_control.o pb_exp.o RcppExports.o wls_exp.o cox_test_utils.o glmnetpp/coxdev/cpp/src/coxdev.o -L/ref/rmlab/software/spack-1.1.0/opt/spack/linux-x86_64/r-4.5.2-jga4yt5sdbzfddqszotqf64bn5a6iu2m/rlib/R/lib -lR
── R CMD build ─────────────────────────────────────────────────────────────────
* checking for file ‘/tmp/RtmpPqZ2PF/remotes113ed7346ae6e/cole-trapnell-lab-garnett-ad3e1f7/DESCRIPTION’ ... OK
* preparing ‘garnett’:
* checking DESCRIPTION meta-information ... OK
* checking for LF line-endings in source and make files and shell scripts
* checking for empty or unneeded directories
* building ‘garnett_0.1.24.tar.gz’
Warning: invalid uid value replaced by that for user 'nobody'
Warning: invalid gid value replaced by that for user 'nobody'

OK: garnett

=== Installing: ShinyCell2 (the-ouyang-lab/ShinyCell2) ===
── R CMD build ─────────────────────────────────────────────────────────────────
* checking for file ‘/tmp/RtmpPqZ2PF/remotes113ed75aa2a54f/the-ouyang-lab-ShinyCell2-33bfc8b/DESCRIPTION’ ... OK
* preparing ‘ShinyCell2’:
* checking DESCRIPTION meta-information ... OK
* checking for LF line-endings in source and make files and shell scripts
* checking for empty or unneeded directories
* building ‘ShinyCell2_1.0.0.tar.gz’
Warning: invalid uid value replaced by that for user 'nobody'
Warning: invalid gid value replaced by that for user 'nobody'

OK: ShinyCell2

=== Installing: EPIC (GfellerLab/EPIC) ===
── R CMD build ─────────────────────────────────────────────────────────────────
* checking for file ‘/tmp/RtmpPqZ2PF/remotes113ed76608e15f/GfellerLab-EPIC-50a4f40/DESCRIPTION’ ... OK
* preparing ‘EPIC’:
* checking DESCRIPTION meta-information ... OK
* checking for LF line-endings in source and make files and shell scripts
* checking for empty or unneeded directories
* building ‘EPIC_1.1.7.tar.gz’
Warning: invalid uid value replaced by that for user 'nobody'
Warning: invalid gid value replaced by that for user 'nobody'

OK: EPIC

=== Installing: MuSiC (xuranw/MuSiC) ===
/usr/bin/gcc -I"/ref/rmlab/software/spack-1.1.0/opt/spack/linux-x86_64/r-4.5.2-jga4yt5sdbzfddqszotqf64bn5a6iu2m/rlib/R/include" -DNDEBUG   -I/usr/local/include   -fvisibility=hidden -fpic  -g -O2  -c getListElement.c -o getListElement.o
/usr/bin/gcc -I"/ref/rmlab/software/spack-1.1.0/opt/spack/linux-x86_64/r-4.5.2-jga4yt5sdbzfddqszotqf64bn5a6iu2m/rlib/R/include" -DNDEBUG   -I/usr/local/include   -fvisibility=hidden -fpic  -g -O2  -c getScalarInteger.c -o getScalarInteger.o
/usr/bin/gcc -I"/ref/rmlab/software/spack-1.1.0/opt/spack/linux-x86_64/r-4.5.2-jga4yt5sdbzfddqszotqf64bn5a6iu2m/rlib/R/include" -DNDEBUG   -I/usr/local/include   -fvisibility=hidden -fpic  -g -O2  -c getScalarLogical.c -o getScalarLogical.o
/usr/bin/gcc -I"/ref/rmlab/software/spack-1.1.0/opt/spack/linux-x86_64/r-4.5.2-jga4yt5sdbzfddqszotqf64bn5a6iu2m/rlib/R/include" -DNDEBUG   -I/usr/local/include   -fvisibility=hidden -fpic  -g -O2  -c init.c -o init.o
/usr/bin/gcc -I"/ref/rmlab/software/spack-1.1.0/opt/spack/linux-x86_64/r-4.5.2-jga4yt5sdbzfddqszotqf64bn5a6iu2m/rlib/R/include" -DNDEBUG   -I/usr/local/include   -fvisibility=hidden -fpic  -g -O2  -c initseq.c -o initseq.o
/usr/bin/gcc -I"/ref/rmlab/software/spack-1.1.0/opt/spack/linux-x86_64/r-4.5.2-jga4yt5sdbzfddqszotqf64bn5a6iu2m/rlib/R/include" -DNDEBUG   -I/usr/local/include   -fvisibility=hidden -fpic  -g -O2  -c isAllFinite.c -o isAllFinite.o
/usr/bin/gcc -I"/ref/rmlab/software/spack-1.1.0/opt/spack/linux-x86_64/r-4.5.2-jga4yt5sdbzfddqszotqf64bn5a6iu2m/rlib/R/include" -DNDEBUG   -I/usr/local/include   -fvisibility=hidden -fpic  -g -O2  -c metrop.c -o metrop.o
/usr/bin/gcc -I"/ref/rmlab/software/spack-1.1.0/opt/spack/linux-x86_64/r-4.5.2-jga4yt5sdbzfddqszotqf64bn5a6iu2m/rlib/R/include" -DNDEBUG   -I/usr/local/include   -fvisibility=hidden -fpic  -g -O2  -c olbm.c -o olbm.o
/usr/bin/gcc -I"/ref/rmlab/software/spack-1.1.0/opt/spack/linux-x86_64/r-4.5.2-jga4yt5sdbzfddqszotqf64bn5a6iu2m/rlib/R/include" -DNDEBUG   -I/usr/local/include   -fvisibility=hidden -fpic  -g -O2  -c temper.c -o temper.o
/usr/bin/gcc -shared -L/ref/rmlab/software/spack-1.1.0/opt/spack/linux-x86_64/r-4.5.2-jga4yt5sdbzfddqszotqf64bn5a6iu2m/rlib/R/lib -Wl,-rpath,/ref/rmlab/software/spack-1.1.0/opt/spack/linux-x86_64/r-4.5.2-jga4yt5sdbzfddqszotqf64bn5a6iu2m/rlib/R/lib -o mcmc.so getListElement.o getScalarInteger.o getScalarLogical.o init.o initseq.o isAllFinite.o metrop.o olbm.o temper.o -L/ref/rmlab/software/spack-1.1.0/opt/spack/linux-x86_64/r-4.5.2-jga4yt5sdbzfddqszotqf64bn5a6iu2m/rlib/R/lib -lR
checking whether the C++ compiler works... yes
checking for C++ compiler default output file name... a.out
checking for suffix of executables... 
checking whether we are cross compiling... no
checking for suffix of object files... o
checking whether we are using the GNU C++ compiler... yes
checking whether /usr/bin/g++ -std=gnu++17 accepts -g... yes
checking for gcc... /usr/bin/gcc
checking whether we are using the GNU C compiler... yes
checking whether /usr/bin/gcc accepts -g... yes
checking for /usr/bin/gcc option to accept ISO C89... none needed
checking how to run the C preprocessor... /usr/bin/gcc -E
checking for grep that handles long lines and -e... /usr/bin/grep
checking for egrep... /usr/bin/grep -E
checking for ANSI C header files... yes
checking for sys/types.h... yes
checking for sys/stat.h... yes
checking for stdlib.h... yes
checking for string.h... yes
checking for memory.h... yes
checking for strings.h... yes
checking for inttypes.h... yes
checking for stdint.h... yes
checking for unistd.h... yes
checking ieeefp.h usability... no
checking ieeefp.h presence... no
checking for ieeefp.h... no
checking for trunc... no
configure: creating ./config.status
config.status: creating src/Makevars
/usr/bin/g++ -std=gnu++17 -I"/ref/rmlab/software/spack-1.1.0/opt/spack/linux-x86_64/r-4.5.2-jga4yt5sdbzfddqszotqf64bn5a6iu2m/rlib/R/include" -DNDEBUG -DSCYTHE_COMPILE_DIRECT -DSCYTHE_DEBUG=0 -DSCYTHE_RPACK -DHAVE_TRUNC     -I/usr/local/include    -fpic  -g -O2   -c HMMmultivariateGaussian.cc -o HMMmultivariateGaussian.o
/usr/bin/g++ -std=gnu++17 -I"/ref/rmlab/software/spack-1.1.0/opt/spack/linux-x86_64/r-4.5.2-jga4yt5sdbzfddqszotqf64bn5a6iu2m/rlib/R/include" -DNDEBUG -DSCYTHE_COMPILE_DIRECT -DSCYTHE_DEBUG=0 -DSCYTHE_RPACK -DHAVE_TRUNC     -I/usr/local/include    -fpic  -g -O2   -c MCMCdynamicEI.cc -o MCMCdynamicEI.o
/usr/bin/g++ -std=gnu++17 -I"/ref/rmlab/software/spack-1.1.0/opt/spack/linux-x86_64/r-4.5.2-jga4yt5sdbzfddqszotqf64bn5a6iu2m/rlib/R/include" -DNDEBUG -DSCYTHE_COMPILE_DIRECT -DSCYTHE_DEBUG=0 -DSCYTHE_RPACK -DHAVE_TRUNC     -I/usr/local/include    -fpic  -g -O2   -c MCMChierBetaBinom.cc -o MCMChierBetaBinom.o
/usr/bin/g++ -std=gnu++17 -I"/ref/rmlab/software/spack-1.1.0/opt/spack/linux-x86_64/r-4.5.2-jga4yt5sdbzfddqszotqf64bn5a6iu2m/rlib/R/include" -DNDEBUG -DSCYTHE_COMPILE_DIRECT -DSCYTHE_DEBUG=0 -DSCYTHE_RPACK -DHAVE_TRUNC     -I/usr/local/include    -fpic  -g -O2   -c MCMChierEI.cc -o MCMChierEI.o
/usr/bin/g++ -std=gnu++17 -I"/ref/rmlab/software/spack-1.1.0/opt/spack/linux-x86_64/r-4.5.2-jga4yt5sdbzfddqszotqf64bn5a6iu2m/rlib/R/include" -DNDEBUG -DSCYTHE_COMPILE_DIRECT -DSCYTHE_DEBUG=0 -DSCYTHE_RPACK -DHAVE_TRUNC     -I/usr/local/include    -fpic  -g -O2   -c MCMCirtKdHet.cc -o MCMCirtKdHet.o
/usr/bin/g++ -std=gnu++17 -I"/ref/rmlab/software/spack-1.1.0/opt/spack/linux-x86_64/r-4.5.2-jga4yt5sdbzfddqszotqf64bn5a6iu2m/rlib/R/include" -DNDEBUG -DSCYTHE_COMPILE_DIRECT -DSCYTHE_DEBUG=0 -DSCYTHE_RPACK -DHAVE_TRUNC     -I/usr/local/include    -fpic  -g -O2   -c MCMCirtKdRob.cc -o MCMCirtKdRob.o
/usr/bin/g++ -std=gnu++17 -I"/ref/rmlab/software/spack-1.1.0/opt/spack/linux-x86_64/r-4.5.2-jga4yt5sdbzfddqszotqf64bn5a6iu2m/rlib/R/include" -DNDEBUG -DSCYTHE_COMPILE_DIRECT -DSCYTHE_DEBUG=0 -DSCYTHE_RPACK -DHAVE_TRUNC     -I/usr/local/include    -fpic  -g -O2   -c MCMClogituserprior.cc -o MCMClogituserprior.o
/usr/bin/g++ -std=gnu++17 -I"/ref/rmlab/software/spack-1.1.0/opt/spack/linux-x86_64/r-4.5.2-jga4yt5sdbzfddqszotqf64bn5a6iu2m/rlib/R/include" -DNDEBUG -DSCYTHE_COMPILE_DIRECT -DSCYTHE_DEBUG=0 -DSCYTHE_RPACK -DHAVE_TRUNC     -I/usr/local/include    -fpic  -g -O2   -c MCMCmetrop1R.cc -o MCMCmetrop1R.o
/usr/bin/g++ -std=gnu++17 -I"/ref/rmlab/software/spack-1.1.0/opt/spack/linux-x86_64/r-4.5.2-jga4yt5sdbzfddqszotqf64bn5a6iu2m/rlib/R/include" -DNDEBUG -DSCYTHE_COMPILE_DIRECT -DSCYTHE_DEBUG=0 -DSCYTHE_RPACK -DHAVE_TRUNC     -I/usr/local/include    -fpic  -g -O2   -c MCMCmixfactanal.cc -o MCMCmixfactanal.o
/usr/bin/g++ -std=gnu++17 -I"/ref/rmlab/software/spack-1.1.0/opt/spack/linux-x86_64/r-4.5.2-jga4yt5sdbzfddqszotqf64bn5a6iu2m/rlib/R/include" -DNDEBUG -DSCYTHE_COMPILE_DIRECT -DSCYTHE_DEBUG=0 -DSCYTHE_RPACK -DHAVE_TRUNC     -I/usr/local/include    -fpic  -g -O2   -c MCMCmnlMH.cc -o MCMCmnlMH.o
/usr/bin/g++ -std=gnu++17 -I"/ref/rmlab/software/spack-1.1.0/opt/spack/linux-x86_64/r-4.5.2-jga4yt5sdbzfddqszotqf64bn5a6iu2m/rlib/R/include" -DNDEBUG -DSCYTHE_COMPILE_DIRECT -DSCYTHE_DEBUG=0 -DSCYTHE_RPACK -DHAVE_TRUNC     -I/usr/local/include    -fpic  -g -O2   -c MCMCmnlslice.cc -o MCMCmnlslice.o
/usr/bin/g++ -std=gnu++17 -I"/ref/rmlab/software/spack-1.1.0/opt/spack/linux-x86_64/r-4.5.2-jga4yt5sdbzfddqszotqf64bn5a6iu2m/rlib/R/include" -DNDEBUG -DSCYTHE_COMPILE_DIRECT -DSCYTHE_DEBUG=0 -DSCYTHE_RPACK -DHAVE_TRUNC     -I/usr/local/include    -fpic  -g -O2   -c MCMCnbutil.cc -o MCMCnbutil.o
/usr/bin/g++ -std=gnu++17 -I"/ref/rmlab/software/spack-1.1.0/opt/spack/linux-x86_64/r-4.5.2-jga4yt5sdbzfddqszotqf64bn5a6iu2m/rlib/R/include" -DNDEBUG -DSCYTHE_COMPILE_DIRECT -DSCYTHE_DEBUG=0 -DSCYTHE_RPACK -DHAVE_TRUNC     -I/usr/local/include    -fpic  -g -O2   -c MCMCordfactanal.cc -o MCMCordfactanal.o
/usr/bin/gcc -I"/ref/rmlab/software/spack-1.1.0/opt/spack/linux-x86_64/r-4.5.2-jga4yt5sdbzfddqszotqf64bn5a6iu2m/rlib/R/include" -DNDEBUG -DSCYTHE_COMPILE_DIRECT -DSCYTHE_DEBUG=0 -DSCYTHE_RPACK -DHAVE_TRUNC     -I/usr/local/include    -fpic  -g -O2  -c MCMCpack_init.c -o MCMCpack_init.o
/usr/bin/g++ -std=gnu++17 -I"/ref/rmlab/software/spack-1.1.0/opt/spack/linux-x86_64/r-4.5.2-jga4yt5sdbzfddqszotqf64bn5a6iu2m/rlib/R/include" -DNDEBUG -DSCYTHE_COMPILE_DIRECT -DSCYTHE_DEBUG=0 -DSCYTHE_RPACK -DHAVE_TRUNC     -I/usr/local/include    -fpic  -g -O2   -c cHDPHMMnegbin.cc -o cHDPHMMnegbin.o
/usr/bin/g++ -std=gnu++17 -I"/ref/rmlab/software/spack-1.1.0/opt/spack/linux-x86_64/r-4.5.2-jga4yt5sdbzfddqszotqf64bn5a6iu2m/rlib/R/include" -DNDEBUG -DSCYTHE_COMPILE_DIRECT -DSCYTHE_DEBUG=0 -DSCYTHE_RPACK -DHAVE_TRUNC     -I/usr/local/include    -fpic  -g -O2   -c cHDPHMMpoisson.cc -o cHDPHMMpoisson.o
/usr/bin/g++ -std=gnu++17 -I"/ref/rmlab/software/spack-1.1.0/opt/spack/linux-x86_64/r-4.5.2-jga4yt5sdbzfddqszotqf64bn5a6iu2m/rlib/R/include" -DNDEBUG -DSCYTHE_COMPILE_DIRECT -DSCYTHE_DEBUG=0 -DSCYTHE_RPACK -DHAVE_TRUNC     -I/usr/local/include    -fpic  -g -O2   -c cHDPHSMMnegbin.cc -o cHDPHSMMnegbin.o
/usr/bin/g++ -std=gnu++17 -I"/ref/rmlab/software/spack-1.1.0/opt/spack/linux-x86_64/r-4.5.2-jga4yt5sdbzfddqszotqf64bn5a6iu2m/rlib/R/include" -DNDEBUG -DSCYTHE_COMPILE_DIRECT -DSCYTHE_DEBUG=0 -DSCYTHE_RPACK -DHAVE_TRUNC     -I/usr/local/include    -fpic  -g -O2   -c cHMMpanelFE.cc -o cHMMpanelFE.o
/usr/bin/g++ -std=gnu++17 -I"/ref/rmlab/software/spack-1.1.0/opt/spack/linux-x86_64/r-4.5.2-jga4yt5sdbzfddqszotqf64bn5a6iu2m/rlib/R/include" -DNDEBUG -DSCYTHE_COMPILE_DIRECT -DSCYTHE_DEBUG=0 -DSCYTHE_RPACK -DHAVE_TRUNC     -I/usr/local/include    -fpic  -g -O2   -c cHMMpanelRE.cc -o cHMMpanelRE.o
/usr/bin/g++ -std=gnu++17 -I"/ref/rmlab/software/spack-1.1.0/opt/spack/linux-x86_64/r-4.5.2-jga4yt5sdbzfddqszotqf64bn5a6iu2m/rlib/R/include" -DNDEBUG -DSCYTHE_COMPILE_DIRECT -DSCYTHE_DEBUG=0 -DSCYTHE_RPACK -DHAVE_TRUNC     -I/usr/local/include    -fpic  -g -O2   -c cMCMCSVDreg.cc -o cMCMCSVDreg.o
/usr/bin/g++ -std=gnu++17 -I"/ref/rmlab/software/spack-1.1.0/opt/spack/linux-x86_64/r-4.5.2-jga4yt5sdbzfddqszotqf64bn5a6iu2m/rlib/R/include" -DNDEBUG -DSCYTHE_COMPILE_DIRECT -DSCYTHE_DEBUG=0 -DSCYTHE_RPACK -DHAVE_TRUNC     -I/usr/local/include    -fpic  -g -O2   -c cMCMCbinaryChange.cc -o cMCMCbinaryChange.o
/usr/bin/g++ -std=gnu++17 -I"/ref/rmlab/software/spack-1.1.0/opt/spack/linux-x86_64/r-4.5.2-jga4yt5sdbzfddqszotqf64bn5a6iu2m/rlib/R/include" -DNDEBUG -DSCYTHE_COMPILE_DIRECT -DSCYTHE_DEBUG=0 -DSCYTHE_RPACK -DHAVE_TRUNC     -I/usr/local/include    -fpic  -g -O2   -c cMCMCdynamicIRT1d-b.cc -o cMCMCdynamicIRT1d-b.o
/usr/bin/g++ -std=gnu++17 -I"/ref/rmlab/software/spack-1.1.0/opt/spack/linux-x86_64/r-4.5.2-jga4yt5sdbzfddqszotqf64bn5a6iu2m/rlib/R/include" -DNDEBUG -DSCYTHE_COMPILE_DIRECT -DSCYTHE_DEBUG=0 -DSCYTHE_RPACK -DHAVE_TRUNC     -I/usr/local/include    -fpic  -g -O2   -c cMCMCdynamicIRT1d.cc -o cMCMCdynamicIRT1d.o
/usr/bin/g++ -std=gnu++17 -I"/ref/rmlab/software/spack-1.1.0/opt/spack/linux-x86_64/r-4.5.2-jga4yt5sdbzfddqszotqf64bn5a6iu2m/rlib/R/include" -DNDEBUG -DSCYTHE_COMPILE_DIRECT -DSCYTHE_DEBUG=0 -DSCYTHE_RPACK -DHAVE_TRUNC     -I/usr/local/include    -fpic  -g -O2   -c cMCMCfactanal.cc -o cMCMCfactanal.o
/usr/bin/g++ -std=gnu++17 -I"/ref/rmlab/software/spack-1.1.0/opt/spack/linux-x86_64/r-4.5.2-jga4yt5sdbzfddqszotqf64bn5a6iu2m/rlib/R/include" -DNDEBUG -DSCYTHE_COMPILE_DIRECT -DSCYTHE_DEBUG=0 -DSCYTHE_RPACK -DHAVE_TRUNC     -I/usr/local/include    -fpic  -g -O2   -c cMCMChlogit.cc -o cMCMChlogit.o
/usr/bin/g++ -std=gnu++17 -I"/ref/rmlab/software/spack-1.1.0/opt/spack/linux-x86_64/r-4.5.2-jga4yt5sdbzfddqszotqf64bn5a6iu2m/rlib/R/include" -DNDEBUG -DSCYTHE_COMPILE_DIRECT -DSCYTHE_DEBUG=0 -DSCYTHE_RPACK -DHAVE_TRUNC     -I/usr/local/include    -fpic  -g -O2   -c cMCMChpoisson.cc -o cMCMChpoisson.o
/usr/bin/g++ -std=gnu++17 -I"/ref/rmlab/software/spack-1.1.0/opt/spack/linux-x86_64/r-4.5.2-jga4yt5sdbzfddqszotqf64bn5a6iu2m/rlib/R/include" -DNDEBUG -DSCYTHE_COMPILE_DIRECT -DSCYTHE_DEBUG=0 -DSCYTHE_RPACK -DHAVE_TRUNC     -I/usr/local/include    -fpic  -g -O2   -c cMCMChregress.cc -o cMCMChregress.o
/usr/bin/g++ -std=gnu++17 -I"/ref/rmlab/software/spack-1.1.0/opt/spack/linux-x86_64/r-4.5.2-jga4yt5sdbzfddqszotqf64bn5a6iu2m/rlib/R/include" -DNDEBUG -DSCYTHE_COMPILE_DIRECT -DSCYTHE_DEBUG=0 -DSCYTHE_RPACK -DHAVE_TRUNC     -I/usr/local/include    -fpic  -g -O2   -c cMCMCirt1d.cc -o cMCMCirt1d.o
/usr/bin/g++ -std=gnu++17 -I"/ref/rmlab/software/spack-1.1.0/opt/spack/linux-x86_64/r-4.5.2-jga4yt5sdbzfddqszotqf64bn5a6iu2m/rlib/R/include" -DNDEBUG -DSCYTHE_COMPILE_DIRECT -DSCYTHE_DEBUG=0 -DSCYTHE_RPACK -DHAVE_TRUNC     -I/usr/local/include    -fpic  -g -O2   -c cMCMCirtHier1d.cc -o cMCMCirtHier1d.o
/usr/bin/g++ -std=gnu++17 -I"/ref/rmlab/software/spack-1.1.0/opt/spack/linux-x86_64/r-4.5.2-jga4yt5sdbzfddqszotqf64bn5a6iu2m/rlib/R/include" -DNDEBUG -DSCYTHE_COMPILE_DIRECT -DSCYTHE_DEBUG=0 -DSCYTHE_RPACK -DHAVE_TRUNC     -I/usr/local/include    -fpic  -g -O2   -c cMCMClogit.cc -o cMCMClogit.o
/usr/bin/g++ -std=gnu++17 -I"/ref/rmlab/software/spack-1.1.0/opt/spack/linux-x86_64/r-4.5.2-jga4yt5sdbzfddqszotqf64bn5a6iu2m/rlib/R/include" -DNDEBUG -DSCYTHE_COMPILE_DIRECT -DSCYTHE_DEBUG=0 -DSCYTHE_RPACK -DHAVE_TRUNC     -I/usr/local/include    -fpic  -g -O2   -c cMCMCnegbin.cc -o cMCMCnegbin.o
/usr/bin/g++ -std=gnu++17 -I"/ref/rmlab/software/spack-1.1.0/opt/spack/linux-x86_64/r-4.5.2-jga4yt5sdbzfddqszotqf64bn5a6iu2m/rlib/R/include" -DNDEBUG -DSCYTHE_COMPILE_DIRECT -DSCYTHE_DEBUG=0 -DSCYTHE_RPACK -DHAVE_TRUNC     -I/usr/local/include    -fpic  -g -O2   -c cMCMCnegbinChange.cc -o cMCMCnegbinChange.o
/usr/bin/g++ -std=gnu++17 -I"/ref/rmlab/software/spack-1.1.0/opt/spack/linux-x86_64/r-4.5.2-jga4yt5sdbzfddqszotqf64bn5a6iu2m/rlib/R/include" -DNDEBUG -DSCYTHE_COMPILE_DIRECT -DSCYTHE_DEBUG=0 -DSCYTHE_RPACK -DHAVE_TRUNC     -I/usr/local/include    -fpic  -g -O2   -c cMCMCoprobit.cc -o cMCMCoprobit.o
/usr/bin/g++ -std=gnu++17 -I"/ref/rmlab/software/spack-1.1.0/opt/spack/linux-x86_64/r-4.5.2-jga4yt5sdbzfddqszotqf64bn5a6iu2m/rlib/R/include" -DNDEBUG -DSCYTHE_COMPILE_DIRECT -DSCYTHE_DEBUG=0 -DSCYTHE_RPACK -DHAVE_TRUNC     -I/usr/local/include    -fpic  -g -O2   -c cMCMCoprobitChange.cc -o cMCMCoprobitChange.o
/usr/bin/g++ -std=gnu++17 -I"/ref/rmlab/software/spack-1.1.0/opt/spack/linux-x86_64/r-4.5.2-jga4yt5sdbzfddqszotqf64bn5a6iu2m/rlib/R/include" -DNDEBUG -DSCYTHE_COMPILE_DIRECT -DSCYTHE_DEBUG=0 -DSCYTHE_RPACK -DHAVE_TRUNC     -I/usr/local/include    -fpic  -g -O2   -c cMCMCpaircompare.cc -o cMCMCpaircompare.o
/usr/bin/g++ -std=gnu++17 -I"/ref/rmlab/software/spack-1.1.0/opt/spack/linux-x86_64/r-4.5.2-jga4yt5sdbzfddqszotqf64bn5a6iu2m/rlib/R/include" -DNDEBUG -DSCYTHE_COMPILE_DIRECT -DSCYTHE_DEBUG=0 -DSCYTHE_RPACK -DHAVE_TRUNC     -I/usr/local/include    -fpic  -g -O2   -c cMCMCpaircompare2d.cc -o cMCMCpaircompare2d.o
/usr/bin/g++ -std=gnu++17 -I"/ref/rmlab/software/spack-1.1.0/opt/spack/linux-x86_64/r-4.5.2-jga4yt5sdbzfddqszotqf64bn5a6iu2m/rlib/R/include" -DNDEBUG -DSCYTHE_COMPILE_DIRECT -DSCYTHE_DEBUG=0 -DSCYTHE_RPACK -DHAVE_TRUNC     -I/usr/local/include    -fpic  -g -O2   -c cMCMCpaircompare2dDP.cc -o cMCMCpaircompare2dDP.o
/usr/bin/g++ -std=gnu++17 -I"/ref/rmlab/software/spack-1.1.0/opt/spack/linux-x86_64/r-4.5.2-jga4yt5sdbzfddqszotqf64bn5a6iu2m/rlib/R/include" -DNDEBUG -DSCYTHE_COMPILE_DIRECT -DSCYTHE_DEBUG=0 -DSCYTHE_RPACK -DHAVE_TRUNC     -I/usr/local/include    -fpic  -g -O2   -c cMCMCpoisson.cc -o cMCMCpoisson.o
/usr/bin/g++ -std=gnu++17 -I"/ref/rmlab/software/spack-1.1.0/opt/spack/linux-x86_64/r-4.5.2-jga4yt5sdbzfddqszotqf64bn5a6iu2m/rlib/R/include" -DNDEBUG -DSCYTHE_COMPILE_DIRECT -DSCYTHE_DEBUG=0 -DSCYTHE_RPACK -DHAVE_TRUNC     -I/usr/local/include    -fpic  -g -O2   -c cMCMCpoissonChange.cc -o cMCMCpoissonChange.o
/usr/bin/g++ -std=gnu++17 -I"/ref/rmlab/software/spack-1.1.0/opt/spack/linux-x86_64/r-4.5.2-jga4yt5sdbzfddqszotqf64bn5a6iu2m/rlib/R/include" -DNDEBUG -DSCYTHE_COMPILE_DIRECT -DSCYTHE_DEBUG=0 -DSCYTHE_RPACK -DHAVE_TRUNC     -I/usr/local/include    -fpic  -g -O2   -c cMCMCprobit.cc -o cMCMCprobit.o
/usr/bin/g++ -std=gnu++17 -I"/ref/rmlab/software/spack-1.1.0/opt/spack/linux-x86_64/r-4.5.2-jga4yt5sdbzfddqszotqf64bn5a6iu2m/rlib/R/include" -DNDEBUG -DSCYTHE_COMPILE_DIRECT -DSCYTHE_DEBUG=0 -DSCYTHE_RPACK -DHAVE_TRUNC     -I/usr/local/include    -fpic  -g -O2   -c cMCMCprobitChange.cc -o cMCMCprobitChange.o
/usr/bin/g++ -std=gnu++17 -I"/ref/rmlab/software/spack-1.1.0/opt/spack/linux-x86_64/r-4.5.2-jga4yt5sdbzfddqszotqf64bn5a6iu2m/rlib/R/include" -DNDEBUG -DSCYTHE_COMPILE_DIRECT -DSCYTHE_DEBUG=0 -DSCYTHE_RPACK -DHAVE_TRUNC     -I/usr/local/include    -fpic  -g -O2   -c cMCMCprobitres.cc -o cMCMCprobitres.o
/usr/bin/g++ -std=gnu++17 -I"/ref/rmlab/software/spack-1.1.0/opt/spack/linux-x86_64/r-4.5.2-jga4yt5sdbzfddqszotqf64bn5a6iu2m/rlib/R/include" -DNDEBUG -DSCYTHE_COMPILE_DIRECT -DSCYTHE_DEBUG=0 -DSCYTHE_RPACK -DHAVE_TRUNC     -I/usr/local/include    -fpic  -g -O2   -c cMCMCquantreg.cc -o cMCMCquantreg.o
/usr/bin/g++ -std=gnu++17 -I"/ref/rmlab/software/spack-1.1.0/opt/spack/linux-x86_64/r-4.5.2-jga4yt5sdbzfddqszotqf64bn5a6iu2m/rlib/R/include" -DNDEBUG -DSCYTHE_COMPILE_DIRECT -DSCYTHE_DEBUG=0 -DSCYTHE_RPACK -DHAVE_TRUNC     -I/usr/local/include    -fpic  -g -O2   -c cMCMCregress.cc -o cMCMCregress.o
/usr/bin/g++ -std=gnu++17 -I"/ref/rmlab/software/spack-1.1.0/opt/spack/linux-x86_64/r-4.5.2-jga4yt5sdbzfddqszotqf64bn5a6iu2m/rlib/R/include" -DNDEBUG -DSCYTHE_COMPILE_DIRECT -DSCYTHE_DEBUG=0 -DSCYTHE_RPACK -DHAVE_TRUNC     -I/usr/local/include    -fpic  -g -O2   -c cMCMCregressChange.cc -o cMCMCregressChange.o
/usr/bin/g++ -std=gnu++17 -I"/ref/rmlab/software/spack-1.1.0/opt/spack/linux-x86_64/r-4.5.2-jga4yt5sdbzfddqszotqf64bn5a6iu2m/rlib/R/include" -DNDEBUG -DSCYTHE_COMPILE_DIRECT -DSCYTHE_DEBUG=0 -DSCYTHE_RPACK -DHAVE_TRUNC     -I/usr/local/include    -fpic  -g -O2   -c cMCMCresidualBreakAnalysis.cc -o cMCMCresidualBreakAnalysis.o
/usr/bin/g++ -std=gnu++17 -I"/ref/rmlab/software/spack-1.1.0/opt/spack/linux-x86_64/r-4.5.2-jga4yt5sdbzfddqszotqf64bn5a6iu2m/rlib/R/include" -DNDEBUG -DSCYTHE_COMPILE_DIRECT -DSCYTHE_DEBUG=0 -DSCYTHE_RPACK -DHAVE_TRUNC     -I/usr/local/include    -fpic  -g -O2   -c cMCMCtobit.cc -o cMCMCtobit.o
/usr/bin/g++ -std=gnu++17 -I"/ref/rmlab/software/spack-1.1.0/opt/spack/linux-x86_64/r-4.5.2-jga4yt5sdbzfddqszotqf64bn5a6iu2m/rlib/R/include" -DNDEBUG -DSCYTHE_COMPILE_DIRECT -DSCYTHE_DEBUG=0 -DSCYTHE_RPACK -DHAVE_TRUNC     -I/usr/local/include    -fpic  -g -O2   -c cSSVSquantreg.cc -o cSSVSquantreg.o
/usr/bin/g++ -std=gnu++17 -I"/ref/rmlab/software/spack-1.1.0/opt/spack/linux-x86_64/r-4.5.2-jga4yt5sdbzfddqszotqf64bn5a6iu2m/rlib/R/include" -DNDEBUG -DSCYTHE_COMPILE_DIRECT -DSCYTHE_DEBUG=0 -DSCYTHE_RPACK -DHAVE_TRUNC     -I/usr/local/include    -fpic  -g -O2   -c lecuyer.cc -o lecuyer.o
/usr/bin/g++ -std=gnu++17 -shared -L/ref/rmlab/software/spack-1.1.0/opt/spack/linux-x86_64/r-4.5.2-jga4yt5sdbzfddqszotqf64bn5a6iu2m/rlib/R/lib -Wl,-rpath,/ref/rmlab/software/spack-1.1.0/opt/spack/linux-x86_64/r-4.5.2-jga4yt5sdbzfddqszotqf64bn5a6iu2m/rlib/R/lib -o MCMCpack.so HMMmultivariateGaussian.o MCMCdynamicEI.o MCMChierBetaBinom.o MCMChierEI.o MCMCirtKdHet.o MCMCirtKdRob.o MCMClogituserprior.o MCMCmetrop1R.o MCMCmixfactanal.o MCMCmnlMH.o MCMCmnlslice.o MCMCnbutil.o MCMCordfactanal.o MCMCpack_init.o cHDPHMMnegbin.o cHDPHMMpoisson.o cHDPHSMMnegbin.o cHMMpanelFE.o cHMMpanelRE.o cMCMCSVDreg.o cMCMCbinaryChange.o cMCMCdynamicIRT1d-b.o cMCMCdynamicIRT1d.o cMCMCfactanal.o cMCMChlogit.o cMCMChpoisson.o cMCMChregress.o cMCMCirt1d.o cMCMCirtHier1d.o cMCMClogit.o cMCMCnegbin.o cMCMCnegbinChange.o cMCMCoprobit.o cMCMCoprobitChange.o cMCMCpaircompare.o cMCMCpaircompare2d.o cMCMCpaircompare2dDP.o cMCMCpoisson.o cMCMCpoissonChange.o cMCMCprobit.o cMCMCprobitChange.o cMCMCprobitres.o cMCMCquantreg.o cMCMCregress.o cMCMCregressChange.o cMCMCresidualBreakAnalysis.o cMCMCtobit.o cSSVSquantreg.o lecuyer.o -L/ref/rmlab/software/spack-1.1.0/opt/spack/linux-x86_64/r-4.5.2-jga4yt5sdbzfddqszotqf64bn5a6iu2m/rlib/R/lib -lR
── R CMD build ─────────────────────────────────────────────────────────────────
* checking for file ‘/tmp/RtmpPqZ2PF/remotes113ed7efea663/xuranw-MuSiC-f21fe67/DESCRIPTION’ ... OK
* preparing ‘MuSiC’:
* checking DESCRIPTION meta-information ... OK
* checking for LF line-endings in source and make files and shell scripts
* checking for empty or unneeded directories
Omitted ‘LazyData’ from DESCRIPTION
* building ‘MuSiC_1.0.0.tar.gz’
Warning: invalid uid value replaced by that for user 'nobody'
Warning: invalid gid value replaced by that for user 'nobody'

OK: MuSiC

=== Installing: MuSiC2 (Jiaxin-Fan/MuSiC2) ===
── R CMD build ─────────────────────────────────────────────────────────────────
* checking for file ‘/tmp/RtmpPqZ2PF/remotes113ed72741f828/Jiaxin-Fan-MuSiC2-329007a/DESCRIPTION’ ... OK
* preparing ‘MuSiC2’:
* checking DESCRIPTION meta-information ... OK
* checking for LF line-endings in source and make files and shell scripts
* checking for empty or unneeded directories
Omitted ‘LazyData’ from DESCRIPTION
  NB: this package now depends on R (>= 3.5.0)
  WARNING: Added dependency on R >= 3.5.0 because serialized objects in
  serialize/load version 3 cannot be read in older versions of R.
  File(s) containing such objects:
    ‘MuSiC2/vignettes/data/bulk-eset.rds’
    ‘MuSiC2/vignettes/data/true_proportion.RData’
* building ‘MuSiC2_0.1.0.tar.gz’
Warning: invalid uid value replaced by that for user 'nobody'
Warning: invalid gid value replaced by that for user 'nobody'

Error in loadNamespace(i, c(lib.loc, .libPaths()), versionCheck = vI[[i]]) : 
  there is no package called ‘xbioc’
Calls: <Anonymous> ... loadNamespace -> withRestarts -> withOneRestart -> doWithOneRestart
Execution halted
── R CMD build ─────────────────────────────────────────────────────────────────
* checking for file ‘/tmp/RtmpPqZ2PF/remotes113ed7371e04f/Jiaxin-Fan-MuSiC2-329007a/DESCRIPTION’ ... OK
* preparing ‘MuSiC2’:
* checking DESCRIPTION meta-information ... OK
* checking for LF line-endings in source and make files and shell scripts
* checking for empty or unneeded directories
Omitted ‘LazyData’ from DESCRIPTION
  NB: this package now depends on R (>= 3.5.0)
  WARNING: Added dependency on R >= 3.5.0 because serialized objects in
  serialize/load version 3 cannot be read in older versions of R.
  File(s) containing such objects:
    ‘MuSiC2/vignettes/data/bulk-eset.rds’
    ‘MuSiC2/vignettes/data/true_proportion.RData’
* building ‘MuSiC2_0.1.0.tar.gz’
Warning: invalid uid value replaced by that for user 'nobody'
Warning: invalid gid value replaced by that for user 'nobody'

Error in loadNamespace(i, c(lib.loc, .libPaths()), versionCheck = vI[[i]]) : 
  there is no package called ‘xbioc’
Calls: <Anonymous> ... loadNamespace -> withRestarts -> withOneRestart -> doWithOneRestart
Execution halted
── R CMD build ─────────────────────────────────────────────────────────────────
* checking for file ‘/tmp/RtmpPqZ2PF/remotes113ed7399036e7/Jiaxin-Fan-MuSiC2-329007a/DESCRIPTION’ ... OK
* preparing ‘MuSiC2’:
* checking DESCRIPTION meta-information ... OK
* checking for LF line-endings in source and make files and shell scripts
* checking for empty or unneeded directories
Omitted ‘LazyData’ from DESCRIPTION
  NB: this package now depends on R (>= 3.5.0)
  WARNING: Added dependency on R >= 3.5.0 because serialized objects in
  serialize/load version 3 cannot be read in older versions of R.
  File(s) containing such objects:
    ‘MuSiC2/vignettes/data/bulk-eset.rds’
    ‘MuSiC2/vignettes/data/true_proportion.RData’
* building ‘MuSiC2_0.1.0.tar.gz’
Warning: invalid uid value replaced by that for user 'nobody'
Warning: invalid gid value replaced by that for user 'nobody'

Error in loadNamespace(i, c(lib.loc, .libPaths()), versionCheck = vI[[i]]) : 
  there is no package called ‘xbioc’
Calls: <Anonymous> ... loadNamespace -> withRestarts -> withOneRestart -> doWithOneRestart
Execution halted
FAILED: Jiaxin-Fan/MuSiC2

=== Installing: decontX (campbio/decontX) ===
── R CMD build ─────────────────────────────────────────────────────────────────
* checking for file ‘/tmp/RtmpPqZ2PF/remotes113ed7ea16e6a/campbio-decontX-e3aa61a/DESCRIPTION’ ... OK
* preparing ‘decontX’:
* checking DESCRIPTION meta-information ... OK
* cleaning src
* checking for LF line-endings in source and make files and shell scripts
* checking for empty or unneeded directories
* building ‘decontX_1.4.0.tar.gz’
Warning: invalid uid value replaced by that for user 'nobody'
Warning: invalid gid value replaced by that for user 'nobody'

/usr/bin/g++ -std=gnu++17 -I"/ref/rmlab/software/spack-1.1.0/opt/spack/linux-x86_64/r-4.5.2-jga4yt5sdbzfddqszotqf64bn5a6iu2m/rlib/R/include" -DNDEBUG -I"../inst/include" -I"/ref/rmlab/software/tyron/R-libs/StanHeaders/include/src" -DBOOST_DISABLE_ASSERTS -DEIGEN_NO_DEBUG -DBOOST_MATH_OVERFLOW_ERROR_POLICY=errno_on_error -DUSE_STANC3 -D_HAS_AUTO_PTR_ETC=0 -I'/ref/rmlab/software/tyron/R-libs/BH/include' -I'/ref/rmlab/software/tyron/R-libs/Rcpp/include' -I'/ref/rmlab/software/tyron/R-libs/RcppEigen/include' -I'/ref/rmlab/software/tyron/R-libs/RcppParallel/include' -I'/ref/rmlab/software/tyron/R-libs/rstan/include' -I'/ref/rmlab/software/tyron/R-libs/StanHeaders/include' -I/usr/local/include    -I'/ref/rmlab/software/tyron/R-libs/RcppParallel/include' -D_REENTRANT -DSTAN_THREADS   -fpic  -g -O2   -c DecontX.cpp -o DecontX.o
/usr/bin/g++ -std=gnu++17 -I"/ref/rmlab/software/spack-1.1.0/opt/spack/linux-x86_64/r-4.5.2-jga4yt5sdbzfddqszotqf64bn5a6iu2m/rlib/R/include" -DNDEBUG -I"../inst/include" -I"/ref/rmlab/software/tyron/R-libs/StanHeaders/include/src" -DBOOST_DISABLE_ASSERTS -DEIGEN_NO_DEBUG -DBOOST_MATH_OVERFLOW_ERROR_POLICY=errno_on_error -DUSE_STANC3 -D_HAS_AUTO_PTR_ETC=0 -I'/ref/rmlab/software/tyron/R-libs/BH/include' -I'/ref/rmlab/software/tyron/R-libs/Rcpp/include' -I'/ref/rmlab/software/tyron/R-libs/RcppEigen/include' -I'/ref/rmlab/software/tyron/R-libs/RcppParallel/include' -I'/ref/rmlab/software/tyron/R-libs/rstan/include' -I'/ref/rmlab/software/tyron/R-libs/StanHeaders/include' -I/usr/local/include    -I'/ref/rmlab/software/tyron/R-libs/RcppParallel/include' -D_REENTRANT -DSTAN_THREADS   -fpic  -g -O2   -c RcppExports.cpp -o RcppExports.o
/usr/bin/g++ -std=gnu++17 -I"/ref/rmlab/software/spack-1.1.0/opt/spack/linux-x86_64/r-4.5.2-jga4yt5sdbzfddqszotqf64bn5a6iu2m/rlib/R/include" -DNDEBUG -I"../inst/include" -I"/ref/rmlab/software/tyron/R-libs/StanHeaders/include/src" -DBOOST_DISABLE_ASSERTS -DEIGEN_NO_DEBUG -DBOOST_MATH_OVERFLOW_ERROR_POLICY=errno_on_error -DUSE_STANC3 -D_HAS_AUTO_PTR_ETC=0 -I'/ref/rmlab/software/tyron/R-libs/BH/include' -I'/ref/rmlab/software/tyron/R-libs/Rcpp/include' -I'/ref/rmlab/software/tyron/R-libs/RcppEigen/include' -I'/ref/rmlab/software/tyron/R-libs/RcppParallel/include' -I'/ref/rmlab/software/tyron/R-libs/rstan/include' -I'/ref/rmlab/software/tyron/R-libs/StanHeaders/include' -I/usr/local/include    -I'/ref/rmlab/software/tyron/R-libs/RcppParallel/include' -D_REENTRANT -DSTAN_THREADS   -fpic  -g -O2   -c matrixNorm.cpp -o matrixNorm.o
/usr/bin/gcc -I"/ref/rmlab/software/spack-1.1.0/opt/spack/linux-x86_64/r-4.5.2-jga4yt5sdbzfddqszotqf64bn5a6iu2m/rlib/R/include" -DNDEBUG -I"../inst/include" -I"/ref/rmlab/software/tyron/R-libs/StanHeaders/include/src" -DBOOST_DISABLE_ASSERTS -DEIGEN_NO_DEBUG -DBOOST_MATH_OVERFLOW_ERROR_POLICY=errno_on_error -DUSE_STANC3 -D_HAS_AUTO_PTR_ETC=0 -I'/ref/rmlab/software/tyron/R-libs/BH/include' -I'/ref/rmlab/software/tyron/R-libs/Rcpp/include' -I'/ref/rmlab/software/tyron/R-libs/RcppEigen/include' -I'/ref/rmlab/software/tyron/R-libs/RcppParallel/include' -I'/ref/rmlab/software/tyron/R-libs/rstan/include' -I'/ref/rmlab/software/tyron/R-libs/StanHeaders/include' -I/usr/local/include    -fpic  -g -O2  -c matrixSums.c -o matrixSums.o
/usr/bin/g++ -std=gnu++17 -I"/ref/rmlab/software/spack-1.1.0/opt/spack/linux-x86_64/r-4.5.2-jga4yt5sdbzfddqszotqf64bn5a6iu2m/rlib/R/include" -DNDEBUG -I"../inst/include" -I"/ref/rmlab/software/tyron/R-libs/StanHeaders/include/src" -DBOOST_DISABLE_ASSERTS -DEIGEN_NO_DEBUG -DBOOST_MATH_OVERFLOW_ERROR_POLICY=errno_on_error -DUSE_STANC3 -D_HAS_AUTO_PTR_ETC=0 -I'/ref/rmlab/software/tyron/R-libs/BH/include' -I'/ref/rmlab/software/tyron/R-libs/Rcpp/include' -I'/ref/rmlab/software/tyron/R-libs/RcppEigen/include' -I'/ref/rmlab/software/tyron/R-libs/RcppParallel/include' -I'/ref/rmlab/software/tyron/R-libs/rstan/include' -I'/ref/rmlab/software/tyron/R-libs/StanHeaders/include' -I/usr/local/include    -I'/ref/rmlab/software/tyron/R-libs/RcppParallel/include' -D_REENTRANT -DSTAN_THREADS   -fpic  -g -O2   -c matrixSumsSparse.cpp -o matrixSumsSparse.o
/usr/bin/g++ -std=gnu++17 -I"/ref/rmlab/software/spack-1.1.0/opt/spack/linux-x86_64/r-4.5.2-jga4yt5sdbzfddqszotqf64bn5a6iu2m/rlib/R/include" -DNDEBUG -I"../inst/include" -I"/ref/rmlab/software/tyron/R-libs/StanHeaders/include/src" -DBOOST_DISABLE_ASSERTS -DEIGEN_NO_DEBUG -DBOOST_MATH_OVERFLOW_ERROR_POLICY=errno_on_error -DUSE_STANC3 -D_HAS_AUTO_PTR_ETC=0 -I'/ref/rmlab/software/tyron/R-libs/BH/include' -I'/ref/rmlab/software/tyron/R-libs/Rcpp/include' -I'/ref/rmlab/software/tyron/R-libs/RcppEigen/include' -I'/ref/rmlab/software/tyron/R-libs/RcppParallel/include' -I'/ref/rmlab/software/tyron/R-libs/rstan/include' -I'/ref/rmlab/software/tyron/R-libs/StanHeaders/include' -I/usr/local/include    -I'/ref/rmlab/software/tyron/R-libs/RcppParallel/include' -D_REENTRANT -DSTAN_THREADS   -fpic  -g -O2   -c stanExports_shrinkage.cc -o stanExports_shrinkage.o
/usr/bin/g++ -std=gnu++17 -shared -L/ref/rmlab/software/spack-1.1.0/opt/spack/linux-x86_64/r-4.5.2-jga4yt5sdbzfddqszotqf64bn5a6iu2m/rlib/R/lib -Wl,-rpath,/ref/rmlab/software/spack-1.1.0/opt/spack/linux-x86_64/r-4.5.2-jga4yt5sdbzfddqszotqf64bn5a6iu2m/rlib/R/lib -o decontX.so DecontX.o RcppExports.o matrixNorm.o matrixSums.o matrixSumsSparse.o stanExports_shrinkage.o -L/ref/rmlab/software/tyron/R-libs/RcppParallel/lib/ -Wl,-rpath,/ref/rmlab/software/tyron/R-libs/RcppParallel/lib/ -ltbb -ltbbmalloc -L/ref/rmlab/software/spack-1.1.0/opt/spack/linux-x86_64/r-4.5.2-jga4yt5sdbzfddqszotqf64bn5a6iu2m/rlib/R/lib -lR
OK: decontX

--- FAILED REPOS ---
cole-trapnell-lab/monocle3
satijalab/seurat-wrappers
satijalab/seurat-data
igrabski/sc-SHC
crazyhottommy/scclusteval
Jiaxin-Fan/MuSiC2 

To retry a single package:
  remotes::install_github('<repo>', lib='/ref/rmlab/software/tyron/R-libs', dependencies=TRUE)
End: Wed May 20 02:25:58 AM CDT 2026
