=== GitHub Package Install ===
R: R version 4.5.2 (2025-10-31) -- "[Not] Part in a Rumble"
Library: /ref/rmlab/software/tyron/R-libs
Start: Wed May 20 01:22:33 AM CDT 2026
SKIP (already installed): DoubletFinder

=== Installing: BPCells (bnprks/BPCells/r) ===
── R CMD build ─────────────────────────────────────────────────────────────────
* checking for file ‘/tmp/Rtmp9VTGWQ/remotes3662bd7a487274/bnprks-BPCells-adc4a3c/r/DESCRIPTION’ ... OK
* preparing ‘BPCells’:
* checking DESCRIPTION meta-information ... OK
* cleaning src
* running ‘cleanup’
* checking for LF line-endings in source and make files and shell scripts
* checking for empty or unneeded directories
* building ‘BPCells_0.3.1.tar.gz’
Warning: invalid uid value replaced by that for user 'nobody'
Warning: invalid gid value replaced by that for user 'nobody'

Recording install count metrics
Testing hdf5 by compiling example program...


Retrying with pkg-config flags...
Error running 'pkg-config hdf5 --cflags --libs'


Searching for config information with h5cc -showconfig and h5cc -show...
Failure running either 'h5cc -show' or: 'h5cc -showconfig | awk -F: '/FLAGS|Extra libraries:/ {printf("%s ", $2)}'


Searching for hdf5 in a conda env...
no conda environment found in '$CONDA_PREFIX'


Unable to locate libhdf5. Please install manually or edit compiler flags.
── R CMD build ─────────────────────────────────────────────────────────────────
* checking for file ‘/tmp/Rtmp9VTGWQ/remotes3662bd1213d336/bnprks-BPCells-adc4a3c/r/DESCRIPTION’ ... OK
* preparing ‘BPCells’:
* checking DESCRIPTION meta-information ... OK
* cleaning src
* running ‘cleanup’
* checking for LF line-endings in source and make files and shell scripts
* checking for empty or unneeded directories
* building ‘BPCells_0.3.1.tar.gz’
Warning: invalid uid value replaced by that for user 'nobody'
Warning: invalid gid value replaced by that for user 'nobody'

Recording install count metrics
Testing hdf5 by compiling example program...


Retrying with pkg-config flags...
Error running 'pkg-config hdf5 --cflags --libs'


Searching for config information with h5cc -showconfig and h5cc -show...
Failure running either 'h5cc -show' or: 'h5cc -showconfig | awk -F: '/FLAGS|Extra libraries:/ {printf("%s ", $2)}'


Searching for hdf5 in a conda env...
no conda environment found in '$CONDA_PREFIX'


Unable to locate libhdf5. Please install manually or edit compiler flags.
── R CMD build ─────────────────────────────────────────────────────────────────
* checking for file ‘/tmp/Rtmp9VTGWQ/remotes3662bd4a02a5e0/bnprks-BPCells-adc4a3c/r/DESCRIPTION’ ... OK
* preparing ‘BPCells’:
* checking DESCRIPTION meta-information ... OK
* cleaning src
* running ‘cleanup’
* checking for LF line-endings in source and make files and shell scripts
* checking for empty or unneeded directories
* building ‘BPCells_0.3.1.tar.gz’
Warning: invalid uid value replaced by that for user 'nobody'
Warning: invalid gid value replaced by that for user 'nobody'

Recording install count metrics
Testing hdf5 by compiling example program...


Retrying with pkg-config flags...
Error running 'pkg-config hdf5 --cflags --libs'


Searching for config information with h5cc -showconfig and h5cc -show...
Failure running either 'h5cc -show' or: 'h5cc -showconfig | awk -F: '/FLAGS|Extra libraries:/ {printf("%s ", $2)}'


Searching for hdf5 in a conda env...
no conda environment found in '$CONDA_PREFIX'


Unable to locate libhdf5. Please install manually or edit compiler flags.
FAILED: bnprks/BPCells/r

=== Installing: SeuratDisk (mojaveazure/seurat-disk) ===
checking for a sed that does not truncate output... /usr/bin/sed
checking for gawk... gawk
checking for grep that handles long lines and -e... /usr/bin/grep
checking for gcc... /usr/bin/gcc
checking whether the C compiler works... yes
checking for C compiler default output file name... a.out
checking for suffix of executables... 
checking whether we are cross compiling... no
checking for suffix of object files... o
checking whether the compiler supports GNU C... yes
checking whether /usr/bin/gcc accepts -g... yes
checking for /usr/bin/gcc option to enable C11 features... none needed
checking for stdio.h... yes
checking for stdlib.h... yes
checking for string.h... yes
checking for inttypes.h... yes
checking for stdint.h... yes
checking for strings.h... yes
checking for sys/stat.h... yes
checking for sys/types.h... yes
checking for unistd.h... yes
checking for h5cc... no
checking for h5pcc... no
checking for HDF5 libraries... no
── R CMD build ─────────────────────────────────────────────────────────────────
* checking for file ‘/tmp/Rtmp9VTGWQ/remotes3662bd56bd2afe/mojaveazure-seurat-disk-877d4e1/DESCRIPTION’ ... OK
* preparing ‘SeuratDisk’:
* checking DESCRIPTION meta-information ... OK
* checking for LF line-endings in source and make files and shell scripts
* checking for empty or unneeded directories
Omitted ‘LazyData’ from DESCRIPTION
* building ‘SeuratDisk_0.0.0.9021.tar.gz’
Warning: invalid uid value replaced by that for user 'nobody'
Warning: invalid gid value replaced by that for user 'nobody'

checking for a sed that does not truncate output... /usr/bin/sed
checking for gawk... gawk
checking for grep that handles long lines and -e... /usr/bin/grep
checking for gcc... /usr/bin/gcc
checking whether the C compiler works... yes
checking for C compiler default output file name... a.out
checking for suffix of executables... 
checking whether we are cross compiling... no
checking for suffix of object files... o
checking whether the compiler supports GNU C... yes
checking whether /usr/bin/gcc accepts -g... yes
checking for /usr/bin/gcc option to enable C11 features... none needed
checking for stdio.h... yes
checking for stdlib.h... yes
checking for string.h... yes
checking for inttypes.h... yes
checking for stdint.h... yes
checking for strings.h... yes
checking for sys/stat.h... yes
checking for sys/types.h... yes
checking for unistd.h... yes
checking for h5cc... no
checking for h5pcc... no
checking for HDF5 libraries... no
── R CMD build ─────────────────────────────────────────────────────────────────
* checking for file ‘/tmp/Rtmp9VTGWQ/remotes3662bd53d8026/mojaveazure-seurat-disk-877d4e1/DESCRIPTION’ ... OK
* preparing ‘SeuratDisk’:
* checking DESCRIPTION meta-information ... OK
* checking for LF line-endings in source and make files and shell scripts
* checking for empty or unneeded directories
Omitted ‘LazyData’ from DESCRIPTION
* building ‘SeuratDisk_0.0.0.9021.tar.gz’
Warning: invalid uid value replaced by that for user 'nobody'
Warning: invalid gid value replaced by that for user 'nobody'

checking for a sed that does not truncate output... /usr/bin/sed
checking for gawk... gawk
checking for grep that handles long lines and -e... /usr/bin/grep
checking for gcc... /usr/bin/gcc
checking whether the C compiler works... yes
checking for C compiler default output file name... a.out
checking for suffix of executables... 
checking whether we are cross compiling... no
checking for suffix of object files... o
checking whether the compiler supports GNU C... yes
checking whether /usr/bin/gcc accepts -g... yes
checking for /usr/bin/gcc option to enable C11 features... none needed
checking for stdio.h... yes
checking for stdlib.h... yes
checking for string.h... yes
checking for inttypes.h... yes
checking for stdint.h... yes
checking for strings.h... yes
checking for sys/stat.h... yes
checking for sys/types.h... yes
checking for unistd.h... yes
checking for h5cc... no
checking for h5pcc... no
checking for HDF5 libraries... no
── R CMD build ─────────────────────────────────────────────────────────────────
* checking for file ‘/tmp/Rtmp9VTGWQ/remotes3662bd1674dca6/mojaveazure-seurat-disk-877d4e1/DESCRIPTION’ ... OK
* preparing ‘SeuratDisk’:
* checking DESCRIPTION meta-information ... OK
* checking for LF line-endings in source and make files and shell scripts
* checking for empty or unneeded directories
Omitted ‘LazyData’ from DESCRIPTION
* building ‘SeuratDisk_0.0.0.9021.tar.gz’
Warning: invalid uid value replaced by that for user 'nobody'
Warning: invalid gid value replaced by that for user 'nobody'

FAILED: mojaveazure/seurat-disk
SKIP (already installed): harmony

=== Installing: presto (immunogenomics/presto) ===
── R CMD build ─────────────────────────────────────────────────────────────────
* checking for file ‘/tmp/Rtmp9VTGWQ/remotes3662bd8abe36d/immunogenomics-presto-a24772a/DESCRIPTION’ ... OK
* preparing ‘presto’:
* checking DESCRIPTION meta-information ... OK
* cleaning src
* checking for LF line-endings in source and make files and shell scripts
* checking for empty or unneeded directories
* building ‘presto_1.0.0.tar.gz’
Warning: invalid uid value replaced by that for user 'nobody'
Warning: invalid gid value replaced by that for user 'nobody'

/usr/bin/g++ -std=gnu++14 -I"/ref/rmlab/software/spack-1.1.0/opt/spack/linux-x86_64/r-4.5.2-jga4yt5sdbzfddqszotqf64bn5a6iu2m/rlib/R/include" -DNDEBUG  -I'/ref/rmlab/software/tyron/R-libs/Rcpp/include' -I'/ref/rmlab/software/tyron/R-libs/RcppArmadillo/include' -I/usr/local/include    -fpic  -g -O2   -c RcppExports.cpp -o RcppExports.o
/usr/bin/g++ -std=gnu++14 -I"/ref/rmlab/software/spack-1.1.0/opt/spack/linux-x86_64/r-4.5.2-jga4yt5sdbzfddqszotqf64bn5a6iu2m/rlib/R/include" -DNDEBUG  -I'/ref/rmlab/software/tyron/R-libs/Rcpp/include' -I'/ref/rmlab/software/tyron/R-libs/RcppArmadillo/include' -I/usr/local/include    -fpic  -g -O2   -c fast_wilcox.cpp -o fast_wilcox.o
/usr/bin/g++ -std=gnu++14 -shared -L/ref/rmlab/software/spack-1.1.0/opt/spack/linux-x86_64/r-4.5.2-jga4yt5sdbzfddqszotqf64bn5a6iu2m/rlib/R/lib -Wl,-rpath,/ref/rmlab/software/spack-1.1.0/opt/spack/linux-x86_64/r-4.5.2-jga4yt5sdbzfddqszotqf64bn5a6iu2m/rlib/R/lib -o presto.so RcppExports.o fast_wilcox.o -L/ref/rmlab/software/spack-1.1.0/opt/spack/linux-x86_64/r-4.5.2-jga4yt5sdbzfddqszotqf64bn5a6iu2m/rlib/R/lib -lR
OK: presto

=== Installing: monocle3 (cole-trapnell-lab/monocle3) ===
── R CMD build ─────────────────────────────────────────────────────────────────
* checking for file ‘/tmp/Rtmp9VTGWQ/remotes3662bd715c2d44/bnprks-BPCells-adc4a3c/r/DESCRIPTION’ ... OK
* preparing ‘BPCells’:
* checking DESCRIPTION meta-information ... OK
* cleaning src
* running ‘cleanup’
* checking for LF line-endings in source and make files and shell scripts
* checking for empty or unneeded directories
* building ‘BPCells_0.3.1.tar.gz’
Warning: invalid uid value replaced by that for user 'nobody'
Warning: invalid gid value replaced by that for user 'nobody'

Recording install count metrics
Testing hdf5 by compiling example program...


Retrying with pkg-config flags...
Error running 'pkg-config hdf5 --cflags --libs'


Searching for config information with h5cc -showconfig and h5cc -show...
Failure running either 'h5cc -show' or: 'h5cc -showconfig | awk -F: '/FLAGS|Extra libraries:/ {printf("%s ", $2)}'


Searching for hdf5 in a conda env...
no conda environment found in '$CONDA_PREFIX'


Unable to locate libhdf5. Please install manually or edit compiler flags.
── R CMD build ─────────────────────────────────────────────────────────────────
* checking for file ‘/tmp/Rtmp9VTGWQ/remotes3662bd27a8cc74/cole-trapnell-lab-speedglm-ca34b4e/DESCRIPTION’ ... OK
* preparing ‘speedglm’:
* checking DESCRIPTION meta-information ... OK
* checking for LF line-endings in source and make files and shell scripts
* checking for empty or unneeded directories
* looking to see if a ‘data/datalist’ file should be added
* building ‘speedglm_0.3-4.tar.gz’
Warning: invalid uid value replaced by that for user 'nobody'
Warning: invalid gid value replaced by that for user 'nobody'

configure: units: 1.0-1
checking for default C++ standard... 201703
checking whether the C++ compiler works... yes
checking for C++ compiler default output file name... a.out
checking for suffix of executables... 
checking whether we are cross compiling... no
checking for suffix of object files... o
checking whether the compiler supports GNU C++... yes
checking whether /usr/bin/g++ -std=gnu++17 accepts -g... yes
checking for /usr/bin/g++ -std=gnu++17 option to enable C++11 features... none needed
checking for stdio.h... yes
checking for stdlib.h... yes
checking for string.h... yes
checking for inttypes.h... yes
checking for stdint.h... yes
checking for strings.h... yes
checking for sys/stat.h... yes
checking for sys/types.h... yes
checking for unistd.h... yes
checking for _Bool... no
checking for stdbool.h that conforms to C99 or later... yes
checking for error_at_line... yes
checking for gcc... /usr/bin/gcc
checking whether the compiler supports GNU C... yes
checking whether /usr/bin/gcc accepts -g... yes
checking for /usr/bin/gcc option to enable C11 features... none needed
checking for brew... no
checking for XML_ParserCreate in -lexpat... no
checking for udunits2.h... no
checking for udunits2/udunits2.h... no
checking for ut_read_xml in -ludunits2... no
Found OpenSSL pkg-config cflags and libs!
Testing compiler OpenSSL configuration using PKG_CFLAGS=
