=== Python Package Install ===
Python: Python 3.13.11
Target: /ref/rmlab/software/tyron/python-libs
Start: Tue May 19 05:52:09 PM CDT 2026

=== Installing: numpy ===
Collecting numpy
  Downloading numpy-2.4.6-cp313-cp313-manylinux_2_27_x86_64.manylinux_2_28_x86_64.whl.metadata (6.6 kB)
Downloading numpy-2.4.6-cp313-cp313-manylinux_2_27_x86_64.manylinux_2_28_x86_64.whl (16.6 MB)
   ━━━━━━━━━━━━━━━━━━━━━━━━━━━━━━━━━━━━━━━━ 16.6/16.6 MB 1.2 MB/s  0:00:14
Installing collected packages: numpy
Successfully installed numpy-2.4.6
OK: numpy

=== Installing: pandas ===
Collecting pandas
  Downloading pandas-3.0.3-cp313-cp313-manylinux_2_24_x86_64.manylinux_2_28_x86_64.whl.metadata (79 kB)
Collecting numpy>=1.26.0 (from pandas)
  Using cached numpy-2.4.6-cp313-cp313-manylinux_2_27_x86_64.manylinux_2_28_x86_64.whl.metadata (6.6 kB)
Collecting python-dateutil>=2.8.2 (from pandas)
  Downloading python_dateutil-2.9.0.post0-py2.py3-none-any.whl.metadata (8.4 kB)
Collecting six>=1.5 (from python-dateutil>=2.8.2->pandas)
  Downloading six-1.17.0-py2.py3-none-any.whl.metadata (1.7 kB)
Downloading pandas-3.0.3-cp313-cp313-manylinux_2_24_x86_64.manylinux_2_28_x86_64.whl (10.9 MB)
   ━━━━━━━━━━━━━━━━━━━━━━━━━━━━━━━━━━━━━━━━ 10.9/10.9 MB 1.2 MB/s  0:00:08
Using cached numpy-2.4.6-cp313-cp313-manylinux_2_27_x86_64.manylinux_2_28_x86_64.whl (16.6 MB)
Downloading python_dateutil-2.9.0.post0-py2.py3-none-any.whl (229 kB)
Downloading six-1.17.0-py2.py3-none-any.whl (11 kB)
Installing collected packages: six, numpy, python-dateutil, pandas

Successfully installed numpy-2.4.6 pandas-3.0.3 python-dateutil-2.9.0.post0 six-1.17.0
OK: pandas

=== Installing: scipy ===
Collecting scipy
  Downloading scipy-1.17.1-cp313-cp313-manylinux_2_27_x86_64.manylinux_2_28_x86_64.whl.metadata (62 kB)
Collecting numpy<2.7,>=1.26.4 (from scipy)
  Using cached numpy-2.4.6-cp313-cp313-manylinux_2_27_x86_64.manylinux_2_28_x86_64.whl.metadata (6.6 kB)
Downloading scipy-1.17.1-cp313-cp313-manylinux_2_27_x86_64.manylinux_2_28_x86_64.whl (35.2 MB)
   ━━━━━━━━━━━━━━━━━━━━━━━━━━━━━━━━━━━━━━━━ 35.2/35.2 MB 1.5 MB/s  0:00:22
Using cached numpy-2.4.6-cp313-cp313-manylinux_2_27_x86_64.manylinux_2_28_x86_64.whl (16.6 MB)
Installing collected packages: numpy, scipy

Successfully installed numpy-2.4.6 scipy-1.17.1
OK: scipy

=== Installing: scikit-learn ===
Collecting scikit-learn
  Downloading scikit_learn-1.8.0-cp313-cp313-manylinux_2_27_x86_64.manylinux_2_28_x86_64.whl.metadata (11 kB)
Collecting numpy>=1.24.1 (from scikit-learn)
  Using cached numpy-2.4.6-cp313-cp313-manylinux_2_27_x86_64.manylinux_2_28_x86_64.whl.metadata (6.6 kB)
Collecting scipy>=1.10.0 (from scikit-learn)
  Using cached scipy-1.17.1-cp313-cp313-manylinux_2_27_x86_64.manylinux_2_28_x86_64.whl.metadata (62 kB)
Collecting joblib>=1.3.0 (from scikit-learn)
  Downloading joblib-1.5.3-py3-none-any.whl.metadata (5.5 kB)
Collecting threadpoolctl>=3.2.0 (from scikit-learn)
  Downloading threadpoolctl-3.6.0-py3-none-any.whl.metadata (13 kB)
Downloading scikit_learn-1.8.0-cp313-cp313-manylinux_2_27_x86_64.manylinux_2_28_x86_64.whl (8.9 MB)
   ━━━━━━━━━━━━━━━━━━━━━━━━━━━━━━━━━━━━━━━━ 8.9/8.9 MB 37.4 MB/s  0:00:00
Downloading joblib-1.5.3-py3-none-any.whl (309 kB)
Using cached numpy-2.4.6-cp313-cp313-manylinux_2_27_x86_64.manylinux_2_28_x86_64.whl (16.6 MB)
Using cached scipy-1.17.1-cp313-cp313-manylinux_2_27_x86_64.manylinux_2_28_x86_64.whl (35.2 MB)
Downloading threadpoolctl-3.6.0-py3-none-any.whl (18 kB)
Installing collected packages: threadpoolctl, numpy, joblib, scipy, scikit-learn

Successfully installed joblib-1.5.3 numpy-2.4.6 scikit-learn-1.8.0 scipy-1.17.1 threadpoolctl-3.6.0
OK: scikit-learn

=== Installing: anndata ===
Collecting anndata
  Downloading anndata-0.12.16-py3-none-any.whl.metadata (9.9 kB)
Collecting array-api-compat>=1.7.1 (from anndata)
  Downloading array_api_compat-1.14.0-py3-none-any.whl.metadata (2.5 kB)
Collecting h5py>=3.8 (from anndata)
  Downloading h5py-3.16.0-cp313-cp313-manylinux_2_28_x86_64.whl.metadata (3.0 kB)
Collecting legacy-api-wrap (from anndata)
  Downloading legacy_api_wrap-1.5-py3-none-any.whl.metadata (2.2 kB)
Collecting natsort (from anndata)
  Downloading natsort-8.4.0-py3-none-any.whl.metadata (21 kB)
Collecting numpy>=1.26 (from anndata)
  Using cached numpy-2.4.6-cp313-cp313-manylinux_2_27_x86_64.manylinux_2_28_x86_64.whl.metadata (6.6 kB)
Collecting packaging>=24.2 (from anndata)
  Downloading packaging-26.2-py3-none-any.whl.metadata (3.5 kB)
Collecting pandas!=2.1.2,<3,>=2.1.0 (from anndata)
  Downloading pandas-2.3.3-cp313-cp313-manylinux_2_24_x86_64.manylinux_2_28_x86_64.whl.metadata (91 kB)
Collecting scipy!=1.17.0,>=1.12 (from anndata)
  Using cached scipy-1.17.1-cp313-cp313-manylinux_2_27_x86_64.manylinux_2_28_x86_64.whl.metadata (62 kB)
Collecting scverse-misc>=0.0.3 (from anndata)
  Downloading scverse_misc-0.0.7-py3-none-any.whl.metadata (4.5 kB)
Collecting zarr!=3.0.*,>=2.18.7 (from anndata)
  Downloading zarr-3.2.1-py3-none-any.whl.metadata (8.7 kB)
Collecting python-dateutil>=2.8.2 (from pandas!=2.1.2,<3,>=2.1.0->anndata)
  Using cached python_dateutil-2.9.0.post0-py2.py3-none-any.whl.metadata (8.4 kB)
Collecting pytz>=2020.1 (from pandas!=2.1.2,<3,>=2.1.0->anndata)
  Downloading pytz-2026.2-py2.py3-none-any.whl.metadata (22 kB)
Collecting tzdata>=2022.7 (from pandas!=2.1.2,<3,>=2.1.0->anndata)
  Downloading tzdata-2026.2-py2.py3-none-any.whl.metadata (1.4 kB)
Collecting six>=1.5 (from python-dateutil>=2.8.2->pandas!=2.1.2,<3,>=2.1.0->anndata)
  Using cached six-1.17.0-py2.py3-none-any.whl.metadata (1.7 kB)
Collecting session-info2 (from scverse-misc>=0.0.3->anndata)
  Downloading session_info2-0.4.1-py3-none-any.whl.metadata (2.5 kB)
Collecting donfig>=0.8 (from zarr!=3.0.*,>=2.18.7->anndata)
  Downloading donfig-0.8.1.post1-py3-none-any.whl.metadata (5.0 kB)
Collecting google-crc32c>=1.5 (from zarr!=3.0.*,>=2.18.7->anndata)
  Downloading google_crc32c-1.8.0-cp313-cp313-manylinux1_x86_64.manylinux2014_x86_64.manylinux_2_17_x86_64.manylinux_2_5_x86_64.whl.metadata (1.7 kB)
Collecting numcodecs>=0.14 (from zarr!=3.0.*,>=2.18.7->anndata)
  Downloading numcodecs-0.16.5-cp313-cp313-manylinux2014_x86_64.manylinux_2_17_x86_64.manylinux_2_28_x86_64.whl.metadata (3.4 kB)
Collecting typing-extensions>=4.13 (from zarr!=3.0.*,>=2.18.7->anndata)
  Downloading typing_extensions-4.15.0-py3-none-any.whl.metadata (3.3 kB)
Collecting pyyaml (from donfig>=0.8->zarr!=3.0.*,>=2.18.7->anndata)
  Downloading pyyaml-6.0.3-cp313-cp313-manylinux2014_x86_64.manylinux_2_17_x86_64.manylinux_2_28_x86_64.whl.metadata (2.4 kB)
Downloading anndata-0.12.16-py3-none-any.whl (175 kB)
Downloading pandas-2.3.3-cp313-cp313-manylinux_2_24_x86_64.manylinux_2_28_x86_64.whl (12.3 MB)
   ━━━━━━━━━━━━━━━━━━━━━━━━━━━━━━━━━━━━━━━━ 12.3/12.3 MB 1.3 MB/s  0:00:09
Downloading array_api_compat-1.14.0-py3-none-any.whl (60 kB)
Downloading h5py-3.16.0-cp313-cp313-manylinux_2_28_x86_64.whl (5.4 MB)
   ━━━━━━━━━━━━━━━━━━━━━━━━━━━━━━━━━━━━━━━━ 5.4/5.4 MB 1.3 MB/s  0:00:04
Using cached numpy-2.4.6-cp313-cp313-manylinux_2_27_x86_64.manylinux_2_28_x86_64.whl (16.6 MB)
Downloading packaging-26.2-py3-none-any.whl (100 kB)
Using cached python_dateutil-2.9.0.post0-py2.py3-none-any.whl (229 kB)
Downloading pytz-2026.2-py2.py3-none-any.whl (510 kB)
Using cached scipy-1.17.1-cp313-cp313-manylinux_2_27_x86_64.manylinux_2_28_x86_64.whl (35.2 MB)
Downloading scverse_misc-0.0.7-py3-none-any.whl (13 kB)
Using cached six-1.17.0-py2.py3-none-any.whl (11 kB)
Downloading tzdata-2026.2-py2.py3-none-any.whl (349 kB)
Downloading zarr-3.2.1-py3-none-any.whl (319 kB)
Downloading donfig-0.8.1.post1-py3-none-any.whl (21 kB)
Downloading google_crc32c-1.8.0-cp313-cp313-manylinux1_x86_64.manylinux2014_x86_64.manylinux_2_17_x86_64.manylinux_2_5_x86_64.whl (33 kB)
Downloading numcodecs-0.16.5-cp313-cp313-manylinux2014_x86_64.manylinux_2_17_x86_64.manylinux_2_28_x86_64.whl (9.1 MB)
   ━━━━━━━━━━━━━━━━━━━━━━━━━━━━━━━━━━━━━━━━ 9.1/9.1 MB 1.3 MB/s  0:00:07
Downloading typing_extensions-4.15.0-py3-none-any.whl (44 kB)
Downloading legacy_api_wrap-1.5-py3-none-any.whl (10 kB)
Downloading natsort-8.4.0-py3-none-any.whl (38 kB)
Downloading pyyaml-6.0.3-cp313-cp313-manylinux2014_x86_64.manylinux_2_17_x86_64.manylinux_2_28_x86_64.whl (801 kB)
   ━━━━━━━━━━━━━━━━━━━━━━━━━━━━━━━━━━━━━━━━ 801.6/801.6 kB 1.3 MB/s  0:00:00
Downloading session_info2-0.4.1-py3-none-any.whl (17 kB)
Installing collected packages: pytz, tzdata, typing-extensions, six, session-info2, pyyaml, packaging, numpy, natsort, legacy-api-wrap, google-crc32c, array-api-compat, scverse-misc, scipy, python-dateutil, numcodecs, h5py, donfig, zarr, pandas, anndata

Successfully installed anndata-0.12.16 array-api-compat-1.14.0 donfig-0.8.1.post1 google-crc32c-1.8.0 h5py-3.16.0 legacy-api-wrap-1.5 natsort-8.4.0 numcodecs-0.16.5 numpy-2.4.6 packaging-26.2 pandas-2.3.3 python-dateutil-2.9.0.post0 pytz-2026.2 pyyaml-6.0.3 scipy-1.17.1 scverse-misc-0.0.7 session-info2-0.4.1 six-1.17.0 typing-extensions-4.15.0 tzdata-2026.2 zarr-3.2.1
OK: anndata

=== Installing: scanpy ===
Collecting scanpy
  Downloading scanpy-1.12.1-py3-none-any.whl.metadata (8.4 kB)
Collecting anndata>=0.10.8 (from scanpy)
  Using cached anndata-0.12.16-py3-none-any.whl.metadata (9.9 kB)
Collecting certifi (from scanpy)
  Downloading certifi-2026.4.22-py3-none-any.whl.metadata (2.5 kB)
Collecting fast-array-utils>=1.4 (from fast-array-utils[accel,sparse]>=1.4->scanpy)
  Downloading fast_array_utils-1.4.1-py3-none-any.whl.metadata (2.7 kB)
Collecting h5py>=3.11 (from scanpy)
  Using cached h5py-3.16.0-cp313-cp313-manylinux_2_28_x86_64.whl.metadata (3.0 kB)
Collecting joblib (from scanpy)
  Using cached joblib-1.5.3-py3-none-any.whl.metadata (5.5 kB)
Collecting legacy-api-wrap>=1.5 (from scanpy)
  Using cached legacy_api_wrap-1.5-py3-none-any.whl.metadata (2.2 kB)
Collecting matplotlib>=3.9 (from scanpy)
  Downloading matplotlib-3.10.9-cp313-cp313-manylinux2014_x86_64.manylinux_2_17_x86_64.whl.metadata (52 kB)
Collecting natsort (from scanpy)
  Using cached natsort-8.4.0-py3-none-any.whl.metadata (21 kB)
Collecting networkx>=2.8.8 (from scanpy)
  Downloading networkx-3.6.1-py3-none-any.whl.metadata (6.8 kB)
Collecting numba>=0.60 (from scanpy)
  Downloading numba-0.65.1-cp313-cp313-manylinux2014_x86_64.manylinux_2_17_x86_64.whl.metadata (2.9 kB)
Collecting numpy>=2 (from scanpy)
  Using cached numpy-2.4.6-cp313-cp313-manylinux_2_27_x86_64.manylinux_2_28_x86_64.whl.metadata (6.6 kB)
Collecting packaging>=25 (from scanpy)
  Using cached packaging-26.2-py3-none-any.whl.metadata (3.5 kB)
Collecting pandas>=2.3 (from scanpy)
  Using cached pandas-3.0.3-cp313-cp313-manylinux_2_24_x86_64.manylinux_2_28_x86_64.whl.metadata (79 kB)
Collecting patsy (from scanpy)
  Downloading patsy-1.0.2-py2.py3-none-any.whl.metadata (3.6 kB)
Collecting pynndescent>=0.5.13 (from scanpy)
  Downloading pynndescent-0.6.0-py3-none-any.whl.metadata (6.9 kB)
Collecting scikit-learn>=1.6 (from scanpy)
  Using cached scikit_learn-1.8.0-cp313-cp313-manylinux_2_27_x86_64.manylinux_2_28_x86_64.whl.metadata (11 kB)
Collecting scipy>=1.13 (from scanpy)
  Using cached scipy-1.17.1-cp313-cp313-manylinux_2_27_x86_64.manylinux_2_28_x86_64.whl.metadata (62 kB)
Collecting seaborn>=0.13.2 (from scanpy)
  Downloading seaborn-0.13.2-py3-none-any.whl.metadata (5.4 kB)
Collecting session-info2 (from scanpy)
  Using cached session_info2-0.4.1-py3-none-any.whl.metadata (2.5 kB)
Collecting statsmodels>=0.14.5 (from scanpy)
  Downloading statsmodels-0.14.6-cp313-cp313-manylinux2014_x86_64.manylinux_2_17_x86_64.manylinux_2_28_x86_64.whl.metadata (9.5 kB)
Collecting tqdm (from scanpy)
  Downloading tqdm-4.67.3-py3-none-any.whl.metadata (57 kB)
Collecting umap-learn>=0.5.12 (from scanpy)
  Downloading umap_learn-0.5.12-py3-none-any.whl.metadata (24 kB)
Collecting array-api-compat>=1.7.1 (from anndata>=0.10.8->scanpy)
  Using cached array_api_compat-1.14.0-py3-none-any.whl.metadata (2.5 kB)
Collecting pandas>=2.3 (from scanpy)
  Using cached pandas-2.3.3-cp313-cp313-manylinux_2_24_x86_64.manylinux_2_28_x86_64.whl.metadata (91 kB)
Collecting scverse-misc>=0.0.3 (from anndata>=0.10.8->scanpy)
  Using cached scverse_misc-0.0.7-py3-none-any.whl.metadata (4.5 kB)
Collecting zarr!=3.0.*,>=2.18.7 (from anndata>=0.10.8->scanpy)
  Using cached zarr-3.2.1-py3-none-any.whl.metadata (8.7 kB)
Collecting python-dateutil>=2.8.2 (from pandas>=2.3->scanpy)
  Using cached python_dateutil-2.9.0.post0-py2.py3-none-any.whl.metadata (8.4 kB)
Collecting pytz>=2020.1 (from pandas>=2.3->scanpy)
  Using cached pytz-2026.2-py2.py3-none-any.whl.metadata (22 kB)
Collecting tzdata>=2022.7 (from pandas>=2.3->scanpy)
  Using cached tzdata-2026.2-py2.py3-none-any.whl.metadata (1.4 kB)
Collecting contourpy>=1.0.1 (from matplotlib>=3.9->scanpy)
  Downloading contourpy-1.3.3-cp313-cp313-manylinux_2_27_x86_64.manylinux_2_28_x86_64.whl.metadata (5.5 kB)
Collecting cycler>=0.10 (from matplotlib>=3.9->scanpy)
  Downloading cycler-0.12.1-py3-none-any.whl.metadata (3.8 kB)
Collecting fonttools>=4.22.0 (from matplotlib>=3.9->scanpy)
  Downloading fonttools-4.63.0-cp313-cp313-manylinux2014_x86_64.manylinux_2_17_x86_64.whl.metadata (118 kB)
Collecting kiwisolver>=1.3.1 (from matplotlib>=3.9->scanpy)
  Downloading kiwisolver-1.5.0-cp313-cp313-manylinux2014_x86_64.manylinux_2_17_x86_64.whl.metadata (5.1 kB)
Collecting pillow>=8 (from matplotlib>=3.9->scanpy)
  Downloading pillow-12.2.0-cp313-cp313-manylinux_2_27_x86_64.manylinux_2_28_x86_64.whl.metadata (8.8 kB)
Collecting pyparsing>=3 (from matplotlib>=3.9->scanpy)
  Downloading pyparsing-3.3.2-py3-none-any.whl.metadata (5.8 kB)
Collecting llvmlite<0.48,>=0.47.0dev0 (from numba>=0.60->scanpy)
  Downloading llvmlite-0.47.0-cp313-cp313-manylinux2014_x86_64.manylinux_2_17_x86_64.whl.metadata (5.0 kB)
Collecting six>=1.5 (from python-dateutil>=2.8.2->pandas>=2.3->scanpy)
  Using cached six-1.17.0-py2.py3-none-any.whl.metadata (1.7 kB)
Collecting threadpoolctl>=3.2.0 (from scikit-learn>=1.6->scanpy)
  Using cached threadpoolctl-3.6.0-py3-none-any.whl.metadata (13 kB)
Collecting donfig>=0.8 (from zarr!=3.0.*,>=2.18.7->anndata>=0.10.8->scanpy)
  Using cached donfig-0.8.1.post1-py3-none-any.whl.metadata (5.0 kB)
Collecting google-crc32c>=1.5 (from zarr!=3.0.*,>=2.18.7->anndata>=0.10.8->scanpy)
  Using cached google_crc32c-1.8.0-cp313-cp313-manylinux1_x86_64.manylinux2014_x86_64.manylinux_2_17_x86_64.manylinux_2_5_x86_64.whl.metadata (1.7 kB)
Collecting numcodecs>=0.14 (from zarr!=3.0.*,>=2.18.7->anndata>=0.10.8->scanpy)
  Using cached numcodecs-0.16.5-cp313-cp313-manylinux2014_x86_64.manylinux_2_17_x86_64.manylinux_2_28_x86_64.whl.metadata (3.4 kB)
Collecting typing-extensions>=4.13 (from zarr!=3.0.*,>=2.18.7->anndata>=0.10.8->scanpy)
  Using cached typing_extensions-4.15.0-py3-none-any.whl.metadata (3.3 kB)
Collecting pyyaml (from donfig>=0.8->zarr!=3.0.*,>=2.18.7->anndata>=0.10.8->scanpy)
  Using cached pyyaml-6.0.3-cp313-cp313-manylinux2014_x86_64.manylinux_2_17_x86_64.manylinux_2_28_x86_64.whl.metadata (2.4 kB)
Downloading scanpy-1.12.1-py3-none-any.whl (2.1 MB)
   ━━━━━━━━━━━━━━━━━━━━━━━━━━━━━━━━━━━━━━━━ 2.1/2.1 MB 19.6 MB/s  0:00:00
Using cached anndata-0.12.16-py3-none-any.whl (175 kB)
Using cached pandas-2.3.3-cp313-cp313-manylinux_2_24_x86_64.manylinux_2_28_x86_64.whl (12.3 MB)
Using cached array_api_compat-1.14.0-py3-none-any.whl (60 kB)
Downloading fast_array_utils-1.4.1-py3-none-any.whl (39 kB)
Using cached h5py-3.16.0-cp313-cp313-manylinux_2_28_x86_64.whl (5.4 MB)
Using cached legacy_api_wrap-1.5-py3-none-any.whl (10 kB)
Downloading matplotlib-3.10.9-cp313-cp313-manylinux2014_x86_64.manylinux_2_17_x86_64.whl (8.8 MB)
   ━━━━━━━━━━━━━━━━━━━━━━━━━━━━━━━━━━━━━━━━ 8.8/8.8 MB 47.2 MB/s  0:00:00
Downloading contourpy-1.3.3-cp313-cp313-manylinux_2_27_x86_64.manylinux_2_28_x86_64.whl (362 kB)
Downloading cycler-0.12.1-py3-none-any.whl (8.3 kB)
Downloading fonttools-4.63.0-cp313-cp313-manylinux2014_x86_64.manylinux_2_17_x86_64.whl (5.0 MB)
   ━━━━━━━━━━━━━━━━━━━━━━━━━━━━━━━━━━━━━━━━ 5.0/5.0 MB 43.4 MB/s  0:00:00
Downloading kiwisolver-1.5.0-cp313-cp313-manylinux2014_x86_64.manylinux_2_17_x86_64.whl (1.5 MB)
   ━━━━━━━━━━━━━━━━━━━━━━━━━━━━━━━━━━━━━━━━ 1.5/1.5 MB 26.7 MB/s  0:00:00
Downloading networkx-3.6.1-py3-none-any.whl (2.1 MB)
   ━━━━━━━━━━━━━━━━━━━━━━━━━━━━━━━━━━━━━━━━ 2.1/2.1 MB 31.6 MB/s  0:00:00
Downloading numba-0.65.1-cp313-cp313-manylinux2014_x86_64.manylinux_2_17_x86_64.whl (3.8 MB)
   ━━━━━━━━━━━━━━━━━━━━━━━━━━━━━━━━━━━━━━━━ 3.8/3.8 MB 38.5 MB/s  0:00:00
Downloading llvmlite-0.47.0-cp313-cp313-manylinux2014_x86_64.manylinux_2_17_x86_64.whl (56.3 MB)
   ━━━━━━━━━━━━━━━━━━━━━━━━━━━━━━━━━━━━━━━━ 56.3/56.3 MB 5.5 MB/s  0:00:10
Using cached numpy-2.4.6-cp313-cp313-manylinux_2_27_x86_64.manylinux_2_28_x86_64.whl (16.6 MB)
Using cached packaging-26.2-py3-none-any.whl (100 kB)
Downloading pillow-12.2.0-cp313-cp313-manylinux_2_27_x86_64.manylinux_2_28_x86_64.whl (7.1 MB)
   ━━━━━━━━━━━━━━━━━━━━━━━━━━━━━━━━━━━━━━━━ 7.1/7.1 MB 5.7 MB/s  0:00:01
Downloading pynndescent-0.6.0-py3-none-any.whl (73 kB)
Using cached joblib-1.5.3-py3-none-any.whl (309 kB)
Downloading pyparsing-3.3.2-py3-none-any.whl (122 kB)
Using cached python_dateutil-2.9.0.post0-py2.py3-none-any.whl (229 kB)
Using cached pytz-2026.2-py2.py3-none-any.whl (510 kB)
Using cached scikit_learn-1.8.0-cp313-cp313-manylinux_2_27_x86_64.manylinux_2_28_x86_64.whl (8.9 MB)
Using cached scipy-1.17.1-cp313-cp313-manylinux_2_27_x86_64.manylinux_2_28_x86_64.whl (35.2 MB)
Using cached scverse_misc-0.0.7-py3-none-any.whl (13 kB)
Downloading seaborn-0.13.2-py3-none-any.whl (294 kB)
Using cached six-1.17.0-py2.py3-none-any.whl (11 kB)
Downloading statsmodels-0.14.6-cp313-cp313-manylinux2014_x86_64.manylinux_2_17_x86_64.manylinux_2_28_x86_64.whl (10.3 MB)
   ━━━━━━━━━━━━━━━━━━━━━━━━━━━━━━━━━━━━━━━━ 10.3/10.3 MB 2.3 MB/s  0:00:04
Downloading patsy-1.0.2-py2.py3-none-any.whl (233 kB)
Using cached threadpoolctl-3.6.0-py3-none-any.whl (18 kB)
Using cached tzdata-2026.2-py2.py3-none-any.whl (349 kB)
Downloading umap_learn-0.5.12-py3-none-any.whl (91 kB)
Using cached zarr-3.2.1-py3-none-any.whl (319 kB)
Using cached donfig-0.8.1.post1-py3-none-any.whl (21 kB)
Using cached google_crc32c-1.8.0-cp313-cp313-manylinux1_x86_64.manylinux2014_x86_64.manylinux_2_17_x86_64.manylinux_2_5_x86_64.whl (33 kB)
Using cached numcodecs-0.16.5-cp313-cp313-manylinux2014_x86_64.manylinux_2_17_x86_64.manylinux_2_28_x86_64.whl (9.1 MB)
Using cached typing_extensions-4.15.0-py3-none-any.whl (44 kB)
Downloading certifi-2026.4.22-py3-none-any.whl (135 kB)
Using cached natsort-8.4.0-py3-none-any.whl (38 kB)
Using cached pyyaml-6.0.3-cp313-cp313-manylinux2014_x86_64.manylinux_2_17_x86_64.manylinux_2_28_x86_64.whl (801 kB)
Using cached session_info2-0.4.1-py3-none-any.whl (17 kB)
Downloading tqdm-4.67.3-py3-none-any.whl (78 kB)
Installing collected packages: pytz, tzdata, typing-extensions, tqdm, threadpoolctl, six, session-info2, pyyaml, pyparsing, pillow, packaging, numpy, networkx, natsort, llvmlite, legacy-api-wrap, kiwisolver, joblib, google-crc32c, fonttools, cycler, certifi, array-api-compat, scverse-misc, scipy, python-dateutil, patsy, numcodecs, numba, h5py, fast-array-utils, donfig, contourpy, zarr, scikit-learn, pandas, matplotlib, statsmodels, seaborn, pynndescent, anndata, umap-learn, scanpy

Successfully installed anndata-0.12.16 array-api-compat-1.14.0 certifi-2026.4.22 contourpy-1.3.3 cycler-0.12.1 donfig-0.8.1.post1 fast-array-utils-1.4.1 fonttools-4.63.0 google-crc32c-1.8.0 h5py-3.16.0 joblib-1.5.3 kiwisolver-1.5.0 legacy-api-wrap-1.5 llvmlite-0.47.0 matplotlib-3.10.9 natsort-8.4.0 networkx-3.6.1 numba-0.65.1 numcodecs-0.16.5 numpy-2.4.6 packaging-26.2 pandas-2.3.3 patsy-1.0.2 pillow-12.2.0 pynndescent-0.6.0 pyparsing-3.3.2 python-dateutil-2.9.0.post0 pytz-2026.2 pyyaml-6.0.3 scanpy-1.12.1 scikit-learn-1.8.0 scipy-1.17.1 scverse-misc-0.0.7 seaborn-0.13.2 session-info2-0.4.1 six-1.17.0 statsmodels-0.14.6 threadpoolctl-3.6.0 tqdm-4.67.3 typing-extensions-4.15.0 tzdata-2026.2 umap-learn-0.5.12 zarr-3.2.1
OK: scanpy

=== All Python packages installed successfully ===
Add to your SLURM scripts:
  export PYTHONPATH=/ref/rmlab/software/tyron/python-libs:$PYTHONPATH
End: Tue May 19 05:57:07 PM CDT 2026
